Notify: Found jdk version: 1.6.0.	[MsgId: MMSG-22986]
Notify: classpath=C:\naturecloud\lb_scripts_new\java\ShareVolumeService\extendVolume;c:\program files (x86)\hp\loadrunner\classes\srv;c:\program files (x86)\hp\loadrunner\classes;;C:\naturecloud\lb_scripts_new\lib\gson-2.8.0.jar;C:\naturecloud\lb_scripts_new\lib\commons-net-3.5.jar;;;c:\program files (x86)\hp\loadrunner\lib\xstream-1.4.8.jar;c:\program files (x86)\hp\loadrunner\lib\xpp3-1.1.4c.jar	[MsgId: MMSG-22986]
Notify: Path=c:\jdk1.6.0_45\jre\bin\client;C:\PROGRA~2\HP\LOADRU~1\bin;C:\Windows\system32;C:\Windows;C:\Windows\System32\Wbem;C:\Windows\System32\WindowsPowerShell\v1.0\;C:\Program Files\TortoiseGit\bin;c:\jdk1.6.0_45\bin;C:\jdk1.6.0_45\jre\bin;C:\Program Files (x86)\HP\LoadRunner\strawberry-perl\perl\bin	[MsgId: MMSG-22986]
Notify: VM Params: .	[MsgId: MMSG-22986]
Virtual User Script started at : 2017/1/7 15:29:19	[MsgId: MMSG-15967]
Starting action vuser_init.	[MsgId: MMSG-15919]
Warning! Web support not loaded: check Java-Interpreter -> UtilityExt property in mdrv.dat file	[MsgId: MMSG-17999]
web_custom_request("authenticate") started  	[MsgId: MMSG-26355]
web_custom_request("authenticate") was successful, 256 body bytes, 680 header bytes  	[MsgId: MMSG-26386]
Ending action vuser_init.	[MsgId: MMSG-15918]
Running Vuser...	[MsgId: MMSG-15964]
Starting iteration 1.	[MsgId: MMSG-15968]
Warning -27077: The "vuser_init" section contains web function(s) when the "Simulate a new user on each iteration" Run-Time Setting is ON.  This may produce unpredictable results with multiple iterations  	[MsgId: MWAR-27077]
Maximum number of concurrent connections per server: 4  	[MsgId: MMSG-26989]
Starting action Actions.	[MsgId: MMSG-15919]
Notify: Transaction "shareVolumeService" set.	[MsgId: MMSG-16979]
web_set_max_html_param_len started  	[MsgId: MMSG-26355]
web_set_max_html_param_len was successful  	[MsgId: MMSG-26392]
web_reg_save_param started  	[MsgId: MMSG-26355]
Registering web_reg_save_param was successful  	[MsgId: MMSG-26390]
web_reg_save_param started  	[MsgId: MMSG-26355]
Registering web_reg_save_param was successful  	[MsgId: MMSG-26390]
System.out: method:                                                                                                                                                      Notify:	[MsgId: MMSG-17999]
[DEBUG]createstorage	[MsgId: MMSG-17999]
[DEBUG]URL=http://ppe.naturecloud.io:88/apiStorage/createstorage	[MsgId: MMSG-17999]
[DEBUG]options:	[MsgId: MMSG-17999]
[DEBUG]Method=POST	[MsgId: MMSG-17999]
[DEBUG]Resource=0	[MsgId: MMSG-17999]
[DEBUG]RecContentType=text/html	[MsgId: MMSG-17999]
[DEBUG]Snapshot=t11.inf	[MsgId: MMSG-17999]
[DEBUG]Mode=HTML	[MsgId: MMSG-17999]
[DEBUG]Referer=http://ppe.naturecloud.io:88/cp/service	[MsgId: MMSG-17999]
[DEBUG]EncType=application/json;charset=UTF-8	[MsgId: MMSG-17999]
[DEBUG]Body={"sid":"test"}	[MsgId: MMSG-17999]
[DEBUG]LAST	[MsgId: MMSG-17999]
web_custom_request("createstorage") started  	[MsgId: MMSG-26355]
HTML parsing not performed for Content-Type "application/json" ("ParseHtmlContentType" Run-Time Setting is "TEXT"). URL="http://ppe.naturecloud.io:88/apiStorage/createstorage"  	[MsgId: MMSG-26548]
web_custom_request("createstorage") was successful, 199 body bytes, 252 header bytes  	[MsgId: MMSG-26386]
System.out: this{"ret":true,"error":"","data":{"name":"test","volumeId":"kidfanjun-test","namespace":"kidfanjun","status":"NOT_USE","mountAppName":"","mountNodeName":"","size":1024,"_id":"587098d6c016a0000e25ee3e"}}                                                                                                                                                      Notify:	[MsgId: MMSG-17999]
System.out: order:{0}                                                                                                                                                      Notify:	[MsgId: MMSG-17999]
web_set_max_html_param_len started  	[MsgId: MMSG-26355]
web_set_max_html_param_len was successful  	[MsgId: MMSG-26392]
web_reg_save_param started  	[MsgId: MMSG-26355]
Registering web_reg_save_param was successful  	[MsgId: MMSG-26390]
web_reg_save_param started  	[MsgId: MMSG-26355]
Registering web_reg_save_param was successful  	[MsgId: MMSG-26390]
System.out: method:                                                                                                                                                      Notify:	[MsgId: MMSG-17999]
[DEBUG]createservice	[MsgId: MMSG-17999]
[DEBUG]URL=http://ppe.naturecloud.io:88/apiApplication/createApplication	[MsgId: MMSG-17999]
[DEBUG]options:	[MsgId: MMSG-17999]
[DEBUG]Method=POST	[MsgId: MMSG-17999]
[DEBUG]Resource=0	[MsgId: MMSG-17999]
[DEBUG]RecContentType=text/html	[MsgId: MMSG-17999]
[DEBUG]Snapshot=t11.inf	[MsgId: MMSG-17999]
[DEBUG]Mode=HTML	[MsgId: MMSG-17999]
[DEBUG]Referer=http://ppe.naturecloud.io:88/cp/service	[MsgId: MMSG-17999]
[DEBUG]EncType=application/json;charset=UTF-8	[MsgId: MMSG-17999]
[DEBUG]Body={"app":"scalevolume","rcnum":1,"ver":"1.9.14-alpine","node":{"image":"prod.internal.naturecloud.io/library/nginx:1.9.14-alpine","imageshortname":"nginx","isMarket":true,"ports":[],"env":[],"clusterId":"default","cpu_shares":"0.125","mem_limit":"128Mi","volumes":[{"IsDefault":false,"isShared":false,"mountTargetPath":"/extend","mountObj":{"_id":"586c543fac2cbd000ed00abb","mountAppName":"","mountAppNameArray":[],"mountNodeName":"","name":"test","namespace":"kidfanjun","size":1024,"status":"NOT_USE","volumeId":"kidfanjun-test"}}]}}	[MsgId: MMSG-17999]
[DEBUG]LAST	[MsgId: MMSG-17999]
web_custom_request("createservice") started  	[MsgId: MMSG-26355]
HTML parsing not performed for Content-Type "application/json" ("ParseHtmlContentType" Run-Time Setting is "TEXT"). URL="http://ppe.naturecloud.io:88/apiApplication/createApplication"  	[MsgId: MMSG-26548]
web_custom_request("createservice") was successful, 37 body bytes, 251 header bytes  	[MsgId: MMSG-26386]
System.out: this{"ret":true,"error":null,"data":null}                                                                                                                                                      Notify:	[MsgId: MMSG-17999]
System.out: true,create is success                                                                                                                                                      Notify:	[MsgId: MMSG-17999]
System.out: order:{1}                                                                                                                                                      Notify:	[MsgId: MMSG-17999]
web_set_max_html_param_len started  	[MsgId: MMSG-26355]
web_set_max_html_param_len was successful  	[MsgId: MMSG-26392]
web_reg_save_param started  	[MsgId: MMSG-26355]
Registering web_reg_save_param was successful  	[MsgId: MMSG-26390]
web_reg_save_param started  	[MsgId: MMSG-26355]
Registering web_reg_save_param was successful  	[MsgId: MMSG-26390]
System.out: method:                                                                                                                                                      Notify:	[MsgId: MMSG-17999]
[DEBUG]getPodStatus00	[MsgId: MMSG-17999]
[DEBUG]URL=http://ppe.naturecloud.io:88/apiApplication/getPodStatus	[MsgId: MMSG-17999]
[DEBUG]options:	[MsgId: MMSG-17999]
[DEBUG]Method=POST	[MsgId: MMSG-17999]
[DEBUG]Resource=0	[MsgId: MMSG-17999]
[DEBUG]RecContentType=text/html	[MsgId: MMSG-17999]
[DEBUG]Snapshot=t11.inf	[MsgId: MMSG-17999]
[DEBUG]Mode=HTML	[MsgId: MMSG-17999]
[DEBUG]Referer=http://ppe.naturecloud.io:88/cp/service	[MsgId: MMSG-17999]
[DEBUG]EncType=application/json;charset=UTF-8	[MsgId: MMSG-17999]
[DEBUG]Body={"app":"scalevolume","rcnum":1,"ver":"1.9.14-alpine","node":{"image":"prod.internal.naturecloud.io/library/nginx:1.9.14-alpine","imageshortname":"nginx","isMarket":true,"ports":[],"env":[],"clusterId":"default","cpu_shares":"0.125","mem_limit":"128Mi","volumes":[{"IsDefault":false,"isShared":false,"mountTargetPath":"/extend","mountObj":{"_id":"586c543fac2cbd000ed00abb","mountAppName":"","mountAppNameArray":["scalevolume"],"mountNodeName":"","name":"test","namespace":"kidfanjun","size":1024,"status":"NOT_USE","volumeId":"kidfanjun-test"},"isStateful":true,"mountArray":[{"name":"test","volumeId":"kidfanjun-test","namespace":"kidfanjun","status":"NOT_USE","mountAppName":"","mountNodeName":"","size":1024,"_id":"586f4ed45ecb78000ebad5cb","pv":"extend-scalevolume-0","pvc":"extend-scalevolume-0"}]}],"secret":"a2lkZmFuanVuOjFxYXp4c3cy"},"username":"kidfanjun","id":"scalevolume","service":{"kind":"Service","apiVersion":"v1","metadata":{"name":"scalevolume","labels":{"app":"scalevolume"}},"spec":{"selector":{"app":"scalevolume"},"type":"ClusterIP","ports":[{"name":"0","protocol":"TCP","port":22,"targetPort":22}],"clusterIP":"None"}},"totalStatue":"starting","petset":{"apiVersion":"apps/v1alpha1","kind":"PetSet","metadata":{"name":"scalevolume","labels":{"app":"scalevolume","version":"1.9.14-alpine"}},"spec":{"serviceName":"scalevolume","replicas":1,"template":{"metadata":{"labels":{"app":"scalevolume","version":"1.9.14-alpine"},"annotations":{}},"spec":{"terminationGracePeriodSeconds":5,"restartPolicy":null,"containers":[{"name":"scalevolume","image":"prod.internal.naturecloud.io/library/nginx:1.9.14-alpine","imagePullPolicy":"Always","env":[],"resources":{"limits":{"cpu":"125m","memory":"128Mi"}},"ports":[],"volumeMounts":[{"mountPath":"/extend","name":"extend"}]}]}},"volumeClaimTemplates":[{"metadata":{"name":"extend"},"spec":{"accessModes":["ReadWriteOnce"],"resources":{"requests":{"storage":"1Gi"}}}}]}},"_id":"586f4ed45ecb78000ebad5cc"}	[MsgId: MMSG-17999]
[DEBUG]LAST	[MsgId: MMSG-17999]
web_custom_request("getPodStatus00") started  	[MsgId: MMSG-26355]
HTML parsing not performed for Content-Type "application/json" ("ParseHtmlContentType" Run-Time Setting is "TEXT"). URL="http://ppe.naturecloud.io:88/apiApplication/getPodStatus"  	[MsgId: MMSG-26548]
web_custom_request("getPodStatus00") was successful, 2593 body bytes, 254 header bytes  	[MsgId: MMSG-26386]
System.out: this{"ret":true,"error":null,"data":{"kind":"PodList","apiVersion":"v1","metadata":{"selfLink":"/api/v1/namespaces/kidfanjun/pods","resourceVersion":"7712183"},"items":[{"metadata":{"name":"scalevolume-0","generateName":"scalevolume-","namespace":"kidfanjun","selfLink":"/api/v1/namespaces/kidfanjun/pods/scalevolume-0","uid":"0ac8fe47-d4ab-11e6-9311-00163e02bcc9","resourceVersion":"7712161","creationTimestamp":"2017-01-07T07:29:36Z","labels":{"app":"scalevolume","version":"1.9.14-alpine"},"annotations":{"kubernetes.io/created-by":"{\"kind\":\"SerializedReference\",\"apiVersion\":\"v1\",\"reference\":{\"kind\":\"PetSet\",\"namespace\":\"kidfanjun\",\"name\":\"scalevolume\",\"uid\":\"0ac477b7-d4ab-11e6-9311-00163e02bcc9\",\"apiVersion\":\"apps\",\"resourceVersion\":\"7712126\"}}\n","pod.alpha.kubernetes.io/initialized":"true","pod.beta.kubernetes.io/hostname":"scalevolume-0","pod.beta.kubernetes.io/subdomain":"scalevolume"}},"spec":{"volumes":[{"name":"extend","persistentVolumeClaim":{"claimName":"extend-scalevolume-0"}},{"name":"default-token-e0d8c","secret":{"secretName":"default-token-e0d8c","defaultMode":420}}],"containers":[{"name":"scalevolume","image":"prod.internal.naturecloud.io/library/nginx:1.9.14-alpine","resources":{"limits":{"cpu":"125m","memory":"128Mi"},"requests":{"cpu":"125m","memory":"128Mi"}},"volumeMounts":[{"name":"extend","mountPath":"/extend"},{"name":"default-token-e0d8c","readOnly":true,"mountPath":"/var/run/secrets/kubernetes.io/serviceaccount"}],"terminationMessagePath":"/dev/termination-log","imagePullPolicy":"Always"}],"restartPolicy":"Always","terminationGracePeriodSeconds":5,"dnsPolicy":"ClusterFirst","serviceAccountName":"default","serviceAccount":"default","nodeName":"192.168.10.5","securityContext":{}},"status":{"phase":"Running","conditions":[{"type":"Initialized","status":"True","lastProbeTime":null,"lastTransitionTime":"2017-01-07T07:29:36Z"},{"type":"Ready","status":"True","lastProbeTime":null,"lastTransitionTime":"2017-01-07T07:29:41Z"},{"type":"PodScheduled","status":"True","lastProbeTime":null,"lastTransitionTime":"2017-01-07T07:29:36Z"}],"hostIP":"192.168.10.5","podIP":"172.16.100.9","startTime":"2017-01-07T07:29:36Z","containerStatuses":[{"name":"scalevolume","state":{"running":{"startedAt":"2017-01-07T07:29:41Z"}},"lastState":{},"ready":true,"restartCount":0,"image":"prod.internal.naturecloud.io/library/nginx:1.9.14-alpine","imageID":"docker://sha256:1bb49f0e0b5f983b49c5eb2d1feef9512de9fbe2c3ce0360d9a1f1b9e5713582","containerID":"docker://1878076066ae5c5e83c5f22d2b62e16b8a07a39c3cb5bb3c17de66d9fc43e039"}]}}]}}                                                                                                                                                      Notify:	[MsgId: MMSG-17999]
System.out: order:{2}                                                                                                                                                      Notify:	[MsgId: MMSG-17999]
web_set_max_html_param_len started  	[MsgId: MMSG-26355]
web_set_max_html_param_len was successful  	[MsgId: MMSG-26392]
web_reg_save_param started  	[MsgId: MMSG-26355]
Registering web_reg_save_param was successful  	[MsgId: MMSG-26390]
web_reg_save_param started  	[MsgId: MMSG-26355]
Registering web_reg_save_param was successful  	[MsgId: MMSG-26390]
System.out: method:                                                                                                                                                      Notify:	[MsgId: MMSG-17999]
[DEBUG]getPodStatus_10	[MsgId: MMSG-17999]
[DEBUG]URL=http://ppe.naturecloud.io:88/apiApplication/getPodStatus	[MsgId: MMSG-17999]
[DEBUG]options:	[MsgId: MMSG-17999]
[DEBUG]Method=POST	[MsgId: MMSG-17999]
[DEBUG]Resource=0	[MsgId: MMSG-17999]
[DEBUG]RecContentType=text/html	[MsgId: MMSG-17999]
[DEBUG]Snapshot=t11.inf	[MsgId: MMSG-17999]
[DEBUG]Mode=HTML	[MsgId: MMSG-17999]
[DEBUG]Referer=http://ppe.naturecloud.io:88/cp/service	[MsgId: MMSG-17999]
[DEBUG]EncType=application/json;charset=UTF-8	[MsgId: MMSG-17999]
[DEBUG]Body={"app":"scalevolume","rcnum":1,"ver":"1.9.14-alpine","node":{"image":"prod.internal.naturecloud.io/library/nginx:1.9.14-alpine","imageshortname":"nginx","isMarket":true,"ports":[],"env":[],"clusterId":"default","cpu_shares":"0.125","mem_limit":"128Mi","volumes":[{"IsDefault":false,"isShared":false,"mountTargetPath":"/extend","mountObj":{"_id":"586c543fac2cbd000ed00abb","mountAppName":"","mountAppNameArray":["scalevolume"],"mountNodeName":"","name":"test","namespace":"kidfanjun","size":1024,"status":"NOT_USE","volumeId":"kidfanjun-test"},"isStateful":true,"mountArray":[{"name":"test","volumeId":"kidfanjun-test","namespace":"kidfanjun","status":"NOT_USE","mountAppName":"","mountNodeName":"","size":1024,"_id":"586f4ed45ecb78000ebad5cb","pv":"extend-scalevolume-0","pvc":"extend-scalevolume-0"}]}],"secret":"a2lkZmFuanVuOjFxYXp4c3cy"},"username":"kidfanjun","id":"scalevolume","service":{"kind":"Service","apiVersion":"v1","metadata":{"name":"scalevolume","labels":{"app":"scalevolume"}},"spec":{"selector":{"app":"scalevolume"},"type":"ClusterIP","ports":[{"name":"0","protocol":"TCP","port":22,"targetPort":22}],"clusterIP":"None"}},"totalStatue":"starting","petset":{"apiVersion":"apps/v1alpha1","kind":"PetSet","metadata":{"name":"scalevolume","labels":{"app":"scalevolume","version":"1.9.14-alpine"}},"spec":{"serviceName":"scalevolume","replicas":1,"template":{"metadata":{"labels":{"app":"scalevolume","version":"1.9.14-alpine"},"annotations":{}},"spec":{"terminationGracePeriodSeconds":5,"restartPolicy":null,"containers":[{"name":"scalevolume","image":"prod.internal.naturecloud.io/library/nginx:1.9.14-alpine","imagePullPolicy":"Always","env":[],"resources":{"limits":{"cpu":"125m","memory":"128Mi"}},"ports":[],"volumeMounts":[{"mountPath":"/extend","name":"extend"}]}]}},"volumeClaimTemplates":[{"metadata":{"name":"extend"},"spec":{"accessModes":["ReadWriteOnce"],"resources":{"requests":{"storage":"1Gi"}}}}]}},"_id":"586f4ed45ecb78000ebad5cc"}	[MsgId: MMSG-17999]
[DEBUG]LAST	[MsgId: MMSG-17999]
web_custom_request("getPodStatus_10") started  	[MsgId: MMSG-26355]
HTML parsing not performed for Content-Type "application/json" ("ParseHtmlContentType" Run-Time Setting is "TEXT"). URL="http://ppe.naturecloud.io:88/apiApplication/getPodStatus"  	[MsgId: MMSG-26548]
web_custom_request("getPodStatus_10") was successful, 2593 body bytes, 254 header bytes  	[MsgId: MMSG-26386]
System.out: this{"ret":true,"error":null,"data":{"kind":"PodList","apiVersion":"v1","metadata":{"selfLink":"/api/v1/namespaces/kidfanjun/pods","resourceVersion":"7712195"},"items":[{"metadata":{"name":"scalevolume-0","generateName":"scalevolume-","namespace":"kidfanjun","selfLink":"/api/v1/namespaces/kidfanjun/pods/scalevolume-0","uid":"0ac8fe47-d4ab-11e6-9311-00163e02bcc9","resourceVersion":"7712161","creationTimestamp":"2017-01-07T07:29:36Z","labels":{"app":"scalevolume","version":"1.9.14-alpine"},"annotations":{"kubernetes.io/created-by":"{\"kind\":\"SerializedReference\",\"apiVersion\":\"v1\",\"reference\":{\"kind\":\"PetSet\",\"namespace\":\"kidfanjun\",\"name\":\"scalevolume\",\"uid\":\"0ac477b7-d4ab-11e6-9311-00163e02bcc9\",\"apiVersion\":\"apps\",\"resourceVersion\":\"7712126\"}}\n","pod.alpha.kubernetes.io/initialized":"true","pod.beta.kubernetes.io/hostname":"scalevolume-0","pod.beta.kubernetes.io/subdomain":"scalevolume"}},"spec":{"volumes":[{"name":"extend","persistentVolumeClaim":{"claimName":"extend-scalevolume-0"}},{"name":"default-token-e0d8c","secret":{"secretName":"default-token-e0d8c","defaultMode":420}}],"containers":[{"name":"scalevolume","image":"prod.internal.naturecloud.io/library/nginx:1.9.14-alpine","resources":{"limits":{"cpu":"125m","memory":"128Mi"},"requests":{"cpu":"125m","memory":"128Mi"}},"volumeMounts":[{"name":"extend","mountPath":"/extend"},{"name":"default-token-e0d8c","readOnly":true,"mountPath":"/var/run/secrets/kubernetes.io/serviceaccount"}],"terminationMessagePath":"/dev/termination-log","imagePullPolicy":"Always"}],"restartPolicy":"Always","terminationGracePeriodSeconds":5,"dnsPolicy":"ClusterFirst","serviceAccountName":"default","serviceAccount":"default","nodeName":"192.168.10.5","securityContext":{}},"status":{"phase":"Running","conditions":[{"type":"Initialized","status":"True","lastProbeTime":null,"lastTransitionTime":"2017-01-07T07:29:36Z"},{"type":"Ready","status":"True","lastProbeTime":null,"lastTransitionTime":"2017-01-07T07:29:41Z"},{"type":"PodScheduled","status":"True","lastProbeTime":null,"lastTransitionTime":"2017-01-07T07:29:36Z"}],"hostIP":"192.168.10.5","podIP":"172.16.100.9","startTime":"2017-01-07T07:29:36Z","containerStatuses":[{"name":"scalevolume","state":{"running":{"startedAt":"2017-01-07T07:29:41Z"}},"lastState":{},"ready":true,"restartCount":0,"image":"prod.internal.naturecloud.io/library/nginx:1.9.14-alpine","imageID":"docker://sha256:1bb49f0e0b5f983b49c5eb2d1feef9512de9fbe2c3ce0360d9a1f1b9e5713582","containerID":"docker://1878076066ae5c5e83c5f22d2b62e16b8a07a39c3cb5bb3c17de66d9fc43e039"}]}}]}}                                                                                                                                                      Notify:	[MsgId: MMSG-17999]
System.out: order:{3}                                                                                                                                                      Notify:	[MsgId: MMSG-17999]
web_set_max_html_param_len started  	[MsgId: MMSG-26355]
web_set_max_html_param_len was successful  	[MsgId: MMSG-26392]
web_reg_save_param started  	[MsgId: MMSG-26355]
Registering web_reg_save_param was successful  	[MsgId: MMSG-26390]
web_reg_save_param started  	[MsgId: MMSG-26355]
Registering web_reg_save_param was successful  	[MsgId: MMSG-26390]
System.out: method:                                                                                                                                                      Notify:	[MsgId: MMSG-17999]
[DEBUG]checkResourceQuotas01	[MsgId: MMSG-17999]
[DEBUG]URL=http://ppe.naturecloud.io:88/apiApplication/checkResourceQuotas	[MsgId: MMSG-17999]
[DEBUG]options:	[MsgId: MMSG-17999]
[DEBUG]Method=POST	[MsgId: MMSG-17999]
[DEBUG]Resource=0	[MsgId: MMSG-17999]
[DEBUG]RecContentType=text/html	[MsgId: MMSG-17999]
[DEBUG]Snapshot=t11.inf	[MsgId: MMSG-17999]
[DEBUG]Mode=HTML	[MsgId: MMSG-17999]
[DEBUG]Referer=http://ppe.naturecloud.io:88/cp/service	[MsgId: MMSG-17999]
[DEBUG]EncType=application/json;charset=UTF-8	[MsgId: MMSG-17999]
[DEBUG]Body={"data":{"_id":"586f4ed45ecb78000ebad5cc","app":"scalevolume","id":"scalevolume","node":{"image":"prod.internal.naturecloud.io/library/nginx:1.9.14-alpine","imageshortname":"nginx","isMarket":true,"ports":[],"env":[],"clusterId":"default","cpu_shares":"0.125","mem_limit":"128Mi","volumes":[{"IsDefault":false,"isShared":false,"mountTargetPath":"/extend","mountObj":{"_id":"586c543fac2cbd000ed00abb","mountAppName":"","mountAppNameArray":["scalevolume"],"mountNodeName":"","name":"test","namespace":"kidfanjun","size":1024,"status":"NOT_USE","volumeId":"kidfanjun-test"},"isStateful":true,"mountArray":[{"name":"test","volumeId":"kidfanjun-test","namespace":"kidfanjun","status":"NOT_USE","mountAppName":"","mountNodeName":"","size":1024,"_id":"586f4ed45ecb78000ebad5cb","pv":"extend-scalevolume-0","pvc":"extend-scalevolume-0"}]}],"secret":"a2lkZmFuanVuOjFxYXp4c3cy"},"petset":{"apiVersion":"apps/v1alpha1","kind":"PetSet","metadata":{"name":"scalevolume","labels":{"app":"scalevolume","version":"1.9.14-alpine"}},"spec":{"serviceName":"scalevolume","replicas":1,"template":{"metadata":{"labels":{"app":"scalevolume","version":"1.9.14-alpine"},"annotations":{}},"spec":{"terminationGracePeriodSeconds":5,"restartPolicy":null,"containers":[{"name":"scalevolume","image":"prod.internal.naturecloud.io/library/nginx:1.9.14-alpine","imagePullPolicy":"Always","env":[],"resources":{"limits":{"cpu":"125m","memory":"128Mi"}},"ports":[],"volumeMounts":[{"mountPath":"/extend","name":"extend"}]}]}},"volumeClaimTemplates":[{"metadata":{"name":"extend"},"spec":{"accessModes":["ReadWriteOnce"],"resources":{"requests":{"storage":"1Gi"}}}}]}},"rcnum":1,"service":{"kind":"Service","apiVersion":"v1","metadata":{"name":"scalevolume","labels":{"app":"scalevolume"}},"spec":{"selector":{"app":"scalevolume"},"type":"ClusterIP","ports":[{"name":"0","protocol":"TCP","port":22,"targetPort":22}],"clusterIP":"None"}},"totalStatue":"running","username":"kidfanjun","ver":"1.9.14-alpine"},"status":"running","replicas":2,"op":"modifyReplicas"}	[MsgId: MMSG-17999]
[DEBUG]LAST	[MsgId: MMSG-17999]
web_custom_request("checkResourceQuotas01") started  	[MsgId: MMSG-26355]
HTML parsing not performed for Content-Type "application/json" ("ParseHtmlContentType" Run-Time Setting is "TEXT"). URL="http://ppe.naturecloud.io:88/apiApplication/checkResourceQuotas"  	[MsgId: MMSG-26548]
web_custom_request("checkResourceQuotas01") was successful, 37 body bytes, 251 header bytes  	[MsgId: MMSG-26386]
System.out: this{"ret":true,"error":null,"data":true}                                                                                                                                                      Notify:	[MsgId: MMSG-17999]
System.out: order:{5}                                                                                                                                                      Notify:	[MsgId: MMSG-17999]
web_set_max_html_param_len started  	[MsgId: MMSG-26355]
web_set_max_html_param_len was successful  	[MsgId: MMSG-26392]
web_reg_save_param started  	[MsgId: MMSG-26355]
Registering web_reg_save_param was successful  	[MsgId: MMSG-26390]
web_reg_save_param started  	[MsgId: MMSG-26355]
Registering web_reg_save_param was successful  	[MsgId: MMSG-26390]
System.out: method:                                                                                                                                                      Notify:	[MsgId: MMSG-17999]
[DEBUG]modifyRc_1	[MsgId: MMSG-17999]
[DEBUG]URL=http://ppe.naturecloud.io:88/apiApplication/modifyRc	[MsgId: MMSG-17999]
[DEBUG]options:	[MsgId: MMSG-17999]
[DEBUG]Method=POST	[MsgId: MMSG-17999]
[DEBUG]Resource=0	[MsgId: MMSG-17999]
[DEBUG]RecContentType=text/html	[MsgId: MMSG-17999]
[DEBUG]Snapshot=t11.inf	[MsgId: MMSG-17999]
[DEBUG]Mode=HTML	[MsgId: MMSG-17999]
[DEBUG]Referer=http://ppe.naturecloud.io:88/cp/service	[MsgId: MMSG-17999]
[DEBUG]EncType=application/json;charset=UTF-8	[MsgId: MMSG-17999]
[DEBUG]Body={"data":{"app":"scalevolume","id":"scalevolume","node":{"image":"prod.internal.naturecloud.io/library/nginx:1.9.14-alpine","imageshortname":"nginx","isMarket":true,"ports":[],"env":[],"clusterId":"default","cpu_shares":"0.125","mem_limit":"128Mi","volumes":[{"IsDefault":false,"isShared":false,"mountTargetPath":"/extend","mountObj":{"_id":"586c543fac2cbd000ed00abb","mountAppName":"","mountAppNameArray":["scalevolume"],"mountNodeName":"","name":"test","namespace":"kidfanjun","size":1024,"status":"NOT_USE","volumeId":"kidfanjun-test"},"isStateful":true,"mountArray":[{"name":"test","volumeId":"kidfanjun-test","namespace":"kidfanjun","status":"NOT_USE","mountAppName":"","mountNodeName":"","size":1024,"_id":"586f4ed45ecb78000ebad5cb","pv":"extend-scalevolume-0","pvc":"extend-scalevolume-0"}]}],"secret":"a2lkZmFuanVuOjFxYXp4c3cy"},"petset":{"apiVersion":"apps/v1alpha1","kind":"PetSet","metadata":{"name":"scalevolume","labels":{"app":"scalevolume","version":"1.9.14-alpine"}},"spec":{"serviceName":"scalevolume","replicas":1,"template":{"metadata":{"labels":{"app":"scalevolume","version":"1.9.14-alpine"},"annotations":{}},"spec":{"terminationGracePeriodSeconds":5,"restartPolicy":null,"containers":[{"name":"scalevolume","image":"prod.internal.naturecloud.io/library/nginx:1.9.14-alpine","imagePullPolicy":"Always","env":[],"resources":{"limits":{"cpu":"125m","memory":"128Mi"}},"ports":[],"volumeMounts":[{"mountPath":"/extend","name":"extend"}]}]}},"volumeClaimTemplates":[{"metadata":{"name":"extend"},"spec":{"accessModes":["ReadWriteOnce"],"resources":{"requests":{"storage":"1Gi"}}}}]}},"rcnum":1,"service":{"kind":"Service","apiVersion":"v1","metadata":{"name":"scalevolume","labels":{"app":"scalevolume"}},"spec":{"selector":{"app":"scalevolume"},"type":"ClusterIP","ports":[{"name":"0","protocol":"TCP","port":22,"targetPort":22}],"clusterIP":"None"}},"totalStatue":"running","username":"kidfanjun","ver":"1.9.14-alpine"},"status":"running","replicas":2,"op":"modifyReplicas","limitCheck":"yes"}	[MsgId: MMSG-17999]
[DEBUG]LAST	[MsgId: MMSG-17999]
web_custom_request("modifyRc_1") started  	[MsgId: MMSG-26355]
HTML parsing not performed for Content-Type "application/json" ("ParseHtmlContentType" Run-Time Setting is "TEXT"). URL="http://ppe.naturecloud.io:88/apiApplication/modifyRc"  	[MsgId: MMSG-26548]
web_custom_request("modifyRc_1") was successful, 82 body bytes, 251 header bytes  	[MsgId: MMSG-26386]
System.out: this{"ret":false,"error":"[kidfanjun-test-1] can't find storage info in db","data":{}}                                                                                                                                                      Notify:	[MsgId: MMSG-17999]
System.out: case list                                                                                                                                                      Notify:	[MsgId: MMSG-17999]
Notify: Transaction "shareVolumeService" set.	[MsgId: MMSG-16979]
System.out:                                                                                                                                                        Notify:	[MsgId: MMSG-17999]
System.out:                                                                                                                                                        Notify:	[MsgId: MMSG-17999]
System.out: -------statics-------                                                                                                                                                      Notify:	[MsgId: MMSG-17999]
System.out: Scene:shareVolumeService failed ->Case modifyRc_1 failed ->                                                                                                                                                      Notify:	[MsgId: MMSG-17999]
System.out: -1                                                                                                                                                      Notify:	[MsgId: MMSG-17999]
Ending Vuser...	[MsgId: MMSG-15966]
Starting action vuser_end.	[MsgId: MMSG-15919]
Ending action vuser_end.	[MsgId: MMSG-15918]
Vuser Terminated.	[MsgId: MMSG-15963]
