Notify: Found jdk version: 1.6.0.	[MsgId: MMSG-22986]
Notify: classpath=C:\naturecloud\lb_scripts_new\java\ShareVolumeService\extendVolume;c:\program files (x86)\hp\loadrunner\classes\srv;c:\program files (x86)\hp\loadrunner\classes;;C:\naturecloud\lb_scripts_new\lib\gson-2.8.0.jar;C:\naturecloud\lb_scripts_new\lib\commons-net-3.5.jar;;;c:\program files (x86)\hp\loadrunner\lib\xstream-1.4.8.jar;c:\program files (x86)\hp\loadrunner\lib\xpp3-1.1.4c.jar	[MsgId: MMSG-22986]
Notify: Path=c:\jdk1.6.0_45\jre\bin\client;C:\PROGRA~2\HP\LOADRU~1\bin;C:\Windows\system32;C:\Windows;C:\Windows\System32\Wbem;C:\Windows\System32\WindowsPowerShell\v1.0\;C:\Program Files\TortoiseGit\bin;c:\jdk1.6.0_45\bin;C:\jdk1.6.0_45\jre\bin;C:\Program Files (x86)\HP\LoadRunner\strawberry-perl\perl\bin	[MsgId: MMSG-22986]
Notify: VM Params: .	[MsgId: MMSG-22986]
Virtual User Script started at : 2017/1/7 15:24:45	[MsgId: MMSG-15967]
Starting action vuser_init.	[MsgId: MMSG-15919]
Warning! Web support not loaded: check Java-Interpreter -> UtilityExt property in mdrv.dat file	[MsgId: MMSG-17999]
web_custom_request("authenticate") started  	[MsgId: MMSG-26355]
web_custom_request("authenticate") was successful, 256 body bytes, 680 header bytes  	[MsgId: MMSG-26386]
Ending action vuser_init.	[MsgId: MMSG-15918]
Running Vuser...	[MsgId: MMSG-15964]
Starting iteration 1.	[MsgId: MMSG-15968]
Warning -27077: The "vuser_init" section contains web function(s) when the "Simulate a new user on each iteration" Run-Time Setting is ON.  This may produce unpredictable results with multiple iterations  	[MsgId: MWAR-27077]
Maximum number of concurrent connections per server: 4  	[MsgId: MMSG-26989]
Starting action Actions.	[MsgId: MMSG-15919]
Notify: Transaction "shareVolumeService" set.	[MsgId: MMSG-16979]
web_set_max_html_param_len started  	[MsgId: MMSG-26355]
web_set_max_html_param_len was successful  	[MsgId: MMSG-26392]
web_reg_save_param started  	[MsgId: MMSG-26355]
Registering web_reg_save_param was successful  	[MsgId: MMSG-26390]
web_reg_save_param started  	[MsgId: MMSG-26355]
Registering web_reg_save_param was successful  	[MsgId: MMSG-26390]
System.out: method:                                                                                                                                                      Notify:	[MsgId: MMSG-17999]
[DEBUG]createstorage	[MsgId: MMSG-17999]
[DEBUG]URL=http://ppe.naturecloud.io:88/apiStorage/createstorage	[MsgId: MMSG-17999]
[DEBUG]options:	[MsgId: MMSG-17999]
[DEBUG]Method=POST	[MsgId: MMSG-17999]
[DEBUG]Resource=0	[MsgId: MMSG-17999]
[DEBUG]RecContentType=text/html	[MsgId: MMSG-17999]
[DEBUG]Snapshot=t11.inf	[MsgId: MMSG-17999]
[DEBUG]Mode=HTML	[MsgId: MMSG-17999]
[DEBUG]Referer=http://ppe.naturecloud.io:88/cp/service	[MsgId: MMSG-17999]
[DEBUG]EncType=application/json;charset=UTF-8	[MsgId: MMSG-17999]
[DEBUG]Body={"sid":"test"}	[MsgId: MMSG-17999]
[DEBUG]LAST	[MsgId: MMSG-17999]
web_custom_request("createstorage") started  	[MsgId: MMSG-26355]
HTML parsing not performed for Content-Type "application/json" ("ParseHtmlContentType" Run-Time Setting is "TEXT"). URL="http://ppe.naturecloud.io:88/apiStorage/createstorage"  	[MsgId: MMSG-26548]
web_custom_request("createstorage") was successful, 88 body bytes, 251 header bytes  	[MsgId: MMSG-26386]
System.out: this{"ret":false,"error":"volume [test] already exist","data":"volume [test] already exist"}                                                                                                                                                      Notify:	[MsgId: MMSG-17999]
System.out: case list                                                                                                                                                      Notify:	[MsgId: MMSG-17999]
Notify: Transaction "shareVolumeService" set.	[MsgId: MMSG-16979]
System.out:                                                                                                                                                        Notify:	[MsgId: MMSG-17999]
System.out:                                                                                                                                                        Notify:	[MsgId: MMSG-17999]
System.out: -------statics-------                                                                                                                                                      Notify:	[MsgId: MMSG-17999]
System.out: Scene:shareVolumeService failed ->Case createstorage failed ->                                                                                                                                                      Notify:	[MsgId: MMSG-17999]
System.out: -1                                                                                                                                                      Notify:	[MsgId: MMSG-17999]
Ending Vuser...	[MsgId: MMSG-15966]
Starting action vuser_end.	[MsgId: MMSG-15919]
Ending action vuser_end.	[MsgId: MMSG-15918]
Vuser Terminated.	[MsgId: MMSG-15963]
