Notify: Found jdk version: 1.6.0.	[MsgId: MMSG-22986]
Notify: classpath=C:\naturecloud\lb_scripts_new\java\haveStore\ShareVolumeService\extendVolume;c:\program files (x86)\hp\loadrunner\classes\srv;c:\program files (x86)\hp\loadrunner\classes;;C:\naturecloud\lb_scripts_new\lib\gson-2.8.0.jar;C:\naturecloud\lb_scripts_new\lib\commons-net-3.5.jar;;;c:\program files (x86)\hp\loadrunner\lib\xstream-1.4.8.jar;c:\program files (x86)\hp\loadrunner\lib\xpp3-1.1.4c.jar	[MsgId: MMSG-22986]
Notify: Path=c:\jdk1.6.0_45\jre\bin\client;C:\PROGRA~2\HP\LOADRU~1\bin;C:\Windows\system32;C:\Windows;C:\Windows\System32\Wbem;C:\Windows\System32\WindowsPowerShell\v1.0\;C:\Program Files\TortoiseGit\bin;c:\jdk1.6.0_45\bin;C:\jdk1.6.0_45\jre\bin;C:\Program Files (x86)\HP\LoadRunner\strawberry-perl\perl\bin	[MsgId: MMSG-22986]
Notify: VM Params: .	[MsgId: MMSG-22986]
Start auto log messages stack - Iteration 1.	[MsgId: MMSG-10545]
[DEBUG]getStorages04	[MsgId: MMSG-17999]
[DEBUG]URL=http://{url}/apiStorage/getstorages	[MsgId: MMSG-17999]
[DEBUG]options:	[MsgId: MMSG-17999]
[DEBUG]Method=GET	[MsgId: MMSG-17999]
[DEBUG]Resource=0	[MsgId: MMSG-17999]
[DEBUG]RecContentType=text/html	[MsgId: MMSG-17999]
[DEBUG]Snapshot=t99.inf	[MsgId: MMSG-17999]
[DEBUG]Mode=HTML	[MsgId: MMSG-17999]
[DEBUG]Referer=http://ppe.naturecloud.io:88/cp/service	[MsgId: MMSG-17999]
[DEBUG]LAST	[MsgId: MMSG-17999]
web_custom_request("getStorages04") started  	[MsgId: MMSG-26355]
HTML parsing not performed for Content-Type "application/json" ("ParseHtmlContentType" Run-Time Setting is "TEXT"). URL="http://ppe.naturecloud.io:88/apiStorage/getstorages"  	[MsgId: MMSG-26548]
web_custom_request("getStorages04") was successful, 3103 body bytes, 254 header bytes  	[MsgId: MMSG-26386]
Error: [{"ret":true,"error":"","data":[{"_id":"587a1bd376d570000ea6060d","mountAppName":"","mountAppNameArray":["scalevolumeshrink"],"mountNodeName":"","name":"sharetest","namespace":"kidfanjun","size":1024,"volumeId":"kidfanjun-sharetest"},{"_id":"587a1be076d570000ea60615","mountAppName":"","mountAppNameArray":[],"mountNodeName":"","name":"sharetest-1","namespace":"kidfanjun","size":1024,"volumeId":"kidfanjun-sharetest-1"},{"_id":"586b3ed44faa5c000e64fc37","mountAppName":"","mountAppNameArray":["sharetest01"],"mountNodeName":"","name":"d0b2cf48c7c828531aaf1172","namespace":"kidfanjun","size":1024,"status":"NOT_USE","volumeId":"kidfanjun-d0b2cf48c7c828531aaf1172"},{"_id":"586b46824faa5c000e64fc49","mountAppName":"","mountAppNameArray":["sharetest01"],"mountNodeName":"","name":"f63036341fa3c923081c6292","namespace":"kidfanjun","size":1024,"status":"NOT_USE","volumeId":"kidfanjun-f63036341fa3c923081c6292"},{"_id":"586b50ba0fa21a000e7029f5","mountAppName":"","mountAppNameArray":["sharetest01"],"mountNodeName":"","name":"gd8abeba1c01926543ebdd10","namespace":"kidfanjun","size":1024,"status":"NOT_USE","volumeId":"kidfanjun-gd8abeba1c01926543ebdd10"},{"_id":"586b51b30fa21a000e7029f9","mountAppName":"","mountAppNameArray":["sharetest01"],"mountNodeName":"","name":"p79f324c006eae5a72e1c099","namespace":"kidfanjun","size":1024,"status":"NOT_USE","volumeId":"kidfanjun-p79f324c006eae5a72e1c099"},{"_id":"586b53400fa21a000e702a01","mountAppName":"","mountAppNameArray":["sharetest01"],"mountNodeName":"","name":"ncec6449487fdfe80ebd2ddf","namespace":"kidfanjun","size":1024,"status":"NOT_USE","volumeId":"kidfanjun-ncec6449487fdfe80ebd2ddf"},{"_id":"5870ecfe4f202d000eb30dc0","mountAppName":"","mountAppNameArray":["redfishtest"],"mountNodeName":"","name":"redfishtest-testop-1","namespace":"kidfanjun","size":1024,"status":"NOT_USE","volumeId":"kidfanjun-redfishtest-testop-1"},{"_id":"5870ed054f202d000eb30dc4","mountAppName":"","mountAppNameArray":["redfishtest"],"mountNodeName":"","name":"redfishtest-testop-0","namespace":"kidfanjun","size":1024,"status":"NOT_USE","volumeId":"kidfanjun-redfishtest-testop-0"},{"_id":"587a19f476d570000ea605e4","mountAppName":"","mountAppNameArray":[],"mountNodeName":"","name":"notsharetoshare-1","namespace":"kidfanjun","size":1024,"volumeId":"kidfanjun-notsharetoshare-1"},{"_id":"587a1c2f76d570000ea60626","mountAppName":"","mountAppNameArray":["redshare"],"mountNodeName":"","name":"sharevolume","namespace":"kidfanjun","size":1024,"volumeId":"kidfanjun-sharevolume"},{"_id":"587a1c4976d570000ea6062a","mountAppName":"","mountAppNameArray":["creatservice"],"mountNodeName":"","name":"creat","namespace":"kidfanjun","size":1024,"volumeId":"kidfanjun-creat"},{"_id":"587a1c4c76d570000ea6062b","mountAppName":"","mountAppNameArray":["notsharevolume"],"mountNodeName":"","name":"notshare","namespace":"kidfanjun","size":1024,"volumeId":"kidfanjun-notshare"},{"_id":"587a1c5976d570000ea60630","mountAppName":"","mountAppNameArray":["notsharevolume"],"mountNodeName":"","name":"notshare-1","namespace":"kidfanjun","size":1024,"volumeId":"kidfanjun-notshare-1"}]}]exception:null	[MsgId: MERR-17999]
End auto log messages stack.	[MsgId: MMSG-10544]


