Notify: Found jdk version: 1.6.0.
Notify: classpath=C:\naturecloud\lb_scripts_new\java\codeBuild\gitBulid\;c:\program files (x86)\hp\loadrunner\classes\srv;c:\program files (x86)\hp\loadrunner\classes;;C:\naturecloud\lb_scripts_new\lib\gson-2.8.0.jar;C:\naturecloud\lb_scripts_new\lib\commons-net-3.5.jar;;;c:\program files (x86)\hp\loadrunner\lib\xstream-1.4.8.jar;c:\program files (x86)\hp\loadrunner\lib\xpp3-1.1.4c.jar
Notify: Path=c:\jdk1.6.0_45\jre\bin\client;C:\Program Files (x86)\HP\LoadRunner\bin\NativeBinaries\x86;C:\Program Files (x86)\HP\LoadRunner\Bin;C:\Program Files (x86)\HP\LoadRunner\Bin\tulip\bin;C:\Windows\system32;C:\Windows;C:\Windows\System32\Wbem;C:\Windows\System32\WindowsPowerShell\v1.0\;C:\Program Files\TortoiseGit\bin;c:\jdk1.6.0_45\bin;C:\jdk1.6.0_45\jre\bin;C:\Program Files (x86)\HP\LoadRunner\strawberry-perl\perl\bin
Notify: VM Params: .
Virtual User Script started at : 2017/1/18 10:25:23
Starting action vuser_init.
Warning! Web support not loaded: check Java-Interpreter -> UtilityExt property in mdrv.dat file
web_custom_request("authenticate") started  	[MsgId: MMSG-26355]
web_custom_request("authenticate") was successful, 256 body bytes, 680 header bytes  	[MsgId: MMSG-26386]
Ending action vuser_init.
Running Vuser...
Starting iteration 1.
Warning -27077: The "vuser_init" section contains web function(s) when the "Simulate a new user on each iteration" Run-Time Setting is ON.  This may produce unpredictable results with multiple iterations  	[MsgId: MWAR-27077]
Maximum number of concurrent connections per server: 4  	[MsgId: MMSG-26989]
Starting action Actions.
Notify: Transaction "codebuild" set.
web_set_max_html_param_len started  	[MsgId: MMSG-26355]
web_set_max_html_param_len was successful  	[MsgId: MMSG-26392]
web_reg_save_param started  	[MsgId: MMSG-26355]
Registering web_reg_save_param was successful  	[MsgId: MMSG-26390]
web_reg_save_param started  	[MsgId: MMSG-26355]
Registering web_reg_save_param was successful  	[MsgId: MMSG-26390]
System.out: method:                                                                                                                                                      Notify:
[DEBUG]createJob
[DEBUG]URL=http://{url}/opBuildInfo/createJob
[DEBUG]options:
[DEBUG]Method=POST
[DEBUG]Resource=0
[DEBUG]RecContentType=text/html
[DEBUG]Snapshot=t11.inf
[DEBUG]Mode=HTML
[DEBUG]Referer=http://{url}/cp/service
[DEBUG]EncType=application/json;charset=UTF-8
[DEBUG]Body={"id": "samplegit","gitPath": "https://github.com/RedScarfFish/sample.git","user": "kidfanjun","buildContext": "","repoName": "samplegit","name": "sample","full_name": "RedScarfFish/sample","description": null,"git_url": "git://github.com/RedScarfFish/sample.git","ssh_url": "git@github.com:RedScarfFish/sample.git","clone_url": "https://github.com/RedScarfFish/sample.git","tags_url": "https://api.github.com/repos/RedScarfFish/sample/tags","private": false,"type": "github"}
[DEBUG]LAST
web_custom_request("createJob") started  	[MsgId: MMSG-26355]
HTML parsing not performed for Content-Type "application/json" ("ParseHtmlContentType" Run-Time Setting is "TEXT"). URL="http://ppe.naturecloud.io:88/opBuildInfo/createJob"  	[MsgId: MMSG-26548]
web_custom_request("createJob") was successful, 495 body bytes, 253 header bytes  	[MsgId: MMSG-26386]
System.out: resulting{"ret":true,"error":"","data":{"id":"samplegit","gitPath":"https://github.com/RedScarfFish/sample.git","user":"kidfanjun","buildContext":"","repoName":"samplegit","name":"sample","full_name":"RedScarfFish/sample","description":null,"git_url":"https://github.com/RedScarfFish/sample.git","ssh_url":"git@github.com:RedScarfFish/sample.git","clone_url":"https://github.com/RedScarfFish/sample.git","tags_url":"https://api.github.com/repos/RedScarfFish/sample/tags","private":false,"type":"github"}}                                                                                                                                                      Notify:
System.out: order:{1}                                                                                                                                                      Notify:
web_set_max_html_param_len started  	[MsgId: MMSG-26355]
web_set_max_html_param_len was successful  	[MsgId: MMSG-26392]
web_reg_save_param started  	[MsgId: MMSG-26355]
Registering web_reg_save_param was successful  	[MsgId: MMSG-26390]
web_reg_save_param started  	[MsgId: MMSG-26355]
Registering web_reg_save_param was successful  	[MsgId: MMSG-26390]
System.out: method:get                                                                                                                                                      Notify:
[DEBUG]listJobs
[DEBUG]URL=http://{url}/opBuildInfo/listJobs?user=kidfanjun
[DEBUG]options:
[DEBUG]Method=GET
[DEBUG]Resource=0
[DEBUG]RecContentType=text/html
[DEBUG]Snapshot=t99.inf
[DEBUG]Mode=HTML
[DEBUG]Referer=http://{url}/cp/service
[DEBUG]LAST
web_custom_request("listJobs") started  	[MsgId: MMSG-26355]
HTML parsing not performed for Content-Type "application/json" ("ParseHtmlContentType" Run-Time Setting is "TEXT"). URL="http://ppe.naturecloud.io:88/opBuildInfo/listJobs?user=kidfanjun"  	[MsgId: MMSG-26548]
web_custom_request("listJobs") was successful, 438 body bytes, 253 header bytes  	[MsgId: MMSG-26386]
System.out: resulting{"ret":true,"error":"","data":{"retCode":200,"retlst":[{"id":"samplegit","buildContext":"","repoName":"samplegit","gitPath":"https://github.com/RedScarfFish/sample.git","name":"sample","full_name":"RedScarfFish/sample","description":"null","git_url":"https://github.com/RedScarfFish/sample.git","ssh_url":"git@github.com:RedScarfFish/sample.git","clone_url":"https://github.com/RedScarfFish/sample.git","private":false,"type":"github"}]}}                                                                                                                                                      Notify:
System.out: creat samplegit bulid                                                                                                                                                      Notify:
System.out: order:{2}                                                                                                                                                      Notify:
web_set_max_html_param_len started  	[MsgId: MMSG-26355]
web_set_max_html_param_len was successful  	[MsgId: MMSG-26392]
web_reg_save_param started  	[MsgId: MMSG-26355]
Registering web_reg_save_param was successful  	[MsgId: MMSG-26390]
web_reg_save_param started  	[MsgId: MMSG-26355]
Registering web_reg_save_param was successful  	[MsgId: MMSG-26390]
System.out: method:get                                                                                                                                                      Notify:
[DEBUG]reqTagList
[DEBUG]URL=http://{url}/apiGit/ReqTagList?id=kidfanjun&type=github&full_name=RedScarfFish%2Fsample
[DEBUG]options:
[DEBUG]Method=GET
[DEBUG]Resource=0
[DEBUG]RecContentType=text/html
[DEBUG]Snapshot=t99.inf
[DEBUG]Mode=HTML
[DEBUG]Referer=http://{url}/cp/service
[DEBUG]LAST
web_custom_request("reqTagList") started  	[MsgId: MMSG-26355]
HTML parsing not performed for Content-Type "application/json" ("ParseHtmlContentType" Run-Time Setting is "TEXT"). URL="http://ppe.naturecloud.io:88/apiGit/ReqTagList?id=kidfanjun&type=github&full_name=RedScarfFish%2Fsample"  	[MsgId: MMSG-26548]
web_custom_request("reqTagList") was successful, 74 body bytes, 251 header bytes  	[MsgId: MMSG-26386]
System.out: resulting{"ret":true,"error":"","data":["1.0","1.1","1.2","1.3","1.4","1.5","1.6"]}                                                                                                                                                      Notify:
System.out: ["1.0","1.1","1.2","1.3","1.4","1.5","1.6"]                                                                                                                                                      Notify:
System.out: order:{3}                                                                                                                                                      Notify:
web_set_max_html_param_len started  	[MsgId: MMSG-26355]
web_set_max_html_param_len was successful  	[MsgId: MMSG-26392]
web_reg_save_param started  	[MsgId: MMSG-26355]
Registering web_reg_save_param was successful  	[MsgId: MMSG-26390]
web_reg_save_param started  	[MsgId: MMSG-26355]
Registering web_reg_save_param was successful  	[MsgId: MMSG-26390]
System.out: method:                                                                                                                                                      Notify:
[DEBUG]buildJob
[DEBUG]URL=http://{url}/opBuildInfo/buildJob
[DEBUG]options:
[DEBUG]Method=POST
[DEBUG]Resource=0
[DEBUG]RecContentType=text/html
[DEBUG]Snapshot=t11.inf
[DEBUG]Mode=HTML
[DEBUG]Referer=http://{url}/cp/service
[DEBUG]EncType=application/json;charset=UTF-8
[DEBUG]Body={"user":"kidfanjun","id":"samplegit","tag":"1.6","type":"github"}
[DEBUG]LAST
web_custom_request("buildJob") started  	[MsgId: MMSG-26355]
HTML parsing not performed for Content-Type "application/json" ("ParseHtmlContentType" Run-Time Setting is "TEXT"). URL="http://ppe.naturecloud.io:88/opBuildInfo/buildJob"  	[MsgId: MMSG-26548]
web_custom_request("buildJob") was successful, 33 body bytes, 251 header bytes  	[MsgId: MMSG-26386]
System.out: resulting{"ret":true,"error":"","data":{}}                                                                                                                                                      Notify:
System.out: order:{4}                                                                                                                                                      Notify:
web_set_max_html_param_len started  	[MsgId: MMSG-26355]
web_set_max_html_param_len was successful  	[MsgId: MMSG-26392]
web_reg_save_param started  	[MsgId: MMSG-26355]
Registering web_reg_save_param was successful  	[MsgId: MMSG-26390]
web_reg_save_param started  	[MsgId: MMSG-26355]
Registering web_reg_save_param was successful  	[MsgId: MMSG-26390]
System.out: method:get                                                                                                                                                      Notify:
[DEBUG]getJob
[DEBUG]URL=http://{url}/opBuildInfo/getJob?id=samplegit&user=kidfanjun
[DEBUG]options:
[DEBUG]Method=GET
[DEBUG]Resource=0
[DEBUG]RecContentType=text/html
[DEBUG]Snapshot=t99.inf
[DEBUG]Mode=HTML
[DEBUG]Referer=http://{url}/cp/service
[DEBUG]LAST
web_custom_request("getJob") started  	[MsgId: MMSG-26355]
HTML parsing not performed for Content-Type "application/json" ("ParseHtmlContentType" Run-Time Setting is "TEXT"). URL="http://ppe.naturecloud.io:88/opBuildInfo/getJob?id=samplegit&user=kidfanjun"  	[MsgId: MMSG-26548]
web_custom_request("getJob") was successful, 505 body bytes, 253 header bytes  	[MsgId: MMSG-26386]
System.out: resulting{"ret":true,"error":"","data":{"meta":{"id":"samplegit","buildContext":"","repoName":"kidfanjun/samplegit","gitPath":"https://github.com/RedScarfFish/sample.git","name":"sample","full_name":"RedScarfFish/sample","description":"null","git_url":"https://github.com/RedScarfFish/sample.git","ssh_url":"git@github.com:RedScarfFish/sample.git","clone_url":"https://github.com/RedScarfFish/sample.git","private":false,"type":"github"},"builds":[{"id":"1","result":null,"timestamp":1484706372315,"duration":0}]}}                                                                                                                                                      Notify:
System.out: code is building                                                                                                                                                      Notify:
System.out: order:{5}                                                                                                                                                      Notify:
web_set_max_html_param_len started  	[MsgId: MMSG-26355]
web_set_max_html_param_len was successful  	[MsgId: MMSG-26392]
web_reg_save_param started  	[MsgId: MMSG-26355]
Registering web_reg_save_param was successful  	[MsgId: MMSG-26390]
web_reg_save_param started  	[MsgId: MMSG-26355]
Registering web_reg_save_param was successful  	[MsgId: MMSG-26390]
System.out: method:get                                                                                                                                                      Notify:
[DEBUG]getJob01
[DEBUG]URL=http://{url}/opBuildInfo/getJob?id=samplegit&user=kidfanjun
[DEBUG]options:
[DEBUG]Method=GET
[DEBUG]Resource=0
[DEBUG]RecContentType=text/html
[DEBUG]Snapshot=t99.inf
[DEBUG]Mode=HTML
[DEBUG]Referer=http://{url}/cp/service
[DEBUG]LAST
web_custom_request("getJob01") started  	[MsgId: MMSG-26355]
HTML parsing not performed for Content-Type "application/json" ("ParseHtmlContentType" Run-Time Setting is "TEXT"). URL="http://ppe.naturecloud.io:88/opBuildInfo/getJob?id=samplegit&user=kidfanjun"  	[MsgId: MMSG-26548]
web_custom_request("getJob01") was successful, 514 body bytes, 253 header bytes  	[MsgId: MMSG-26386]
System.out: resulting{"ret":true,"error":"","data":{"meta":{"id":"samplegit","buildContext":"","repoName":"kidfanjun/samplegit","gitPath":"https://github.com/RedScarfFish/sample.git","name":"sample","full_name":"RedScarfFish/sample","description":"null","git_url":"https://github.com/RedScarfFish/sample.git","ssh_url":"git@github.com:RedScarfFish/sample.git","clone_url":"https://github.com/RedScarfFish/sample.git","private":false,"type":"github"},"builds":[{"id":"1","result":"SUCCESS","timestamp":1484706372315,"duration":23430}]}}                                                                                                                                                      Notify:
System.out: code is build success                                                                                                                                                      Notify:
System.out: order:{6}                                                                                                                                                      Notify:
web_set_max_html_param_len started  	[MsgId: MMSG-26355]
web_set_max_html_param_len was successful  	[MsgId: MMSG-26392]
web_reg_save_param started  	[MsgId: MMSG-26355]
Registering web_reg_save_param was successful  	[MsgId: MMSG-26390]
web_reg_save_param started  	[MsgId: MMSG-26355]
Registering web_reg_save_param was successful  	[MsgId: MMSG-26390]
System.out: method:delete                                                                                                                                                      Notify:
[DEBUG]deleteImage
[DEBUG]URL=http://{url}/api/deleteImage
[DEBUG]options:
[DEBUG]Method=DELETE
[DEBUG]Resource=0
[DEBUG]RecContentType=text/html
[DEBUG]Snapshot=t99.inf
[DEBUG]Mode=HTML
[DEBUG]Referer=http://{url}/cp/service
[DEBUG]EncType=application/json;charset=UTF-8
[DEBUG]Body={"description":"","name":"samplegit","isMarket":false}
[DEBUG]LAST
web_custom_request("deleteImage") started  	[MsgId: MMSG-26355]
HTML parsing not performed for Content-Type "application/json" ("ParseHtmlContentType" Run-Time Setting is "TEXT"). URL="http://ppe.naturecloud.io:88/api/deleteImage"  	[MsgId: MMSG-26548]
web_custom_request("deleteImage") was successful, 33 body bytes, 251 header bytes  	[MsgId: MMSG-26386]
System.out: resulting{"ret":true,"error":"","data":{}}                                                                                                                                                      Notify:
System.out: order:{7}                                                                                                                                                      Notify:
web_set_max_html_param_len started  	[MsgId: MMSG-26355]
web_set_max_html_param_len was successful  	[MsgId: MMSG-26392]
web_reg_save_param started  	[MsgId: MMSG-26355]
Registering web_reg_save_param was successful  	[MsgId: MMSG-26390]
web_reg_save_param started  	[MsgId: MMSG-26355]
Registering web_reg_save_param was successful  	[MsgId: MMSG-26390]
System.out: method:                                                                                                                                                      Notify:
[DEBUG]deleteJob
[DEBUG]URL=http://{url}/opBuildInfo/deleteJob
[DEBUG]options:
[DEBUG]Method=POST
[DEBUG]Resource=0
[DEBUG]RecContentType=text/html
[DEBUG]Snapshot=t11.inf
[DEBUG]Mode=HTML
[DEBUG]Referer=http://{url}/cp/service
[DEBUG]EncType=application/json;charset=UTF-8
[DEBUG]Body={"id":"samplegit"}
[DEBUG]LAST
web_custom_request("deleteJob") started  	[MsgId: MMSG-26355]
HTML parsing not performed for Content-Type "application/json" ("ParseHtmlContentType" Run-Time Setting is "TEXT"). URL="http://ppe.naturecloud.io:88/opBuildInfo/deleteJob"  	[MsgId: MMSG-26548]
web_custom_request("deleteJob") was successful, 33 body bytes, 251 header bytes  	[MsgId: MMSG-26386]
System.out: resulting{"ret":true,"error":"","data":{}}                                                                                                                                                      Notify:
System.out: order:{8}                                                                                                                                                      Notify:
Notify: Transaction "codebuild" set.
System.out: Scene codebuild pass ...                                                                                                                                                      Notify:
System.out:                                                                                                                                                        Notify:
System.out:                                                                                                                                                        Notify:
System.out: -------statics-------                                                                                                                                                      Notify:
System.out: Scene:codebuild succeed                                                                                                                                                      Notify:
System.out: 0                                                                                                                                                      Notify:
Ending action Actions.
Ending iteration 1.
Ending Vuser...
Starting action vuser_end.
Ending action vuser_end.
Vuser Terminated.
