Notify: Found jdk version: 1.6.0.
Notify: classpath=C:\naturecloud\lb_scripts_new\java\noStore\UpdateService\UpdateService\;c:\program files (x86)\hp\loadrunner\classes\srv;c:\program files (x86)\hp\loadrunner\classes;;C:\naturecloud\lb_scripts_new\lib\gson-2.8.0.jar;C:\naturecloud\lb_scripts_new\lib\commons-net-3.5.jar;;;c:\program files (x86)\hp\loadrunner\lib\xstream-1.4.8.jar;c:\program files (x86)\hp\loadrunner\lib\xpp3-1.1.4c.jar
Notify: Path=c:\jdk1.6.0_45\jre\bin\client;C:\Program Files (x86)\HP\LoadRunner\bin\NativeBinaries\x86;C:\Program Files (x86)\HP\LoadRunner\Bin;C:\Program Files (x86)\HP\LoadRunner\Bin\tulip\bin;C:\Windows\system32;C:\Windows;C:\Windows\System32\Wbem;C:\Windows\System32\WindowsPowerShell\v1.0\;C:\Program Files\TortoiseGit\bin;c:\jdk1.6.0_45\bin;C:\jdk1.6.0_45\jre\bin;C:\Program Files (x86)\HP\LoadRunner\strawberry-perl\perl\bin
Notify: VM Params: .
Virtual User Script started at : 2017/1/10 23:38:00
Starting action vuser_init.
Warning! Web support not loaded: check Java-Interpreter -> UtilityExt property in mdrv.dat file
web_custom_request("authenticate") started  	[MsgId: MMSG-26355]
web_custom_request("authenticate") was successful, 256 body bytes, 680 header bytes  	[MsgId: MMSG-26386]
Ending action vuser_init.
Running Vuser...
Starting iteration 1.
Warning -27077: The "vuser_init" section contains web function(s) when the "Simulate a new user on each iteration" Run-Time Setting is ON.  This may produce unpredictable results with multiple iterations  	[MsgId: MWAR-27077]
Maximum number of concurrent connections per server: 4  	[MsgId: MMSG-26989]
Starting action Actions.
Notify: Transaction "updateservice" set.
web_set_max_html_param_len started  	[MsgId: MMSG-26355]
web_set_max_html_param_len was successful  	[MsgId: MMSG-26392]
web_reg_save_param started  	[MsgId: MMSG-26355]
Registering web_reg_save_param was successful  	[MsgId: MMSG-26390]
web_reg_save_param started  	[MsgId: MMSG-26355]
Registering web_reg_save_param was successful  	[MsgId: MMSG-26390]
System.out: method:                                                                                                                                                      Notify:
[DEBUG]createservice
[DEBUG]URL=http://ppe.naturecloud.io:88/apiApplication/createApplication
[DEBUG]options:
[DEBUG]Method=POST
[DEBUG]Resource=0
[DEBUG]RecContentType=text/html
[DEBUG]Snapshot=t11.inf
[DEBUG]Mode=HTML
[DEBUG]Referer=http://ppe.naturecloud.io:88/cp/service
[DEBUG]EncType=application/json;charset=UTF-8
[DEBUG]Body={"app":"{serviceName}","rcnum":1,"ver":"1.9.14-alpine","node":{"image":"prod.internal.naturecloud.io/library/nginx:1.9.14-alpine","imageshortname":"nginx","isMarket":true,"ports":[{"isPublic":true,"port":80,"targetPort":80,"protocol":"TCP","accessProtocol":"HTTP"}],"env":[],"clusterId":"default","cpu_shares":"0","mem_limit":"0Mi","volumes":[]}}
[DEBUG]LAST
web_custom_request("createservice") started  	[MsgId: MMSG-26355]
web_custom_request("createservice") was successful, 37 body bytes, 251 header bytes  	[MsgId: MMSG-26386]
System.out: this{"ret":true,"error":null,"data":null}                                                                                                                                                      Notify:
System.out: true,create is success                                                                                                                                                      Notify:
System.out: order:{0}                                                                                                                                                      Notify:
web_set_max_html_param_len started  	[MsgId: MMSG-26355]
web_set_max_html_param_len was successful  	[MsgId: MMSG-26392]
web_reg_save_param started  	[MsgId: MMSG-26355]
Registering web_reg_save_param was successful  	[MsgId: MMSG-26390]
web_reg_save_param started  	[MsgId: MMSG-26355]
Registering web_reg_save_param was successful  	[MsgId: MMSG-26390]
System.out: method:                                                                                                                                                      Notify:
[DEBUG]getPodStatus
[DEBUG]URL=http://ppe.naturecloud.io:88/apiApplication/getPodStatus
[DEBUG]options:
[DEBUG]Method=POST
[DEBUG]Resource=0
[DEBUG]RecContentType=text/html
[DEBUG]Snapshot=t11.inf
[DEBUG]Mode=HTML
[DEBUG]Referer=http://ppe.naturecloud.io:88/cp/service
[DEBUG]EncType=application/json;charset=UTF-8
[DEBUG]Body={"app":"{serviceName}","rcnum":1,"ver":"1.9.14-alpine","node":{"image":"prod.internal.naturecloud.io/library/nginx:1.9.14-alpine","imageshortname":"nginx","isMarket":true,"ports":[{"isPublic":true,"port":80,"targetPort":80,"protocol":"TCP","accessProtocol":"HTTP","address":"http://{serviceName}.kidfanjun.ppe.naturecloud.io"}],"env":[],"clusterId":"default","cpu_shares":"0","mem_limit":"0Mi","volumes":[],"secret":"a2lkZmFuanVuOjFxYXp4c3cy"},"username":"kidfanjun","id":"{serviceName}","service":{"kind":"Service","apiVersion":"v1","metadata":{"name":"{serviceName}","labels":{"app":"{serviceName}"}},"spec":{"selector":{"app":"{serviceName}"},"type":"ClusterIP","ports":[{"name":"0","protocol":"TCP","port":80,"targetPort":80}]}},"totalStatue":"starting","rc":{"kind":"ReplicationController","apiVersion":"v1","metadata":{"name":"{serviceName}-v1.9.14-alpine","labels":{"app":"{serviceName}","version":"1.9.14-alpine"},"uid":"70feaadd-cd6d-11e6-ad20-00163e02bcc9"},"spec":{"replicas":1,"template":{"metadata":{"labels":{"app":"{serviceName}","version":"1.9.14-alpine"}},"spec":{"containers":[{"name":"{serviceName}","image":"prod.internal.naturecloud.io/library/nginx:1.9.14-alpine","imagePullPolicy":"Always","env":[],"resources":{"limits":{"cpu":"0m","memory":"0Mi"}},"ports":[{"containerPort":80,"protocol":"TCP"}],"volumeMounts":[]}],"imagePullSecrets":[{"name":"pullsecret"}],"restartPolicy":null,"terminationGracePeriodSeconds":5,"volumes":[]}}}},"_id":"5864730d49835b000fadfb7d"}
[DEBUG]LAST
web_custom_request("getPodStatus") started  	[MsgId: MMSG-26355]
web_custom_request("getPodStatus") was successful, 1052 body bytes, 284 header bytes, 12 chunking overhead bytes  	[MsgId: MMSG-26385]
System.out: this{"ret":true,"error":null,"data":{"kind":"PodList","apiVersion":"v1","metadata":{"selfLink":"/api/v1/namespaces/kidfanjun/pods","resourceVersion":"8616614"},"items":[{"metadata":{"name":"free00-v1.9.14-alpine-8ye42","generateName":"free00-v1.9.14-alpine-","namespace":"kidfanjun","selfLink":"/api/v1/namespaces/kidfanjun/pods/free00-v1.9.14-alpine-8ye42","uid":"c430dc75-d74a-11e6-bb80-00163e02bcc9","resourceVersion":"8616600","creationTimestamp":"2017-01-10T15:38:00Z","labels":{"app":"free00","version":"1.9.14-alpine"},"annotations":{"kubernetes.io/created-by":"{\"kind\":\"SerializedReference\",\"apiVersion\":\"v1\",\"reference\":{\"kind\":\"ReplicationController\",\"namespace\":\"kidfanjun\",\"name\":\"free00-v1.9.14-alpine\",\"uid\":\"c42fd647-d74a-11e6-bb80-00163e02bcc9\",\"apiVersion\":\"v1\",\"resourceVersion\":\"8616579\"}}\n"},"ownerReferences":[{"apiVersion":"v1","kind":"ReplicationController","name":"free00-v1.9.14-alpine","uid":"c42fd647-d74a-11e6-bb80-00163e02bcc9","controller":true}]},"spec":{"volumes":[{"name":"default-token-e0d8c","secret":{"secretName":"default-token-e0d8c","defaultMode":420}}],"containers":[{"name":"free00","image":"prod.internal.naturecloud.io/library/nginx:1.9.14-alpine","ports":[{"containerPort":80,"protocol":"TCP"}],"resources":{"limits":{"cpu":"0","memory":"0"},"requests":{"cpu":"0","memory":"0"}},"volumeMounts":[{"name":"default-token-e0d8c","readOnly":true,"mountPath":"/var/run/secrets/kubernetes.io/serviceaccount"}],"terminationMessagePath":"/dev/termination-log","imagePullPolicy":"Always"}],"restartPolicy":"Always","terminationGracePeriodSeconds":5,"dnsPolicy":"ClusterFirst","serviceAccountName":"default","serviceAccount":"default","nodeName":"192.168.10.5","securityContext":{},"imagePullSecrets":[{"name":"pullsecret"}]},"status":{"phase":"Running","conditions":[{"type":"Initialized","status":"True","lastProbeTime":null,"lastTransitionTime":"2017-01-10T15:38:00Z"},{"type":"Ready","status":"True","lastProbeTime":null,"lastTransitionTime":"2017-01-10T15:38:05Z"},{"type":"PodScheduled","status":"True","lastProbeTime":null,"lastTransitionTime":"2017-01-10T15:38:00Z"}],"hostIP":"192.168.10.5","podIP":"172.16.100.5","startTime":"2017-01-10T15:38:00Z","containerStatuses":[{"name":"free00","state":{"running":{"startedAt":"2017-01-10T15:38:04Z"}},"lastState":{},"ready":true,"restartCount":0,"image":"prod.internal.naturecloud.io/library/nginx:1.9.14-alpine","imageID":"docker://sha256:1bb49f0e0b5f983b49c5eb2d1feef9512de9fbe2c3ce0360d9a1f1b9e5713582","containerID":"docker://e02beac046120f675677abe39e7e7c15c502af93a96f577d06e305e65902a330"}]}}]}}                                                                                                                                                      Notify:
System.out: order:{1}                                                                                                                                                      Notify:
web_set_max_html_param_len started  	[MsgId: MMSG-26355]
web_set_max_html_param_len was successful  	[MsgId: MMSG-26392]
web_reg_save_param started  	[MsgId: MMSG-26355]
Registering web_reg_save_param was successful  	[MsgId: MMSG-26390]
web_reg_save_param started  	[MsgId: MMSG-26355]
Registering web_reg_save_param was successful  	[MsgId: MMSG-26390]
System.out: method:                                                                                                                                                      Notify:
[DEBUG]getPodStatus01
[DEBUG]URL=http://ppe.naturecloud.io:88/apiApplication/getPodStatus
[DEBUG]options:
[DEBUG]Method=POST
[DEBUG]Resource=0
[DEBUG]RecContentType=text/html
[DEBUG]Snapshot=t11.inf
[DEBUG]Mode=HTML
[DEBUG]Referer=http://ppe.naturecloud.io:88/cp/service
[DEBUG]EncType=application/json;charset=UTF-8
[DEBUG]Body={"app":"{serviceName}","rcnum":1,"ver":"1.9.14-alpine","node":{"image":"prod.internal.naturecloud.io/library/nginx:1.9.14-alpine","imageshortname":"nginx","isMarket":true,"ports":[{"isPublic":true,"port":80,"targetPort":80,"protocol":"TCP","accessProtocol":"HTTP","address":"http://{serviceName}.kidfanjun.ppe.naturecloud.io"}],"env":[],"clusterId":"default","cpu_shares":"0","mem_limit":"0Mi","volumes":[],"secret":"a2lkZmFuanVuOjFxYXp4c3cy"},"username":"kidfanjun","id":"{serviceName}","service":{"kind":"Service","apiVersion":"v1","metadata":{"name":"{serviceName}","labels":{"app":"{serviceName}"}},"spec":{"selector":{"app":"{serviceName}"},"type":"ClusterIP","ports":[{"name":"0","protocol":"TCP","port":80,"targetPort":80}]}},"totalStatue":"running","rc":{"kind":"ReplicationController","apiVersion":"v1","metadata":{"name":"{serviceName}-v1.9.14-alpine","labels":{"app":"{serviceName}","version":"1.9.14-alpine"},"uid":"70feaadd-cd6d-11e6-ad20-00163e02bcc9"},"spec":{"replicas":1,"template":{"metadata":{"labels":{"app":"{serviceName}","version":"1.9.14-alpine"}},"spec":{"containers":[{"name":"{serviceName}","image":"prod.internal.naturecloud.io/library/nginx:1.9.14-alpine","imagePullPolicy":"Always","env":[],"resources":{"limits":{"cpu":"0m","memory":"0Mi"}},"ports":[{"containerPort":80,"protocol":"TCP"}],"volumeMounts":[]}],"imagePullSecrets":[{"name":"pullsecret"}],"restartPolicy":null,"terminationGracePeriodSeconds":5,"volumes":[]}}}},"_id":"5864730d49835b000fadfb7d"}
[DEBUG]LAST
web_custom_request("getPodStatus01") started  	[MsgId: MMSG-26355]
web_custom_request("getPodStatus01") was successful, 1052 body bytes, 284 header bytes, 12 chunking overhead bytes  	[MsgId: MMSG-26385]
System.out: this{"ret":true,"error":null,"data":{"kind":"PodList","apiVersion":"v1","metadata":{"selfLink":"/api/v1/namespaces/kidfanjun/pods","resourceVersion":"8616631"},"items":[{"metadata":{"name":"free00-v1.9.14-alpine-8ye42","generateName":"free00-v1.9.14-alpine-","namespace":"kidfanjun","selfLink":"/api/v1/namespaces/kidfanjun/pods/free00-v1.9.14-alpine-8ye42","uid":"c430dc75-d74a-11e6-bb80-00163e02bcc9","resourceVersion":"8616600","creationTimestamp":"2017-01-10T15:38:00Z","labels":{"app":"free00","version":"1.9.14-alpine"},"annotations":{"kubernetes.io/created-by":"{\"kind\":\"SerializedReference\",\"apiVersion\":\"v1\",\"reference\":{\"kind\":\"ReplicationController\",\"namespace\":\"kidfanjun\",\"name\":\"free00-v1.9.14-alpine\",\"uid\":\"c42fd647-d74a-11e6-bb80-00163e02bcc9\",\"apiVersion\":\"v1\",\"resourceVersion\":\"8616579\"}}\n"},"ownerReferences":[{"apiVersion":"v1","kind":"ReplicationController","name":"free00-v1.9.14-alpine","uid":"c42fd647-d74a-11e6-bb80-00163e02bcc9","controller":true}]},"spec":{"volumes":[{"name":"default-token-e0d8c","secret":{"secretName":"default-token-e0d8c","defaultMode":420}}],"containers":[{"name":"free00","image":"prod.internal.naturecloud.io/library/nginx:1.9.14-alpine","ports":[{"containerPort":80,"protocol":"TCP"}],"resources":{"limits":{"cpu":"0","memory":"0"},"requests":{"cpu":"0","memory":"0"}},"volumeMounts":[{"name":"default-token-e0d8c","readOnly":true,"mountPath":"/var/run/secrets/kubernetes.io/serviceaccount"}],"terminationMessagePath":"/dev/termination-log","imagePullPolicy":"Always"}],"restartPolicy":"Always","terminationGracePeriodSeconds":5,"dnsPolicy":"ClusterFirst","serviceAccountName":"default","serviceAccount":"default","nodeName":"192.168.10.5","securityContext":{},"imagePullSecrets":[{"name":"pullsecret"}]},"status":{"phase":"Running","conditions":[{"type":"Initialized","status":"True","lastProbeTime":null,"lastTransitionTime":"2017-01-10T15:38:00Z"},{"type":"Ready","status":"True","lastProbeTime":null,"lastTransitionTime":"2017-01-10T15:38:05Z"},{"type":"PodScheduled","status":"True","lastProbeTime":null,"lastTransitionTime":"2017-01-10T15:38:00Z"}],"hostIP":"192.168.10.5","podIP":"172.16.100.5","startTime":"2017-01-10T15:38:00Z","containerStatuses":[{"name":"free00","state":{"running":{"startedAt":"2017-01-10T15:38:04Z"}},"lastState":{},"ready":true,"restartCount":0,"image":"prod.internal.naturecloud.io/library/nginx:1.9.14-alpine","imageID":"docker://sha256:1bb49f0e0b5f983b49c5eb2d1feef9512de9fbe2c3ce0360d9a1f1b9e5713582","containerID":"docker://e02beac046120f675677abe39e7e7c15c502af93a96f577d06e305e65902a330"}]}}]}}                                                                                                                                                      Notify:
System.out: version = 1.9.14-alpine                                                                                                                                                      Notify:
System.out: containerPort:80;protocolTCP                                                                                                                                                      Notify:
System.out: limits: cpu: "0";memory : "0"                                                                                                                                                      Notify:
System.out: requests: cpu: "0";memory : "0"                                                                                                                                                      Notify:
System.out: mountPath: "/var/run/secrets/kubernetes.io/serviceaccount";name: "default-token-e0d8c";readOnly: true                                                                                                                                                      Notify:
System.out: status is Running                                                                                                                                                      Notify:
System.out: items is 1                                                                                                                                                      Notify:
System.out: order:{4}                                                                                                                                                      Notify:
web_set_max_html_param_len started  	[MsgId: MMSG-26355]
web_set_max_html_param_len was successful  	[MsgId: MMSG-26392]
web_reg_save_param started  	[MsgId: MMSG-26355]
Registering web_reg_save_param was successful  	[MsgId: MMSG-26390]
web_reg_save_param started  	[MsgId: MMSG-26355]
Registering web_reg_save_param was successful  	[MsgId: MMSG-26390]
System.out: method:                                                                                                                                                      Notify:
[DEBUG]updateApplication
[DEBUG]URL=http://ppe.naturecloud.io:88/apiApplication/updateApplication
[DEBUG]options:
[DEBUG]Method=POST
[DEBUG]Resource=0
[DEBUG]RecContentType=text/html
[DEBUG]Snapshot=t11.inf
[DEBUG]Mode=HTML
[DEBUG]Referer=http://ppe.naturecloud.io:88/cp/service
[DEBUG]EncType=application/json;charset=UTF-8
[DEBUG]Body={"oldsvc":{"_id":"586e3af69c6385000f0b2517","app":"{serviceName}","id":"{serviceName}","node":{"image":"prod.internal.naturecloud.io/library/nginx:1.9.14-alpine","imageshortname":"nginx","isMarket":true,"ports":[{"isPublic":true,"port":80,"targetPort":80,"protocol":"TCP","accessProtocol":"HTTP","address":"http://{serviceName}.kidfanjun.ppe.naturecloud.io"}],"env":[],"clusterId":"default","cpu_shares":"0","mem_limit":"0Mi","volumes":[],"secret":"a2lkZmFuanVuOjFxYXp4c3cy"},"rc":{"kind":"ReplicationController","apiVersion":"v1","metadata":{"name":"{serviceName}-v1.9.14-alpine","labels":{"app":"{serviceName}","version":"1.9.14-alpine"},"uid":"e3bfad09-d341-11e6-a878-00163e02bcc9"},"spec":{"replicas":1,"template":{"metadata":{"labels":{"app":"{serviceName}","version":"1.9.14-alpine"}},"spec":{"containers":[{"name":"{serviceName}","image":"prod.internal.naturecloud.io/library/nginx:1.9.14-alpine","imagePullPolicy":"Always","env":[],"resources":{"limits":{"cpu":"0m","memory":"0Mi"}},"ports":[{"containerPort":80,"protocol":"TCP"}],"volumeMounts":[]}],"imagePullSecrets":[{"name":"pullsecret"}],"restartPolicy":null,"terminationGracePeriodSeconds":5,"volumes":[]}}}},"rcnum":1,"service":{"kind":"Service","apiVersion":"v1","metadata":{"name":"{serviceName}","labels":{"app":"{serviceName}"}},"spec":{"selector":{"app":"{serviceName}"},"type":"ClusterIP","ports":[{"name":"0","protocol":"TCP","port":80,"targetPort":80}]}},"totalStatue":"running","username":"kidfanjun","ver":"1.9.14-alpine"},"newsvc":{"app":"{serviceName}","rcnum":2,"ver":"1.9.14","node":{"image":"prod.internal.naturecloud.io/library/nginx:1.9.14","imageshortname":"nginx","isMarket":true,"ports":[{"isPublic":true,"port":80,"targetPort":80,"protocol":"TCP","accessProtocol":"HTTP"}],"env":[],"clusterId":"default","cpu_shares":"0","mem_limit":"0Mi","volumes":[]},"username":"kidfanjun","id":"{serviceName}"}}
[DEBUG]LAST
web_custom_request("updateApplication") started  	[MsgId: MMSG-26355]
web_custom_request("updateApplication") was successful, 37 body bytes, 251 header bytes  	[MsgId: MMSG-26386]
System.out: this{"ret":true,"error":null,"data":true}                                                                                                                                                      Notify:
System.out: order:{5}                                                                                                                                                      Notify:
web_set_max_html_param_len started  	[MsgId: MMSG-26355]
web_set_max_html_param_len was successful  	[MsgId: MMSG-26392]
web_reg_save_param started  	[MsgId: MMSG-26355]
Registering web_reg_save_param was successful  	[MsgId: MMSG-26390]
web_reg_save_param started  	[MsgId: MMSG-26355]
Registering web_reg_save_param was successful  	[MsgId: MMSG-26390]
System.out: method:                                                                                                                                                      Notify:
[DEBUG]getPodStatus02
[DEBUG]URL=http://ppe.naturecloud.io:88/apiApplication/getPodStatus
[DEBUG]options:
[DEBUG]Method=POST
[DEBUG]Resource=0
[DEBUG]RecContentType=text/html
[DEBUG]Snapshot=t11.inf
[DEBUG]Mode=HTML
[DEBUG]Referer=http://ppe.naturecloud.io:88/cp/service
[DEBUG]EncType=application/json;charset=UTF-8
[DEBUG]Body={"_id":"586e3af69c6385000f0b2517","app":"{serviceName}","id":"{serviceName}","node":{"image":"prod.internal.naturecloud.io/library/nginx:1.9.14","imageshortname":"nginx","isMarket":true,"ports":[{"isPublic":true,"port":80,"targetPort":80,"protocol":"TCP","accessProtocol":"HTTP","address":"http://{serviceName}.kidfanjun.ppe.naturecloud.io"}],"env":[],"clusterId":"default","cpu_shares":"0","mem_limit":"0Mi","volumes":[]},"rc":{"kind":"ReplicationController","apiVersion":"v1","metadata":{"name":"{serviceName}-v1.9.14","labels":{"app":"{serviceName}","version":"1.9.14"},"uid":"2eea3b87-d342-11e6-a878-00163e02bcc9"},"spec":{"replicas":2,"template":{"metadata":{"labels":{"app":"{serviceName}","version":"1.9.14"}},"spec":{"containers":[{"name":"{serviceName}","image":"prod.internal.naturecloud.io/library/nginx:1.9.14","imagePullPolicy":"Always","env":[],"resources":{"limits":{"cpu":"0m","memory":"0Mi"}},"ports":[{"containerPort":80,"protocol":"TCP"}],"volumeMounts":[]}],"imagePullSecrets":[{"name":"pullsecret"}],"restartPolicy":null,"terminationGracePeriodSeconds":5,"volumes":[]}}}},"rcnum":2,"service":{"kind":"Service","apiVersion":"v1","metadata":{"name":"{serviceName}","labels":{"app":"{serviceName}"}},"spec":{"selector":{"app":"{serviceName}"},"type":"ClusterIP","ports":[{"name":"0","protocol":"TCP","port":80,"targetPort":80}]}},"totalStatue":"starting","username":"kidfanjun","ver":"1.9.14","volumeType":""}
[DEBUG]LAST
web_custom_request("getPodStatus02") started  	[MsgId: MMSG-26355]
web_custom_request("getPodStatus02") was successful, 1156 body bytes, 285 header bytes, 12 chunking overhead bytes  	[MsgId: MMSG-26385]
System.out: this{"ret":true,"error":null,"data":{"kind":"PodList","apiVersion":"v1","metadata":{"selfLink":"/api/v1/namespaces/kidfanjun/pods","resourceVersion":"8616706"},"items":[{"metadata":{"name":"free00-v1.9.14-cuzuh","generateName":"free00-v1.9.14-","namespace":"kidfanjun","selfLink":"/api/v1/namespaces/kidfanjun/pods/free00-v1.9.14-cuzuh","uid":"df3d838e-d74a-11e6-bb80-00163e02bcc9","resourceVersion":"8616688","creationTimestamp":"2017-01-10T15:38:45Z","labels":{"app":"free00","version":"1.9.14"},"annotations":{"kubernetes.io/created-by":"{\"kind\":\"SerializedReference\",\"apiVersion\":\"v1\",\"reference\":{\"kind\":\"ReplicationController\",\"namespace\":\"kidfanjun\",\"name\":\"free00-v1.9.14\",\"uid\":\"df3ad844-d74a-11e6-bb80-00163e02bcc9\",\"apiVersion\":\"v1\",\"resourceVersion\":\"8616658\"}}\n"},"ownerReferences":[{"apiVersion":"v1","kind":"ReplicationController","name":"free00-v1.9.14","uid":"df3ad844-d74a-11e6-bb80-00163e02bcc9","controller":true}]},"spec":{"volumes":[{"name":"default-token-e0d8c","secret":{"secretName":"default-token-e0d8c","defaultMode":420}}],"containers":[{"name":"free00","image":"prod.internal.naturecloud.io/library/nginx:1.9.14","ports":[{"containerPort":80,"protocol":"TCP"}],"resources":{"limits":{"cpu":"0","memory":"0"},"requests":{"cpu":"0","memory":"0"}},"volumeMounts":[{"name":"default-token-e0d8c","readOnly":true,"mountPath":"/var/run/secrets/kubernetes.io/serviceaccount"}],"terminationMessagePath":"/dev/termination-log","imagePullPolicy":"Always"}],"restartPolicy":"Always","terminationGracePeriodSeconds":5,"dnsPolicy":"ClusterFirst","serviceAccountName":"default","serviceAccount":"default","nodeName":"192.168.10.5","securityContext":{},"imagePullSecrets":[{"name":"pullsecret"}]},"status":{"phase":"Running","conditions":[{"type":"Initialized","status":"True","lastProbeTime":null,"lastTransitionTime":"2017-01-10T15:38:45Z"},{"type":"Ready","status":"True","lastProbeTime":null,"lastTransitionTime":"2017-01-10T15:38:49Z"},{"type":"PodScheduled","status":"True","lastProbeTime":null,"lastTransitionTime":"2017-01-10T15:38:45Z"}],"hostIP":"192.168.10.5","podIP":"172.16.100.5","startTime":"2017-01-10T15:38:45Z","containerStatuses":[{"name":"free00","state":{"running":{"startedAt":"2017-01-10T15:38:49Z"}},"lastState":{},"ready":true,"restartCount":0,"image":"prod.internal.naturecloud.io/library/nginx:1.9.14","imageID":"docker://sha256:bcd3fe34b14b06aa78dd9ab2624577004e83c169abc0f0fcfe32c8c8f3332f30","containerID":"docker://1d95e081d334162aa463059d01937b2ebf9e65ed7015ce17e3655ba8258e0654"}]}},{"metadata":{"name":"free00-v1.9.14-ossf7","generateName":"free00-v1.9.14-","namespace":"kidfanjun","selfLink":"/api/v1/namespaces/kidfanjun/pods/free00-v1.9.14-ossf7","uid":"df41cec5-d74a-11e6-bb80-00163e02bcc9","resourceVersion":"8616691","creationTimestamp":"2017-01-10T15:38:45Z","labels":{"app":"free00","version":"1.9.14"},"annotations":{"kubernetes.io/created-by":"{\"kind\":\"SerializedReference\",\"apiVersion\":\"v1\",\"reference\":{\"kind\":\"ReplicationController\",\"namespace\":\"kidfanjun\",\"name\":\"free00-v1.9.14\",\"uid\":\"df3ad844-d74a-11e6-bb80-00163e02bcc9\",\"apiVersion\":\"v1\",\"resourceVersion\":\"8616658\"}}\n"},"ownerReferences":[{"apiVersion":"v1","kind":"ReplicationController","name":"free00-v1.9.14","uid":"df3ad844-d74a-11e6-bb80-00163e02bcc9","controller":true}]},"spec":{"volumes":[{"name":"default-token-e0d8c","secret":{"secretName":"default-token-e0d8c","defaultMode":420}}],"containers":[{"name":"free00","image":"prod.internal.naturecloud.io/library/nginx:1.9.14","ports":[{"containerPort":80,"protocol":"TCP"}],"resources":{"limits":{"cpu":"0","memory":"0"},"requests":{"cpu":"0","memory":"0"}},"volumeMounts":[{"name":"default-token-e0d8c","readOnly":true,"mountPath":"/var/run/secrets/kubernetes.io/serviceaccount"}],"terminationMessagePath":"/dev/termination-log","imagePullPolicy":"Always"}],"restartPolicy":"Always","terminationGracePeriodSeconds":5,"dnsPolicy":"ClusterFirst","serviceAccountName":"default","serviceAccount":"default","nodeName":"192.168.10.6","securityContext":{},"imagePullSecrets":[{"name":"pullsecret"}]},"status":{"phase":"Running","conditions":[{"type":"Initialized","status":"True","lastProbeTime":null,"lastTransitionTime":"2017-01-10T15:38:45Z"},{"type":"Ready","status":"True","lastProbeTime":null,"lastTransitionTime":"2017-01-10T15:38:49Z"},{"type":"PodScheduled","status":"True","lastProbeTime":null,"lastTransitionTime":"2017-01-10T15:38:45Z"}],"hostIP":"192.168.10.6","podIP":"172.16.83.6","startTime":"2017-01-10T15:38:45Z","containerStatuses":[{"name":"free00","state":{"running":{"startedAt":"2017-01-10T15:38:49Z"}},"lastState":{},"ready":true,"restartCount":0,"image":"prod.internal.naturecloud.io/library/nginx:1.9.14","imageID":"docker://sha256:bcd3fe34b14b06aa78dd9ab2624577004e83c169abc0f0fcfe32c8c8f3332f30","containerID":"docker://4a0a8b03d7963b2ec2ace2cfbda3ff3b6a2b3fc7e9d1be610449020a9026bc3b"}]}}]}}                                                                                                                                                      Notify:
System.out: order:{6}                                                                                                                                                      Notify:
web_set_max_html_param_len started  	[MsgId: MMSG-26355]
web_set_max_html_param_len was successful  	[MsgId: MMSG-26392]
web_reg_save_param started  	[MsgId: MMSG-26355]
Registering web_reg_save_param was successful  	[MsgId: MMSG-26390]
web_reg_save_param started  	[MsgId: MMSG-26355]
Registering web_reg_save_param was successful  	[MsgId: MMSG-26390]
System.out: method:                                                                                                                                                      Notify:
[DEBUG]getPodStatus03
[DEBUG]URL=http://ppe.naturecloud.io:88/apiApplication/getPodStatus
[DEBUG]options:
[DEBUG]Method=POST
[DEBUG]Resource=0
[DEBUG]RecContentType=text/html
[DEBUG]Snapshot=t11.inf
[DEBUG]Mode=HTML
[DEBUG]Referer=http://ppe.naturecloud.io:88/cp/service
[DEBUG]EncType=application/json;charset=UTF-8
[DEBUG]Body={"_id":"586e3af69c6385000f0b2517","app":"{serviceName}","id":"{serviceName}","node":{"image":"prod.internal.naturecloud.io/library/nginx:1.9.14","imageshortname":"nginx","isMarket":true,"ports":[{"isPublic":true,"port":80,"targetPort":80,"protocol":"TCP","accessProtocol":"HTTP","address":"http://{serviceName}.kidfanjun.ppe.naturecloud.io"}],"env":[],"clusterId":"default","cpu_shares":"0","mem_limit":"0Mi","volumes":[]},"rc":{"kind":"ReplicationController","apiVersion":"v1","metadata":{"name":"{serviceName}-v1.9.14","labels":{"app":"{serviceName}","version":"1.9.14"},"uid":"2eea3b87-d342-11e6-a878-00163e02bcc9"},"spec":{"replicas":2,"template":{"metadata":{"labels":{"app":"{serviceName}","version":"1.9.14"}},"spec":{"containers":[{"name":"{serviceName}","image":"prod.internal.naturecloud.io/library/nginx:1.9.14","imagePullPolicy":"Always","env":[],"resources":{"limits":{"cpu":"0m","memory":"0Mi"}},"ports":[{"containerPort":80,"protocol":"TCP"}],"volumeMounts":[]}],"imagePullSecrets":[{"name":"pullsecret"}],"restartPolicy":null,"terminationGracePeriodSeconds":5,"volumes":[]}}}},"rcnum":2,"service":{"kind":"Service","apiVersion":"v1","metadata":{"name":"{serviceName}","labels":{"app":"{serviceName}"}},"spec":{"selector":{"app":"{serviceName}"},"type":"ClusterIP","ports":[{"name":"0","protocol":"TCP","port":80,"targetPort":80}]}},"totalStatue":"starting","username":"kidfanjun","ver":"1.9.14","volumeType":""}
[DEBUG]LAST
web_custom_request("getPodStatus03") started  	[MsgId: MMSG-26355]
web_custom_request("getPodStatus03") was successful, 1156 body bytes, 285 header bytes, 12 chunking overhead bytes  	[MsgId: MMSG-26385]
System.out: this{"ret":true,"error":null,"data":{"kind":"PodList","apiVersion":"v1","metadata":{"selfLink":"/api/v1/namespaces/kidfanjun/pods","resourceVersion":"8616725"},"items":[{"metadata":{"name":"free00-v1.9.14-cuzuh","generateName":"free00-v1.9.14-","namespace":"kidfanjun","selfLink":"/api/v1/namespaces/kidfanjun/pods/free00-v1.9.14-cuzuh","uid":"df3d838e-d74a-11e6-bb80-00163e02bcc9","resourceVersion":"8616688","creationTimestamp":"2017-01-10T15:38:45Z","labels":{"app":"free00","version":"1.9.14"},"annotations":{"kubernetes.io/created-by":"{\"kind\":\"SerializedReference\",\"apiVersion\":\"v1\",\"reference\":{\"kind\":\"ReplicationController\",\"namespace\":\"kidfanjun\",\"name\":\"free00-v1.9.14\",\"uid\":\"df3ad844-d74a-11e6-bb80-00163e02bcc9\",\"apiVersion\":\"v1\",\"resourceVersion\":\"8616658\"}}\n"},"ownerReferences":[{"apiVersion":"v1","kind":"ReplicationController","name":"free00-v1.9.14","uid":"df3ad844-d74a-11e6-bb80-00163e02bcc9","controller":true}]},"spec":{"volumes":[{"name":"default-token-e0d8c","secret":{"secretName":"default-token-e0d8c","defaultMode":420}}],"containers":[{"name":"free00","image":"prod.internal.naturecloud.io/library/nginx:1.9.14","ports":[{"containerPort":80,"protocol":"TCP"}],"resources":{"limits":{"cpu":"0","memory":"0"},"requests":{"cpu":"0","memory":"0"}},"volumeMounts":[{"name":"default-token-e0d8c","readOnly":true,"mountPath":"/var/run/secrets/kubernetes.io/serviceaccount"}],"terminationMessagePath":"/dev/termination-log","imagePullPolicy":"Always"}],"restartPolicy":"Always","terminationGracePeriodSeconds":5,"dnsPolicy":"ClusterFirst","serviceAccountName":"default","serviceAccount":"default","nodeName":"192.168.10.5","securityContext":{},"imagePullSecrets":[{"name":"pullsecret"}]},"status":{"phase":"Running","conditions":[{"type":"Initialized","status":"True","lastProbeTime":null,"lastTransitionTime":"2017-01-10T15:38:45Z"},{"type":"Ready","status":"True","lastProbeTime":null,"lastTransitionTime":"2017-01-10T15:38:49Z"},{"type":"PodScheduled","status":"True","lastProbeTime":null,"lastTransitionTime":"2017-01-10T15:38:45Z"}],"hostIP":"192.168.10.5","podIP":"172.16.100.5","startTime":"2017-01-10T15:38:45Z","containerStatuses":[{"name":"free00","state":{"running":{"startedAt":"2017-01-10T15:38:49Z"}},"lastState":{},"ready":true,"restartCount":0,"image":"prod.internal.naturecloud.io/library/nginx:1.9.14","imageID":"docker://sha256:bcd3fe34b14b06aa78dd9ab2624577004e83c169abc0f0fcfe32c8c8f3332f30","containerID":"docker://1d95e081d334162aa463059d01937b2ebf9e65ed7015ce17e3655ba8258e0654"}]}},{"metadata":{"name":"free00-v1.9.14-ossf7","generateName":"free00-v1.9.14-","namespace":"kidfanjun","selfLink":"/api/v1/namespaces/kidfanjun/pods/free00-v1.9.14-ossf7","uid":"df41cec5-d74a-11e6-bb80-00163e02bcc9","resourceVersion":"8616691","creationTimestamp":"2017-01-10T15:38:45Z","labels":{"app":"free00","version":"1.9.14"},"annotations":{"kubernetes.io/created-by":"{\"kind\":\"SerializedReference\",\"apiVersion\":\"v1\",\"reference\":{\"kind\":\"ReplicationController\",\"namespace\":\"kidfanjun\",\"name\":\"free00-v1.9.14\",\"uid\":\"df3ad844-d74a-11e6-bb80-00163e02bcc9\",\"apiVersion\":\"v1\",\"resourceVersion\":\"8616658\"}}\n"},"ownerReferences":[{"apiVersion":"v1","kind":"ReplicationController","name":"free00-v1.9.14","uid":"df3ad844-d74a-11e6-bb80-00163e02bcc9","controller":true}]},"spec":{"volumes":[{"name":"default-token-e0d8c","secret":{"secretName":"default-token-e0d8c","defaultMode":420}}],"containers":[{"name":"free00","image":"prod.internal.naturecloud.io/library/nginx:1.9.14","ports":[{"containerPort":80,"protocol":"TCP"}],"resources":{"limits":{"cpu":"0","memory":"0"},"requests":{"cpu":"0","memory":"0"}},"volumeMounts":[{"name":"default-token-e0d8c","readOnly":true,"mountPath":"/var/run/secrets/kubernetes.io/serviceaccount"}],"terminationMessagePath":"/dev/termination-log","imagePullPolicy":"Always"}],"restartPolicy":"Always","terminationGracePeriodSeconds":5,"dnsPolicy":"ClusterFirst","serviceAccountName":"default","serviceAccount":"default","nodeName":"192.168.10.6","securityContext":{},"imagePullSecrets":[{"name":"pullsecret"}]},"status":{"phase":"Running","conditions":[{"type":"Initialized","status":"True","lastProbeTime":null,"lastTransitionTime":"2017-01-10T15:38:45Z"},{"type":"Ready","status":"True","lastProbeTime":null,"lastTransitionTime":"2017-01-10T15:38:49Z"},{"type":"PodScheduled","status":"True","lastProbeTime":null,"lastTransitionTime":"2017-01-10T15:38:45Z"}],"hostIP":"192.168.10.6","podIP":"172.16.83.6","startTime":"2017-01-10T15:38:45Z","containerStatuses":[{"name":"free00","state":{"running":{"startedAt":"2017-01-10T15:38:49Z"}},"lastState":{},"ready":true,"restartCount":0,"image":"prod.internal.naturecloud.io/library/nginx:1.9.14","imageID":"docker://sha256:bcd3fe34b14b06aa78dd9ab2624577004e83c169abc0f0fcfe32c8c8f3332f30","containerID":"docker://4a0a8b03d7963b2ec2ace2cfbda3ff3b6a2b3fc7e9d1be610449020a9026bc3b"}]}}]}}                                                                                                                                                      Notify:
System.out: order:{7}                                                                                                                                                      Notify:
web_set_max_html_param_len started  	[MsgId: MMSG-26355]
web_set_max_html_param_len was successful  	[MsgId: MMSG-26392]
web_reg_save_param started  	[MsgId: MMSG-26355]
Registering web_reg_save_param was successful  	[MsgId: MMSG-26390]
web_reg_save_param started  	[MsgId: MMSG-26355]
Registering web_reg_save_param was successful  	[MsgId: MMSG-26390]
System.out: method:                                                                                                                                                      Notify:
[DEBUG]getPodStatus05
[DEBUG]URL=http://ppe.naturecloud.io:88/apiApplication/getPodStatus
[DEBUG]options:
[DEBUG]Method=POST
[DEBUG]Resource=0
[DEBUG]RecContentType=text/html
[DEBUG]Snapshot=t11.inf
[DEBUG]Mode=HTML
[DEBUG]Referer=http://ppe.naturecloud.io:88/cp/service
[DEBUG]EncType=application/json;charset=UTF-8
[DEBUG]Body={"_id":"586e3af69c6385000f0b2517","app":"{serviceName}","id":"{serviceName}","node":{"image":"prod.internal.naturecloud.io/library/nginx:1.9.14","imageshortname":"nginx","isMarket":true,"ports":[{"isPublic":true,"port":80,"targetPort":80,"protocol":"TCP","accessProtocol":"HTTP","address":"http://{serviceName}.kidfanjun.ppe.naturecloud.io"}],"env":[],"clusterId":"default","cpu_shares":"0","mem_limit":"0Mi","volumes":[]},"rc":{"kind":"ReplicationController","apiVersion":"v1","metadata":{"name":"{serviceName}-v1.9.14","labels":{"app":"{serviceName}","version":"1.9.14"},"uid":"2eea3b87-d342-11e6-a878-00163e02bcc9"},"spec":{"replicas":2,"template":{"metadata":{"labels":{"app":"{serviceName}","version":"1.9.14"}},"spec":{"containers":[{"name":"{serviceName}","image":"prod.internal.naturecloud.io/library/nginx:1.9.14","imagePullPolicy":"Always","env":[],"resources":{"limits":{"cpu":"0m","memory":"0Mi"}},"ports":[{"containerPort":80,"protocol":"TCP"}],"volumeMounts":[]}],"imagePullSecrets":[{"name":"pullsecret"}],"restartPolicy":null,"terminationGracePeriodSeconds":5,"volumes":[]}}}},"rcnum":2,"service":{"kind":"Service","apiVersion":"v1","metadata":{"name":"{serviceName}","labels":{"app":"{serviceName}"}},"spec":{"selector":{"app":"{serviceName}"},"type":"ClusterIP","ports":[{"name":"0","protocol":"TCP","port":80,"targetPort":80}]}},"totalStatue":"starting","username":"kidfanjun","ver":"1.9.14","volumeType":""}
[DEBUG]LAST
web_custom_request("getPodStatus05") started  	[MsgId: MMSG-26355]
web_custom_request("getPodStatus05") was successful, 1156 body bytes, 285 header bytes, 12 chunking overhead bytes  	[MsgId: MMSG-26385]
System.out: this{"ret":true,"error":null,"data":{"kind":"PodList","apiVersion":"v1","metadata":{"selfLink":"/api/v1/namespaces/kidfanjun/pods","resourceVersion":"8616742"},"items":[{"metadata":{"name":"free00-v1.9.14-cuzuh","generateName":"free00-v1.9.14-","namespace":"kidfanjun","selfLink":"/api/v1/namespaces/kidfanjun/pods/free00-v1.9.14-cuzuh","uid":"df3d838e-d74a-11e6-bb80-00163e02bcc9","resourceVersion":"8616688","creationTimestamp":"2017-01-10T15:38:45Z","labels":{"app":"free00","version":"1.9.14"},"annotations":{"kubernetes.io/created-by":"{\"kind\":\"SerializedReference\",\"apiVersion\":\"v1\",\"reference\":{\"kind\":\"ReplicationController\",\"namespace\":\"kidfanjun\",\"name\":\"free00-v1.9.14\",\"uid\":\"df3ad844-d74a-11e6-bb80-00163e02bcc9\",\"apiVersion\":\"v1\",\"resourceVersion\":\"8616658\"}}\n"},"ownerReferences":[{"apiVersion":"v1","kind":"ReplicationController","name":"free00-v1.9.14","uid":"df3ad844-d74a-11e6-bb80-00163e02bcc9","controller":true}]},"spec":{"volumes":[{"name":"default-token-e0d8c","secret":{"secretName":"default-token-e0d8c","defaultMode":420}}],"containers":[{"name":"free00","image":"prod.internal.naturecloud.io/library/nginx:1.9.14","ports":[{"containerPort":80,"protocol":"TCP"}],"resources":{"limits":{"cpu":"0","memory":"0"},"requests":{"cpu":"0","memory":"0"}},"volumeMounts":[{"name":"default-token-e0d8c","readOnly":true,"mountPath":"/var/run/secrets/kubernetes.io/serviceaccount"}],"terminationMessagePath":"/dev/termination-log","imagePullPolicy":"Always"}],"restartPolicy":"Always","terminationGracePeriodSeconds":5,"dnsPolicy":"ClusterFirst","serviceAccountName":"default","serviceAccount":"default","nodeName":"192.168.10.5","securityContext":{},"imagePullSecrets":[{"name":"pullsecret"}]},"status":{"phase":"Running","conditions":[{"type":"Initialized","status":"True","lastProbeTime":null,"lastTransitionTime":"2017-01-10T15:38:45Z"},{"type":"Ready","status":"True","lastProbeTime":null,"lastTransitionTime":"2017-01-10T15:38:49Z"},{"type":"PodScheduled","status":"True","lastProbeTime":null,"lastTransitionTime":"2017-01-10T15:38:45Z"}],"hostIP":"192.168.10.5","podIP":"172.16.100.5","startTime":"2017-01-10T15:38:45Z","containerStatuses":[{"name":"free00","state":{"running":{"startedAt":"2017-01-10T15:38:49Z"}},"lastState":{},"ready":true,"restartCount":0,"image":"prod.internal.naturecloud.io/library/nginx:1.9.14","imageID":"docker://sha256:bcd3fe34b14b06aa78dd9ab2624577004e83c169abc0f0fcfe32c8c8f3332f30","containerID":"docker://1d95e081d334162aa463059d01937b2ebf9e65ed7015ce17e3655ba8258e0654"}]}},{"metadata":{"name":"free00-v1.9.14-ossf7","generateName":"free00-v1.9.14-","namespace":"kidfanjun","selfLink":"/api/v1/namespaces/kidfanjun/pods/free00-v1.9.14-ossf7","uid":"df41cec5-d74a-11e6-bb80-00163e02bcc9","resourceVersion":"8616691","creationTimestamp":"2017-01-10T15:38:45Z","labels":{"app":"free00","version":"1.9.14"},"annotations":{"kubernetes.io/created-by":"{\"kind\":\"SerializedReference\",\"apiVersion\":\"v1\",\"reference\":{\"kind\":\"ReplicationController\",\"namespace\":\"kidfanjun\",\"name\":\"free00-v1.9.14\",\"uid\":\"df3ad844-d74a-11e6-bb80-00163e02bcc9\",\"apiVersion\":\"v1\",\"resourceVersion\":\"8616658\"}}\n"},"ownerReferences":[{"apiVersion":"v1","kind":"ReplicationController","name":"free00-v1.9.14","uid":"df3ad844-d74a-11e6-bb80-00163e02bcc9","controller":true}]},"spec":{"volumes":[{"name":"default-token-e0d8c","secret":{"secretName":"default-token-e0d8c","defaultMode":420}}],"containers":[{"name":"free00","image":"prod.internal.naturecloud.io/library/nginx:1.9.14","ports":[{"containerPort":80,"protocol":"TCP"}],"resources":{"limits":{"cpu":"0","memory":"0"},"requests":{"cpu":"0","memory":"0"}},"volumeMounts":[{"name":"default-token-e0d8c","readOnly":true,"mountPath":"/var/run/secrets/kubernetes.io/serviceaccount"}],"terminationMessagePath":"/dev/termination-log","imagePullPolicy":"Always"}],"restartPolicy":"Always","terminationGracePeriodSeconds":5,"dnsPolicy":"ClusterFirst","serviceAccountName":"default","serviceAccount":"default","nodeName":"192.168.10.6","securityContext":{},"imagePullSecrets":[{"name":"pullsecret"}]},"status":{"phase":"Running","conditions":[{"type":"Initialized","status":"True","lastProbeTime":null,"lastTransitionTime":"2017-01-10T15:38:45Z"},{"type":"Ready","status":"True","lastProbeTime":null,"lastTransitionTime":"2017-01-10T15:38:49Z"},{"type":"PodScheduled","status":"True","lastProbeTime":null,"lastTransitionTime":"2017-01-10T15:38:45Z"}],"hostIP":"192.168.10.6","podIP":"172.16.83.6","startTime":"2017-01-10T15:38:45Z","containerStatuses":[{"name":"free00","state":{"running":{"startedAt":"2017-01-10T15:38:49Z"}},"lastState":{},"ready":true,"restartCount":0,"image":"prod.internal.naturecloud.io/library/nginx:1.9.14","imageID":"docker://sha256:bcd3fe34b14b06aa78dd9ab2624577004e83c169abc0f0fcfe32c8c8f3332f30","containerID":"docker://4a0a8b03d7963b2ec2ace2cfbda3ff3b6a2b3fc7e9d1be610449020a9026bc3b"}]}}]}}                                                                                                                                                      Notify:
System.out: version = 1.9.14                                                                                                                                                      Notify:
System.out: containerPort:80;protocolTCP                                                                                                                                                      Notify:
System.out: limits: cpu: "0";memory : "0"                                                                                                                                                      Notify:
System.out: requests: cpu: "0";memory : "0"                                                                                                                                                      Notify:
System.out: mountPath: "/var/run/secrets/kubernetes.io/serviceaccount";name: "default-token-e0d8c";readOnly: true                                                                                                                                                      Notify:
System.out: status is Running                                                                                                                                                      Notify:
System.out: version = 1.9.14                                                                                                                                                      Notify:
System.out: containerPort:80;protocolTCP                                                                                                                                                      Notify:
System.out: limits: cpu: "0";memory : "0"                                                                                                                                                      Notify:
System.out: requests: cpu: "0";memory : "0"                                                                                                                                                      Notify:
System.out: mountPath: "/var/run/secrets/kubernetes.io/serviceaccount";name: "default-token-e0d8c";readOnly: true                                                                                                                                                      Notify:
System.out: status is Running                                                                                                                                                      Notify:
System.out: items is 2                                                                                                                                                      Notify:
System.out: order:{10}                                                                                                                                                      Notify:
web_set_max_html_param_len started  	[MsgId: MMSG-26355]
web_set_max_html_param_len was successful  	[MsgId: MMSG-26392]
web_reg_save_param started  	[MsgId: MMSG-26355]
Registering web_reg_save_param was successful  	[MsgId: MMSG-26390]
web_reg_save_param started  	[MsgId: MMSG-26355]
Registering web_reg_save_param was successful  	[MsgId: MMSG-26390]
System.out: method:                                                                                                                                                      Notify:
[DEBUG]deleteApplication
[DEBUG]URL=http://ppe.naturecloud.io:88/apiApplication/deleteApplication
[DEBUG]options:
[DEBUG]Method=POST
[DEBUG]Resource=0
[DEBUG]RecContentType=text/html
[DEBUG]Snapshot=t11.inf
[DEBUG]Mode=HTML
[DEBUG]Referer=http://ppe.naturecloud.io:88/cp/service
[DEBUG]EncType=application/json;charset=UTF-8
[DEBUG]Body={"svc":{"_id":"586e3af69c6385000f0b2517","app":"{serviceName}","id":"{serviceName}","node":{"image":"prod.internal.naturecloud.io/library/nginx:1.9.14","imageshortname":"nginx","isMarket":true,"ports":[{"isPublic":true,"port":80,"targetPort":80,"protocol":"TCP","accessProtocol":"HTTP","address":"http://{serviceName}.kidfanjun.ppe.naturecloud.io"}],"env":[],"clusterId":"default","cpu_shares":"0","mem_limit":"0Mi","volumes":[]},"rc":{"kind":"ReplicationController","apiVersion":"v1","metadata":{"name":"{serviceName}-v1.9.14","labels":{"app":"{serviceName}","version":"1.9.14"},"uid":"2eea3b87-d342-11e6-a878-00163e02bcc9"},"spec":{"replicas":2,"template":{"metadata":{"labels":{"app":"{serviceName}","version":"1.9.14"}},"spec":{"containers":[{"name":"{serviceName}","image":"prod.internal.naturecloud.io/library/nginx:1.9.14","imagePullPolicy":"Always","env":[],"resources":{"limits":{"cpu":"0m","memory":"0Mi"}},"ports":[{"containerPort":80,"protocol":"TCP"}],"volumeMounts":[]}],"imagePullSecrets":[{"name":"pullsecret"}],"restartPolicy":null,"terminationGracePeriodSeconds":5,"volumes":[]}}}},"rcnum":2,"service":{"kind":"Service","apiVersion":"v1","metadata":{"name":"{serviceName}","labels":{"app":"{serviceName}"}},"spec":{"selector":{"app":"{serviceName}"},"type":"ClusterIP","ports":[{"name":"0","protocol":"TCP","port":80,"targetPort":80}]}},"totalStatue":"running","username":"kidfanjun","ver":"1.9.14","volumeType":""},"isDelVolume":false}
[DEBUG]LAST
web_custom_request("deleteApplication") started  	[MsgId: MMSG-26355]
web_custom_request("deleteApplication") was successful, 37 body bytes, 251 header bytes  	[MsgId: MMSG-26386]
System.out: this{"ret":true,"error":null,"data":true}                                                                                                                                                      Notify:
System.out: order:{12}                                                                                                                                                      Notify:
Notify: Transaction "updateservice" set.
System.out: Scene updateservice pass ...                                                                                                                                                      Notify:
System.out:                                                                                                                                                        Notify:
System.out:                                                                                                                                                        Notify:
System.out: -------statics-------                                                                                                                                                      Notify:
System.out: Scene:updateservice succeed                                                                                                                                                      Notify:
System.out: 0                                                                                                                                                      Notify:
Ending action Actions.
Ending iteration 1.
Ending Vuser...
Starting action vuser_end.
Ending action vuser_end.
Vuser Terminated.
