Notify: Found jdk version: 1.6.0.	[MsgId: MMSG-22986]
Notify: classpath=C:\naturecloud\lb_scripts_new\java\noStore\UpdateService\UpdateService;c:\program files (x86)\hp\loadrunner\classes\srv;c:\program files (x86)\hp\loadrunner\classes;;C:\naturecloud\lb_scripts_new\lib\gson-2.8.0.jar;C:\naturecloud\lb_scripts_new\lib\commons-net-3.5.jar;;;c:\program files (x86)\hp\loadrunner\lib\xstream-1.4.8.jar;c:\program files (x86)\hp\loadrunner\lib\xpp3-1.1.4c.jar	[MsgId: MMSG-22986]
Notify: Path=c:\jdk1.6.0_45\jre\bin\client;C:\PROGRA~2\HP\LOADRU~1\bin;C:\Windows\system32;C:\Windows;C:\Windows\System32\Wbem;C:\Windows\System32\WindowsPowerShell\v1.0\;C:\Program Files\TortoiseGit\bin;c:\jdk1.6.0_45\bin;C:\jdk1.6.0_45\jre\bin;C:\Program Files (x86)\HP\LoadRunner\strawberry-perl\perl\bin	[MsgId: MMSG-22986]
Notify: VM Params: .	[MsgId: MMSG-22986]
Start auto log messages stack - Iteration 1.	[MsgId: MMSG-10545]
System.out: containerPort:80;protocolTCP                                                                                                                                                      Notify:	[MsgId: MMSG-17999]
System.out: limits: cpu: "0";memory : "0"                                                                                                                                                      Notify:	[MsgId: MMSG-17999]
System.out: requests: cpu: "0";memory : "0"                                                                                                                                                      Notify:	[MsgId: MMSG-17999]
System.out: mountPath: "/var/run/secrets/kubernetes.io/serviceaccount";name: "default-token-e0d8c";readOnly: true                                                                                                                                                      Notify:	[MsgId: MMSG-17999]
Error: status is Pending	[MsgId: MERR-17999]
Error: error:"containers with unready status: [free00]";reson:null	[MsgId: MERR-17999]
End auto log messages stack.	[MsgId: MMSG-10544]


Start auto log messages stack - Iteration 1.	[MsgId: MMSG-10545]
System.out: containerPort:80;protocolTCP                                                                                                                                                      Notify:	[MsgId: MMSG-17999]
System.out: limits: cpu: "0";memory : "0"                                                                                                                                                      Notify:	[MsgId: MMSG-17999]
System.out: requests: cpu: "0";memory : "0"                                                                                                                                                      Notify:	[MsgId: MMSG-17999]
System.out: mountPath: "/var/run/secrets/kubernetes.io/serviceaccount";name: "default-token-e0d8c";readOnly: true                                                                                                                                                      Notify:	[MsgId: MMSG-17999]
Error: status is Pending	[MsgId: MERR-17999]
Error: error:"containers with unready status: [free05]";reson:null	[MsgId: MERR-17999]
End auto log messages stack.	[MsgId: MMSG-10544]


Start auto log messages stack - Iteration 1.	[MsgId: MMSG-10545]
System.out: containerPort:80;protocolTCP                                                                                                                                                      Notify:	[MsgId: MMSG-17999]
System.out: limits: cpu: "0";memory : "0"                                                                                                                                                      Notify:	[MsgId: MMSG-17999]
System.out: requests: cpu: "0";memory : "0"                                                                                                                                                      Notify:	[MsgId: MMSG-17999]
System.out: mountPath: "/var/run/secrets/kubernetes.io/serviceaccount";name: "default-token-e0d8c";readOnly: true                                                                                                                                                      Notify:	[MsgId: MMSG-17999]
Error: status is Pending	[MsgId: MERR-17999]
Error: error:"containers with unready status: [free10]";reson:null	[MsgId: MERR-17999]
End auto log messages stack.	[MsgId: MMSG-10544]


Start auto log messages stack - Iteration 1.	[MsgId: MMSG-10545]
System.out: containerPort:80;protocolTCP                                                                                                                                                      Notify:	[MsgId: MMSG-17999]
System.out: limits: cpu: "0";memory : "0"                                                                                                                                                      Notify:	[MsgId: MMSG-17999]
System.out: requests: cpu: "0";memory : "0"                                                                                                                                                      Notify:	[MsgId: MMSG-17999]
System.out: mountPath: "/var/run/secrets/kubernetes.io/serviceaccount";name: "default-token-e0d8c";readOnly: true                                                                                                                                                      Notify:	[MsgId: MMSG-17999]
Error: status is Pending	[MsgId: MERR-17999]
Error: error:"containers with unready status: [free15]";reson:null	[MsgId: MERR-17999]
End auto log messages stack.	[MsgId: MMSG-10544]


Start auto log messages stack - Iteration 1.	[MsgId: MMSG-10545]
System.out: containerPort:80;protocolTCP                                                                                                                                                      Notify:	[MsgId: MMSG-17999]
System.out: limits: cpu: "0";memory : "0"                                                                                                                                                      Notify:	[MsgId: MMSG-17999]
System.out: requests: cpu: "0";memory : "0"                                                                                                                                                      Notify:	[MsgId: MMSG-17999]
System.out: mountPath: "/var/run/secrets/kubernetes.io/serviceaccount";name: "default-token-e0d8c";readOnly: true                                                                                                                                                      Notify:	[MsgId: MMSG-17999]
Error: status is Pending	[MsgId: MERR-17999]
Error: error:"containers with unready status: [free20]";reson:null	[MsgId: MERR-17999]
End auto log messages stack.	[MsgId: MMSG-10544]


Start auto log messages stack - Iteration 2.	[MsgId: MMSG-10545]
[DEBUG]getPodStatus03	[MsgId: MMSG-17999]
[DEBUG]URL=http://ppe.naturecloud.io:88/apiApplication/getPodStatus	[MsgId: MMSG-17999]
[DEBUG]options:	[MsgId: MMSG-17999]
[DEBUG]Method=POST	[MsgId: MMSG-17999]
[DEBUG]Resource=0	[MsgId: MMSG-17999]
[DEBUG]RecContentType=text/html	[MsgId: MMSG-17999]
[DEBUG]Snapshot=t11.inf	[MsgId: MMSG-17999]
[DEBUG]Mode=HTML	[MsgId: MMSG-17999]
[DEBUG]Referer=http://ppe.naturecloud.io:88/cp/service	[MsgId: MMSG-17999]
[DEBUG]EncType=application/json;charset=UTF-8	[MsgId: MMSG-17999]
Message id [-17999] was not saved - Auto Log cache is too small to contain the message.	[MsgId: MMSG-10547]
[DEBUG]LAST	[MsgId: MMSG-17999]
web_custom_request("getPodStatus03") started  	[MsgId: MMSG-26355]
web_custom_request("getPodStatus03") was successful, 1166 body bytes, 285 header bytes, 12 chunking overhead bytes  	[MsgId: MMSG-26385]
Message id [-17999] was not saved - Auto Log cache is too small to contain the message.	[MsgId: MMSG-10547]
Error: update version error	[MsgId: MERR-17999]
End auto log messages stack.	[MsgId: MMSG-10544]


Start auto log messages stack - Iteration 2.	[MsgId: MMSG-10545]
System.out: containerPort:80;protocolTCP                                                                                                                                                      Notify:	[MsgId: MMSG-17999]
System.out: limits: cpu: "0";memory : "0"                                                                                                                                                      Notify:	[MsgId: MMSG-17999]
System.out: requests: cpu: "0";memory : "0"                                                                                                                                                      Notify:	[MsgId: MMSG-17999]
System.out: mountPath: "/var/run/secrets/kubernetes.io/serviceaccount";name: "default-token-e0d8c";readOnly: true                                                                                                                                                      Notify:	[MsgId: MMSG-17999]
Error: status is Pending	[MsgId: MERR-17999]
Error: error:"containers with unready status: [free01]";reson:null	[MsgId: MERR-17999]
End auto log messages stack.	[MsgId: MMSG-10544]


Start auto log messages stack - Iteration 2.	[MsgId: MMSG-10545]
System.out: containerPort:80;protocolTCP                                                                                                                                                      Notify:	[MsgId: MMSG-17999]
System.out: limits: cpu: "0";memory : "0"                                                                                                                                                      Notify:	[MsgId: MMSG-17999]
System.out: requests: cpu: "0";memory : "0"                                                                                                                                                      Notify:	[MsgId: MMSG-17999]
System.out: mountPath: "/var/run/secrets/kubernetes.io/serviceaccount";name: "default-token-e0d8c";readOnly: true                                                                                                                                                      Notify:	[MsgId: MMSG-17999]
Error: status is Pending	[MsgId: MERR-17999]
Error: error:"containers with unready status: [free01]";reson:null	[MsgId: MERR-17999]
End auto log messages stack.	[MsgId: MMSG-10544]


Start auto log messages stack - Iteration 2.	[MsgId: MMSG-10545]
System.out: containerPort:80;protocolTCP                                                                                                                                                      Notify:	[MsgId: MMSG-17999]
System.out: limits: cpu: "0";memory : "0"                                                                                                                                                      Notify:	[MsgId: MMSG-17999]
System.out: requests: cpu: "0";memory : "0"                                                                                                                                                      Notify:	[MsgId: MMSG-17999]
System.out: mountPath: "/var/run/secrets/kubernetes.io/serviceaccount";name: "default-token-e0d8c";readOnly: true                                                                                                                                                      Notify:	[MsgId: MMSG-17999]
Error: status is Pending	[MsgId: MERR-17999]
Error: error:"containers with unready status: [free01]";reson:null	[MsgId: MERR-17999]
Error: items extend error	[MsgId: MERR-17999]
End auto log messages stack.	[MsgId: MMSG-10544]


Start auto log messages stack - Iteration 1.	[MsgId: MMSG-10545]
System.out: containerPort:80;protocolTCP                                                                                                                                                      Notify:	[MsgId: MMSG-17999]
System.out: limits: cpu: "0";memory : "0"                                                                                                                                                      Notify:	[MsgId: MMSG-17999]
System.out: requests: cpu: "0";memory : "0"                                                                                                                                                      Notify:	[MsgId: MMSG-17999]
System.out: mountPath: "/var/run/secrets/kubernetes.io/serviceaccount";name: "default-token-e0d8c";readOnly: true                                                                                                                                                      Notify:	[MsgId: MMSG-17999]
Error: status is Pending	[MsgId: MERR-17999]
Error: error:"containers with unready status: [free25]";reson:null	[MsgId: MERR-17999]
End auto log messages stack.	[MsgId: MMSG-10544]


Start auto log messages stack - Iteration 1.	[MsgId: MMSG-10545]
System.out: containerPort:80;protocolTCP                                                                                                                                                      Notify:	[MsgId: MMSG-17999]
System.out: limits: cpu: "0";memory : "0"                                                                                                                                                      Notify:	[MsgId: MMSG-17999]
System.out: requests: cpu: "0";memory : "0"                                                                                                                                                      Notify:	[MsgId: MMSG-17999]
System.out: mountPath: "/var/run/secrets/kubernetes.io/serviceaccount";name: "default-token-e0d8c";readOnly: true                                                                                                                                                      Notify:	[MsgId: MMSG-17999]
Error: status is Pending	[MsgId: MERR-17999]
Error: error:"containers with unready status: [free25]";reson:null	[MsgId: MERR-17999]
Error: update version error	[MsgId: MERR-17999]
End auto log messages stack.	[MsgId: MMSG-10544]


Start auto log messages stack - Iteration 1.	[MsgId: MMSG-10545]
System.out: containerPort:80;protocolTCP                                                                                                                                                      Notify:	[MsgId: MMSG-17999]
System.out: limits: cpu: "0";memory : "0"                                                                                                                                                      Notify:	[MsgId: MMSG-17999]
System.out: requests: cpu: "0";memory : "0"                                                                                                                                                      Notify:	[MsgId: MMSG-17999]
System.out: mountPath: "/var/run/secrets/kubernetes.io/serviceaccount";name: "default-token-e0d8c";readOnly: true                                                                                                                                                      Notify:	[MsgId: MMSG-17999]
Error: status is Pending	[MsgId: MERR-17999]
Error: error:"containers with unready status: [free25]";reson:null	[MsgId: MERR-17999]
Error: items extend error	[MsgId: MERR-17999]
End auto log messages stack.	[MsgId: MMSG-10544]


Start auto log messages stack - Iteration 2.	[MsgId: MMSG-10545]
[DEBUG]getPodStatus03	[MsgId: MMSG-17999]
[DEBUG]URL=http://ppe.naturecloud.io:88/apiApplication/getPodStatus	[MsgId: MMSG-17999]
[DEBUG]options:	[MsgId: MMSG-17999]
[DEBUG]Method=POST	[MsgId: MMSG-17999]
[DEBUG]Resource=0	[MsgId: MMSG-17999]
[DEBUG]RecContentType=text/html	[MsgId: MMSG-17999]
[DEBUG]Snapshot=t11.inf	[MsgId: MMSG-17999]
[DEBUG]Mode=HTML	[MsgId: MMSG-17999]
[DEBUG]Referer=http://ppe.naturecloud.io:88/cp/service	[MsgId: MMSG-17999]
[DEBUG]EncType=application/json;charset=UTF-8	[MsgId: MMSG-17999]
Message id [-17999] was not saved - Auto Log cache is too small to contain the message.	[MsgId: MMSG-10547]
[DEBUG]LAST	[MsgId: MMSG-17999]
web_custom_request("getPodStatus03") started  	[MsgId: MMSG-26355]
web_custom_request("getPodStatus03") was successful, 1166 body bytes, 285 header bytes, 12 chunking overhead bytes  	[MsgId: MMSG-26385]
Message id [-17999] was not saved - Auto Log cache is too small to contain the message.	[MsgId: MMSG-10547]
Error: update version error	[MsgId: MERR-17999]
End auto log messages stack.	[MsgId: MMSG-10544]


Start auto log messages stack - Iteration 2.	[MsgId: MMSG-10545]
System.out: containerPort:80;protocolTCP                                                                                                                                                      Notify:	[MsgId: MMSG-17999]
System.out: limits: cpu: "0";memory : "0"                                                                                                                                                      Notify:	[MsgId: MMSG-17999]
System.out: requests: cpu: "0";memory : "0"                                                                                                                                                      Notify:	[MsgId: MMSG-17999]
System.out: mountPath: "/var/run/secrets/kubernetes.io/serviceaccount";name: "default-token-e0d8c";readOnly: true                                                                                                                                                      Notify:	[MsgId: MMSG-17999]
Error: status is Pending	[MsgId: MERR-17999]
Error: error:"containers with unready status: [free06]";reson:null	[MsgId: MERR-17999]
End auto log messages stack.	[MsgId: MMSG-10544]


Start auto log messages stack - Iteration 2.	[MsgId: MMSG-10545]
System.out: containerPort:80;protocolTCP                                                                                                                                                      Notify:	[MsgId: MMSG-17999]
System.out: limits: cpu: "0";memory : "0"                                                                                                                                                      Notify:	[MsgId: MMSG-17999]
System.out: requests: cpu: "0";memory : "0"                                                                                                                                                      Notify:	[MsgId: MMSG-17999]
System.out: mountPath: "/var/run/secrets/kubernetes.io/serviceaccount";name: "default-token-e0d8c";readOnly: true                                                                                                                                                      Notify:	[MsgId: MMSG-17999]
Error: status is Pending	[MsgId: MERR-17999]
Error: error:"containers with unready status: [free06]";reson:null	[MsgId: MERR-17999]
End auto log messages stack.	[MsgId: MMSG-10544]


Start auto log messages stack - Iteration 2.	[MsgId: MMSG-10545]
System.out: containerPort:80;protocolTCP                                                                                                                                                      Notify:	[MsgId: MMSG-17999]
System.out: limits: cpu: "0";memory : "0"                                                                                                                                                      Notify:	[MsgId: MMSG-17999]
System.out: requests: cpu: "0";memory : "0"                                                                                                                                                      Notify:	[MsgId: MMSG-17999]
System.out: mountPath: "/var/run/secrets/kubernetes.io/serviceaccount";name: "default-token-e0d8c";readOnly: true                                                                                                                                                      Notify:	[MsgId: MMSG-17999]
Error: status is Pending	[MsgId: MERR-17999]
Error: error:"containers with unready status: [free06]";reson:null	[MsgId: MERR-17999]
Error: items extend error	[MsgId: MERR-17999]
End auto log messages stack.	[MsgId: MMSG-10544]


Start auto log messages stack - Iteration 1.	[MsgId: MMSG-10545]
System.out: containerPort:80;protocolTCP                                                                                                                                                      Notify:	[MsgId: MMSG-17999]
System.out: limits: cpu: "0";memory : "0"                                                                                                                                                      Notify:	[MsgId: MMSG-17999]
System.out: requests: cpu: "0";memory : "0"                                                                                                                                                      Notify:	[MsgId: MMSG-17999]
System.out: mountPath: "/var/run/secrets/kubernetes.io/serviceaccount";name: "default-token-e0d8c";readOnly: true                                                                                                                                                      Notify:	[MsgId: MMSG-17999]
Error: status is Pending	[MsgId: MERR-17999]
Error: update version error	[MsgId: MERR-17999]
End auto log messages stack.	[MsgId: MMSG-10544]


Start auto log messages stack - Iteration 1.	[MsgId: MMSG-10545]
System.out: containerPort:80;protocolTCP                                                                                                                                                      Notify:	[MsgId: MMSG-17999]
System.out: limits: cpu: "0";memory : "0"                                                                                                                                                      Notify:	[MsgId: MMSG-17999]
System.out: requests: cpu: "0";memory : "0"                                                                                                                                                      Notify:	[MsgId: MMSG-17999]
System.out: mountPath: "/var/run/secrets/kubernetes.io/serviceaccount";name: "default-token-e0d8c";readOnly: true                                                                                                                                                      Notify:	[MsgId: MMSG-17999]
Error: status is Pending	[MsgId: MERR-17999]
Error: error:"containers with unready status: [free30]";reson:null	[MsgId: MERR-17999]
End auto log messages stack.	[MsgId: MMSG-10544]


Start auto log messages stack - Iteration 1.	[MsgId: MMSG-10545]
System.out: containerPort:80;protocolTCP                                                                                                                                                      Notify:	[MsgId: MMSG-17999]
System.out: limits: cpu: "0";memory : "0"                                                                                                                                                      Notify:	[MsgId: MMSG-17999]
System.out: requests: cpu: "0";memory : "0"                                                                                                                                                      Notify:	[MsgId: MMSG-17999]
System.out: mountPath: "/var/run/secrets/kubernetes.io/serviceaccount";name: "default-token-e0d8c";readOnly: true                                                                                                                                                      Notify:	[MsgId: MMSG-17999]
Error: status is Pending	[MsgId: MERR-17999]
Error: error:"containers with unready status: [free30]";reson:null	[MsgId: MERR-17999]
Error: items extend error	[MsgId: MERR-17999]
End auto log messages stack.	[MsgId: MMSG-10544]


Start auto log messages stack - Iteration 2.	[MsgId: MMSG-10545]
System.out: containerPort:80;protocolTCP                                                                                                                                                      Notify:	[MsgId: MMSG-17999]
System.out: limits: cpu: "0";memory : "0"                                                                                                                                                      Notify:	[MsgId: MMSG-17999]
System.out: requests: cpu: "0";memory : "0"                                                                                                                                                      Notify:	[MsgId: MMSG-17999]
System.out: mountPath: "/var/run/secrets/kubernetes.io/serviceaccount";name: "default-token-e0d8c";readOnly: true                                                                                                                                                      Notify:	[MsgId: MMSG-17999]
Error: status is Pending	[MsgId: MERR-17999]
Error: error:"containers with unready status: [free11]";reson:null	[MsgId: MERR-17999]
End auto log messages stack.	[MsgId: MMSG-10544]


Start auto log messages stack - Iteration 2.	[MsgId: MMSG-10545]
System.out: containerPort:80;protocolTCP                                                                                                                                                      Notify:	[MsgId: MMSG-17999]
System.out: limits: cpu: "0";memory : "0"                                                                                                                                                      Notify:	[MsgId: MMSG-17999]
System.out: requests: cpu: "0";memory : "0"                                                                                                                                                      Notify:	[MsgId: MMSG-17999]
System.out: mountPath: "/var/run/secrets/kubernetes.io/serviceaccount";name: "default-token-e0d8c";readOnly: true                                                                                                                                                      Notify:	[MsgId: MMSG-17999]
Error: status is Pending	[MsgId: MERR-17999]
Error: update version error	[MsgId: MERR-17999]
End auto log messages stack.	[MsgId: MMSG-10544]


Start auto log messages stack - Iteration 2.	[MsgId: MMSG-10545]
System.out: containerPort:80;protocolTCP                                                                                                                                                      Notify:	[MsgId: MMSG-17999]
System.out: limits: cpu: "0";memory : "0"                                                                                                                                                      Notify:	[MsgId: MMSG-17999]
System.out: requests: cpu: "0";memory : "0"                                                                                                                                                      Notify:	[MsgId: MMSG-17999]
System.out: mountPath: "/var/run/secrets/kubernetes.io/serviceaccount";name: "default-token-e0d8c";readOnly: true                                                                                                                                                      Notify:	[MsgId: MMSG-17999]
Error: status is Pending	[MsgId: MERR-17999]
Error: error:"containers with unready status: [free11]";reson:null	[MsgId: MERR-17999]
Error: items extend error	[MsgId: MERR-17999]
End auto log messages stack.	[MsgId: MMSG-10544]


Start auto log messages stack - Iteration 1.	[MsgId: MMSG-10545]
[DEBUG]getPodStatus03	[MsgId: MMSG-17999]
[DEBUG]URL=http://ppe.naturecloud.io:88/apiApplication/getPodStatus	[MsgId: MMSG-17999]
[DEBUG]options:	[MsgId: MMSG-17999]
[DEBUG]Method=POST	[MsgId: MMSG-17999]
[DEBUG]Resource=0	[MsgId: MMSG-17999]
[DEBUG]RecContentType=text/html	[MsgId: MMSG-17999]
[DEBUG]Snapshot=t11.inf	[MsgId: MMSG-17999]
[DEBUG]Mode=HTML	[MsgId: MMSG-17999]
[DEBUG]Referer=http://ppe.naturecloud.io:88/cp/service	[MsgId: MMSG-17999]
[DEBUG]EncType=application/json;charset=UTF-8	[MsgId: MMSG-17999]
Message id [-17999] was not saved - Auto Log cache is too small to contain the message.	[MsgId: MMSG-10547]
[DEBUG]LAST	[MsgId: MMSG-17999]
web_custom_request("getPodStatus03") started  	[MsgId: MMSG-26355]
web_custom_request("getPodStatus03") was successful, 1152 body bytes, 285 header bytes, 12 chunking overhead bytes  	[MsgId: MMSG-26385]
Message id [-17999] was not saved - Auto Log cache is too small to contain the message.	[MsgId: MMSG-10547]
Error: update version error	[MsgId: MERR-17999]
End auto log messages stack.	[MsgId: MMSG-10544]


Start auto log messages stack - Iteration 1.	[MsgId: MMSG-10545]
System.out: containerPort:80;protocolTCP                                                                                                                                                      Notify:	[MsgId: MMSG-17999]
System.out: limits: cpu: "0";memory : "0"                                                                                                                                                      Notify:	[MsgId: MMSG-17999]
System.out: requests: cpu: "0";memory : "0"                                                                                                                                                      Notify:	[MsgId: MMSG-17999]
System.out: mountPath: "/var/run/secrets/kubernetes.io/serviceaccount";name: "default-token-e0d8c";readOnly: true                                                                                                                                                      Notify:	[MsgId: MMSG-17999]
Error: status is Pending	[MsgId: MERR-17999]
Error: error:"containers with unready status: [free35]";reson:null	[MsgId: MERR-17999]
End auto log messages stack.	[MsgId: MMSG-10544]


Start auto log messages stack - Iteration 1.	[MsgId: MMSG-10545]
System.out: containerPort:80;protocolTCP                                                                                                                                                      Notify:	[MsgId: MMSG-17999]
System.out: limits: cpu: "0";memory : "0"                                                                                                                                                      Notify:	[MsgId: MMSG-17999]
System.out: requests: cpu: "0";memory : "0"                                                                                                                                                      Notify:	[MsgId: MMSG-17999]
System.out: mountPath: "/var/run/secrets/kubernetes.io/serviceaccount";name: "default-token-e0d8c";readOnly: true                                                                                                                                                      Notify:	[MsgId: MMSG-17999]
Error: status is Pending	[MsgId: MERR-17999]
End auto log messages stack.	[MsgId: MMSG-10544]


Start auto log messages stack - Iteration 1.	[MsgId: MMSG-10545]
System.out: containerPort:80;protocolTCP                                                                                                                                                      Notify:	[MsgId: MMSG-17999]
System.out: limits: cpu: "0";memory : "0"                                                                                                                                                      Notify:	[MsgId: MMSG-17999]
System.out: requests: cpu: "0";memory : "0"                                                                                                                                                      Notify:	[MsgId: MMSG-17999]
System.out: mountPath: "/var/run/secrets/kubernetes.io/serviceaccount";name: "default-token-e0d8c";readOnly: true                                                                                                                                                      Notify:	[MsgId: MMSG-17999]
Error: status is Pending	[MsgId: MERR-17999]
Error: error:"containers with unready status: [free35]";reson:null	[MsgId: MERR-17999]
Error: items extend error	[MsgId: MERR-17999]
End auto log messages stack.	[MsgId: MMSG-10544]


Start auto log messages stack - Iteration 2.	[MsgId: MMSG-10545]
System.out: containerPort:80;protocolTCP                                                                                                                                                      Notify:	[MsgId: MMSG-17999]
System.out: limits: cpu: "0";memory : "0"                                                                                                                                                      Notify:	[MsgId: MMSG-17999]
System.out: requests: cpu: "0";memory : "0"                                                                                                                                                      Notify:	[MsgId: MMSG-17999]
System.out: mountPath: "/var/run/secrets/kubernetes.io/serviceaccount";name: "default-token-e0d8c";readOnly: true                                                                                                                                                      Notify:	[MsgId: MMSG-17999]
Error: status is Pending	[MsgId: MERR-17999]
Error: error:"containers with unready status: [free16]";reson:null	[MsgId: MERR-17999]
End auto log messages stack.	[MsgId: MMSG-10544]


Start auto log messages stack - Iteration 2.	[MsgId: MMSG-10545]
System.out: containerPort:80;protocolTCP                                                                                                                                                      Notify:	[MsgId: MMSG-17999]
System.out: limits: cpu: "0";memory : "0"                                                                                                                                                      Notify:	[MsgId: MMSG-17999]
System.out: requests: cpu: "0";memory : "0"                                                                                                                                                      Notify:	[MsgId: MMSG-17999]
System.out: mountPath: "/var/run/secrets/kubernetes.io/serviceaccount";name: "default-token-e0d8c";readOnly: true                                                                                                                                                      Notify:	[MsgId: MMSG-17999]
Error: status is Pending	[MsgId: MERR-17999]
Error: update version error	[MsgId: MERR-17999]
End auto log messages stack.	[MsgId: MMSG-10544]


Start auto log messages stack - Iteration 2.	[MsgId: MMSG-10545]
System.out: containerPort:80;protocolTCP                                                                                                                                                      Notify:	[MsgId: MMSG-17999]
System.out: limits: cpu: "0";memory : "0"                                                                                                                                                      Notify:	[MsgId: MMSG-17999]
System.out: requests: cpu: "0";memory : "0"                                                                                                                                                      Notify:	[MsgId: MMSG-17999]
System.out: mountPath: "/var/run/secrets/kubernetes.io/serviceaccount";name: "default-token-e0d8c";readOnly: true                                                                                                                                                      Notify:	[MsgId: MMSG-17999]
Error: status is Pending	[MsgId: MERR-17999]
Error: error:"containers with unready status: [free16]";reson:null	[MsgId: MERR-17999]
Error: items extend error	[MsgId: MERR-17999]
End auto log messages stack.	[MsgId: MMSG-10544]


Start auto log messages stack - Iteration 1.	[MsgId: MMSG-10545]
System.out: containerPort:80;protocolTCP                                                                                                                                                      Notify:	[MsgId: MMSG-17999]
System.out: limits: cpu: "0";memory : "0"                                                                                                                                                      Notify:	[MsgId: MMSG-17999]
System.out: requests: cpu: "0";memory : "0"                                                                                                                                                      Notify:	[MsgId: MMSG-17999]
System.out: mountPath: "/var/run/secrets/kubernetes.io/serviceaccount";name: "default-token-e0d8c";readOnly: true                                                                                                                                                      Notify:	[MsgId: MMSG-17999]
Error: status is Pending	[MsgId: MERR-17999]
Error: error:"containers with unready status: [free40]";reson:null	[MsgId: MERR-17999]
End auto log messages stack.	[MsgId: MMSG-10544]


Start auto log messages stack - Iteration 1.	[MsgId: MMSG-10545]
System.out: containerPort:80;protocolTCP                                                                                                                                                      Notify:	[MsgId: MMSG-17999]
System.out: limits: cpu: "0";memory : "0"                                                                                                                                                      Notify:	[MsgId: MMSG-17999]
System.out: requests: cpu: "0";memory : "0"                                                                                                                                                      Notify:	[MsgId: MMSG-17999]
System.out: mountPath: "/var/run/secrets/kubernetes.io/serviceaccount";name: "default-token-e0d8c";readOnly: true                                                                                                                                                      Notify:	[MsgId: MMSG-17999]
Error: status is Pending	[MsgId: MERR-17999]
Error: update version error	[MsgId: MERR-17999]
End auto log messages stack.	[MsgId: MMSG-10544]


Start auto log messages stack - Iteration 1.	[MsgId: MMSG-10545]
System.out: containerPort:80;protocolTCP                                                                                                                                                      Notify:	[MsgId: MMSG-17999]
System.out: limits: cpu: "0";memory : "0"                                                                                                                                                      Notify:	[MsgId: MMSG-17999]
System.out: requests: cpu: "0";memory : "0"                                                                                                                                                      Notify:	[MsgId: MMSG-17999]
System.out: mountPath: "/var/run/secrets/kubernetes.io/serviceaccount";name: "default-token-e0d8c";readOnly: true                                                                                                                                                      Notify:	[MsgId: MMSG-17999]
Error: status is Pending	[MsgId: MERR-17999]
Error: error:"containers with unready status: [free40]";reson:null	[MsgId: MERR-17999]
Error: items extend error	[MsgId: MERR-17999]
End auto log messages stack.	[MsgId: MMSG-10544]


Start auto log messages stack - Iteration 2.	[MsgId: MMSG-10545]
[DEBUG]getPodStatus03	[MsgId: MMSG-17999]
[DEBUG]URL=http://ppe.naturecloud.io:88/apiApplication/getPodStatus	[MsgId: MMSG-17999]
[DEBUG]options:	[MsgId: MMSG-17999]
[DEBUG]Method=POST	[MsgId: MMSG-17999]
[DEBUG]Resource=0	[MsgId: MMSG-17999]
[DEBUG]RecContentType=text/html	[MsgId: MMSG-17999]
[DEBUG]Snapshot=t11.inf	[MsgId: MMSG-17999]
[DEBUG]Mode=HTML	[MsgId: MMSG-17999]
[DEBUG]Referer=http://ppe.naturecloud.io:88/cp/service	[MsgId: MMSG-17999]
[DEBUG]EncType=application/json;charset=UTF-8	[MsgId: MMSG-17999]
Message id [-17999] was not saved - Auto Log cache is too small to contain the message.	[MsgId: MMSG-10547]
[DEBUG]LAST	[MsgId: MMSG-17999]
web_custom_request("getPodStatus03") started  	[MsgId: MMSG-26355]
web_custom_request("getPodStatus03") was successful, 1177 body bytes, 285 header bytes, 12 chunking overhead bytes  	[MsgId: MMSG-26385]
Message id [-17999] was not saved - Auto Log cache is too small to contain the message.	[MsgId: MMSG-10547]
Error: update version error	[MsgId: MERR-17999]
End auto log messages stack.	[MsgId: MMSG-10544]


Start auto log messages stack - Iteration 2.	[MsgId: MMSG-10545]
System.out: containerPort:80;protocolTCP                                                                                                                                                      Notify:	[MsgId: MMSG-17999]
System.out: limits: cpu: "0";memory : "0"                                                                                                                                                      Notify:	[MsgId: MMSG-17999]
System.out: requests: cpu: "0";memory : "0"                                                                                                                                                      Notify:	[MsgId: MMSG-17999]
System.out: mountPath: "/var/run/secrets/kubernetes.io/serviceaccount";name: "default-token-e0d8c";readOnly: true                                                                                                                                                      Notify:	[MsgId: MMSG-17999]
Error: status is Pending	[MsgId: MERR-17999]
Error: error:"containers with unready status: [free21]";reson:null	[MsgId: MERR-17999]
End auto log messages stack.	[MsgId: MMSG-10544]


Start auto log messages stack - Iteration 2.	[MsgId: MMSG-10545]
System.out: containerPort:80;protocolTCP                                                                                                                                                      Notify:	[MsgId: MMSG-17999]
System.out: limits: cpu: "0";memory : "0"                                                                                                                                                      Notify:	[MsgId: MMSG-17999]
System.out: requests: cpu: "0";memory : "0"                                                                                                                                                      Notify:	[MsgId: MMSG-17999]
System.out: mountPath: "/var/run/secrets/kubernetes.io/serviceaccount";name: "default-token-e0d8c";readOnly: true                                                                                                                                                      Notify:	[MsgId: MMSG-17999]
Error: status is Pending	[MsgId: MERR-17999]
Error: error:"containers with unready status: [free21]";reson:null	[MsgId: MERR-17999]
End auto log messages stack.	[MsgId: MMSG-10544]


Start auto log messages stack - Iteration 2.	[MsgId: MMSG-10545]
System.out: containerPort:80;protocolTCP                                                                                                                                                      Notify:	[MsgId: MMSG-17999]
System.out: limits: cpu: "0";memory : "0"                                                                                                                                                      Notify:	[MsgId: MMSG-17999]
System.out: requests: cpu: "0";memory : "0"                                                                                                                                                      Notify:	[MsgId: MMSG-17999]
System.out: mountPath: "/var/run/secrets/kubernetes.io/serviceaccount";name: "default-token-e0d8c";readOnly: true                                                                                                                                                      Notify:	[MsgId: MMSG-17999]
Error: status is Pending	[MsgId: MERR-17999]
Error: error:"containers with unready status: [free21]";reson:null	[MsgId: MERR-17999]
Error: items extend error	[MsgId: MERR-17999]
End auto log messages stack.	[MsgId: MMSG-10544]


Start auto log messages stack - Iteration 1.	[MsgId: MMSG-10545]
System.out: containerPort:80;protocolTCP                                                                                                                                                      Notify:	[MsgId: MMSG-17999]
System.out: limits: cpu: "0";memory : "0"                                                                                                                                                      Notify:	[MsgId: MMSG-17999]
System.out: requests: cpu: "0";memory : "0"                                                                                                                                                      Notify:	[MsgId: MMSG-17999]
System.out: mountPath: "/var/run/secrets/kubernetes.io/serviceaccount";name: "default-token-e0d8c";readOnly: true                                                                                                                                                      Notify:	[MsgId: MMSG-17999]
Error: status is Pending	[MsgId: MERR-17999]
End auto log messages stack.	[MsgId: MMSG-10544]


Start auto log messages stack - Iteration 1.	[MsgId: MMSG-10545]
System.out: containerPort:80;protocolTCP                                                                                                                                                      Notify:	[MsgId: MMSG-17999]
System.out: limits: cpu: "0";memory : "0"                                                                                                                                                      Notify:	[MsgId: MMSG-17999]
System.out: requests: cpu: "0";memory : "0"                                                                                                                                                      Notify:	[MsgId: MMSG-17999]
System.out: mountPath: "/var/run/secrets/kubernetes.io/serviceaccount";name: "default-token-e0d8c";readOnly: true                                                                                                                                                      Notify:	[MsgId: MMSG-17999]
Error: status is Pending	[MsgId: MERR-17999]
Error: error:"containers with unready status: [free45]";reson:null	[MsgId: MERR-17999]
End auto log messages stack.	[MsgId: MMSG-10544]


Start auto log messages stack - Iteration 3.	[MsgId: MMSG-10545]
System.out: containerPort:80;protocolTCP                                                                                                                                                      Notify:	[MsgId: MMSG-17999]
System.out: limits: cpu: "0";memory : "0"                                                                                                                                                      Notify:	[MsgId: MMSG-17999]
System.out: requests: cpu: "0";memory : "0"                                                                                                                                                      Notify:	[MsgId: MMSG-17999]
System.out: mountPath: "/var/run/secrets/kubernetes.io/serviceaccount";name: "default-token-e0d8c";readOnly: true                                                                                                                                                      Notify:	[MsgId: MMSG-17999]
Error: status is Pending	[MsgId: MERR-17999]
Error: error:"containers with unready status: [free02]";reson:null	[MsgId: MERR-17999]
End auto log messages stack.	[MsgId: MMSG-10544]


Start auto log messages stack - Iteration 3.	[MsgId: MMSG-10545]
System.out: containerPort:80;protocolTCP                                                                                                                                                      Notify:	[MsgId: MMSG-17999]
System.out: limits: cpu: "0";memory : "0"                                                                                                                                                      Notify:	[MsgId: MMSG-17999]
System.out: requests: cpu: "0";memory : "0"                                                                                                                                                      Notify:	[MsgId: MMSG-17999]
System.out: mountPath: "/var/run/secrets/kubernetes.io/serviceaccount";name: "default-token-e0d8c";readOnly: true                                                                                                                                                      Notify:	[MsgId: MMSG-17999]
Error: status is Pending	[MsgId: MERR-17999]
Error: error:"containers with unready status: [free02]";reson:null	[MsgId: MERR-17999]
End auto log messages stack.	[MsgId: MMSG-10544]


Start auto log messages stack - Iteration 2.	[MsgId: MMSG-10545]
System.out: containerPort:80;protocolTCP                                                                                                                                                      Notify:	[MsgId: MMSG-17999]
System.out: limits: cpu: "0";memory : "0"                                                                                                                                                      Notify:	[MsgId: MMSG-17999]
System.out: requests: cpu: "0";memory : "0"                                                                                                                                                      Notify:	[MsgId: MMSG-17999]
System.out: mountPath: "/var/run/secrets/kubernetes.io/serviceaccount";name: "default-token-e0d8c";readOnly: true                                                                                                                                                      Notify:	[MsgId: MMSG-17999]
Error: status is Pending	[MsgId: MERR-17999]
Error: error:"containers with unready status: [free26]";reson:null	[MsgId: MERR-17999]
End auto log messages stack.	[MsgId: MMSG-10544]


Start auto log messages stack - Iteration 2.	[MsgId: MMSG-10545]
System.out: containerPort:80;protocolTCP                                                                                                                                                      Notify:	[MsgId: MMSG-17999]
System.out: limits: cpu: "0";memory : "0"                                                                                                                                                      Notify:	[MsgId: MMSG-17999]
System.out: requests: cpu: "0";memory : "0"                                                                                                                                                      Notify:	[MsgId: MMSG-17999]
System.out: mountPath: "/var/run/secrets/kubernetes.io/serviceaccount";name: "default-token-e0d8c";readOnly: true                                                                                                                                                      Notify:	[MsgId: MMSG-17999]
Error: status is Pending	[MsgId: MERR-17999]
Error: error:"containers with unready status: [free26]";reson:null	[MsgId: MERR-17999]
End auto log messages stack.	[MsgId: MMSG-10544]


Start auto log messages stack - Iteration 3.	[MsgId: MMSG-10545]
System.out: containerPort:80;protocolTCP                                                                                                                                                      Notify:	[MsgId: MMSG-17999]
System.out: limits: cpu: "0";memory : "0"                                                                                                                                                      Notify:	[MsgId: MMSG-17999]
System.out: requests: cpu: "0";memory : "0"                                                                                                                                                      Notify:	[MsgId: MMSG-17999]
System.out: mountPath: "/var/run/secrets/kubernetes.io/serviceaccount";name: "default-token-e0d8c";readOnly: true                                                                                                                                                      Notify:	[MsgId: MMSG-17999]
Error: status is Pending	[MsgId: MERR-17999]
Error: error:"containers with unready status: [free07]";reson:null	[MsgId: MERR-17999]
End auto log messages stack.	[MsgId: MMSG-10544]


Start auto log messages stack - Iteration 3.	[MsgId: MMSG-10545]
System.out: containerPort:80;protocolTCP                                                                                                                                                      Notify:	[MsgId: MMSG-17999]
System.out: limits: cpu: "0";memory : "0"                                                                                                                                                      Notify:	[MsgId: MMSG-17999]
System.out: requests: cpu: "0";memory : "0"                                                                                                                                                      Notify:	[MsgId: MMSG-17999]
System.out: mountPath: "/var/run/secrets/kubernetes.io/serviceaccount";name: "default-token-e0d8c";readOnly: true                                                                                                                                                      Notify:	[MsgId: MMSG-17999]
Error: status is Pending	[MsgId: MERR-17999]
Error: error:"containers with unready status: [free07]";reson:null	[MsgId: MERR-17999]
End auto log messages stack.	[MsgId: MMSG-10544]


Start auto log messages stack - Iteration 2.	[MsgId: MMSG-10545]
System.out: containerPort:80;protocolTCP                                                                                                                                                      Notify:	[MsgId: MMSG-17999]
System.out: limits: cpu: "0";memory : "0"                                                                                                                                                      Notify:	[MsgId: MMSG-17999]
System.out: requests: cpu: "0";memory : "0"                                                                                                                                                      Notify:	[MsgId: MMSG-17999]
System.out: mountPath: "/var/run/secrets/kubernetes.io/serviceaccount";name: "default-token-e0d8c";readOnly: true                                                                                                                                                      Notify:	[MsgId: MMSG-17999]
Error: status is Pending	[MsgId: MERR-17999]
Error: error:"containers with unready status: [free31]";reson:null	[MsgId: MERR-17999]
End auto log messages stack.	[MsgId: MMSG-10544]


Start auto log messages stack - Iteration 2.	[MsgId: MMSG-10545]
System.out: containerPort:80;protocolTCP                                                                                                                                                      Notify:	[MsgId: MMSG-17999]
System.out: limits: cpu: "0";memory : "0"                                                                                                                                                      Notify:	[MsgId: MMSG-17999]
System.out: requests: cpu: "0";memory : "0"                                                                                                                                                      Notify:	[MsgId: MMSG-17999]
System.out: mountPath: "/var/run/secrets/kubernetes.io/serviceaccount";name: "default-token-e0d8c";readOnly: true                                                                                                                                                      Notify:	[MsgId: MMSG-17999]
Error: status is Pending	[MsgId: MERR-17999]
Error: error:"containers with unready status: [free31]";reson:null	[MsgId: MERR-17999]
Error: update version error	[MsgId: MERR-17999]
End auto log messages stack.	[MsgId: MMSG-10544]


Start auto log messages stack - Iteration 2.	[MsgId: MMSG-10545]
System.out: containerPort:80;protocolTCP                                                                                                                                                      Notify:	[MsgId: MMSG-17999]
System.out: limits: cpu: "0";memory : "0"                                                                                                                                                      Notify:	[MsgId: MMSG-17999]
System.out: requests: cpu: "0";memory : "0"                                                                                                                                                      Notify:	[MsgId: MMSG-17999]
System.out: mountPath: "/var/run/secrets/kubernetes.io/serviceaccount";name: "default-token-e0d8c";readOnly: true                                                                                                                                                      Notify:	[MsgId: MMSG-17999]
Error: status is Pending	[MsgId: MERR-17999]
Error: error:"containers with unready status: [free31]";reson:null	[MsgId: MERR-17999]
Error: items extend error	[MsgId: MERR-17999]
End auto log messages stack.	[MsgId: MMSG-10544]


Start auto log messages stack - Iteration 3.	[MsgId: MMSG-10545]
System.out: containerPort:80;protocolTCP                                                                                                                                                      Notify:	[MsgId: MMSG-17999]
System.out: limits: cpu: "0";memory : "0"                                                                                                                                                      Notify:	[MsgId: MMSG-17999]
System.out: requests: cpu: "0";memory : "0"                                                                                                                                                      Notify:	[MsgId: MMSG-17999]
System.out: mountPath: "/var/run/secrets/kubernetes.io/serviceaccount";name: "default-token-e0d8c";readOnly: true                                                                                                                                                      Notify:	[MsgId: MMSG-17999]
Error: status is Pending	[MsgId: MERR-17999]
Error: error:"containers with unready status: [free12]";reson:null	[MsgId: MERR-17999]
Error: update version error	[MsgId: MERR-17999]
End auto log messages stack.	[MsgId: MMSG-10544]


Start auto log messages stack - Iteration 3.	[MsgId: MMSG-10545]
System.out: containerPort:80;protocolTCP                                                                                                                                                      Notify:	[MsgId: MMSG-17999]
System.out: limits: cpu: "0";memory : "0"                                                                                                                                                      Notify:	[MsgId: MMSG-17999]
System.out: requests: cpu: "0";memory : "0"                                                                                                                                                      Notify:	[MsgId: MMSG-17999]
System.out: mountPath: "/var/run/secrets/kubernetes.io/serviceaccount";name: "default-token-e0d8c";readOnly: true                                                                                                                                                      Notify:	[MsgId: MMSG-17999]
Error: status is Pending	[MsgId: MERR-17999]
Error: error:"containers with unready status: [free12]";reson:null	[MsgId: MERR-17999]
End auto log messages stack.	[MsgId: MMSG-10544]


Start auto log messages stack - Iteration 3.	[MsgId: MMSG-10545]
System.out: containerPort:80;protocolTCP                                                                                                                                                      Notify:	[MsgId: MMSG-17999]
System.out: limits: cpu: "0";memory : "0"                                                                                                                                                      Notify:	[MsgId: MMSG-17999]
System.out: requests: cpu: "0";memory : "0"                                                                                                                                                      Notify:	[MsgId: MMSG-17999]
System.out: mountPath: "/var/run/secrets/kubernetes.io/serviceaccount";name: "default-token-e0d8c";readOnly: true                                                                                                                                                      Notify:	[MsgId: MMSG-17999]
Error: status is Pending	[MsgId: MERR-17999]
Error: error:"containers with unready status: [free12]";reson:null	[MsgId: MERR-17999]
Error: items extend error	[MsgId: MERR-17999]
End auto log messages stack.	[MsgId: MMSG-10544]


Start auto log messages stack - Iteration 2.	[MsgId: MMSG-10545]
System.out: containerPort:80;protocolTCP                                                                                                                                                      Notify:	[MsgId: MMSG-17999]
System.out: limits: cpu: "0";memory : "0"                                                                                                                                                      Notify:	[MsgId: MMSG-17999]
System.out: requests: cpu: "0";memory : "0"                                                                                                                                                      Notify:	[MsgId: MMSG-17999]
System.out: mountPath: "/var/run/secrets/kubernetes.io/serviceaccount";name: "default-token-e0d8c";readOnly: true                                                                                                                                                      Notify:	[MsgId: MMSG-17999]
Error: status is Pending	[MsgId: MERR-17999]
Error: error:"containers with unready status: [free36]";reson:null	[MsgId: MERR-17999]
Error: update version error	[MsgId: MERR-17999]
End auto log messages stack.	[MsgId: MMSG-10544]


Start auto log messages stack - Iteration 2.	[MsgId: MMSG-10545]
System.out: containerPort:80;protocolTCP                                                                                                                                                      Notify:	[MsgId: MMSG-17999]
System.out: limits: cpu: "0";memory : "0"                                                                                                                                                      Notify:	[MsgId: MMSG-17999]
System.out: requests: cpu: "0";memory : "0"                                                                                                                                                      Notify:	[MsgId: MMSG-17999]
System.out: mountPath: "/var/run/secrets/kubernetes.io/serviceaccount";name: "default-token-e0d8c";readOnly: true                                                                                                                                                      Notify:	[MsgId: MMSG-17999]
Error: status is Pending	[MsgId: MERR-17999]
Error: error:"containers with unready status: [free36]";reson:null	[MsgId: MERR-17999]
End auto log messages stack.	[MsgId: MMSG-10544]


Start auto log messages stack - Iteration 2.	[MsgId: MMSG-10545]
System.out: containerPort:80;protocolTCP                                                                                                                                                      Notify:	[MsgId: MMSG-17999]
System.out: limits: cpu: "0";memory : "0"                                                                                                                                                      Notify:	[MsgId: MMSG-17999]
System.out: requests: cpu: "0";memory : "0"                                                                                                                                                      Notify:	[MsgId: MMSG-17999]
System.out: mountPath: "/var/run/secrets/kubernetes.io/serviceaccount";name: "default-token-e0d8c";readOnly: true                                                                                                                                                      Notify:	[MsgId: MMSG-17999]
Error: status is Pending	[MsgId: MERR-17999]
Error: error:"containers with unready status: [free36]";reson:null	[MsgId: MERR-17999]
Error: items extend error	[MsgId: MERR-17999]
End auto log messages stack.	[MsgId: MMSG-10544]


