Notify: Found jdk version: 1.6.0.	[MsgId: MMSG-22986]
Notify: classpath=C:\naturecloud\lb_scripts_new\java\UpdateService\UpdateService;c:\program files (x86)\hp\loadrunner\classes\srv;c:\program files (x86)\hp\loadrunner\classes;;C:\naturecloud\lb_scripts_new\lib\gson-2.8.0.jar;C:\naturecloud\lb_scripts_new\lib\commons-net-3.5.jar;;;c:\program files (x86)\hp\loadrunner\lib\xstream-1.4.8.jar;c:\program files (x86)\hp\loadrunner\lib\xpp3-1.1.4c.jar	[MsgId: MMSG-22986]
Notify: Path=c:\jdk1.6.0_45\jre\bin\client;C:\PROGRA~2\HP\LOADRU~1\bin;C:\Windows\system32;C:\Windows;C:\Windows\System32\Wbem;C:\Windows\System32\WindowsPowerShell\v1.0\;C:\Program Files\TortoiseGit\bin;c:\jdk1.6.0_45\bin;C:\jdk1.6.0_45\jre\bin;C:\Program Files (x86)\HP\LoadRunner\strawberry-perl\perl\bin	[MsgId: MMSG-22986]
Notify: VM Params: .	[MsgId: MMSG-22986]
Start auto log messages stack - Iteration 37.	[MsgId: MMSG-10545]
    me":"2017-01-07T14:39:42Z","containerStatuses":[{"name":"free","state":{"running":{"starte
    dAt":"2017-01-07T14:39:46Z"}},"lastState":{},"ready":true,"restartCount":0,"image":"prod.i
    nternal.naturecloud.io/library/nginx:1.9.14","imageID":"docker://sha256:bcd3fe34b14b06aa78
    dd9ab2624577004e83c169abc0f0fcfe32c8c8f3332f30","containerID":"docker://46bcc76acb6d292e20
    c14d4da71f7e3152d34f9845838162f16371cf274e243c"}]}}]}}
Notify: Saving Parameter "ResponseBody = true".	[MsgId: MMSG-13798]
Notify: Message id [-13798] was not saved - Auto Log cache is too small to contain the message.	[MsgId: MMSG-10547]
web_custom_request("getPodStatus03") was successful, 1363 body bytes, 285 header bytes, 12 chunking overhead bytes  	[MsgId: MMSG-26385]
Notify: Parameter Substitution: parameter "ResponseBody" =  "true"	[MsgId: MMSG-13992]
Notify: Message id [-13992] was not saved - Auto Log cache is too small to contain the message.	[MsgId: MMSG-10547]
Message id [-17999] was not saved - Auto Log cache is too small to contain the message.	[MsgId: MMSG-10547]
Error: update version error	[MsgId: MERR-17999]
End auto log messages stack.	[MsgId: MMSG-10544]


Start auto log messages stack - Iteration 37.	[MsgId: MMSG-10545]
System.out: limits: cpu: "125m";memory : "128Mi"                                                                                                                                                      Notify:	[MsgId: MMSG-17999]
System.out: requests: cpu: "125m";memory : "128Mi"                                                                                                                                                      Notify:	[MsgId: MMSG-17999]
System.out: mountPath: "/var/run/secrets/kubernetes.io/serviceaccount";name: "default-token-e0d8c";readOnly: true                                                                                                                                                      Notify:	[MsgId: MMSG-17999]
System.out: status is Running                                                                                                                                                      Notify:	[MsgId: MMSG-17999]
Error: items extend error	[MsgId: MERR-17999]
End auto log messages stack.	[MsgId: MMSG-10544]


Start auto log messages stack - Iteration 123.	[MsgId: MMSG-10545]
    e":"2017-01-07T17:41:21Z","containerStatuses":[{"name":"free","state":{"running":{"started
    At":"2017-01-07T17:41:25Z"}},"lastState":{},"ready":true,"restartCount":0,"image":"prod.in
    ternal.naturecloud.io/library/nginx:1.9.14","imageID":"docker://sha256:bcd3fe34b14b06aa78d
    d9ab2624577004e83c169abc0f0fcfe32c8c8f3332f30","containerID":"docker://fa41cbc33e61572bd88
    d4c73a35d6516128d5c2a357bee1dca7ccee90b62a77b"}]}}]}}
Notify: Saving Parameter "ResponseBody = true".	[MsgId: MMSG-13798]
Notify: Message id [-13798] was not saved - Auto Log cache is too small to contain the message.	[MsgId: MMSG-10547]
web_custom_request("getPodStatus03") was successful, 1385 body bytes, 285 header bytes, 12 chunking overhead bytes  	[MsgId: MMSG-26385]
Notify: Parameter Substitution: parameter "ResponseBody" =  "true"	[MsgId: MMSG-13992]
Notify: Message id [-13992] was not saved - Auto Log cache is too small to contain the message.	[MsgId: MMSG-10547]
Message id [-17999] was not saved - Auto Log cache is too small to contain the message.	[MsgId: MMSG-10547]
Error: update version error	[MsgId: MERR-17999]
End auto log messages stack.	[MsgId: MMSG-10544]


Start auto log messages stack - Iteration 123.	[MsgId: MMSG-10545]
System.out: limits: cpu: "125m";memory : "128Mi"                                                                                                                                                      Notify:	[MsgId: MMSG-17999]
System.out: requests: cpu: "125m";memory : "128Mi"                                                                                                                                                      Notify:	[MsgId: MMSG-17999]
System.out: mountPath: "/var/run/secrets/kubernetes.io/serviceaccount";name: "default-token-e0d8c";readOnly: true                                                                                                                                                      Notify:	[MsgId: MMSG-17999]
System.out: status is Running                                                                                                                                                      Notify:	[MsgId: MMSG-17999]
Error: items extend error	[MsgId: MERR-17999]
End auto log messages stack.	[MsgId: MMSG-10544]


Start auto log messages stack - Iteration 141.	[MsgId: MMSG-10545]
[DEBUG]EncType=application/json;charset=UTF-8	[MsgId: MMSG-17999]
Message id [-17999] was not saved - Auto Log cache is too small to contain the message.	[MsgId: MMSG-10547]
[DEBUG]LAST	[MsgId: MMSG-17999]
web_custom_request("updateApplication") started  	[MsgId: MMSG-26355]
Warning: The string '"isPublic":true,"port":80,"targetPort":80,"protocol":"TCP","accessProtocol":"HTTP","address":"http://free.kidfanjun.ppe.naturecloud.io"' with parameter delimiters is not a parameter.	[MsgId: MWAR-13987]
Warning: The string '"app":"free","version":"1.9.14-alpine"' with parameter delimiters is not a parameter.	[MsgId: MWAR-13987]
Warning: The string '"app":"free","version":"1.9.14-alpine"' with parameter delimiters is not a parameter.	[MsgId: MWAR-13987]
Warning: The string '"cpu":"125m","memory":"128Mi"' with parameter delimiters is not a parameter.	[MsgId: MWAR-13987]
Warning: The string '"containerPort":80,"protocol":"TCP"' with parameter delimiters is not a parameter.	[MsgId: MWAR-13987]
Warning: The string '"name":"pullsecret"' with parameter delimiters is not a parameter.	[MsgId: MWAR-13987]
Warning: The string '"app":"free"' with parameter delimiters is not a parameter.	[MsgId: MWAR-13987]
Warning: The string '"app":"free"' with parameter delimiters is not a parameter.	[MsgId: MWAR-13987]
Warning: The string '"name":"0","protocol":"TCP","port":80,"targetPort":80' with parameter delimiters is not a parameter.	[MsgId: MWAR-13987]
Warning: The string '"isPublic":true,"port":80,"targetPort":80,"protocol":"TCP","accessProtocol":"HTTP"' with parameter delimiters is not a parameter.	[MsgId: MWAR-13987]
Error -27724: Step download timeout (120 seconds) has expired  	[MsgId: MERR-27724]
End auto log messages stack.	[MsgId: MMSG-10544]


Start auto log messages stack - Iteration 141.	[MsgId: MMSG-10545]
Aborting pending download of URL="http://ppe.naturecloud.io:88/apiApplication/updateApplication" (RelFrameId=1, Internal ID=985)  	[MsgId: MMSG-27652]
Error -26377: No match found for the requested parameter "ResponseBody". Either the specified boundaries were not found in the response or the matched text is longer than current max html parameter size of 2048 bytes. The total length of the response is 0 bytes. You can use "web_set_max_html_param_len" to increase the max parameter size.  	[MsgId: MERR-26377]
End auto log messages stack.	[MsgId: MMSG-10544]


Start auto log messages stack - Iteration 141.	[MsgId: MMSG-10545]
Notify: Saving Parameter "ResponseBody = ".	[MsgId: MMSG-13798]
Error -26377: No match found for the requested parameter "ResponseBodying". Either the specified boundaries were not found in the response or the matched text is longer than current max html parameter size of 2048 bytes. The total length of the response is 0 bytes. You can use "web_set_max_html_param_len" to increase the max parameter size.  	[MsgId: MERR-26377]
End auto log messages stack.	[MsgId: MMSG-10544]


Start auto log messages stack - Iteration 141.	[MsgId: MMSG-10545]
Notify: Saving Parameter "ResponseBodying = ".	[MsgId: MMSG-13798]
Error -26374: The above "not found" error(s) may be explained by header and body byte counts being 0 and 0, respectively.  	[MsgId: MERR-26374]
End auto log messages stack.	[MsgId: MMSG-10544]


