Notify: Found jdk version: 1.6.0.	[MsgId: MMSG-22986]
Notify: classpath=C:\naturecloud\lb_scripts_new\java\UpdateService\UpdateService;c:\program files (x86)\hp\loadrunner\classes\srv;c:\program files (x86)\hp\loadrunner\classes;;C:\naturecloud\lb_scripts_new\lib\gson-2.8.0.jar;C:\naturecloud\lb_scripts_new\lib\commons-net-3.5.jar;;;c:\program files (x86)\hp\loadrunner\lib\xstream-1.4.8.jar;c:\program files (x86)\hp\loadrunner\lib\xpp3-1.1.4c.jar	[MsgId: MMSG-22986]
Error: Failed to launch sed.exe.
Check that your PATH environment variable contains path to sed executable.	[MsgId: MERR-22986]
Warning: Parameterization mechanism failed.	[MsgId: MWAR-22985]
Error: Compilation process failed.	[MsgId: MERR-22997]
Error: C:\naturecloud\lb_scripts_new\java\UpdateService\UpdateService\Actions.java:250: 写入 <匿名 Actions$1> 时出错： C:\naturecloud\lb_scripts_new\java\UpdateService\UpdateService\Actions$1.class (拒绝访问。)	[MsgId: MERR-22986]
Error: 		sort(caseList, new Comparator() {	[MsgId: MERR-22986]
Error: 		                                ^	[MsgId: MERR-22986]
Error: 注意：C:\naturecloud\lb_scripts_new\java\UpdateService\UpdateService\Actions.java 使用了未经检查或不安全的操作。	[MsgId: MERR-22986]
Error: 注意：要了解详细信息，请使用 -Xlint:unchecked 重新编译。	[MsgId: MERR-22986]
Error: 1 错误	[MsgId: MERR-22986]
Error: r\bin\NativeBinaries\x86;C:\Program Files (x86)\HP\LoadRunner\Bin;C:\Program Files (x86)\HP\LoadRunner\Bin\tulip\bin;C:\Windows\system32;C:\Windows;C:\Windows\System32\Wbem;C:\Windows\System32\WindowsPowerShell\v1.0\;C:\Program Files\TortoiseGit\bin;c:\jdk1.6.0_45\bin;C:\jdk1.6.0_45\jre\bin;C:\Program Files (x86)\HP\LoadRunner\strawberry-perl\perl\bin;C:\jdk1.6.0_45\bin	[MsgId: MERR-22986]
Error: Notify: VM Params: .	[MsgId: MERR-22986]
Error: Virtual User Script started at : 2016/12/15 16:13:52	[MsgId: MERR-22986]
Error: Starting action vuser_init.	[MsgId: MERR-22986]
Error: Warning! Web support not loaded: check Java-Interpreter -> UtilityExt property in mdrv.dat file	[MsgId: MERR-22986]
Error: web_custom_request("authenticate") started  	[MsgId: MMSG-26355]	[MsgId: MERR-22986]
Error: web_custom_request("authenticate") was successful, 247 body bytes, 667 header bytes  	[MsgId: MMSG-26386]	[MsgId: MERR-22986]
Error: Ending action vuser_init.	[MsgId: MERR-22986]
Error: Running Vuser...	[MsgId: MERR-22986]
Error: Starting iteration 1.	[MsgId: MERR-22986]
Error: Warning -27077: The "vuser_init" section contains web function(s) when the "Simulate a new user on each iteration" Run-Time Setting is ON.  This may produce unpredictable results with multiple iterations  	[MsgId: MWAR-27077]	[MsgId: MERR-22986]
Error: Maximum number of concurrent connections per server: 4  	[MsgId: MMSG-26989]	[MsgId: MERR-22986]
Error: Starting action Actions.	[MsgId: MERR-22986]
Error: Notify: Transaction "scaleservice" set.	[MsgId: MERR-22986]
Error: web_set_max_html_param_len started  	[MsgId: MMSG-26355]	[MsgId: MERR-22986]
Error: web_set_max_html_param_len was successful  	[MsgId: MMSG-26392]	[MsgId: MERR-22986]
Error: web_reg_save_param started  	[MsgId: MMSG-26355]	[MsgId: MERR-22986]
Error: Registering web_reg_save_param was successful  	[MsgId: MMSG-26390]	[MsgId: MERR-22986]
Error: [DEBUG]createservice	[MsgId: MERR-22986]
Error: [DEBUG]URL=http://ppe.naturecloud.io:88/apiApplication/createApplication	[MsgId: MERR-22986]
Error: [DEBUG]options:	[MsgId: MERR-22986]
Error: [DEBUG]Method=POST	[MsgId: MERR-22986]
Error: [DEBUG]Resource=0	[MsgId: MERR-22986]
Error: [DEBUG]RecContentType=text/html	[MsgId: MERR-22986]
Error: [DEBUG]Snapshot=t11.inf	[MsgId: MERR-22986]
Error: [DEBUG]Mode=HTML	[MsgId: MERR-22986]
Error: [DEBUG]Referer=http://ppe.naturecloud.io:88/cp/service	[MsgId: MERR-22986]
Error: [DEBUG]EncType=application/json;charset=UTF-8	[MsgId: MERR-22986]
Error: [DEBUG]Body={"app":"nginx-version","rcnum":1,"ver":"1.9.14-alpine","node":{"image":"prod.internal.naturecloud.io/library/nginx:1.9.14-alpine","imageshortname":"nginx","isMarket":true,"ports":[],"env":[],"clusterId":"default","cpu_shares":"0.125","mem_limit":"128Mi","volumes":[]}}	[MsgId: MERR-22986]
Error: [DEBUG]LAST	[MsgId: MERR-22986]
Error: web_custom_request("createservice") started  	[MsgId: MMSG-26355]	[MsgId: MERR-22986]
Error: web_custom_request("createservice") was successful, 37 body bytes, 251 header bytes  	[MsgId: MMSG-26386]	[MsgId: MERR-22986]
Error: System.out: order:{0}                                                                                                                                                      Notify:	[MsgId: MERR-22986]
Error: web_set_max_html_param_len started  	[MsgId: MMSG-26355]	[MsgId: MERR-22986]
Error: web_set_max_html_param_len was successful  	[MsgId: MMSG-26392]	[MsgId: MERR-22986]
Error: web_reg_save_param started  	[MsgId: MMSG-26355]	[MsgId: MERR-22986]
Error: Registering web_reg_save_param was successful  	[MsgId: MMSG-26390]	[MsgId: MERR-22986]
Error: [DEBUG]grayudp	[MsgId: MERR-22986]
Error: [DEBUG]URL=http://ppe.naturecloud.io:88/apiApplication/grayudp	[MsgId: MERR-22986]
Error: [DEBUG]options:	[MsgId: MERR-22986]
Error: [DEBUG]Method=POST	[MsgId: MERR-22986]
Error: [DEBUG]Resource=0	[MsgId: MERR-22986]
Error: [DEBUG]RecContentType=text/html	[MsgId: MERR-22986]
Error: [DEBUG]Snapshot=t11.inf	[MsgId: MERR-22986]
Error: [DEBUG]Mode=HTML	[MsgId: MERR-22986]
Error: [DEBUG]Referer=http://ppe.naturecloud.io:88/cp/service	[MsgId: MERR-22986]
Error: [DEBUG]EncType=application/json;charset=UTF-8	[MsgId: MERR-22986]
Error: [DEBUG]Body={"data":{"app":"nginx-version","id":"nginx-version","node":{"image":"prod.internal.naturecloud.io/library/nginx:1.9.14-alpine","imageshortname":"nginx","isMarket":true,"ports":[{"isPublic":false,"port":80,"targetPort":80,"protocol":"TCP","accessProtocol":"TCP"}],"env":[],"clusterId":"default","cpu_shares":"0.125","mem_limit":"128Mi","volumes":[{"IsDefault":false,"isShared":true,"mountTargetPath":"/tmp","mountObj":{"name":"hb45c88436f5c36b12184fdf","volumeId":"kidfanjun-hb45c88436f5c36b12184fdf","namespace":"kidfanjun","status":"NOT_USE","mountAppName":"","mountNodeName":"","size":1024,"_id":"58329d779a9ecf000fc4c05f","mountAppNameArray":["nginx-version"]}}],"secret":"a2lkZmFuanVuOjFxYXp4c3cy"},"rc":{"kind":"ReplicationController","apiVersion":"v1","metadata":{"name":"nginx-version-v1.9.14-alpine","labels":{"app":"nginx-version","version":"1.9.14-alpine"}},"spec":{"replicas":1,"template":{"metadata":{"labels":{"app":"nginx-version","version":"1.9.14-alpine"}},"spec":{"containers":[{"name":"nginx-version","image":"prod.internal.naturecloud.io/library/nginx:1.9.14-alpine","imagePullPolicy":"IfNotPresent","env":[],"resources":{"limits":{"cpu":"125m","memory":"128Mi"}},"ports":[{"containerPort":80,"protocol":"TCP"}],"volumeMounts":[{"mountPath":"/tmp","name":"hb45c88436f5c36b12184fdf"}]}],"imagePullSecrets":[{"name":"pullsecret"}],"restartPolicy":null,"terminationGracePeriodSeconds":5,"volumes":[{"name":"hb45c88436f5c36b12184fdf","glusterfs":{"endpoints":"glusterfs-cluster","path":"kidfanjun-hb45c88436f5c36b12184fdf"}}]}}}},"rcnum":1,"service":{"kind":"Service","apiVersion":"v1","metadata":{"name":"nginx-version","labels":{"app":"nginx-version"}},"spec":{"selector":{"app":"nginx-version"},"type":"ClusterIP","ports":[{"name":"0","protocol":"TCP","port":80,"targetPort":80}]}},"totalStatue":"running","username":"kidfanjun","ver":"1.9.14-alpine"},"ver":"1.9.14"}	[MsgId: MERR-22986]
Error: [DEBUG]LAST	[MsgId: MERR-22986]
Error: web_custom_request("grayudp") started  	[MsgId: MMSG-26355]	[MsgId: MERR-22986]
Error: web_custom_request("grayudp") was successful, 805 body bytes, 284 header bytes, 12 chunking overhead bytes  	[MsgId: MMSG-26385]	[MsgId: MERR-22986]
Error: System.out: order:{1}                                                                                                                                                      Notify:	[MsgId: MERR-22986]
Error: web_set_max_html_param_len started  	[MsgId: MMSG-26355]	[MsgId: MERR-22986]
Error: web_set_max_html_param_len was successful  	[MsgId: MMSG-26392]	[MsgId: MERR-22986]
Error: web_reg_save_param started  	[MsgId: MMSG-26355]	[MsgId: MERR-22986]
Error: Registering web_reg_save_param was successful  	[MsgId: MMSG-26390]	[MsgId: MERR-22986]
Error: [DEBUG]grayudp1	[MsgId: MERR-22986]
Error: [DEBUG]URL=http://ppe.naturecloud.io:88/apiApplication/grayudp	[MsgId: MERR-22986]
Error: [DEBUG]options:	[MsgId: MERR-22986]
Error: [DEBUG]Method=POST	[MsgId: MERR-22986]
Error: [DEBUG]Resource=0	[MsgId: MERR-22986]
Error: [DEBUG]RecContentType=text/html	[MsgId: MERR-22986]
Error: [DEBUG]Snapshot=t11.inf	[MsgId: MERR-22986]
Error: [DEBUG]Mode=HTML	[MsgId: MERR-22986]
Error: [DEBUG]Referer=http://ppe.naturecloud.io:88/cp/service	[MsgId: MERR-22986]
Error: [DEBUG]EncType=application/json;charset=UTF-8	[MsgId: MERR-22986]
Error: [DEBUG]Body={"data":{"_id":"58329d779a9ecf000fc4c060","app":"nginx-version","id":"nginx-version","node":{"image":"prod.internal.naturecloud.io/library/nginx:1.9.14-alpine","imageshortname":"nginx","isMarket":true,"ports":[{"isPublic":false,"port":80,"targetPort":80,"protocol":"TCP","accessProtocol":"TCP"}],"env":[],"clusterId":"default","cpu_shares":"0.125","mem_limit":"128Mi","volumes":[{"IsDefault":false,"isShared":true,"mountTargetPath":"/tmp","mountObj":{"name":"hb45c88436f5c36b12184fdf","volumeId":"kidfanjun-hb45c88436f5c36b12184fdf","namespace":"kidfanjun","status":"NOT_USE","mountAppName":"","mountNodeName":"","size":1024,"_id":"58329d779a9ecf000fc4c05f","mountAppNameArray":["nginx-version"]}}],"secret":"a2lkZmFuanVuOjFxYXp4c3cy"},"rc":{"kind":"ReplicationController","apiVersion":"v1","metadata":{"name":"nginx-version-v1.9.14","labels":{"app":"nginx-version","version":"1.9.14"}},"spec":{"replicas":1,"template":{"metadata":{"labels":{"app":"nginx-version","version":"1.9.14"}},"spec":{"containers":[{"name":"nginx-version","image":"prod.internal.naturecloud.io/library/nginx:1.9.14","imagePullPolicy":"IfNotPresent","env":[],"resources":{"limits":{"cpu":"125m","memory":"128Mi"}},"ports":[{"containerPort":80,"protocol":"TCP"}],"volumeMounts":[{"mountPath":"/tmp","name":"hb45c88436f5c36b12184fdf"}]}],"imagePullSecrets":[{"name":"pullsecret"}],"restartPolicy":null,"terminationGracePeriodSeconds":5,"volumes":[{"name":"hb45c88436f5c36b12184fdf","glusterfs":{"endpoints":"glusterfs-cluster","path":"kidfanjun-hb45c88436f5c36b12184fdf"}}]}}}},"rcnum":1,"service":{"kind":"Service","apiVersion":"v1","metadata":{"name":"nginx-version","labels":{"app":"nginx-version"}},"spec":{"selector":{"app":"nginx-version"},"type":"ClusterIP","ports":[{"name":"0","protocol":"TCP","port":80,"targetPort":80}]}},"totalStatue":"running","username":"kidfanjun","ver":"1.9.14"},"ver":"1.9.14-alpine"}	[MsgId: MERR-22986]
Error: [DEBUG]LAST	[MsgId: MERR-22986]
Error: web_custom_request("grayudp1") started  	[MsgId: MMSG-26355]	[MsgId: MERR-22986]
Error: web_custom_request("grayudp1") was successful, 818 body bytes, 284 header bytes, 12 chunking overhead bytes  	[MsgId: MMSG-26385]	[MsgId: MERR-22986]
Error: System.out: order:{4}                                                                                                                                                      Notify:	[MsgId: MERR-22986]
Error: web_set_max_html_param_len started  	[MsgId: MMSG-26355]	[MsgId: MERR-22986]
Error: web_set_max_html_param_len was successful  	[MsgId: MMSG-26392]	[MsgId: MERR-22986]
Error: web_reg_save_param started  	[MsgId: MMSG-26355]	[MsgId: MERR-22986]
Error: Registering web_reg_save_param was successful  	[MsgId: MMSG-26390]	[MsgId: MERR-22986]
Error: [DEBUG]getPodStatus_10	[MsgId: MERR-22986]
Error: [DEBUG]URL=http://ppe.naturecloud.io:88/apiApplication/getPodStatus	[MsgId: MERR-22986]
Error: [DEBUG]options:	[MsgId: MERR-22986]
Error: [DEBUG]Method=POST	[MsgId: MERR-22986]
Error: [DEBUG]Resource=0	[MsgId: MERR-22986]
Error: [DEBUG]RecContentType=text/html	[MsgId: MERR-22986]
Error: [DEBUG]Snapshot=t11.inf	[MsgId: MERR-22986]
Error: [DEBUG]Mode=HTML	[MsgId: MERR-22986]
Error: [DEBUG]Referer=http://ppe.naturecloud.io:88/cp/service	[MsgId: MERR-22986]
Error: [DEBUG]EncType=application/json;charset=UTF-8	[MsgId: MERR-22986]
Error: [DEBUG]Body={"_id":"58329d779a9ecf000fc4c060","app":"nginx-version","id":"nginx-version","node":{"image":"prod.internal.naturecloud.io/library/nginx:1.9.14-alpine","imageshortname":"nginx","isMarket":true,"ports":[{"isPublic":false,"port":80,"targetPort":80,"protocol":"TCP","accessProtocol":"TCP"}],"env":[],"clusterId":"default","cpu_shares":"0.125","mem_limit":"128Mi","volumes":[{"IsDefault":false,"isShared":true,"mountTargetPath":"/tmp","mountObj":{"name":"hb45c88436f5c36b12184fdf","volumeId":"kidfanjun-hb45c88436f5c36b12184fdf","namespace":"kidfanjun","status":"NOT_USE","mountAppName":"","mountNodeName":"","size":1024,"_id":"58329d779a9ecf000fc4c05f","mountAppNameArray":["nginx-version"]}}],"secret":"a2lkZmFuanVuOjFxYXp4c3cy"},"rc":{"kind":"ReplicationController","apiVersion":"v1","metadata":{"name":"nginx-version-v1.9.14-alpine","labels":{"app":"nginx-version","version":"1.9.14-alpine"}},"spec":{"replicas":1,"template":{"metadata":{"labels":{"app":"nginx-version","version":"1.9.14-alpine"}},"spec":{"containers":[{"name":"nginx-version","image":"prod.internal.naturecloud.io/library/nginx:1.9.14-alpine","imagePullPolicy":"IfNotPresent","env":[],"resources":{"limits":{"cpu":"125m","memory":"128Mi"}},"ports":[{"containerPort":80,"protocol":"TCP"}],"volumeMounts":[{"mountPath":"/tmp","name":"hb45c88436f5c36b12184fdf"}]}],"imagePullSecrets":[{"name":"pullsecret"}],"restartPolicy":null,"terminationGracePeriodSeconds":5,"volumes":[{"name":"hb45c88436f5c36b12184fdf","glusterfs":{"endpoints":"glusterfs-cluster","path":"kidfanjun-hb45c88436f5c36b12184fdf"}}]}}}},"rcnum":1,"service":{"kind":"Service","apiVersion":"v1","metadata":{"name":"nginx-version","labels":{"app":"nginx-version"}},"spec":{"selector":{"app":"nginx-version"},"type":"ClusterIP","ports":[{"name":"0","protocol":"TCP","port":80,"targetPort":80}]}},"totalStatue":"running","username":"kidfanjun","ver":"1.9.14"}	[MsgId: MERR-22986]
Error: [DEBUG]LAST	[MsgId: MERR-22986]
Error: web_custom_request("getPodStatus_10") started  	[MsgId: MMSG-26355]	[MsgId: MERR-22986]
Error: web_custom_request("getPodStatus_10") was successful, 920 body bytes, 284 header bytes, 12 chunking overhead bytes  	[MsgId: MMSG-26385]	[MsgId: MERR-22986]
Error: System.out: order:{5}                                                                                                                                                      Notify:	[MsgId: MERR-22986]
Error: web_set_max_html_param_len started  	[MsgId: MMSG-26355]	[MsgId: MERR-22986]
Error: web_set_max_html_param_len was successful  	[MsgId: MMSG-26392]	[MsgId: MERR-22986]
Error: web_reg_save_param started  	[MsgId: MMSG-26355]	[MsgId: MERR-22986]
Error: Registering web_reg_save_param was successful  	[MsgId: MMSG-26390]	[MsgId: MERR-22986]
Error: [DEBUG]updateAppStatus_3	[MsgId: MERR-22986]
Error: [DEBUG]URL=http://ppe.naturecloud.io:88/apiApplication/updateAppStatus	[MsgId: MERR-22986]
Error: [DEBUG]options:	[MsgId: MERR-22986]
Error: [DEBUG]Method=POST	[MsgId: MERR-22986]
Error: [DEBUG]Resource=0	[MsgId: MERR-22986]
Error: [DEBUG]RecContentType=text/html	[MsgId: MERR-22986]
Error: [DEBUG]Snapshot=t11.inf	[MsgId: MERR-22986]
Error: [DEBUG]Mode=HTML	[MsgId: MERR-22986]
Error: [DEBUG]Referer=http://ppe.naturecloud.io:88/cp/service	[MsgId: MERR-22986]
Error: [DEBUG]EncType=application/json;charset=UTF-8	[MsgId: MERR-22986]
Error: [DEBUG]Body={"svc":{"app":"nginx-version","id":"nginx-version","ver":"1.9.14-alpine","image":"nginx","imageurl":"prod.internal.naturecloud.io/library/nginx:1.9.14-alpine","imageversion":"1.9.14-alpine","replicas":1,"limit":{"cpu":"0.125","memory":"128Mi"},"dbJson":{"_id":"582c5bf77ea53c000ebe66d6","app":"nginx-version","id":"nginx-version","node":{"image":"prod.internal.naturecloud.io/library/nginx:1.9.14-alpine","imageshortname":"nginx","isMarket":true,"ports":[],"env":[],"clusterId":"default","cpu_shares":"0.125","mem_limit":"128Mi","volumes":[]},"rc":{"kind":"ReplicationController","apiVersion":"v1","metadata":{"name":"nginx-version-v1.9.14-alpine","labels":{"app":"nginx-version","version":"1.9.14-alpine"}},"spec":{"replicas":1,"template":{"metadata":{"labels":{"app":"nginx-version","version":"1.9.14-alpine"}},"spec":{"containers":[{"name":"nginx-version","image":"prod.internal.naturecloud.io/library/nginx:1.9.14-alpine","imagePullPolicy":"IfNotPresent","env":[],"resources":{"limits":{"cpu":"125m","memory":"128Mi"}},"ports":[],"volumeMounts":[]}],"imagePullSecrets":[{"name":"pullsecret"}],"restartPolicy":null,"terminationGracePeriodSeconds":5,"volumes":[]}}}},"rcnum":1,"service":{"kind":"Service","apiVersion":"v1","metadata":{"name":"nginx-version","labels":{"app":"nginx-version"}},"spec":{"selector":{"app":"nginx-version"},"type":"ClusterIP","ports":[{"name":"0","protocol":"TCP","port":22,"targetPort":22}]}},"totalStatue":"stop","username":"kidfanjun","ver":"1.9.14-alpine","volumeType":""},"totalStatue":"starting","statusIconClass":"fa-pause text-muted","btn_title":"??ˉ??¨??????","btn_icon":"fa-play","runningNum":0},"status":"starting"}	[MsgId: MERR-22986]
Error: [DEBUG]LAST	[MsgId: MERR-22986]
Error: web_custom_request("updateAppStatus_3") started  	[MsgId: MMSG-26355]	[MsgId: MERR-22986]
Error: web_custom_request("updateAppStatus_3") was successful, 37 body bytes, 251 header bytes  	[MsgId: MMSG-26386]	[MsgId: MERR-22986]
Error: System.out: order:{6}                                                                                                                                                      Notify:	[MsgId: MERR-22986]
Error: web_set_max_html_param_len started  	[MsgId: MMSG-26355]	[MsgId: MERR-22986]
Error: web_set_max_html_param_len was successful  	[MsgId: MMSG-26392]	[MsgId: MERR-22986]
Error: web_reg_save_param started  	[MsgId: MMSG-26355]	[MsgId: MERR-22986]
Error: Registering web_reg_save_param was successful  	[MsgId: MMSG-26390]	[MsgId: MERR-22986]
Error: [DEBUG]deleteApplication	[MsgId: MERR-22986]
Error: [DEBUG]URL=http://ppe.naturecloud.io:88/apiApplication/deleteApplication	[MsgId: MERR-22986]
Error: [DEBUG]options:	[MsgId: MERR-22986]
Error: [DEBUG]Method=POST	[MsgId: MERR-22986]
Error: [DEBUG]Resource=0	[MsgId: MERR-22986]
Error: [DEBUG]RecContentType=text/html	[MsgId: MERR-22986]
Error: [DEBUG]Snapshot=t11.inf	[MsgId: MERR-22986]
Error: [DEBUG]Mode=HTML	[MsgId: MERR-22986]
Error: [DEBUG]Referer=http://ppe.naturecloud.io:88/cp/service	[MsgId: MERR-22986]
Error: [DEBUG]EncType=application/json;charset=UTF-8	[MsgId: MERR-22986]
Error: [DEBUG]Body={"svc":{"_id":"5832fcd89a9ecf000fc4c061","app":"nginx-version","id":"nginx-version","node":{"image":"prod.internal.naturecloud.io/library/nginx:1.9.14-alpine","imageshortname":"nginx","isMarket":true,"ports":[{"isPublic":true,"port":80,"targetPort":80,"protocol":"TCP","accessProtocol":"HTTP","address":"http://nginx-version.kidfanjun.ppe.naturecloud.io"},{"isPublic":true,"port":81,"targetPort":81,"protocol":"TCP","accessProtocol":"TCP","address":"112.74.163.191:56825","nodePort":56825},{"isPublic":false,"port":82,"targetPort":82,"protocol":"TCP","accessProtocol":"TCP"}],"env":[],"clusterId":"default","cpu_shares":"0.5","mem_limit":"512Mi","volumes":[{"IsDefault":false,"isShared":true,"mountTargetPath":"/etc/nginx/conf.d","mountObj":{"_id":"582fc06dd58b7f000e036da7","mountAppName":"","mountAppNameArray":["nginx-version"],"mountNodeName":"","name":"nginx-test","namespace":"kidfanjun","size":1024,"status":"NOT_USE","volumeId":"kidfanjun-nginx-test"}}],"secret":"a2lkZmFuanVuOjFxYXp4c3cy"},"rc":{"kind":"ReplicationController","apiVersion":"v1","metadata":{"name":"nginx-version-v1.9.14-alpine","labels":{"app":"nginx-version","version":"1.9.14-alpine"}},"spec":{"replicas":1,"template":{"metadata":{"labels":{"app":"nginx-version","version":"1.9.14-alpine"}},"spec":{"containers":[{"name":"nginx-version","image":"prod.internal.naturecloud.io/library/nginx:1.9.14-alpine","imagePullPolicy":"IfNotPresent","env":[],"resources":{"limits":{"cpu":"500m","memory":"512Mi"}},"ports":[{"containerPort":80,"protocol":"TCP"},{"containerPort":81,"protocol":"TCP"},{"containerPort":82,"protocol":"TCP"}],"volumeMounts":[{"mountPath":"/etc/nginx/conf.d","name":"nginx-test"}]}],"imagePullSecrets":[{"name":"pullsecret"}],"restartPolicy":null,"terminationGracePeriodSeconds":5,"volumes":[{"name":"nginx-test","glusterfs":{"endpoints":"glusterfs-cluster","path":"kidfanjun-nginx-test"}}]}}}},"rcnum":1,"service":{"kind":"Service","apiVersion":"v1","metadata":{"name":"nginx-version","labels":{"app":"nginx-version"}},"spec":{"selector":{"app":"nginx-version"},"type":"NodePort","ports":[{"name":"0","protocol":"TCP","port":80,"targetPort":80},{"name":"1","protocol":"TCP","port":81,"targetPort":81},{"name":"2","protocol":"TCP","port":82,"targetPort":82}]}},"totalStatue":"running","username":"kidfanjun","ver":"1.9.14-alpine"},"isDelVolume":false}	[MsgId: MERR-22986]
Error: [DEBUG]LAST	[MsgId: MERR-22986]
Error: web_custom_request("deleteApplication") started  	[MsgId: MMSG-26355]	[MsgId: MERR-22986]
Error: web_custom_request("deleteApplication") was successful, 64 body bytes, 251 header bytes  	[MsgId: MMSG-26386]	[MsgId: MERR-22986]
Error: Notify: Transaction "scaleservice" set.	[MsgId: MERR-22986]
Error: System.out:                                                                                                                                                        Notify:	[MsgId: MERR-22986]
Error: System.out:                                                                                                                                                        Notify:	[MsgId: MERR-22986]
Error: System.out: -------statics-------                                                                                                                                                      Notify:	[MsgId: MERR-22986]
Error: System.out: Scene:scaleservice failed ->Case deleteApplication failed ->                                                                                                                                                      Notify:	[MsgId: MERR-22986]
Error: Ending action Actions.	[MsgId: MERR-22986]
Error: Ending iteration 1.	[MsgId: MERR-22986]
Error: Ending Vuser...	[MsgId: MERR-22986]
Error: Starting action vuser_end.	[MsgId: MERR-22986]
Error: Ending action vuser_end.	[MsgId: MERR-22986]
Error: Vuser Terminated.	[MsgId: MERR-22986]
Warning: Extension java_int.dll reports error -1 on call to function ExtPerProcessInitialize	[MsgId: MWAR-10485]
Error: Thread Context: Call to service of the driver failed, reason - thread context wasn't initialized on this thread.	[MsgId: MERR-10176]
