Notify: Found jdk version: 1.6.0.	[MsgId: MMSG-22986]
Notify: classpath=C:\naturecloud\lb_scripts_new\java\noStore\UpdateService\UpdateService;c:\program files (x86)\hp\loadrunner\classes\srv;c:\program files (x86)\hp\loadrunner\classes;;C:\naturecloud\lb_scripts_new\lib\gson-2.8.0.jar;C:\naturecloud\lb_scripts_new\lib\commons-net-3.5.jar;;;c:\program files (x86)\hp\loadrunner\lib\xstream-1.4.8.jar;c:\program files (x86)\hp\loadrunner\lib\xpp3-1.1.4c.jar	[MsgId: MMSG-22986]
Notify: Path=c:\jdk1.6.0_45\jre\bin\client;C:\PROGRA~2\HP\LOADRU~1\bin;C:\Windows\system32;C:\Windows;C:\Windows\System32\Wbem;C:\Windows\System32\WindowsPowerShell\v1.0\;C:\Program Files\TortoiseGit\bin;c:\jdk1.6.0_45\bin;C:\jdk1.6.0_45\jre\bin;C:\Program Files (x86)\HP\LoadRunner\strawberry-perl\perl\bin	[MsgId: MMSG-22986]
Notify: VM Params: .	[MsgId: MMSG-22986]
Start auto log messages stack - Iteration 1.	[MsgId: MMSG-10545]
System.out: containerPort:80;protocolTCP                                                                                                                                                      Notify:	[MsgId: MMSG-17999]
System.out: limits: cpu: "0";memory : "0"                                                                                                                                                      Notify:	[MsgId: MMSG-17999]
System.out: requests: cpu: "0";memory : "0"                                                                                                                                                      Notify:	[MsgId: MMSG-17999]
System.out: mountPath: "/var/run/secrets/kubernetes.io/serviceaccount";name: "default-token-e0d8c";readOnly: true                                                                                                                                                      Notify:	[MsgId: MMSG-17999]
Error: status is Pending	[MsgId: MERR-17999]
Error: error:"containers with unready status: [free35]";reson:null	[MsgId: MERR-17999]
End auto log messages stack.	[MsgId: MMSG-10544]


Start auto log messages stack - Iteration 1.	[MsgId: MMSG-10545]
System.out: containerPort:80;protocolTCP                                                                                                                                                      Notify:	[MsgId: MMSG-17999]
System.out: limits: cpu: "0";memory : "0"                                                                                                                                                      Notify:	[MsgId: MMSG-17999]
System.out: requests: cpu: "0";memory : "0"                                                                                                                                                      Notify:	[MsgId: MMSG-17999]
System.out: mountPath: "/var/run/secrets/kubernetes.io/serviceaccount";name: "default-token-e0d8c";readOnly: true                                                                                                                                                      Notify:	[MsgId: MMSG-17999]
Error: status is Pending	[MsgId: MERR-17999]
Start auto log messages stack - Iteration 1.	[MsgId: MMSG-10545]
Error: error:"containers with unready status: [free25]";reson:null	[MsgId: MERR-17999]
End auto log messages stack.	[MsgId: MMSG-10544]


Start auto log messages stack - Iteration 1.	[MsgId: MMSG-10545]
System.out: containerPort:80;protocolTCP                                                                                                                                                      Notify:	[MsgId: MMSG-17999]
System.out: limits: cpu: "0";memory : "0"                                                                                                                                                      Notify:	[MsgId: MMSG-17999]
System.out: requests: cpu: "0";memory : "0"                                                                                                                                                      Notify:	[MsgId: MMSG-17999]
System.out: mountPath: "/var/run/secrets/kubernetes.io/serviceaccount";name: "default-token-e0d8c";readOnly: true                                                                                                                                                      Notify:	[MsgId: MMSG-17999]
Error: status is Pending	[MsgId: MERR-17999]
Error: error:"containers with unready status: [free25]";reson:null	[MsgId: MERR-17999]
End auto log messages stack.	[MsgId: MMSG-10544]


System.out: containerPort:80;protocolTCP                                                                                                                                                      Notify:	[MsgId: MMSG-17999]
System.out: limits: cpu: "0";memory : "0"                                                                                                                                                      Notify:	[MsgId: MMSG-17999]
System.out: requests: cpu: "0";memory : "0"                                                                                                                                                      Notify:	[MsgId: MMSG-17999]
System.out: mountPath: "/var/run/secrets/kubernetes.io/serviceaccount";name: "default-token-e0d8c";readOnly: true                                                                                                                                                      Notify:	[MsgId: MMSG-17999]
Error: status is Pending	[MsgId: MERR-17999]
Error: error:"containers with unready status: [free40]";reson:null	[MsgId: MERR-17999]
End auto log messages stack.	[MsgId: MMSG-10544]


Start auto log messages stack - Iteration 1.	[MsgId: MMSG-10545]
System.out: containerPort:80;protocolTCP                                                                                                                                                      Notify:	[MsgId: MMSG-17999]
System.out: limits: cpu: "0";memory : "0"                                                                                                                                                      Notify:	[MsgId: MMSG-17999]
System.out: requests: cpu: "0";memory : "0"                                                                                                                                                      Notify:	[MsgId: MMSG-17999]
System.out: mountPath: "/var/run/secrets/kubernetes.io/serviceaccount";name: "default-token-e0d8c";readOnly: true                                                                                                                                                      Notify:	[MsgId: MMSG-17999]
Error: status is Pending	[MsgId: MERR-17999]
Error: error:"containers with unready status: [free40]";reson:null	[MsgId: MERR-17999]
End auto log messages stack.	[MsgId: MMSG-10544]


Start auto log messages stack - Iteration 2.	[MsgId: MMSG-10545]
System.out: containerPort:80;protocolTCP                                                                                                                                                      Notify:	[MsgId: MMSG-17999]
System.out: limits: cpu: "0";memory : "0"                                                                                                                                                      Notify:	[MsgId: MMSG-17999]
System.out: requests: cpu: "0";memory : "0"                                                                                                                                                      Notify:	[MsgId: MMSG-17999]
System.out: mountPath: "/var/run/secrets/kubernetes.io/serviceaccount";name: "default-token-e0d8c";readOnly: true                                                                                                                                                      Notify:	[MsgId: MMSG-17999]
Error: status is Pending	[MsgId: MERR-17999]
Error: error:"containers with unready status: [free41]";reson:null	[MsgId: MERR-17999]
End auto log messages stack.	[MsgId: MMSG-10544]


Start auto log messages stack - Iteration 2.	[MsgId: MMSG-10545]
System.out: containerPort:80;protocolTCP                                                                                                                                                      Notify:	[MsgId: MMSG-17999]
System.out: limits: cpu: "0";memory : "0"                                                                                                                                                      Notify:	[MsgId: MMSG-17999]
System.out: requests: cpu: "0";memory : "0"                                                                                                                                                      Notify:	[MsgId: MMSG-17999]
System.out: mountPath: "/var/run/secrets/kubernetes.io/serviceaccount";name: "default-token-e0d8c";readOnly: true                                                                                                                                                      Notify:	[MsgId: MMSG-17999]
Error: status is Pending	[MsgId: MERR-17999]
Error: error:"containers with unready status: [free41]";reson:null	[MsgId: MERR-17999]
End auto log messages stack.	[MsgId: MMSG-10544]


Start auto log messages stack - Iteration 2.	[MsgId: MMSG-10545]
    on":"ContainersNotReady","message":"containers with unready status: [free26]"},{"type":"Po
    dScheduled","status":"True","lastProbeTime":null,"lastTransitionTime":"2017-01-11T06:42:09
    Z"}],"hostIP":"192.168.10.6","startTime":"2017-01-11T06:42:09Z","containerStatuses":[{"nam
    e":"free26","state":{"waiting":{"reason":"ContainerCreating"}},"lastState":{},"ready":fals
    e,"restartCount":0,"image":"prod.internal.naturecloud.io/library/nginx:1.9.14","imageID":"
    "}]}}]}}
Notify: Saving Parameter "ResponseBody = true".	[MsgId: MMSG-13798]
Notify: Message id [-13798] was not saved - Auto Log cache is too small to contain the message.	[MsgId: MMSG-10547]
web_custom_request("getPodStatus05") was successful, 1293 body bytes, 285 header bytes, 12 chunking overhead bytes  	[MsgId: MMSG-26385]
Notify: Parameter Substitution: parameter "ResponseBody" =  "true"	[MsgId: MMSG-13992]
Notify: Message id [-13992] was not saved - Auto Log cache is too small to contain the message.	[MsgId: MMSG-10547]
Message id [-17999] was not saved - Auto Log cache is too small to contain the message.	[MsgId: MMSG-10547]
Error: update version error	[MsgId: MERR-17999]
End auto log messages stack.	[MsgId: MMSG-10544]


Start auto log messages stack - Iteration 2.	[MsgId: MMSG-10545]
System.out: containerPort:80;protocolTCP                                                                                                                                                      Notify:	[MsgId: MMSG-17999]
System.out: limits: cpu: "0";memory : "0"                                                                                                                                                      Notify:	[MsgId: MMSG-17999]
System.out: requests: cpu: "0";memory : "0"                                                                                                                                                      Notify:	[MsgId: MMSG-17999]
System.out: mountPath: "/var/run/secrets/kubernetes.io/serviceaccount";name: "default-token-e0d8c";readOnly: true                                                                                                                                                      Notify:	[MsgId: MMSG-17999]
Error: status is Pending	[MsgId: MERR-17999]
Error: error:"containers with unready status: [free26]";reson:null	[MsgId: MERR-17999]
End auto log messages stack.	[MsgId: MMSG-10544]


Start auto log messages stack - Iteration 2.	[MsgId: MMSG-10545]
System.out: containerPort:80;protocolTCP                                                                                                                                                      Notify:	[MsgId: MMSG-17999]
System.out: limits: cpu: "0";memory : "0"                                                                                                                                                      Notify:	[MsgId: MMSG-17999]
System.out: requests: cpu: "0";memory : "0"                                                                                                                                                      Notify:	[MsgId: MMSG-17999]
System.out: mountPath: "/var/run/secrets/kubernetes.io/serviceaccount";name: "default-token-e0d8c";readOnly: true                                                                                                                                                      Notify:	[MsgId: MMSG-17999]
Error: status is Pending	[MsgId: MERR-17999]
Error: error:"containers with unready status: [free26]";reson:null	[MsgId: MERR-17999]
Error: items extend error	[MsgId: MERR-17999]
End auto log messages stack.	[MsgId: MMSG-10544]


Start auto log messages stack - Iteration 3.	[MsgId: MMSG-10545]
System.out: containerPort:80;protocolTCP                                                                                                                                                      Notify:	[MsgId: MMSG-17999]
System.out: limits: cpu: "0";memory : "0"                                                                                                                                                      Notify:	[MsgId: MMSG-17999]
System.out: requests: cpu: "0";memory : "0"                                                                                                                                                      Notify:	[MsgId: MMSG-17999]
System.out: mountPath: "/var/run/secrets/kubernetes.io/serviceaccount";name: "default-token-e0d8c";readOnly: true                                                                                                                                                      Notify:	[MsgId: MMSG-17999]
Error: status is Pending	[MsgId: MERR-17999]
Error: error:"containers with unready status: [free32]";reson:null	[MsgId: MERR-17999]
End auto log messages stack.	[MsgId: MMSG-10544]


Start auto log messages stack - Iteration 3.	[MsgId: MMSG-10545]
System.out: containerPort:80;protocolTCP                                                                                                                                                      Notify:	[MsgId: MMSG-17999]
System.out: limits: cpu: "0";memory : "0"                                                                                                                                                      Notify:	[MsgId: MMSG-17999]
System.out: requests: cpu: "0";memory : "0"                                                                                                                                                      Notify:	[MsgId: MMSG-17999]
System.out: mountPath: "/var/run/secrets/kubernetes.io/serviceaccount";name: "default-token-e0d8c";readOnly: true                                                                                                                                                      Notify:	[MsgId: MMSG-17999]
Error: status is Pending	[MsgId: MERR-17999]
Error: error:"containers with unready status: [free42]";reson:null	[MsgId: MERR-17999]
End auto log messages stack.	[MsgId: MMSG-10544]


Start auto log messages stack - Iteration 3.	[MsgId: MMSG-10545]
System.out: containerPort:80;protocolTCP                                                                                                                                                      Notify:	[MsgId: MMSG-17999]
System.out: limits: cpu: "0";memory : "0"                                                                                                                                                      Notify:	[MsgId: MMSG-17999]
System.out: requests: cpu: "0";memory : "0"                                                                                                                                                      Notify:	[MsgId: MMSG-17999]
System.out: mountPath: "/var/run/secrets/kubernetes.io/serviceaccount";name: "default-token-e0d8c";readOnly: true                                                                                                                                                      Notify:	[MsgId: MMSG-17999]
Error: status is Pending	[MsgId: MERR-17999]
Error: error:"containers with unready status: [free42]";reson:null	[MsgId: MERR-17999]
End auto log messages stack.	[MsgId: MMSG-10544]


Start auto log messages stack - Iteration 3.	[MsgId: MMSG-10545]
System.out: containerPort:80;protocolTCP                                                                                                                                                      Notify:	[MsgId: MMSG-17999]
System.out: limits: cpu: "0";memory : "0"                                                                                                                                                      Notify:	[MsgId: MMSG-17999]
System.out: requests: cpu: "0";memory : "0"                                                                                                                                                      Notify:	[MsgId: MMSG-17999]
System.out: mountPath: "/var/run/secrets/kubernetes.io/serviceaccount";name: "default-token-e0d8c";readOnly: true                                                                                                                                                      Notify:	[MsgId: MMSG-17999]
Error: status is Pending	[MsgId: MERR-17999]
Error: error:"containers with unready status: [free27]";reson:null	[MsgId: MERR-17999]
End auto log messages stack.	[MsgId: MMSG-10544]


Start auto log messages stack - Iteration 3.	[MsgId: MMSG-10545]
System.out: containerPort:80;protocolTCP                                                                                                                                                      Notify:	[MsgId: MMSG-17999]
System.out: limits: cpu: "0";memory : "0"                                                                                                                                                      Notify:	[MsgId: MMSG-17999]
System.out: requests: cpu: "0";memory : "0"                                                                                                                                                      Notify:	[MsgId: MMSG-17999]
System.out: mountPath: "/var/run/secrets/kubernetes.io/serviceaccount";name: "default-token-e0d8c";readOnly: true                                                                                                                                                      Notify:	[MsgId: MMSG-17999]
Error: status is Pending	[MsgId: MERR-17999]
Error: error:"containers with unready status: [free27]";reson:null	[MsgId: MERR-17999]
End auto log messages stack.	[MsgId: MMSG-10544]


