Notify: Found jdk version: 1.6.0.	[MsgId: MMSG-22986]
Notify: classpath=C:\naturecloud\lb_scripts_new\java\noStore\UpdateService\UpdateService;c:\program files (x86)\hp\loadrunner\classes\srv;c:\program files (x86)\hp\loadrunner\classes;;C:\naturecloud\lb_scripts_new\lib\gson-2.8.0.jar;C:\naturecloud\lb_scripts_new\lib\commons-net-3.5.jar;;;c:\program files (x86)\hp\loadrunner\lib\xstream-1.4.8.jar;c:\program files (x86)\hp\loadrunner\lib\xpp3-1.1.4c.jar	[MsgId: MMSG-22986]
Notify: Path=c:\jdk1.6.0_45\jre\bin\client;C:\PROGRA~2\HP\LOADRU~1\bin;C:\Windows\system32;C:\Windows;C:\Windows\System32\Wbem;C:\Windows\System32\WindowsPowerShell\v1.0\;C:\Program Files\TortoiseGit\bin;c:\jdk1.6.0_45\bin;C:\jdk1.6.0_45\jre\bin;C:\Program Files (x86)\HP\LoadRunner\strawberry-perl\perl\bin	[MsgId: MMSG-22986]
Notify: VM Params: .	[MsgId: MMSG-22986]
Start auto log messages stack - Iteration 137.	[MsgId: MMSG-10545]
    d.internal.naturecloud.io/library/nginx:1.9.14","imageID":"docker://sha256:bcd3fe34b14b06a
    a78dd9ab2624577004e83c169abc0f0fcfe32c8c8f3332f30","containerID":"docker://358e65c817c2921
    9174d4b51f1e64c5f565e71a034d96c1cbbe0eb2be598fe32"}]}}]}}
Notify: Saving Parameter "ResponseBody = true".	[MsgId: MMSG-13798]
t=17207745ms: 5-byte chunked response overhead for "http://ppe.naturecloud.io:88/apiApplication/getPodStatus" (RelFrameId=1, Internal ID=1096)
    0\r\n
    \r\n
Notify: Message id [-13798] was not saved - Auto Log cache is too small to contain the message.	[MsgId: MMSG-10547]
web_custom_request("getPodStatus05") was successful, 1372 body bytes, 285 header bytes, 12 chunking overhead bytes  	[MsgId: MMSG-26385]
Notify: Parameter Substitution: parameter "ResponseBody" =  "true"	[MsgId: MMSG-13992]
Notify: Message id [-13992] was not saved - Auto Log cache is too small to contain the message.	[MsgId: MMSG-10547]
Message id [-17999] was not saved - Auto Log cache is too small to contain the message.	[MsgId: MMSG-10547]
Error: update version error	[MsgId: MERR-17999]
End auto log messages stack.	[MsgId: MMSG-10544]


Start auto log messages stack - Iteration 137.	[MsgId: MMSG-10545]
System.out: limits: cpu: "0";memory : "0"                                                                                                                                                      Notify:	[MsgId: MMSG-17999]
System.out: requests: cpu: "0";memory : "0"                                                                                                                                                      Notify:	[MsgId: MMSG-17999]
System.out: mountPath: "/var/run/secrets/kubernetes.io/serviceaccount";name: "default-token-e0d8c";readOnly: true                                                                                                                                                      Notify:	[MsgId: MMSG-17999]
System.out: status is Running                                                                                                                                                      Notify:	[MsgId: MMSG-17999]
Error: items extend error	[MsgId: MERR-17999]
End auto log messages stack.	[MsgId: MMSG-10544]


Start auto log messages stack - Iteration 174.	[MsgId: MMSG-10545]
System.out: limits: cpu: "0";memory : "0"                                                                                                                                                      Notify:	[MsgId: MMSG-17999]
System.out: requests: cpu: "0";memory : "0"                                                                                                                                                      Notify:	[MsgId: MMSG-17999]
System.out: mountPath: "/var/run/secrets/kubernetes.io/serviceaccount";name: "default-token-e0d8c";readOnly: true                                                                                                                                                      Notify:	[MsgId: MMSG-17999]
System.out: status is Running                                                                                                                                                      Notify:	[MsgId: MMSG-17999]
Error: update version error	[MsgId: MERR-17999]
End auto log messages stack.	[MsgId: MMSG-10544]


Start auto log messages stack - Iteration 174.	[MsgId: MMSG-10545]
System.out: limits: cpu: "0";memory : "0"                                                                                                                                                      Notify:	[MsgId: MMSG-17999]
System.out: requests: cpu: "0";memory : "0"                                                                                                                                                      Notify:	[MsgId: MMSG-17999]
System.out: mountPath: "/var/run/secrets/kubernetes.io/serviceaccount";name: "default-token-e0d8c";readOnly: true                                                                                                                                                      Notify:	[MsgId: MMSG-17999]
System.out: status is Running                                                                                                                                                      Notify:	[MsgId: MMSG-17999]
Error: items extend error	[MsgId: MERR-17999]
End auto log messages stack.	[MsgId: MMSG-10544]


Start auto log messages stack - Iteration 196.	[MsgId: MMSG-10545]
System.out: limits: cpu: "0";memory : "0"                                                                                                                                                      Notify:	[MsgId: MMSG-17999]
System.out: requests: cpu: "0";memory : "0"                                                                                                                                                      Notify:	[MsgId: MMSG-17999]
System.out: mountPath: "/var/run/secrets/kubernetes.io/serviceaccount";name: "default-token-e0d8c";readOnly: true                                                                                                                                                      Notify:	[MsgId: MMSG-17999]
System.out: status is Running                                                                                                                                                      Notify:	[MsgId: MMSG-17999]
Error: update version error	[MsgId: MERR-17999]
End auto log messages stack.	[MsgId: MMSG-10544]


Start auto log messages stack - Iteration 196.	[MsgId: MMSG-10545]
System.out: limits: cpu: "0";memory : "0"                                                                                                                                                      Notify:	[MsgId: MMSG-17999]
System.out: requests: cpu: "0";memory : "0"                                                                                                                                                      Notify:	[MsgId: MMSG-17999]
System.out: mountPath: "/var/run/secrets/kubernetes.io/serviceaccount";name: "default-token-e0d8c";readOnly: true                                                                                                                                                      Notify:	[MsgId: MMSG-17999]
System.out: status is Running                                                                                                                                                      Notify:	[MsgId: MMSG-17999]
Error: items extend error	[MsgId: MERR-17999]
End auto log messages stack.	[MsgId: MMSG-10544]


