Notify: Found jdk version: 1.6.0.	[MsgId: MMSG-22986]
Notify: classpath=C:\naturecloud\lb_scripts_new\java\noStore\UpdateService\UpdateService;c:\program files (x86)\hp\loadrunner\classes\srv;c:\program files (x86)\hp\loadrunner\classes;;C:\naturecloud\lb_scripts_new\lib\gson-2.8.0.jar;C:\naturecloud\lb_scripts_new\lib\commons-net-3.5.jar;;;c:\program files (x86)\hp\loadrunner\lib\xstream-1.4.8.jar;c:\program files (x86)\hp\loadrunner\lib\xpp3-1.1.4c.jar	[MsgId: MMSG-22986]
Notify: Path=c:\jdk1.6.0_45\jre\bin\client;C:\PROGRA~2\HP\LOADRU~1\bin;C:\Windows\system32;C:\Windows;C:\Windows\System32\Wbem;C:\Windows\System32\WindowsPowerShell\v1.0\;C:\Program Files\TortoiseGit\bin;c:\jdk1.6.0_45\bin;C:\jdk1.6.0_45\jre\bin;C:\Program Files (x86)\HP\LoadRunner\strawberry-perl\perl\bin	[MsgId: MMSG-22986]
Notify: VM Params: .	[MsgId: MMSG-22986]
Start auto log messages stack - Iteration 1.	[MsgId: MMSG-10545]
System.out: containerPort:80;protocolTCP                                                                                                                                                      Notify:	[MsgId: MMSG-17999]
System.out: limits: cpu: "0";memory : "0"                                                                                                                                                      Notify:	[MsgId: MMSG-17999]
System.out: requests: cpu: "0";memory : "0"                                                                                                                                                      Notify:	[MsgId: MMSG-17999]
System.out: mountPath: "/var/run/secrets/kubernetes.io/serviceaccount";name: "default-token-e0d8c";readOnly: true                                                                                                                                                      Notify:	[MsgId: MMSG-17999]
Error: status is Pending	[MsgId: MERR-17999]
Error: error:"containers with unready status: [free16]";reson:null	[MsgId: MERR-17999]
End auto log messages stack.	[MsgId: MMSG-10544]


Start auto log messages stack - Iteration 1.	[MsgId: MMSG-10545]
System.out: containerPort:80;protocolTCP                                                                                                                                                      Notify:	[MsgId: MMSG-17999]
System.out: limits: cpu: "0";memory : "0"                                                                                                                                                      Notify:	[MsgId: MMSG-17999]
System.out: requests: cpu: "0";memory : "0"                                                                                                                                                      Notify:	[MsgId: MMSG-17999]
System.out: mountPath: "/var/run/secrets/kubernetes.io/serviceaccount";name: "default-token-e0d8c";readOnly: true                                                                                                                                                      Notify:	[MsgId: MMSG-17999]
Error: status is Pending	[MsgId: MERR-17999]
Error: error:"containers with unready status: [free32]";reson:null	[MsgId: MERR-17999]
End auto log messages stack.	[MsgId: MMSG-10544]


Start auto log messages stack - Iteration 1.	[MsgId: MMSG-10545]
System.out: containerPort:80;protocolTCP                                                                                                                                                      Notify:	[MsgId: MMSG-17999]
System.out: limits: cpu: "0";memory : "0"                                                                                                                                                      Notify:	[MsgId: MMSG-17999]
System.out: requests: cpu: "0";memory : "0"                                                                                                                                                      Notify:	[MsgId: MMSG-17999]
System.out: mountPath: "/var/run/secrets/kubernetes.io/serviceaccount";name: "default-token-e0d8c";readOnly: true                                                                                                                                                      Notify:	[MsgId: MMSG-17999]
Error: status is Pending	[MsgId: MERR-17999]
Error: error:"containers with unready status: [free32]";reson:null	[MsgId: MERR-17999]
End auto log messages stack.	[MsgId: MMSG-10544]


Start auto log messages stack - Iteration 2.	[MsgId: MMSG-10545]
System.out: containerPort:80;protocolTCP                                                                                                                                                      Notify:	[MsgId: MMSG-17999]
System.out: limits: cpu: "0";memory : "0"                                                                                                                                                      Notify:	[MsgId: MMSG-17999]
System.out: requests: cpu: "0";memory : "0"                                                                                                                                                      Notify:	[MsgId: MMSG-17999]
System.out: mountPath: "/var/run/secrets/kubernetes.io/serviceaccount";name: "default-token-e0d8c";readOnly: true                                                                                                                                                      Notify:	[MsgId: MMSG-17999]
Error: status is Pending	[MsgId: MERR-17999]
Error: error:"containers with unready status: [free01]";reson:null	[MsgId: MERR-17999]
End auto log messages stack.	[MsgId: MMSG-10544]


Start auto log messages stack - Iteration 2.	[MsgId: MMSG-10545]
System.out: containerPort:80;protocolTCP                                                                                                                                                      Notify:	[MsgId: MMSG-17999]
System.out: limits: cpu: "0";memory : "0"                                                                                                                                                      Notify:	[MsgId: MMSG-17999]
System.out: requests: cpu: "0";memory : "0"                                                                                                                                                      Notify:	[MsgId: MMSG-17999]
System.out: mountPath: "/var/run/secrets/kubernetes.io/serviceaccount";name: "default-token-e0d8c";readOnly: true                                                                                                                                                      Notify:	[MsgId: MMSG-17999]
Error: status is Pending	[MsgId: MERR-17999]
Error: error:"containers with unready status: [free01]";reson:null	[MsgId: MERR-17999]
End auto log messages stack.	[MsgId: MMSG-10544]


Start auto log messages stack - Iteration 2.	[MsgId: MMSG-10545]
System.out: containerPort:80;protocolTCP                                                                                                                                                      Notify:	[MsgId: MMSG-17999]
System.out: limits: cpu: "0";memory : "0"                                                                                                                                                      Notify:	[MsgId: MMSG-17999]
System.out: requests: cpu: "0";memory : "0"                                                                                                                                                      Notify:	[MsgId: MMSG-17999]
System.out: mountPath: "/var/run/secrets/kubernetes.io/serviceaccount";name: "default-token-e0d8c";readOnly: true                                                                                                                                                      Notify:	[MsgId: MMSG-17999]
Error: status is Pending	[MsgId: MERR-17999]
Error: error:"containers with unready status: [free17]";reson:null	[MsgId: MERR-17999]
End auto log messages stack.	[MsgId: MMSG-10544]


Start auto log messages stack - Iteration 2.	[MsgId: MMSG-10545]
System.out: containerPort:80;protocolTCP                                                                                                                                                      Notify:	[MsgId: MMSG-17999]
System.out: limits: cpu: "0";memory : "0"                                                                                                                                                      Notify:	[MsgId: MMSG-17999]
System.out: requests: cpu: "0";memory : "0"                                                                                                                                                      Notify:	[MsgId: MMSG-17999]
System.out: mountPath: "/var/run/secrets/kubernetes.io/serviceaccount";name: "default-token-e0d8c";readOnly: true                                                                                                                                                      Notify:	[MsgId: MMSG-17999]
Error: status is Pending	[MsgId: MERR-17999]
Error: error:"containers with unready status: [free17]";reson:null	[MsgId: MERR-17999]
End auto log messages stack.	[MsgId: MMSG-10544]


Start auto log messages stack - Iteration 2.	[MsgId: MMSG-10545]
System.out: containerPort:80;protocolTCP                                                                                                                                                      Notify:	[MsgId: MMSG-17999]
System.out: limits: cpu: "0";memory : "0"                                                                                                                                                      Notify:	[MsgId: MMSG-17999]
System.out: requests: cpu: "0";memory : "0"                                                                                                                                                      Notify:	[MsgId: MMSG-17999]
System.out: mountPath: "/var/run/secrets/kubernetes.io/serviceaccount";name: "default-token-e0d8c";readOnly: true                                                                                                                                                      Notify:	[MsgId: MMSG-17999]
Error: status is Pending	[MsgId: MERR-17999]
Error: error:"containers with unready status: [free33]";reson:null	[MsgId: MERR-17999]
End auto log messages stack.	[MsgId: MMSG-10544]


Start auto log messages stack - Iteration 2.	[MsgId: MMSG-10545]
System.out: containerPort:80;protocolTCP                                                                                                                                                      Notify:	[MsgId: MMSG-17999]
System.out: limits: cpu: "0";memory : "0"                                                                                                                                                      Notify:	[MsgId: MMSG-17999]
System.out: requests: cpu: "0";memory : "0"                                                                                                                                                      Notify:	[MsgId: MMSG-17999]
System.out: mountPath: "/var/run/secrets/kubernetes.io/serviceaccount";name: "default-token-e0d8c";readOnly: true                                                                                                                                                      Notify:	[MsgId: MMSG-17999]
Error: status is Pending	[MsgId: MERR-17999]
Error: error:"containers with unready status: [free33]";reson:null	[MsgId: MERR-17999]
End auto log messages stack.	[MsgId: MMSG-10544]


Start auto log messages stack - Iteration 3.	[MsgId: MMSG-10545]
System.out: containerPort:80;protocolTCP                                                                                                                                                      Notify:	[MsgId: MMSG-17999]
System.out: limits: cpu: "0";memory : "0"                                                                                                                                                      Notify:	[MsgId: MMSG-17999]
System.out: requests: cpu: "0";memory : "0"                                                                                                                                                      Notify:	[MsgId: MMSG-17999]
System.out: mountPath: "/var/run/secrets/kubernetes.io/serviceaccount";name: "default-token-e0d8c";readOnly: true                                                                                                                                                      Notify:	[MsgId: MMSG-17999]
Error: status is Pending	[MsgId: MERR-17999]
Error: error:"containers with unready status: [free02]";reson:null	[MsgId: MERR-17999]
End auto log messages stack.	[MsgId: MMSG-10544]


Start auto log messages stack - Iteration 3.	[MsgId: MMSG-10545]
System.out: containerPort:80;protocolTCP                                                                                                                                                      Notify:	[MsgId: MMSG-17999]
System.out: limits: cpu: "0";memory : "0"                                                                                                                                                      Notify:	[MsgId: MMSG-17999]
System.out: requests: cpu: "0";memory : "0"                                                                                                                                                      Notify:	[MsgId: MMSG-17999]
System.out: mountPath: "/var/run/secrets/kubernetes.io/serviceaccount";name: "default-token-e0d8c";readOnly: true                                                                                                                                                      Notify:	[MsgId: MMSG-17999]
Error: status is Pending	[MsgId: MERR-17999]
Error: error:"containers with unready status: [free02]";reson:null	[MsgId: MERR-17999]
Error: update version error	[MsgId: MERR-17999]
End auto log messages stack.	[MsgId: MMSG-10544]


Start auto log messages stack - Iteration 3.	[MsgId: MMSG-10545]
System.out: containerPort:80;protocolTCP                                                                                                                                                      Notify:	[MsgId: MMSG-17999]
System.out: limits: cpu: "0";memory : "0"                                                                                                                                                      Notify:	[MsgId: MMSG-17999]
System.out: requests: cpu: "0";memory : "0"                                                                                                                                                      Notify:	[MsgId: MMSG-17999]
System.out: mountPath: "/var/run/secrets/kubernetes.io/serviceaccount";name: "default-token-e0d8c";readOnly: true                                                                                                                                                      Notify:	[MsgId: MMSG-17999]
Error: status is Pending	[MsgId: MERR-17999]
Error: error:"containers with unready status: [free02]";reson:null	[MsgId: MERR-17999]
Error: items extend error	[MsgId: MERR-17999]
End auto log messages stack.	[MsgId: MMSG-10544]


Start auto log messages stack - Iteration 3.	[MsgId: MMSG-10545]
System.out: containerPort:80;protocolTCP                                                                                                                                                      Notify:	[MsgId: MMSG-17999]
System.out: limits: cpu: "0";memory : "0"                                                                                                                                                      Notify:	[MsgId: MMSG-17999]
System.out: requests: cpu: "0";memory : "0"                                                                                                                                                      Notify:	[MsgId: MMSG-17999]
System.out: mountPath: "/var/run/secrets/kubernetes.io/serviceaccount";name: "default-token-e0d8c";readOnly: true                                                                                                                                                      Notify:	[MsgId: MMSG-17999]
Error: status is Pending	[MsgId: MERR-17999]
Error: error:"containers with unready status: [free18]";reson:null	[MsgId: MERR-17999]
Error: update version error	[MsgId: MERR-17999]
End auto log messages stack.	[MsgId: MMSG-10544]


Start auto log messages stack - Iteration 3.	[MsgId: MMSG-10545]
System.out: containerPort:80;protocolTCP                                                                                                                                                      Notify:	[MsgId: MMSG-17999]
System.out: limits: cpu: "0";memory : "0"                                                                                                                                                      Notify:	[MsgId: MMSG-17999]
System.out: requests: cpu: "0";memory : "0"                                                                                                                                                      Notify:	[MsgId: MMSG-17999]
System.out: mountPath: "/var/run/secrets/kubernetes.io/serviceaccount";name: "default-token-e0d8c";readOnly: true                                                                                                                                                      Notify:	[MsgId: MMSG-17999]
Error: status is Pending	[MsgId: MERR-17999]
Error: error:"containers with unready status: [free18]";reson:null	[MsgId: MERR-17999]
End auto log messages stack.	[MsgId: MMSG-10544]


Start auto log messages stack - Iteration 3.	[MsgId: MMSG-10545]
System.out: containerPort:80;protocolTCP                                                                                                                                                      Notify:	[MsgId: MMSG-17999]
System.out: limits: cpu: "0";memory : "0"                                                                                                                                                      Notify:	[MsgId: MMSG-17999]
System.out: requests: cpu: "0";memory : "0"                                                                                                                                                      Notify:	[MsgId: MMSG-17999]
System.out: mountPath: "/var/run/secrets/kubernetes.io/serviceaccount";name: "default-token-e0d8c";readOnly: true                                                                                                                                                      Notify:	[MsgId: MMSG-17999]
Error: status is Pending	[MsgId: MERR-17999]
Error: error:"containers with unready status: [free18]";reson:null	[MsgId: MERR-17999]
Error: items extend error	[MsgId: MERR-17999]
End auto log messages stack.	[MsgId: MMSG-10544]


Start auto log messages stack - Iteration 3.	[MsgId: MMSG-10545]
    ntainers with unready status: [free34]"},{"type":"PodScheduled","status":"True","lastProbe
    Time":null,"lastTransitionTime":"2017-01-11T05:46:49Z"}],"hostIP":"192.168.10.6","startTim
    e":"2017-01-11T05:46:49Z","containerStatuses":[{"name":"free34","state":{"waiting":{"reaso
    n":"ContainerCreating"}},"lastState":{},"ready":false,"restartCount":0,"image":"prod.inter
    nal.naturecloud.io/library/nginx:1.9.14","imageID":""}]}}]}}
Notify: Saving Parameter "ResponseBody = true".	[MsgId: MMSG-13798]
Notify: Message id [-13798] was not saved - Auto Log cache is too small to contain the message.	[MsgId: MMSG-10547]
web_custom_request("getPodStatus05") was successful, 1144 body bytes, 285 header bytes, 12 chunking overhead bytes  	[MsgId: MMSG-26385]
Notify: Parameter Substitution: parameter "ResponseBody" =  "true"	[MsgId: MMSG-13992]
Notify: Message id [-13992] was not saved - Auto Log cache is too small to contain the message.	[MsgId: MMSG-10547]
Message id [-17999] was not saved - Auto Log cache is too small to contain the message.	[MsgId: MMSG-10547]
Error: update version error	[MsgId: MERR-17999]
End auto log messages stack.	[MsgId: MMSG-10544]


Start auto log messages stack - Iteration 3.	[MsgId: MMSG-10545]
System.out: containerPort:80;protocolTCP                                                                                                                                                      Notify:	[MsgId: MMSG-17999]
System.out: limits: cpu: "0";memory : "0"                                                                                                                                                      Notify:	[MsgId: MMSG-17999]
System.out: requests: cpu: "0";memory : "0"                                                                                                                                                      Notify:	[MsgId: MMSG-17999]
System.out: mountPath: "/var/run/secrets/kubernetes.io/serviceaccount";name: "default-token-e0d8c";readOnly: true                                                                                                                                                      Notify:	[MsgId: MMSG-17999]
Error: status is Pending	[MsgId: MERR-17999]
Error: error:"containers with unready status: [free34]";reson:null	[MsgId: MERR-17999]
End auto log messages stack.	[MsgId: MMSG-10544]


Start auto log messages stack - Iteration 3.	[MsgId: MMSG-10545]
System.out: containerPort:80;protocolTCP                                                                                                                                                      Notify:	[MsgId: MMSG-17999]
System.out: limits: cpu: "0";memory : "0"                                                                                                                                                      Notify:	[MsgId: MMSG-17999]
System.out: requests: cpu: "0";memory : "0"                                                                                                                                                      Notify:	[MsgId: MMSG-17999]
System.out: mountPath: "/var/run/secrets/kubernetes.io/serviceaccount";name: "default-token-e0d8c";readOnly: true                                                                                                                                                      Notify:	[MsgId: MMSG-17999]
Error: status is Pending	[MsgId: MERR-17999]
Error: error:"containers with unready status: [free34]";reson:null	[MsgId: MERR-17999]
End auto log messages stack.	[MsgId: MMSG-10544]


Start auto log messages stack - Iteration 3.	[MsgId: MMSG-10545]
System.out: containerPort:80;protocolTCP                                                                                                                                                      Notify:	[MsgId: MMSG-17999]
System.out: limits: cpu: "0";memory : "0"                                                                                                                                                      Notify:	[MsgId: MMSG-17999]
System.out: requests: cpu: "0";memory : "0"                                                                                                                                                      Notify:	[MsgId: MMSG-17999]
System.out: mountPath: "/var/run/secrets/kubernetes.io/serviceaccount";name: "default-token-e0d8c";readOnly: true                                                                                                                                                      Notify:	[MsgId: MMSG-17999]
Error: status is Pending	[MsgId: MERR-17999]
Error: error:"containers with unready status: [free34]";reson:null	[MsgId: MERR-17999]
Error: items extend error	[MsgId: MERR-17999]
End auto log messages stack.	[MsgId: MMSG-10544]


Start auto log messages stack - Iteration 4.	[MsgId: MMSG-10545]
System.out: containerPort:80;protocolTCP                                                                                                                                                      Notify:	[MsgId: MMSG-17999]
System.out: limits: cpu: "0";memory : "0"                                                                                                                                                      Notify:	[MsgId: MMSG-17999]
System.out: requests: cpu: "0";memory : "0"                                                                                                                                                      Notify:	[MsgId: MMSG-17999]
System.out: mountPath: "/var/run/secrets/kubernetes.io/serviceaccount";name: "default-token-e0d8c";readOnly: true                                                                                                                                                      Notify:	[MsgId: MMSG-17999]
Error: status is Pending	[MsgId: MERR-17999]
Error: error:null;reson:null	[MsgId: MERR-17999]
End auto log messages stack.	[MsgId: MMSG-10544]


Start auto log messages stack - Iteration 4.	[MsgId: MMSG-10545]
System.out: containerPort:80;protocolTCP                                                                                                                                                      Notify:	[MsgId: MMSG-17999]
System.out: limits: cpu: "0";memory : "0"                                                                                                                                                      Notify:	[MsgId: MMSG-17999]
System.out: requests: cpu: "0";memory : "0"                                                                                                                                                      Notify:	[MsgId: MMSG-17999]
System.out: mountPath: "/var/run/secrets/kubernetes.io/serviceaccount";name: "default-token-e0d8c";readOnly: true                                                                                                                                                      Notify:	[MsgId: MMSG-17999]
Error: status is Pending	[MsgId: MERR-17999]
Error: error:null;reson:null	[MsgId: MERR-17999]
End auto log messages stack.	[MsgId: MMSG-10544]


Start auto log messages stack - Iteration 4.	[MsgId: MMSG-10545]
System.out: containerPort:80;protocolTCP                                                                                                                                                      Notify:	[MsgId: MMSG-17999]
System.out: limits: cpu: "0";memory : "0"                                                                                                                                                      Notify:	[MsgId: MMSG-17999]
System.out: requests: cpu: "0";memory : "0"                                                                                                                                                      Notify:	[MsgId: MMSG-17999]
System.out: mountPath: "/var/run/secrets/kubernetes.io/serviceaccount";name: "default-token-e0d8c";readOnly: true                                                                                                                                                      Notify:	[MsgId: MMSG-17999]
Error: status is Pending	[MsgId: MERR-17999]
Error: error:"containers with unready status: [free19]";reson:null	[MsgId: MERR-17999]
End auto log messages stack.	[MsgId: MMSG-10544]


Start auto log messages stack - Iteration 4.	[MsgId: MMSG-10545]
System.out: containerPort:80;protocolTCP                                                                                                                                                      Notify:	[MsgId: MMSG-17999]
System.out: limits: cpu: "0";memory : "0"                                                                                                                                                      Notify:	[MsgId: MMSG-17999]
System.out: requests: cpu: "0";memory : "0"                                                                                                                                                      Notify:	[MsgId: MMSG-17999]
System.out: mountPath: "/var/run/secrets/kubernetes.io/serviceaccount";name: "default-token-e0d8c";readOnly: true                                                                                                                                                      Notify:	[MsgId: MMSG-17999]
Error: status is Pending	[MsgId: MERR-17999]
Error: error:null;reson:null	[MsgId: MERR-17999]
End auto log messages stack.	[MsgId: MMSG-10544]


Start auto log messages stack - Iteration 4.	[MsgId: MMSG-10545]
System.out: containerPort:80;protocolTCP                                                                                                                                                      Notify:	[MsgId: MMSG-17999]
System.out: limits: cpu: "0";memory : "0"                                                                                                                                                      Notify:	[MsgId: MMSG-17999]
System.out: requests: cpu: "0";memory : "0"                                                                                                                                                      Notify:	[MsgId: MMSG-17999]
System.out: mountPath: "/var/run/secrets/kubernetes.io/serviceaccount";name: "default-token-e0d8c";readOnly: true                                                                                                                                                      Notify:	[MsgId: MMSG-17999]
Error: status is Pending	[MsgId: MERR-17999]
Error: error:"containers with unready status: [free35]";reson:null	[MsgId: MERR-17999]
End auto log messages stack.	[MsgId: MMSG-10544]


Start auto log messages stack - Iteration 4.	[MsgId: MMSG-10545]
System.out: containerPort:80;protocolTCP                                                                                                                                                      Notify:	[MsgId: MMSG-17999]
System.out: limits: cpu: "0";memory : "0"                                                                                                                                                      Notify:	[MsgId: MMSG-17999]
System.out: requests: cpu: "0";memory : "0"                                                                                                                                                      Notify:	[MsgId: MMSG-17999]
System.out: mountPath: "/var/run/secrets/kubernetes.io/serviceaccount";name: "default-token-e0d8c";readOnly: true                                                                                                                                                      Notify:	[MsgId: MMSG-17999]
Error: status is Pending	[MsgId: MERR-17999]
Error: error:"containers with unready status: [free35]";reson:null	[MsgId: MERR-17999]
End auto log messages stack.	[MsgId: MMSG-10544]


Start auto log messages stack - Iteration 5.	[MsgId: MMSG-10545]
System.out: containerPort:80;protocolTCP                                                                                                                                                      Notify:	[MsgId: MMSG-17999]
System.out: limits: cpu: "0";memory : "0"                                                                                                                                                      Notify:	[MsgId: MMSG-17999]
System.out: requests: cpu: "0";memory : "0"                                                                                                                                                      Notify:	[MsgId: MMSG-17999]
System.out: mountPath: "/var/run/secrets/kubernetes.io/serviceaccount";name: "default-token-e0d8c";readOnly: true                                                                                                                                                      Notify:	[MsgId: MMSG-17999]
Error: status is Pending	[MsgId: MERR-17999]
Error: error:null;reson:null	[MsgId: MERR-17999]
End auto log messages stack.	[MsgId: MMSG-10544]


Start auto log messages stack - Iteration 5.	[MsgId: MMSG-10545]
System.out: containerPort:80;protocolTCP                                                                                                                                                      Notify:	[MsgId: MMSG-17999]
System.out: limits: cpu: "0";memory : "0"                                                                                                                                                      Notify:	[MsgId: MMSG-17999]
System.out: requests: cpu: "0";memory : "0"                                                                                                                                                      Notify:	[MsgId: MMSG-17999]
System.out: mountPath: "/var/run/secrets/kubernetes.io/serviceaccount";name: "default-token-e0d8c";readOnly: true                                                                                                                                                      Notify:	[MsgId: MMSG-17999]
Error: status is Pending	[MsgId: MERR-17999]
Error: error:null;reson:null	[MsgId: MERR-17999]
End auto log messages stack.	[MsgId: MMSG-10544]


Start auto log messages stack - Iteration 5.	[MsgId: MMSG-10545]
System.out: containerPort:80;protocolTCP                                                                                                                                                      Notify:	[MsgId: MMSG-17999]
System.out: limits: cpu: "0";memory : "0"                                                                                                                                                      Notify:	[MsgId: MMSG-17999]
System.out: requests: cpu: "0";memory : "0"                                                                                                                                                      Notify:	[MsgId: MMSG-17999]
System.out: mountPath: "/var/run/secrets/kubernetes.io/serviceaccount";name: "default-token-e0d8c";readOnly: true                                                                                                                                                      Notify:	[MsgId: MMSG-17999]
Error: status is Pending	[MsgId: MERR-17999]
Error: error:null;reson:null	[MsgId: MERR-17999]
End auto log messages stack.	[MsgId: MMSG-10544]


Start auto log messages stack - Iteration 5.	[MsgId: MMSG-10545]
System.out: containerPort:80;protocolTCP                                                                                                                                                      Notify:	[MsgId: MMSG-17999]
System.out: limits: cpu: "0";memory : "0"                                                                                                                                                      Notify:	[MsgId: MMSG-17999]
System.out: requests: cpu: "0";memory : "0"                                                                                                                                                      Notify:	[MsgId: MMSG-17999]
System.out: mountPath: "/var/run/secrets/kubernetes.io/serviceaccount";name: "default-token-e0d8c";readOnly: true                                                                                                                                                      Notify:	[MsgId: MMSG-17999]
Error: status is Pending	[MsgId: MERR-17999]
Error: error:null;reson:null	[MsgId: MERR-17999]
End auto log messages stack.	[MsgId: MMSG-10544]


Start auto log messages stack - Iteration 5.	[MsgId: MMSG-10545]
System.out: containerPort:80;protocolTCP                                                                                                                                                      Notify:	[MsgId: MMSG-17999]
System.out: limits: cpu: "0";memory : "0"                                                                                                                                                      Notify:	[MsgId: MMSG-17999]
System.out: requests: cpu: "0";memory : "0"                                                                                                                                                      Notify:	[MsgId: MMSG-17999]
System.out: mountPath: "/var/run/secrets/kubernetes.io/serviceaccount";name: "default-token-e0d8c";readOnly: true                                                                                                                                                      Notify:	[MsgId: MMSG-17999]
Error: status is Pending	[MsgId: MERR-17999]
Error: error:null;reson:null	[MsgId: MERR-17999]
End auto log messages stack.	[MsgId: MMSG-10544]


Start auto log messages stack - Iteration 5.	[MsgId: MMSG-10545]
System.out: containerPort:80;protocolTCP                                                                                                                                                      Notify:	[MsgId: MMSG-17999]
System.out: limits: cpu: "0";memory : "0"                                                                                                                                                      Notify:	[MsgId: MMSG-17999]
System.out: requests: cpu: "0";memory : "0"                                                                                                                                                      Notify:	[MsgId: MMSG-17999]
System.out: mountPath: "/var/run/secrets/kubernetes.io/serviceaccount";name: "default-token-e0d8c";readOnly: true                                                                                                                                                      Notify:	[MsgId: MMSG-17999]
Error: status is Pending	[MsgId: MERR-17999]
Error: error:null;reson:null	[MsgId: MERR-17999]
End auto log messages stack.	[MsgId: MMSG-10544]


Start auto log messages stack - Iteration 6.	[MsgId: MMSG-10545]
System.out: containerPort:80;protocolTCP                                                                                                                                                      Notify:	[MsgId: MMSG-17999]
System.out: limits: cpu: "0";memory : "0"                                                                                                                                                      Notify:	[MsgId: MMSG-17999]
System.out: requests: cpu: "0";memory : "0"                                                                                                                                                      Notify:	[MsgId: MMSG-17999]
System.out: mountPath: "/var/run/secrets/kubernetes.io/serviceaccount";name: "default-token-e0d8c";readOnly: true                                                                                                                                                      Notify:	[MsgId: MMSG-17999]
Error: status is Pending	[MsgId: MERR-17999]
Error: error:null;reson:null	[MsgId: MERR-17999]
End auto log messages stack.	[MsgId: MMSG-10544]


Start auto log messages stack - Iteration 6.	[MsgId: MMSG-10545]
System.out: containerPort:80;protocolTCP                                                                                                                                                      Notify:	[MsgId: MMSG-17999]
System.out: limits: cpu: "0";memory : "0"                                                                                                                                                      Notify:	[MsgId: MMSG-17999]
System.out: requests: cpu: "0";memory : "0"                                                                                                                                                      Notify:	[MsgId: MMSG-17999]
System.out: mountPath: "/var/run/secrets/kubernetes.io/serviceaccount";name: "default-token-e0d8c";readOnly: true                                                                                                                                                      Notify:	[MsgId: MMSG-17999]
Error: status is Pending	[MsgId: MERR-17999]
Error: error:null;reson:null	[MsgId: MERR-17999]
End auto log messages stack.	[MsgId: MMSG-10544]


Start auto log messages stack - Iteration 6.	[MsgId: MMSG-10545]
System.out: containerPort:80;protocolTCP                                                                                                                                                      Notify:	[MsgId: MMSG-17999]
System.out: limits: cpu: "0";memory : "0"                                                                                                                                                      Notify:	[MsgId: MMSG-17999]
System.out: requests: cpu: "0";memory : "0"                                                                                                                                                      Notify:	[MsgId: MMSG-17999]
System.out: mountPath: "/var/run/secrets/kubernetes.io/serviceaccount";name: "default-token-e0d8c";readOnly: true                                                                                                                                                      Notify:	[MsgId: MMSG-17999]
Error: status is Pending	[MsgId: MERR-17999]
Error: error:null;reson:null	[MsgId: MERR-17999]
End auto log messages stack.	[MsgId: MMSG-10544]


Start auto log messages stack - Iteration 6.	[MsgId: MMSG-10545]
System.out: containerPort:80;protocolTCP                                                                                                                                                      Notify:	[MsgId: MMSG-17999]
System.out: limits: cpu: "0";memory : "0"                                                                                                                                                      Notify:	[MsgId: MMSG-17999]
System.out: requests: cpu: "0";memory : "0"                                                                                                                                                      Notify:	[MsgId: MMSG-17999]
System.out: mountPath: "/var/run/secrets/kubernetes.io/serviceaccount";name: "default-token-e0d8c";readOnly: true                                                                                                                                                      Notify:	[MsgId: MMSG-17999]
Error: status is Pending	[MsgId: MERR-17999]
Error: error:null;reson:null	[MsgId: MERR-17999]
End auto log messages stack.	[MsgId: MMSG-10544]


Start auto log messages stack - Iteration 6.	[MsgId: MMSG-10545]
System.out: containerPort:80;protocolTCP                                                                                                                                                      Notify:	[MsgId: MMSG-17999]
System.out: limits: cpu: "0";memory : "0"                                                                                                                                                      Notify:	[MsgId: MMSG-17999]
System.out: requests: cpu: "0";memory : "0"                                                                                                                                                      Notify:	[MsgId: MMSG-17999]
System.out: mountPath: "/var/run/secrets/kubernetes.io/serviceaccount";name: "default-token-e0d8c";readOnly: true                                                                                                                                                      Notify:	[MsgId: MMSG-17999]
Error: status is Pending	[MsgId: MERR-17999]
Error: error:null;reson:null	[MsgId: MERR-17999]
End auto log messages stack.	[MsgId: MMSG-10544]


Start auto log messages stack - Iteration 6.	[MsgId: MMSG-10545]
System.out: containerPort:80;protocolTCP                                                                                                                                                      Notify:	[MsgId: MMSG-17999]
System.out: limits: cpu: "0";memory : "0"                                                                                                                                                      Notify:	[MsgId: MMSG-17999]
System.out: requests: cpu: "0";memory : "0"                                                                                                                                                      Notify:	[MsgId: MMSG-17999]
System.out: mountPath: "/var/run/secrets/kubernetes.io/serviceaccount";name: "default-token-e0d8c";readOnly: true                                                                                                                                                      Notify:	[MsgId: MMSG-17999]
Error: status is Pending	[MsgId: MERR-17999]
Error: error:null;reson:null	[MsgId: MERR-17999]
End auto log messages stack.	[MsgId: MMSG-10544]


Start auto log messages stack - Iteration 7.	[MsgId: MMSG-10545]
System.out: containerPort:80;protocolTCP                                                                                                                                                      Notify:	[MsgId: MMSG-17999]
System.out: limits: cpu: "0";memory : "0"                                                                                                                                                      Notify:	[MsgId: MMSG-17999]
System.out: requests: cpu: "0";memory : "0"                                                                                                                                                      Notify:	[MsgId: MMSG-17999]
System.out: mountPath: "/var/run/secrets/kubernetes.io/serviceaccount";name: "default-token-e0d8c";readOnly: true                                                                                                                                                      Notify:	[MsgId: MMSG-17999]
Error: status is Pending	[MsgId: MERR-17999]
Error: error:null;reson:null	[MsgId: MERR-17999]
End auto log messages stack.	[MsgId: MMSG-10544]


Start auto log messages stack - Iteration 7.	[MsgId: MMSG-10545]
System.out: containerPort:80;protocolTCP                                                                                                                                                      Notify:	[MsgId: MMSG-17999]
System.out: limits: cpu: "0";memory : "0"                                                                                                                                                      Notify:	[MsgId: MMSG-17999]
System.out: requests: cpu: "0";memory : "0"                                                                                                                                                      Notify:	[MsgId: MMSG-17999]
System.out: mountPath: "/var/run/secrets/kubernetes.io/serviceaccount";name: "default-token-e0d8c";readOnly: true                                                                                                                                                      Notify:	[MsgId: MMSG-17999]
Error: status is Pending	[MsgId: MERR-17999]
Error: error:null;reson:null	[MsgId: MERR-17999]
End auto log messages stack.	[MsgId: MMSG-10544]


Start auto log messages stack - Iteration 7.	[MsgId: MMSG-10545]
System.out: containerPort:80;protocolTCP                                                                                                                                                      Notify:	[MsgId: MMSG-17999]
System.out: limits: cpu: "0";memory : "0"                                                                                                                                                      Notify:	[MsgId: MMSG-17999]
System.out: requests: cpu: "0";memory : "0"                                                                                                                                                      Notify:	[MsgId: MMSG-17999]
System.out: mountPath: "/var/run/secrets/kubernetes.io/serviceaccount";name: "default-token-e0d8c";readOnly: true                                                                                                                                                      Notify:	[MsgId: MMSG-17999]
Error: status is Pending	[MsgId: MERR-17999]
Error: error:null;reson:null	[MsgId: MERR-17999]
End auto log messages stack.	[MsgId: MMSG-10544]


Start auto log messages stack - Iteration 7.	[MsgId: MMSG-10545]
System.out: containerPort:80;protocolTCP                                                                                                                                                      Notify:	[MsgId: MMSG-17999]
System.out: limits: cpu: "0";memory : "0"                                                                                                                                                      Notify:	[MsgId: MMSG-17999]
System.out: requests: cpu: "0";memory : "0"                                                                                                                                                      Notify:	[MsgId: MMSG-17999]
System.out: mountPath: "/var/run/secrets/kubernetes.io/serviceaccount";name: "default-token-e0d8c";readOnly: true                                                                                                                                                      Notify:	[MsgId: MMSG-17999]
Error: status is Pending	[MsgId: MERR-17999]
Error: error:null;reson:null	[MsgId: MERR-17999]
End auto log messages stack.	[MsgId: MMSG-10544]


Start auto log messages stack - Iteration 7.	[MsgId: MMSG-10545]
System.out: containerPort:80;protocolTCP                                                                                                                                                      Notify:	[MsgId: MMSG-17999]
System.out: limits: cpu: "0";memory : "0"                                                                                                                                                      Notify:	[MsgId: MMSG-17999]
System.out: requests: cpu: "0";memory : "0"                                                                                                                                                      Notify:	[MsgId: MMSG-17999]
System.out: mountPath: "/var/run/secrets/kubernetes.io/serviceaccount";name: "default-token-e0d8c";readOnly: true                                                                                                                                                      Notify:	[MsgId: MMSG-17999]
Error: status is Pending	[MsgId: MERR-17999]
Error: error:null;reson:null	[MsgId: MERR-17999]
End auto log messages stack.	[MsgId: MMSG-10544]


Start auto log messages stack - Iteration 7.	[MsgId: MMSG-10545]
System.out: containerPort:80;protocolTCP                                                                                                                                                      Notify:	[MsgId: MMSG-17999]
System.out: limits: cpu: "0";memory : "0"                                                                                                                                                      Notify:	[MsgId: MMSG-17999]
System.out: requests: cpu: "0";memory : "0"                                                                                                                                                      Notify:	[MsgId: MMSG-17999]
System.out: mountPath: "/var/run/secrets/kubernetes.io/serviceaccount";name: "default-token-e0d8c";readOnly: true                                                                                                                                                      Notify:	[MsgId: MMSG-17999]
Error: status is Pending	[MsgId: MERR-17999]
Error: error:null;reson:null	[MsgId: MERR-17999]
End auto log messages stack.	[MsgId: MMSG-10544]


Start auto log messages stack - Iteration 8.	[MsgId: MMSG-10545]
System.out: containerPort:80;protocolTCP                                                                                                                                                      Notify:	[MsgId: MMSG-17999]
System.out: limits: cpu: "0";memory : "0"                                                                                                                                                      Notify:	[MsgId: MMSG-17999]
System.out: requests: cpu: "0";memory : "0"                                                                                                                                                      Notify:	[MsgId: MMSG-17999]
System.out: mountPath: "/var/run/secrets/kubernetes.io/serviceaccount";name: "default-token-e0d8c";readOnly: true                                                                                                                                                      Notify:	[MsgId: MMSG-17999]
Error: status is Pending	[MsgId: MERR-17999]
Error: error:null;reson:null	[MsgId: MERR-17999]
End auto log messages stack.	[MsgId: MMSG-10544]


Start auto log messages stack - Iteration 8.	[MsgId: MMSG-10545]
System.out: containerPort:80;protocolTCP                                                                                                                                                      Notify:	[MsgId: MMSG-17999]
System.out: limits: cpu: "0";memory : "0"                                                                                                                                                      Notify:	[MsgId: MMSG-17999]
System.out: requests: cpu: "0";memory : "0"                                                                                                                                                      Notify:	[MsgId: MMSG-17999]
System.out: mountPath: "/var/run/secrets/kubernetes.io/serviceaccount";name: "default-token-e0d8c";readOnly: true                                                                                                                                                      Notify:	[MsgId: MMSG-17999]
Error: status is Pending	[MsgId: MERR-17999]
Error: error:null;reson:null	[MsgId: MERR-17999]
End auto log messages stack.	[MsgId: MMSG-10544]


Start auto log messages stack - Iteration 8.	[MsgId: MMSG-10545]
System.out: containerPort:80;protocolTCP                                                                                                                                                      Notify:	[MsgId: MMSG-17999]
System.out: limits: cpu: "0";memory : "0"                                                                                                                                                      Notify:	[MsgId: MMSG-17999]
System.out: requests: cpu: "0";memory : "0"                                                                                                                                                      Notify:	[MsgId: MMSG-17999]
System.out: mountPath: "/var/run/secrets/kubernetes.io/serviceaccount";name: "default-token-e0d8c";readOnly: true                                                                                                                                                      Notify:	[MsgId: MMSG-17999]
Error: status is Pending	[MsgId: MERR-17999]
Error: error:null;reson:null	[MsgId: MERR-17999]
End auto log messages stack.	[MsgId: MMSG-10544]


Start auto log messages stack - Iteration 8.	[MsgId: MMSG-10545]
System.out: containerPort:80;protocolTCP                                                                                                                                                      Notify:	[MsgId: MMSG-17999]
System.out: limits: cpu: "0";memory : "0"                                                                                                                                                      Notify:	[MsgId: MMSG-17999]
System.out: requests: cpu: "0";memory : "0"                                                                                                                                                      Notify:	[MsgId: MMSG-17999]
System.out: mountPath: "/var/run/secrets/kubernetes.io/serviceaccount";name: "default-token-e0d8c";readOnly: true                                                                                                                                                      Notify:	[MsgId: MMSG-17999]
Error: status is Pending	[MsgId: MERR-17999]
Error: error:null;reson:null	[MsgId: MERR-17999]
End auto log messages stack.	[MsgId: MMSG-10544]


Start auto log messages stack - Iteration 8.	[MsgId: MMSG-10545]
System.out: containerPort:80;protocolTCP                                                                                                                                                      Notify:	[MsgId: MMSG-17999]
System.out: limits: cpu: "0";memory : "0"                                                                                                                                                      Notify:	[MsgId: MMSG-17999]
System.out: requests: cpu: "0";memory : "0"                                                                                                                                                      Notify:	[MsgId: MMSG-17999]
System.out: mountPath: "/var/run/secrets/kubernetes.io/serviceaccount";name: "default-token-e0d8c";readOnly: true                                                                                                                                                      Notify:	[MsgId: MMSG-17999]
Error: status is Pending	[MsgId: MERR-17999]
Error: error:null;reson:null	[MsgId: MERR-17999]
End auto log messages stack.	[MsgId: MMSG-10544]


Start auto log messages stack - Iteration 8.	[MsgId: MMSG-10545]
System.out: containerPort:80;protocolTCP                                                                                                                                                      Notify:	[MsgId: MMSG-17999]
System.out: limits: cpu: "0";memory : "0"                                                                                                                                                      Notify:	[MsgId: MMSG-17999]
System.out: requests: cpu: "0";memory : "0"                                                                                                                                                      Notify:	[MsgId: MMSG-17999]
System.out: mountPath: "/var/run/secrets/kubernetes.io/serviceaccount";name: "default-token-e0d8c";readOnly: true                                                                                                                                                      Notify:	[MsgId: MMSG-17999]
Error: status is Pending	[MsgId: MERR-17999]
Error: error:null;reson:null	[MsgId: MERR-17999]
End auto log messages stack.	[MsgId: MMSG-10544]


Start auto log messages stack - Iteration 9.	[MsgId: MMSG-10545]
System.out: containerPort:80;protocolTCP                                                                                                                                                      Notify:	[MsgId: MMSG-17999]
System.out: limits: cpu: "0";memory : "0"                                                                                                                                                      Notify:	[MsgId: MMSG-17999]
System.out: requests: cpu: "0";memory : "0"                                                                                                                                                      Notify:	[MsgId: MMSG-17999]
System.out: mountPath: "/var/run/secrets/kubernetes.io/serviceaccount";name: "default-token-e0d8c";readOnly: true                                                                                                                                                      Notify:	[MsgId: MMSG-17999]
Error: status is Pending	[MsgId: MERR-17999]
Error: error:null;reson:null	[MsgId: MERR-17999]
End auto log messages stack.	[MsgId: MMSG-10544]


Start auto log messages stack - Iteration 9.	[MsgId: MMSG-10545]
System.out: containerPort:80;protocolTCP                                                                                                                                                      Notify:	[MsgId: MMSG-17999]
System.out: limits: cpu: "0";memory : "0"                                                                                                                                                      Notify:	[MsgId: MMSG-17999]
System.out: requests: cpu: "0";memory : "0"                                                                                                                                                      Notify:	[MsgId: MMSG-17999]
System.out: mountPath: "/var/run/secrets/kubernetes.io/serviceaccount";name: "default-token-e0d8c";readOnly: true                                                                                                                                                      Notify:	[MsgId: MMSG-17999]
Error: status is Pending	[MsgId: MERR-17999]
Error: error:null;reson:null	[MsgId: MERR-17999]
End auto log messages stack.	[MsgId: MMSG-10544]


Start auto log messages stack - Iteration 9.	[MsgId: MMSG-10545]
System.out: containerPort:80;protocolTCP                                                                                                                                                      Notify:	[MsgId: MMSG-17999]
System.out: limits: cpu: "0";memory : "0"                                                                                                                                                      Notify:	[MsgId: MMSG-17999]
System.out: requests: cpu: "0";memory : "0"                                                                                                                                                      Notify:	[MsgId: MMSG-17999]
System.out: mountPath: "/var/run/secrets/kubernetes.io/serviceaccount";name: "default-token-e0d8c";readOnly: true                                                                                                                                                      Notify:	[MsgId: MMSG-17999]
Error: status is Pending	[MsgId: MERR-17999]
Error: error:null;reson:null	[MsgId: MERR-17999]
End auto log messages stack.	[MsgId: MMSG-10544]


Start auto log messages stack - Iteration 9.	[MsgId: MMSG-10545]
System.out: containerPort:80;protocolTCP                                                                                                                                                      Notify:	[MsgId: MMSG-17999]
System.out: limits: cpu: "0";memory : "0"                                                                                                                                                      Notify:	[MsgId: MMSG-17999]
System.out: requests: cpu: "0";memory : "0"                                                                                                                                                      Notify:	[MsgId: MMSG-17999]
System.out: mountPath: "/var/run/secrets/kubernetes.io/serviceaccount";name: "default-token-e0d8c";readOnly: true                                                                                                                                                      Notify:	[MsgId: MMSG-17999]
Error: status is Pending	[MsgId: MERR-17999]
Error: error:null;reson:null	[MsgId: MERR-17999]
End auto log messages stack.	[MsgId: MMSG-10544]


Start auto log messages stack - Iteration 9.	[MsgId: MMSG-10545]
System.out: containerPort:80;protocolTCP                                                                                                                                                      Notify:	[MsgId: MMSG-17999]
System.out: limits: cpu: "0";memory : "0"                                                                                                                                                      Notify:	[MsgId: MMSG-17999]
System.out: requests: cpu: "0";memory : "0"                                                                                                                                                      Notify:	[MsgId: MMSG-17999]
System.out: mountPath: "/var/run/secrets/kubernetes.io/serviceaccount";name: "default-token-e0d8c";readOnly: true                                                                                                                                                      Notify:	[MsgId: MMSG-17999]
Error: status is Pending	[MsgId: MERR-17999]
Error: error:null;reson:null	[MsgId: MERR-17999]
End auto log messages stack.	[MsgId: MMSG-10544]


Start auto log messages stack - Iteration 9.	[MsgId: MMSG-10545]
System.out: containerPort:80;protocolTCP                                                                                                                                                      Notify:	[MsgId: MMSG-17999]
System.out: limits: cpu: "0";memory : "0"                                                                                                                                                      Notify:	[MsgId: MMSG-17999]
System.out: requests: cpu: "0";memory : "0"                                                                                                                                                      Notify:	[MsgId: MMSG-17999]
System.out: mountPath: "/var/run/secrets/kubernetes.io/serviceaccount";name: "default-token-e0d8c";readOnly: true                                                                                                                                                      Notify:	[MsgId: MMSG-17999]
Error: status is Pending	[MsgId: MERR-17999]
Error: error:null;reson:null	[MsgId: MERR-17999]
End auto log messages stack.	[MsgId: MMSG-10544]


Start auto log messages stack - Iteration 10.	[MsgId: MMSG-10545]
System.out: containerPort:80;protocolTCP                                                                                                                                                      Notify:	[MsgId: MMSG-17999]
System.out: limits: cpu: "0";memory : "0"                                                                                                                                                      Notify:	[MsgId: MMSG-17999]
System.out: requests: cpu: "0";memory : "0"                                                                                                                                                      Notify:	[MsgId: MMSG-17999]
System.out: mountPath: "/var/run/secrets/kubernetes.io/serviceaccount";name: "default-token-e0d8c";readOnly: true                                                                                                                                                      Notify:	[MsgId: MMSG-17999]
Error: status is Pending	[MsgId: MERR-17999]
Error: error:null;reson:null	[MsgId: MERR-17999]
End auto log messages stack.	[MsgId: MMSG-10544]


Start auto log messages stack - Iteration 10.	[MsgId: MMSG-10545]
System.out: containerPort:80;protocolTCP                                                                                                                                                      Notify:	[MsgId: MMSG-17999]
System.out: limits: cpu: "0";memory : "0"                                                                                                                                                      Notify:	[MsgId: MMSG-17999]
System.out: requests: cpu: "0";memory : "0"                                                                                                                                                      Notify:	[MsgId: MMSG-17999]
System.out: mountPath: "/var/run/secrets/kubernetes.io/serviceaccount";name: "default-token-e0d8c";readOnly: true                                                                                                                                                      Notify:	[MsgId: MMSG-17999]
Error: status is Pending	[MsgId: MERR-17999]
Error: error:null;reson:null	[MsgId: MERR-17999]
End auto log messages stack.	[MsgId: MMSG-10544]


Start auto log messages stack - Iteration 10.	[MsgId: MMSG-10545]
System.out: containerPort:80;protocolTCP                                                                                                                                                      Notify:	[MsgId: MMSG-17999]
System.out: limits: cpu: "0";memory : "0"                                                                                                                                                      Notify:	[MsgId: MMSG-17999]
System.out: requests: cpu: "0";memory : "0"                                                                                                                                                      Notify:	[MsgId: MMSG-17999]
System.out: mountPath: "/var/run/secrets/kubernetes.io/serviceaccount";name: "default-token-e0d8c";readOnly: true                                                                                                                                                      Notify:	[MsgId: MMSG-17999]
Error: status is Pending	[MsgId: MERR-17999]
Error: error:null;reson:null	[MsgId: MERR-17999]
End auto log messages stack.	[MsgId: MMSG-10544]


Start auto log messages stack - Iteration 10.	[MsgId: MMSG-10545]
System.out: containerPort:80;protocolTCP                                                                                                                                                      Notify:	[MsgId: MMSG-17999]
System.out: limits: cpu: "0";memory : "0"                                                                                                                                                      Notify:	[MsgId: MMSG-17999]
System.out: requests: cpu: "0";memory : "0"                                                                                                                                                      Notify:	[MsgId: MMSG-17999]
System.out: mountPath: "/var/run/secrets/kubernetes.io/serviceaccount";name: "default-token-e0d8c";readOnly: true                                                                                                                                                      Notify:	[MsgId: MMSG-17999]
Error: status is Pending	[MsgId: MERR-17999]
Error: error:null;reson:null	[MsgId: MERR-17999]
End auto log messages stack.	[MsgId: MMSG-10544]


Start auto log messages stack - Iteration 10.	[MsgId: MMSG-10545]
System.out: containerPort:80;protocolTCP                                                                                                                                                      Notify:	[MsgId: MMSG-17999]
System.out: limits: cpu: "0";memory : "0"                                                                                                                                                      Notify:	[MsgId: MMSG-17999]
System.out: requests: cpu: "0";memory : "0"                                                                                                                                                      Notify:	[MsgId: MMSG-17999]
System.out: mountPath: "/var/run/secrets/kubernetes.io/serviceaccount";name: "default-token-e0d8c";readOnly: true                                                                                                                                                      Notify:	[MsgId: MMSG-17999]
Error: status is Pending	[MsgId: MERR-17999]
Error: error:null;reson:null	[MsgId: MERR-17999]
End auto log messages stack.	[MsgId: MMSG-10544]


Start auto log messages stack - Iteration 10.	[MsgId: MMSG-10545]
System.out: containerPort:80;protocolTCP                                                                                                                                                      Notify:	[MsgId: MMSG-17999]
System.out: limits: cpu: "0";memory : "0"                                                                                                                                                      Notify:	[MsgId: MMSG-17999]
System.out: requests: cpu: "0";memory : "0"                                                                                                                                                      Notify:	[MsgId: MMSG-17999]
System.out: mountPath: "/var/run/secrets/kubernetes.io/serviceaccount";name: "default-token-e0d8c";readOnly: true                                                                                                                                                      Notify:	[MsgId: MMSG-17999]
Error: status is Pending	[MsgId: MERR-17999]
Error: error:null;reson:null	[MsgId: MERR-17999]
End auto log messages stack.	[MsgId: MMSG-10544]


Start auto log messages stack - Iteration 11.	[MsgId: MMSG-10545]
System.out: containerPort:80;protocolTCP                                                                                                                                                      Notify:	[MsgId: MMSG-17999]
System.out: limits: cpu: "0";memory : "0"                                                                                                                                                      Notify:	[MsgId: MMSG-17999]
System.out: requests: cpu: "0";memory : "0"                                                                                                                                                      Notify:	[MsgId: MMSG-17999]
System.out: mountPath: "/var/run/secrets/kubernetes.io/serviceaccount";name: "default-token-e0d8c";readOnly: true                                                                                                                                                      Notify:	[MsgId: MMSG-17999]
Error: status is Pending	[MsgId: MERR-17999]
Error: error:null;reson:null	[MsgId: MERR-17999]
End auto log messages stack.	[MsgId: MMSG-10544]


Start auto log messages stack - Iteration 11.	[MsgId: MMSG-10545]
System.out: containerPort:80;protocolTCP                                                                                                                                                      Notify:	[MsgId: MMSG-17999]
System.out: limits: cpu: "0";memory : "0"                                                                                                                                                      Notify:	[MsgId: MMSG-17999]
System.out: requests: cpu: "0";memory : "0"                                                                                                                                                      Notify:	[MsgId: MMSG-17999]
System.out: mountPath: "/var/run/secrets/kubernetes.io/serviceaccount";name: "default-token-e0d8c";readOnly: true                                                                                                                                                      Notify:	[MsgId: MMSG-17999]
Error: status is Pending	[MsgId: MERR-17999]
Error: error:null;reson:null	[MsgId: MERR-17999]
End auto log messages stack.	[MsgId: MMSG-10544]


Start auto log messages stack - Iteration 11.	[MsgId: MMSG-10545]
System.out: containerPort:80;protocolTCP                                                                                                                                                      Notify:	[MsgId: MMSG-17999]
System.out: limits: cpu: "0";memory : "0"                                                                                                                                                      Notify:	[MsgId: MMSG-17999]
System.out: requests: cpu: "0";memory : "0"                                                                                                                                                      Notify:	[MsgId: MMSG-17999]
System.out: mountPath: "/var/run/secrets/kubernetes.io/serviceaccount";name: "default-token-e0d8c";readOnly: true                                                                                                                                                      Notify:	[MsgId: MMSG-17999]
Error: status is Pending	[MsgId: MERR-17999]
Error: error:null;reson:null	[MsgId: MERR-17999]
End auto log messages stack.	[MsgId: MMSG-10544]


Start auto log messages stack - Iteration 11.	[MsgId: MMSG-10545]
System.out: containerPort:80;protocolTCP                                                                                                                                                      Notify:	[MsgId: MMSG-17999]
System.out: limits: cpu: "0";memory : "0"                                                                                                                                                      Notify:	[MsgId: MMSG-17999]
System.out: requests: cpu: "0";memory : "0"                                                                                                                                                      Notify:	[MsgId: MMSG-17999]
System.out: mountPath: "/var/run/secrets/kubernetes.io/serviceaccount";name: "default-token-e0d8c";readOnly: true                                                                                                                                                      Notify:	[MsgId: MMSG-17999]
Error: status is Pending	[MsgId: MERR-17999]
Error: error:null;reson:null	[MsgId: MERR-17999]
End auto log messages stack.	[MsgId: MMSG-10544]


Start auto log messages stack - Iteration 11.	[MsgId: MMSG-10545]
System.out: containerPort:80;protocolTCP                                                                                                                                                      Notify:	[MsgId: MMSG-17999]
System.out: limits: cpu: "0";memory : "0"                                                                                                                                                      Notify:	[MsgId: MMSG-17999]
System.out: requests: cpu: "0";memory : "0"                                                                                                                                                      Notify:	[MsgId: MMSG-17999]
System.out: mountPath: "/var/run/secrets/kubernetes.io/serviceaccount";name: "default-token-e0d8c";readOnly: true                                                                                                                                                      Notify:	[MsgId: MMSG-17999]
Error: status is Pending	[MsgId: MERR-17999]
Error: error:null;reson:null	[MsgId: MERR-17999]
End auto log messages stack.	[MsgId: MMSG-10544]


Start auto log messages stack - Iteration 11.	[MsgId: MMSG-10545]
System.out: containerPort:80;protocolTCP                                                                                                                                                      Notify:	[MsgId: MMSG-17999]
System.out: limits: cpu: "0";memory : "0"                                                                                                                                                      Notify:	[MsgId: MMSG-17999]
System.out: requests: cpu: "0";memory : "0"                                                                                                                                                      Notify:	[MsgId: MMSG-17999]
System.out: mountPath: "/var/run/secrets/kubernetes.io/serviceaccount";name: "default-token-e0d8c";readOnly: true                                                                                                                                                      Notify:	[MsgId: MMSG-17999]
Error: status is Pending	[MsgId: MERR-17999]
Error: error:null;reson:null	[MsgId: MERR-17999]
End auto log messages stack.	[MsgId: MMSG-10544]


