Notify: Found jdk version: 1.6.0.	[MsgId: MMSG-22986]
Notify: classpath=C:\naturecloud\lb_scripts_new\java\noStore\StartAndStopService\StartAndStopService;c:\program files (x86)\hp\loadrunner\classes\srv;c:\program files (x86)\hp\loadrunner\classes;;C:\naturecloud\lb_scripts_new\lib\gson-2.8.0.jar;C:\naturecloud\lb_scripts_new\lib\commons-net-3.5.jar;;;c:\program files (x86)\hp\loadrunner\lib\xstream-1.4.8.jar;c:\program files (x86)\hp\loadrunner\lib\xpp3-1.1.4c.jar	[MsgId: MMSG-22986]
Notify: Path=c:\jdk1.6.0_45\jre\bin\client;C:\PROGRA~2\HP\LOADRU~1\bin;C:\Windows\system32;C:\Windows;C:\Windows\System32\Wbem;C:\Windows\System32\WindowsPowerShell\v1.0\;C:\Program Files\TortoiseGit\bin;c:\jdk1.6.0_45\bin;C:\jdk1.6.0_45\jre\bin;C:\Program Files (x86)\HP\LoadRunner\strawberry-perl\perl\bin	[MsgId: MMSG-22986]
Notify: VM Params: .	[MsgId: MMSG-22986]
Start auto log messages stack - Iteration 1.	[MsgId: MMSG-10545]
t=7520ms: 249-byte response headers for "http://ppe.naturecloud.io:88/apiApplication/createApplication" (RelFrameId=1, Internal ID=2)
    HTTP/1.1 200 OK\r\n
    Server: nginx/1.8.0\r\n
    Date: Thu, 12 Jan 2017 15:30:47 GMT\r\n
    Content-Type: application/json; charset=utf-8\r\n
    Content-Length: 2\r\n
    Connection: keep-alive\r\n
    X-Powered-By: Express\r\n
    ETag: W/"2-mZFLkyvTelC5g8XnyQrpOw"\r\n
    Vary: Accept-Encoding\r\n
    \r\n
t=7520ms: 2-byte response body for "http://ppe.naturecloud.io:88/apiApplication/createApplication" (RelFrameId=1, Internal ID=2)
    {}
Notify: Saving Parameter "ResponseBodying = {}".	[MsgId: MMSG-13798]
Error -26377: No match found for the requested parameter "ResponseBody". Either the specified boundaries were not found in the response or the matched text is longer than current max html parameter size of 2048 bytes. The total length of the response is 2 bytes. You can use "web_set_max_html_param_len" to increase the max parameter size.  	[MsgId: MERR-26377]
End auto log messages stack.	[MsgId: MMSG-10544]


