Notify: Found jdk version: 1.6.0.	[MsgId: MMSG-22986]
Notify: classpath=C:\naturecloud\lb_scripts_new\java\noStore\StartAndStopService\StartAndStopService;c:\program files (x86)\hp\loadrunner\classes\srv;c:\program files (x86)\hp\loadrunner\classes;;C:\naturecloud\lb_scripts_new\lib\gson-2.8.0.jar;C:\naturecloud\lb_scripts_new\lib\commons-net-3.5.jar;;;c:\program files (x86)\hp\loadrunner\lib\xstream-1.4.8.jar;c:\program files (x86)\hp\loadrunner\lib\xpp3-1.1.4c.jar	[MsgId: MMSG-22986]
Notify: Path=c:\jdk1.6.0_45\jre\bin\client;C:\PROGRA~2\HP\LOADRU~1\bin;C:\Windows\system32;C:\Windows;C:\Windows\System32\Wbem;C:\Windows\System32\WindowsPowerShell\v1.0\;C:\Program Files\TortoiseGit\bin;c:\jdk1.6.0_45\bin;C:\jdk1.6.0_45\jre\bin;C:\Program Files (x86)\HP\LoadRunner\strawberry-perl\perl\bin	[MsgId: MMSG-22986]
Notify: VM Params: .	[MsgId: MMSG-22986]
Start auto log messages stack - Iteration 1.	[MsgId: MMSG-10545]
    otReady","message":"containers with unready status: [startandstop32]"},{"type":"PodSchedul
    ed","status":"True","lastProbeTime":null,"lastTransitionTime":"2017-01-11T05:41:52Z"}],"ho
    stIP":"192.168.10.6","startTime":"2017-01-11T05:41:52Z","containerStatuses":[{"name":"star
    tandstop32","state":{"waiting":{"reason":"ContainerCreating"}},"lastState":{},"ready":fals
    e,"restartCount":0,"image":"prod.internal.naturecloud.io/library/nginx:1.9.14-alpine","ima
    geID":""}]}}]}}
Notify: Saving Parameter "ResponseBody = true".	[MsgId: MMSG-13798]
Notify: Message id [-13798] was not saved - Auto Log cache is too small to contain the message.	[MsgId: MMSG-10547]
web_custom_request("getPodStatus01") was successful, 1044 body bytes, 285 header bytes, 12 chunking overhead bytes  	[MsgId: MMSG-26385]
Notify: Parameter Substitution: parameter "ResponseBody" =  "true"	[MsgId: MMSG-13992]
Notify: Message id [-13992] was not saved - Auto Log cache is too small to contain the message.	[MsgId: MMSG-10547]
Message id [-17999] was not saved - Auto Log cache is too small to contain the message.	[MsgId: MMSG-10547]
Error: error:"containers with unready status: [startandstop32]";reson:null	[MsgId: MERR-17999]
Error: error:"containers with unready status: [startandstop32]";reson:null	[MsgId: MERR-17999]
End auto log messages stack.	[MsgId: MMSG-10544]


Start auto log messages stack - Iteration 1.	[MsgId: MMSG-10545]
    otReady","message":"containers with unready status: [startandstop00]"},{"type":"PodSchedul
    ed","status":"True","lastProbeTime":null,"lastTransitionTime":"2017-01-11T05:44:02Z"}],"ho
    stIP":"192.168.10.6","startTime":"2017-01-11T05:44:02Z","containerStatuses":[{"name":"star
    tandstop00","state":{"waiting":{"reason":"ContainerCreating"}},"lastState":{},"ready":fals
    e,"restartCount":0,"image":"prod.internal.naturecloud.io/library/nginx:1.9.14-alpine","ima
    geID":""}]}}]}}
Notify: Saving Parameter "ResponseBody = true".	[MsgId: MMSG-13798]
Notify: Message id [-13798] was not saved - Auto Log cache is too small to contain the message.	[MsgId: MMSG-10547]
web_custom_request("getPodStatus_11") was successful, 1043 body bytes, 285 header bytes, 12 chunking overhead bytes  	[MsgId: MMSG-26385]
Notify: Parameter Substitution: parameter "ResponseBody" =  "true"	[MsgId: MMSG-13992]
Notify: Message id [-13992] was not saved - Auto Log cache is too small to contain the message.	[MsgId: MMSG-10547]
Message id [-17999] was not saved - Auto Log cache is too small to contain the message.	[MsgId: MMSG-10547]
Error: error:"containers with unready status: [startandstop00]";reson:null	[MsgId: MERR-17999]
Error: error:"containers with unready status: [startandstop00]";reson:null	[MsgId: MERR-17999]
End auto log messages stack.	[MsgId: MMSG-10544]


Start auto log messages stack - Iteration 1.	[MsgId: MMSG-10545]
    otReady","message":"containers with unready status: [startandstop16]"},{"type":"PodSchedul
    ed","status":"True","lastProbeTime":null,"lastTransitionTime":"2017-01-11T05:44:12Z"}],"ho
    stIP":"192.168.10.6","startTime":"2017-01-11T05:44:12Z","containerStatuses":[{"name":"star
    tandstop16","state":{"waiting":{"reason":"ContainerCreating"}},"lastState":{},"ready":fals
    e,"restartCount":0,"image":"prod.internal.naturecloud.io/library/nginx:1.9.14-alpine","ima
    geID":""}]}}]}}
Notify: Saving Parameter "ResponseBody = true".	[MsgId: MMSG-13798]
Notify: Message id [-13798] was not saved - Auto Log cache is too small to contain the message.	[MsgId: MMSG-10547]
web_custom_request("getPodStatus_11") was successful, 1041 body bytes, 285 header bytes, 12 chunking overhead bytes  	[MsgId: MMSG-26385]
Notify: Parameter Substitution: parameter "ResponseBody" =  "true"	[MsgId: MMSG-13992]
Notify: Message id [-13992] was not saved - Auto Log cache is too small to contain the message.	[MsgId: MMSG-10547]
Message id [-17999] was not saved - Auto Log cache is too small to contain the message.	[MsgId: MMSG-10547]
Error: error:"containers with unready status: [startandstop16]";reson:null	[MsgId: MERR-17999]
Error: error:"containers with unready status: [startandstop16]";reson:null	[MsgId: MERR-17999]
End auto log messages stack.	[MsgId: MMSG-10544]


