Notify: Found jdk version: 1.6.0.	[MsgId: MMSG-22986]
Notify: classpath=C:\naturecloud\lb_scripts_new\java\StartAndStopService\StartAndStopService;c:\program files (x86)\hp\loadrunner\classes\srv;c:\program files (x86)\hp\loadrunner\classes;;C:\naturecloud\lb_scripts_new\lib\gson-2.8.0.jar;C:\naturecloud\lb_scripts_new\lib\commons-net-3.5.jar;;;c:\program files (x86)\hp\loadrunner\lib\xstream-1.4.8.jar;c:\program files (x86)\hp\loadrunner\lib\xpp3-1.1.4c.jar	[MsgId: MMSG-22986]
Notify: Path=c:\jdk1.6.0_45\jre\bin\client;C:\PROGRA~2\HP\LOADRU~1\bin;C:\Windows\system32;C:\Windows;C:\Windows\System32\Wbem;C:\Windows\System32\WindowsPowerShell\v1.0\;C:\Program Files\TortoiseGit\bin;c:\jdk1.6.0_45\bin;C:\jdk1.6.0_45\jre\bin;C:\Program Files (x86)\HP\LoadRunner\strawberry-perl\perl\bin	[MsgId: MMSG-22986]
Notify: VM Params: .	[MsgId: MMSG-22986]
Start auto log messages stack - Iteration 107.	[MsgId: MMSG-10545]
[DEBUG]Referer=http://ppe.naturecloud.io:88/cp/service	[MsgId: MMSG-17999]
[DEBUG]EncType=application/json;charset=UTF-8	[MsgId: MMSG-17999]
Message id [-17999] was not saved - Auto Log cache is too small to contain the message.	[MsgId: MMSG-10547]
[DEBUG]LAST	[MsgId: MMSG-17999]
web_custom_request("getPodStatus_11") started  	[MsgId: MMSG-26355]
Warning: The string '"image":"prod.internal.naturecloud.io/library/nginx:1.9.14-alpine","imageshortname":"nginx","isMarket":true,"ports":[],"env":[],"clusterId":"default","cpu_shares":"0.125","mem_limit":"128Mi","volumes":[],"secret":"a2lkZmFuanVuOjFxYXp4c3cy"' with parameter delimiters is not a parameter.	[MsgId: MWAR-13987]
Warning: The string '"app":"stopandstart"' with parameter delimiters is not a parameter.	[MsgId: MWAR-13987]
Warning: The string '"app":"stopandstart"' with parameter delimiters is not a parameter.	[MsgId: MWAR-13987]
Warning: The string '"name":"0","protocol":"TCP","port":22,"targetPort":22' with parameter delimiters is not a parameter.	[MsgId: MWAR-13987]
Warning: The string '"app":"stopandstart","version":"1.9.14-alpine"' with parameter delimiters is not a parameter.	[MsgId: MWAR-13987]
Warning: The string '"app":"stopandstart","version":"1.9.14-alpine"' with parameter delimiters is not a parameter.	[MsgId: MWAR-13987]
Warning: The string '"cpu":"125m","memory":"128Mi"' with parameter delimiters is not a parameter.	[MsgId: MWAR-13987]
Warning: The string '"name":"pullsecret"' with parameter delimiters is not a parameter.	[MsgId: MWAR-13987]
Error -27724: Step download timeout (120 seconds) has expired  	[MsgId: MERR-27724]
End auto log messages stack.	[MsgId: MMSG-10544]


Start auto log messages stack - Iteration 107.	[MsgId: MMSG-10545]
Aborting pending download of URL="http://ppe.naturecloud.io:88/apiApplication/getPodStatus" (RelFrameId=1, Internal ID=1177)  	[MsgId: MMSG-27652]
Error -26377: No match found for the requested parameter "ResponseBody". Either the specified boundaries were not found in the response or the matched text is longer than current max html parameter size of 2048 bytes. The total length of the response is 0 bytes. You can use "web_set_max_html_param_len" to increase the max parameter size.  	[MsgId: MERR-26377]
End auto log messages stack.	[MsgId: MMSG-10544]


Start auto log messages stack - Iteration 107.	[MsgId: MMSG-10545]
Notify: Saving Parameter "ResponseBody = ".	[MsgId: MMSG-13798]
Error -26377: No match found for the requested parameter "ResponseBodying". Either the specified boundaries were not found in the response or the matched text is longer than current max html parameter size of 2048 bytes. The total length of the response is 0 bytes. You can use "web_set_max_html_param_len" to increase the max parameter size.  	[MsgId: MERR-26377]
End auto log messages stack.	[MsgId: MMSG-10544]


Start auto log messages stack - Iteration 107.	[MsgId: MMSG-10545]
Notify: Saving Parameter "ResponseBodying = ".	[MsgId: MMSG-13798]
Error -26374: The above "not found" error(s) may be explained by header and body byte counts being 0 and 0, respectively.  	[MsgId: MERR-26374]
End auto log messages stack.	[MsgId: MMSG-10544]


