Notify: Found jdk version: 1.6.0.
Notify: classpath=C:\naturecloud\lb_scripts_new\java\haveStore\ShareVolumeService\sharedVolume\;c:\program files (x86)\hp\loadrunner\classes\srv;c:\program files (x86)\hp\loadrunner\classes;;C:\naturecloud\lb_scripts_new\lib\gson-2.8.0.jar;C:\naturecloud\lb_scripts_new\lib\commons-net-3.5.jar;;;c:\program files (x86)\hp\loadrunner\lib\xstream-1.4.8.jar;c:\program files (x86)\hp\loadrunner\lib\xpp3-1.1.4c.jar
Notify: Path=c:\jdk1.6.0_45\jre\bin\client;C:\Program Files (x86)\HP\LoadRunner\bin\NativeBinaries\x86;C:\Program Files (x86)\HP\LoadRunner\Bin;C:\Program Files (x86)\HP\LoadRunner\Bin\tulip\bin;C:\PROGRA~2\HP\LOADRU~1\bin;C:\Windows\system32;C:\Windows;C:\Windows\System32\Wbem;C:\Windows\System32\WindowsPowerShell\v1.0\;C:\Program Files\TortoiseGit\bin;c:\jdk1.6.0_45\bin;C:\jdk1.6.0_45\jre\bin;C:\Program Files (x86)\HP\LoadRunner\strawberry-perl\perl\bin
Notify: VM Params: .
Virtual User Script started at : 2017/1/14 19:33:58
Starting action vuser_init.
Warning! Web support not loaded: check Java-Interpreter -> UtilityExt property in mdrv.dat file
web_custom_request("authenticate") started  	[MsgId: MMSG-26355]
web_custom_request("authenticate") was successful, 256 body bytes, 680 header bytes  	[MsgId: MMSG-26386]
Ending action vuser_init.
Running Vuser...
Starting iteration 1.
Warning -27077: The "vuser_init" section contains web function(s) when the "Simulate a new user on each iteration" Run-Time Setting is ON.  This may produce unpredictable results with multiple iterations  	[MsgId: MWAR-27077]
Maximum number of concurrent connections per server: 4  	[MsgId: MMSG-26989]
Starting action Actions.
Notify: Transaction "sharevolumeservice" set.
web_set_max_html_param_len started  	[MsgId: MMSG-26355]
web_set_max_html_param_len was successful  	[MsgId: MMSG-26392]
web_reg_save_param started  	[MsgId: MMSG-26355]
Registering web_reg_save_param was successful  	[MsgId: MMSG-26390]
web_reg_save_param started  	[MsgId: MMSG-26355]
Registering web_reg_save_param was successful  	[MsgId: MMSG-26390]
System.out: method:                                                                                                                                                      Notify:
[DEBUG]createstorage
[DEBUG]URL=http://{url}/apiStorage/createstorage
[DEBUG]options:
[DEBUG]Method=POST
[DEBUG]Resource=0
[DEBUG]RecContentType=text/html
[DEBUG]Snapshot=t11.inf
[DEBUG]Mode=HTML
[DEBUG]Referer=http://{url}/cp/service
[DEBUG]EncType=application/json;charset=UTF-8
[DEBUG]Body={"sid":"sharevolume"}
[DEBUG]LAST
web_custom_request("createstorage") started  	[MsgId: MMSG-26355]
HTML parsing not performed for Content-Type "application/json" ("ParseHtmlContentType" Run-Time Setting is "TEXT"). URL="http://ppe.naturecloud.io:88/apiStorage/createstorage"  	[MsgId: MMSG-26548]
web_custom_request("createstorage") was successful, 194 body bytes, 252 header bytes  	[MsgId: MMSG-26386]
System.out: order:{0}                                                                                                                                                      Notify:
web_set_max_html_param_len started  	[MsgId: MMSG-26355]
web_set_max_html_param_len was successful  	[MsgId: MMSG-26392]
web_reg_save_param started  	[MsgId: MMSG-26355]
Registering web_reg_save_param was successful  	[MsgId: MMSG-26390]
web_reg_save_param started  	[MsgId: MMSG-26355]
Registering web_reg_save_param was successful  	[MsgId: MMSG-26390]
System.out: method:                                                                                                                                                      Notify:
[DEBUG]createservice
[DEBUG]URL=http://{url}/apiApplication/createApplication
[DEBUG]options:
[DEBUG]Method=POST
[DEBUG]Resource=0
[DEBUG]RecContentType=text/html
[DEBUG]Snapshot=t11.inf
[DEBUG]Mode=HTML
[DEBUG]Referer=http://{url}/cp/service
[DEBUG]EncType=application/json;charset=UTF-8
[DEBUG]Body={"app":"redshare","rcnum":2,"ver":"1.9.14-alpine","node":{"image":"prod.internal.naturecloud.io/library/nginx:1.9.14-alpine","imageshortname":"nginx","isMarket":true,"ports":[],"env":[],"clusterId":"default","cpu_shares":"0","mem_limit":"0Mi","volumes":[{"IsDefault":false,"isShared":true,"mountTargetPath":"/red","mountObj":{"name":"sharevolume","volumeId":"kidfanjun-sharevolume","namespace":"kidfanjun","status":"NOT_USE","mountAppName":"","mountNodeName":"","size":1024,"_id":"586c6253ac2cbd000ed00ade"}}]}}
[DEBUG]LAST
web_custom_request("createservice") started  	[MsgId: MMSG-26355]
HTML parsing not performed for Content-Type "application/json" ("ParseHtmlContentType" Run-Time Setting is "TEXT"). URL="http://ppe.naturecloud.io:88/apiApplication/createApplication"  	[MsgId: MMSG-26548]
web_custom_request("createservice") was successful, 37 body bytes, 251 header bytes  	[MsgId: MMSG-26386]
System.out: true,create is success                                                                                                                                                      Notify:
System.out: order:{1}                                                                                                                                                      Notify:
web_set_max_html_param_len started  	[MsgId: MMSG-26355]
web_set_max_html_param_len was successful  	[MsgId: MMSG-26392]
web_reg_save_param started  	[MsgId: MMSG-26355]
Registering web_reg_save_param was successful  	[MsgId: MMSG-26390]
web_reg_save_param started  	[MsgId: MMSG-26355]
Registering web_reg_save_param was successful  	[MsgId: MMSG-26390]
System.out: method:                                                                                                                                                      Notify:
[DEBUG]getPodStatus00
[DEBUG]URL=http://{url}/apiApplication/getPodStatus
[DEBUG]options:
[DEBUG]Method=POST
[DEBUG]Resource=0
[DEBUG]RecContentType=text/html
[DEBUG]Snapshot=t11.inf
[DEBUG]Mode=HTML
[DEBUG]Referer=http://{url}/cp/service
[DEBUG]EncType=application/json;charset=UTF-8
[DEBUG]Body={"app":"redshare","rcnum":2,"ver":"1.9.14-alpine","node":{"image":"prod.internal.naturecloud.io/library/nginx:1.9.14-alpine","imageshortname":"nginx","isMarket":true,"ports":[],"env":[],"clusterId":"default","cpu_shares":"0","mem_limit":"0Mi","volumes":[{"IsDefault":false,"isShared":true,"mountTargetPath":"/red","mountObj":{"name":"sharevolume","volumeId":"kidfanjun-sharevolume","namespace":"kidfanjun","status":"NOT_USE","mountAppName":"","mountNodeName":"","size":1024,"_id":"586c6253ac2cbd000ed00ade","mountAppNameArray":["redshare"]},"isStateful":false}],"secret":"a2lkZmFuanVuOjFxYXp4c3cy"},"username":"kidfanjun","id":"redshare","service":{"kind":"Service","apiVersion":"v1","metadata":{"name":"redshare","labels":{"app":"redshare"}},"spec":{"selector":{"app":"redshare"},"type":"ClusterIP","ports":[{"name":"0","protocol":"TCP","port":22,"targetPort":22}]}},"totalStatue":"starting","rc":{"kind":"ReplicationController","apiVersion":"v1","metadata":{"name":"redshare-v1.9.14-alpine","labels":{"app":"redshare","version":"1.9.14-alpine"},"uid":"72ce7c3a-d22b-11e6-bc7e-00163e02bcc9"},"spec":{"replicas":2,"template":{"metadata":{"labels":{"app":"redshare","version":"1.9.14-alpine"}},"spec":{"containers":[{"name":"redshare","image":"prod.internal.naturecloud.io/library/nginx:1.9.14-alpine","imagePullPolicy":"Always","env":[],"resources":{"limits":{"cpu":"0m","memory":"0Mi"}},"ports":[],"volumeMounts":[{"mountPath":"/red","name":"sharevolume"}]}],"imagePullSecrets":[{"name":"pullsecret"}],"restartPolicy":null,"terminationGracePeriodSeconds":5,"volumes":[{"name":"sharevolume","glusterfs":{"endpoints":"glusterfs-cluster","path":"kidfanjun-sharevolume"}}]}}}},"_id":"586c67d1ac2cbd000ed00ae4"}
[DEBUG]LAST
web_custom_request("getPodStatus00") started  	[MsgId: MMSG-26355]
HTML parsing not performed for Content-Type "application/json" ("ParseHtmlContentType" Run-Time Setting is "TEXT"). URL="http://ppe.naturecloud.io:88/apiApplication/getPodStatus"  	[MsgId: MMSG-26548]
web_custom_request("getPodStatus00") was successful, 1188 body bytes, 285 header bytes, 12 chunking overhead bytes  	[MsgId: MMSG-26385]
System.out: order:{4}                                                                                                                                                      Notify:
web_set_max_html_param_len started  	[MsgId: MMSG-26355]
web_set_max_html_param_len was successful  	[MsgId: MMSG-26392]
web_reg_save_param started  	[MsgId: MMSG-26355]
Registering web_reg_save_param was successful  	[MsgId: MMSG-26390]
web_reg_save_param started  	[MsgId: MMSG-26355]
Registering web_reg_save_param was successful  	[MsgId: MMSG-26390]
System.out: method:                                                                                                                                                      Notify:
[DEBUG]getPodStatus01
[DEBUG]URL=http://{url}/apiApplication/getPodStatus
[DEBUG]options:
[DEBUG]Method=POST
[DEBUG]Resource=0
[DEBUG]RecContentType=text/html
[DEBUG]Snapshot=t11.inf
[DEBUG]Mode=HTML
[DEBUG]Referer=http://{url}/cp/service
[DEBUG]EncType=application/json;charset=UTF-8
[DEBUG]Body={"app":"redshare","rcnum":2,"ver":"1.9.14-alpine","node":{"image":"prod.internal.naturecloud.io/library/nginx:1.9.14-alpine","imageshortname":"nginx","isMarket":true,"ports":[],"env":[],"clusterId":"default","cpu_shares":"0","mem_limit":"0Mi","volumes":[{"IsDefault":false,"isShared":true,"mountTargetPath":"/red","mountObj":{"name":"sharevolume","volumeId":"kidfanjun-sharevolume","namespace":"kidfanjun","status":"NOT_USE","mountAppName":"","mountNodeName":"","size":1024,"_id":"586c6253ac2cbd000ed00ade","mountAppNameArray":["redshare"]},"isStateful":false}],"secret":"a2lkZmFuanVuOjFxYXp4c3cy"},"username":"kidfanjun","id":"redshare","service":{"kind":"Service","apiVersion":"v1","metadata":{"name":"redshare","labels":{"app":"redshare"}},"spec":{"selector":{"app":"redshare"},"type":"ClusterIP","ports":[{"name":"0","protocol":"TCP","port":22,"targetPort":22}]}},"totalStatue":"starting","rc":{"kind":"ReplicationController","apiVersion":"v1","metadata":{"name":"redshare-v1.9.14-alpine","labels":{"app":"redshare","version":"1.9.14-alpine"},"uid":"72ce7c3a-d22b-11e6-bc7e-00163e02bcc9"},"spec":{"replicas":2,"template":{"metadata":{"labels":{"app":"redshare","version":"1.9.14-alpine"}},"spec":{"containers":[{"name":"redshare","image":"prod.internal.naturecloud.io/library/nginx:1.9.14-alpine","imagePullPolicy":"Always","env":[],"resources":{"limits":{"cpu":"0m","memory":"0Mi"}},"ports":[],"volumeMounts":[{"mountPath":"/red","name":"sharevolume"}]}],"imagePullSecrets":[{"name":"pullsecret"}],"restartPolicy":null,"terminationGracePeriodSeconds":5,"volumes":[{"name":"sharevolume","glusterfs":{"endpoints":"glusterfs-cluster","path":"kidfanjun-sharevolume"}}]}}}},"_id":"586c67d1ac2cbd000ed00ae4"}
[DEBUG]LAST
web_custom_request("getPodStatus01") started  	[MsgId: MMSG-26355]
HTML parsing not performed for Content-Type "application/json" ("ParseHtmlContentType" Run-Time Setting is "TEXT"). URL="http://ppe.naturecloud.io:88/apiApplication/getPodStatus"  	[MsgId: MMSG-26548]
web_custom_request("getPodStatus01") was successful, 1188 body bytes, 285 header bytes, 12 chunking overhead bytes  	[MsgId: MMSG-26385]
System.out: order:{5}                                                                                                                                                      Notify:
web_set_max_html_param_len started  	[MsgId: MMSG-26355]
web_set_max_html_param_len was successful  	[MsgId: MMSG-26392]
web_reg_save_param started  	[MsgId: MMSG-26355]
Registering web_reg_save_param was successful  	[MsgId: MMSG-26390]
web_reg_save_param started  	[MsgId: MMSG-26355]
Registering web_reg_save_param was successful  	[MsgId: MMSG-26390]
System.out: method:                                                                                                                                                      Notify:
[DEBUG]getPodStatus02
[DEBUG]URL=http://{url}/apiApplication/getPodStatus
[DEBUG]options:
[DEBUG]Method=POST
[DEBUG]Resource=0
[DEBUG]RecContentType=text/html
[DEBUG]Snapshot=t11.inf
[DEBUG]Mode=HTML
[DEBUG]Referer=http://{url}/cp/service
[DEBUG]EncType=application/json;charset=UTF-8
[DEBUG]Body={"app":"redshare","rcnum":2,"ver":"1.9.14-alpine","node":{"image":"prod.internal.naturecloud.io/library/nginx:1.9.14-alpine","imageshortname":"nginx","isMarket":true,"ports":[],"env":[],"clusterId":"default","cpu_shares":"0","mem_limit":"0Mi","volumes":[{"IsDefault":false,"isShared":true,"mountTargetPath":"/red","mountObj":{"name":"sharevolume","volumeId":"kidfanjun-sharevolume","namespace":"kidfanjun","status":"NOT_USE","mountAppName":"","mountNodeName":"","size":1024,"_id":"586c6253ac2cbd000ed00ade","mountAppNameArray":["redshare"]},"isStateful":false}],"secret":"a2lkZmFuanVuOjFxYXp4c3cy"},"username":"kidfanjun","id":"redshare","service":{"kind":"Service","apiVersion":"v1","metadata":{"name":"redshare","labels":{"app":"redshare"}},"spec":{"selector":{"app":"redshare"},"type":"ClusterIP","ports":[{"name":"0","protocol":"TCP","port":22,"targetPort":22}]}},"totalStatue":"starting","rc":{"kind":"ReplicationController","apiVersion":"v1","metadata":{"name":"redshare-v1.9.14-alpine","labels":{"app":"redshare","version":"1.9.14-alpine"},"uid":"72ce7c3a-d22b-11e6-bc7e-00163e02bcc9"},"spec":{"replicas":2,"template":{"metadata":{"labels":{"app":"redshare","version":"1.9.14-alpine"}},"spec":{"containers":[{"name":"redshare","image":"prod.internal.naturecloud.io/library/nginx:1.9.14-alpine","imagePullPolicy":"Always","env":[],"resources":{"limits":{"cpu":"0m","memory":"0Mi"}},"ports":[],"volumeMounts":[{"mountPath":"/red","name":"sharevolume"}]}],"imagePullSecrets":[{"name":"pullsecret"}],"restartPolicy":null,"terminationGracePeriodSeconds":5,"volumes":[{"name":"sharevolume","glusterfs":{"endpoints":"glusterfs-cluster","path":"kidfanjun-sharevolume"}}]}}}},"_id":"586c67d1ac2cbd000ed00ae4"}
[DEBUG]LAST
web_custom_request("getPodStatus02") started  	[MsgId: MMSG-26355]
HTML parsing not performed for Content-Type "application/json" ("ParseHtmlContentType" Run-Time Setting is "TEXT"). URL="http://ppe.naturecloud.io:88/apiApplication/getPodStatus"  	[MsgId: MMSG-26548]
web_custom_request("getPodStatus02") was successful, 1188 body bytes, 285 header bytes, 12 chunking overhead bytes  	[MsgId: MMSG-26385]
System.out: name:sharevolume,claimName: glusterfs-cluster                                                                                                                                                      Notify:
System.out: status is Running                                                                                                                                                      Notify:
System.out: name:sharevolume,claimName: glusterfs-cluster                                                                                                                                                      Notify:
System.out: status is Running                                                                                                                                                      Notify:
System.out: order:{6}                                                                                                                                                      Notify:
web_set_max_html_param_len started  	[MsgId: MMSG-26355]
web_set_max_html_param_len was successful  	[MsgId: MMSG-26392]
web_reg_save_param started  	[MsgId: MMSG-26355]
Registering web_reg_save_param was successful  	[MsgId: MMSG-26390]
web_reg_save_param started  	[MsgId: MMSG-26355]
Registering web_reg_save_param was successful  	[MsgId: MMSG-26390]
System.out: method:                                                                                                                                                      Notify:
[DEBUG]deleteApplication
[DEBUG]URL=http://{url}/apiApplication/deleteApplication
[DEBUG]options:
[DEBUG]Method=POST
[DEBUG]Resource=0
[DEBUG]RecContentType=text/html
[DEBUG]Snapshot=t11.inf
[DEBUG]Mode=HTML
[DEBUG]Referer=http://{url}/cp/service
[DEBUG]EncType=application/json;charset=UTF-8
[DEBUG]Body={"svc":{"app":"redshare","rcnum":2,"ver":"1.9.14-alpine","node":{"image":"prod.internal.naturecloud.io/library/nginx:1.9.14-alpine","imageshortname":"nginx","isMarket":true,"ports":[],"env":[],"clusterId":"default","cpu_shares":"0","mem_limit":"0Mi","volumes":[{"IsDefault":false,"isShared":true,"mountTargetPath":"/red","mountObj":{"name":"sharevolume","volumeId":"kidfanjun-sharevolume","namespace":"kidfanjun","status":"NOT_USE","mountAppName":"","mountNodeName":"","size":1024,"_id":"586c6253ac2cbd000ed00ade","mountAppNameArray":["redshare"]},"isStateful":false}],"secret":"a2lkZmFuanVuOjFxYXp4c3cy"},"username":"kidfanjun","id":"redshare","service":{"kind":"Service","apiVersion":"v1","metadata":{"name":"redshare","labels":{"app":"redshare"}},"spec":{"selector":{"app":"redshare"},"type":"ClusterIP","ports":[{"name":"0","protocol":"TCP","port":22,"targetPort":22}]}},"totalStatue":"running","rc":{"kind":"ReplicationController","apiVersion":"v1","metadata":{"name":"redshare-v1.9.14-alpine","labels":{"app":"redshare","version":"1.9.14-alpine"},"uid":"72ce7c3a-d22b-11e6-bc7e-00163e02bcc9"},"spec":{"replicas":2,"template":{"metadata":{"labels":{"app":"redshare","version":"1.9.14-alpine"}},"spec":{"containers":[{"name":"redshare","image":"prod.internal.naturecloud.io/library/nginx:1.9.14-alpine","imagePullPolicy":"Always","env":[],"resources":{"limits":{"cpu":"0m","memory":"0Mi"}},"ports":[],"volumeMounts":[{"mountPath":"/red","name":"sharevolume"}]}],"imagePullSecrets":[{"name":"pullsecret"}],"restartPolicy":null,"terminationGracePeriodSeconds":5,"volumes":[{"name":"sharevolume","glusterfs":{"endpoints":"glusterfs-cluster","path":"kidfanjun-sharevolume"}}]}}}},"_id":"586c67d1ac2cbd000ed00ae4"},"isDelVolume":true}
[DEBUG]LAST
web_custom_request("deleteApplication") started  	[MsgId: MMSG-26355]
HTML parsing not performed for Content-Type "application/json" ("ParseHtmlContentType" Run-Time Setting is "TEXT"). URL="http://ppe.naturecloud.io:88/apiApplication/deleteApplication"  	[MsgId: MMSG-26548]
web_custom_request("deleteApplication") was successful, 37 body bytes, 251 header bytes  	[MsgId: MMSG-26386]
System.out: order:{7}                                                                                                                                                      Notify:
Notify: Transaction "sharevolumeservice" set.
System.out: Scene sharevolumeservice pass ...                                                                                                                                                      Notify:
System.out:                                                                                                                                                        Notify:
System.out:                                                                                                                                                        Notify:
System.out: -------statics-------                                                                                                                                                      Notify:
System.out: Scene:sharevolumeservice succeed                                                                                                                                                      Notify:
System.out: 0                                                                                                                                                      Notify:
Ending action Actions.
Ending iteration 1.
Ending Vuser...
Starting action vuser_end.
Ending action vuser_end.
Vuser Terminated.
