Notify: Found jdk version: 1.6.0.	[MsgId: MMSG-22986]
Notify: classpath=C:\naturecloud\lb_scripts_new\java\noStore\ScaleService\scaleService_shrink;c:\program files (x86)\hp\loadrunner\classes\srv;c:\program files (x86)\hp\loadrunner\classes;;C:\naturecloud\lb_scripts_new\lib\gson-2.8.0.jar;C:\naturecloud\lb_scripts_new\lib\commons-net-3.5.jar;;;c:\program files (x86)\hp\loadrunner\lib\xstream-1.4.8.jar;c:\program files (x86)\hp\loadrunner\lib\xpp3-1.1.4c.jar	[MsgId: MMSG-22986]
Notify: Path=c:\jdk1.6.0_45\jre\bin\client;C:\PROGRA~2\HP\LOADRU~1\bin;C:\Windows\system32;C:\Windows;C:\Windows\System32\Wbem;C:\Windows\System32\WindowsPowerShell\v1.0\;C:\Program Files\TortoiseGit\bin;c:\jdk1.6.0_45\bin;C:\jdk1.6.0_45\jre\bin;C:\Program Files (x86)\HP\LoadRunner\strawberry-perl\perl\bin	[MsgId: MMSG-22986]
Notify: VM Params: .	[MsgId: MMSG-22986]
Start auto log messages stack - Iteration 1.	[MsgId: MMSG-10545]
Start auto log messages stack - Iteration 1.	[MsgId: MMSG-10545]
web_custom_request("modifyRc") was successful, 174 body bytes, 252 header bytes  	[MsgId: MMSG-26386]
web_custom_request("modifyRc") was successful, 174 body bytes, 252 header bytes  	[MsgId: MMSG-26386]
System.out: {"ret":false,"error":"replicationcontrollers \"scaleserviceshrink-v1.9.14-alpine\" not found","data":"replicationcontrollers \"scaleserviceshrink-v1.9.14-alpine\" not found"}                                                                                                                                                      Notify:	[MsgId: MMSG-17999]
System.out: {"ret":false,"error":"replicationcontrollers \"scaleserviceshrink-v1.9.14-alpine\" not found","data":"replicationcontrollers \"scaleserviceshrink-v1.9.14-alpine\" not found"}                                                                                                                                                      Notify:	[MsgId: MMSG-17999]
System.out: modifyReplicas{"ret":false,"error":"replicationcontrollers \"scaleserviceshrink-v1.9.14-alpine\" not found","data":"replicationcontrollers \"scaleserviceshrink-v1.9.14-alpine\" not found"}                                                                                                                                                      Notify:	[MsgId: MMSG-17999]
System.out: modifyReplicas{"ret":false,"error":"replicationcontrollers \"scaleserviceshrink-v1.9.14-alpine\" not found","data":"replicationcontrollers \"scaleserviceshrink-v1.9.14-alpine\" not found"}                                                                                                                                                      Notify:	[MsgId: MMSG-17999]
Error: replicationcontrollers "scaleserviceshrink-v1.9.14-alpine" not found	[MsgId: MERR-17999]
Error: replicationcontrollers "scaleserviceshrink-v1.9.14-alpine" not found	[MsgId: MERR-17999]
End auto log messages stack.	[MsgId: MMSG-10544]


End auto log messages stack.	[MsgId: MMSG-10544]


Start auto log messages stack - Iteration 1.	[MsgId: MMSG-10545]
web_custom_request("modifyRc") was successful, 174 body bytes, 252 header bytes  	[MsgId: MMSG-26386]
System.out: {"ret":false,"error":"replicationcontrollers \"scaleserviceshrink-v1.9.14-alpine\" not found","data":"replicationcontrollers \"scaleserviceshrink-v1.9.14-alpine\" not found"}                                                                                                                                                      Notify:	[MsgId: MMSG-17999]
System.out: modifyReplicas{"ret":false,"error":"replicationcontrollers \"scaleserviceshrink-v1.9.14-alpine\" not found","data":"replicationcontrollers \"scaleserviceshrink-v1.9.14-alpine\" not found"}                                                                                                                                                      Notify:	[MsgId: MMSG-17999]
Error: replicationcontrollers "scaleserviceshrink-v1.9.14-alpine" not found	[MsgId: MERR-17999]
End auto log messages stack.	[MsgId: MMSG-10544]


Start auto log messages stack - Iteration 1.	[MsgId: MMSG-10545]
web_custom_request("modifyRc") was successful, 174 body bytes, 252 header bytes  	[MsgId: MMSG-26386]
System.out: {"ret":false,"error":"replicationcontrollers \"scaleserviceshrink-v1.9.14-alpine\" not found","data":"replicationcontrollers \"scaleserviceshrink-v1.9.14-alpine\" not found"}                                                                                                                                                      Notify:	[MsgId: MMSG-17999]
System.out: modifyReplicas{"ret":false,"error":"replicationcontrollers \"scaleserviceshrink-v1.9.14-alpine\" not found","data":"replicationcontrollers \"scaleserviceshrink-v1.9.14-alpine\" not found"}                                                                                                                                                      Notify:	[MsgId: MMSG-17999]
Error: replicationcontrollers "scaleserviceshrink-v1.9.14-alpine" not found	[MsgId: MERR-17999]
End auto log messages stack.	[MsgId: MMSG-10544]


Start auto log messages stack - Iteration 1.	[MsgId: MMSG-10545]
web_custom_request("modifyRc") was successful, 174 body bytes, 252 header bytes  	[MsgId: MMSG-26386]
System.out: {"ret":false,"error":"replicationcontrollers \"scaleserviceshrink-v1.9.14-alpine\" not found","data":"replicationcontrollers \"scaleserviceshrink-v1.9.14-alpine\" not found"}                                                                                                                                                      Notify:	[MsgId: MMSG-17999]
System.out: modifyReplicas{"ret":false,"error":"replicationcontrollers \"scaleserviceshrink-v1.9.14-alpine\" not found","data":"replicationcontrollers \"scaleserviceshrink-v1.9.14-alpine\" not found"}                                                                                                                                                      Notify:	[MsgId: MMSG-17999]
Error: replicationcontrollers "scaleserviceshrink-v1.9.14-alpine" not found	[MsgId: MERR-17999]
End auto log messages stack.	[MsgId: MMSG-10544]


Start auto log messages stack - Iteration 1.	[MsgId: MMSG-10545]
web_custom_request("modifyRc") was successful, 174 body bytes, 252 header bytes  	[MsgId: MMSG-26386]
System.out: {"ret":false,"error":"replicationcontrollers \"scaleserviceshrink-v1.9.14-alpine\" not found","data":"replicationcontrollers \"scaleserviceshrink-v1.9.14-alpine\" not found"}                                                                                                                                                      Notify:	[MsgId: MMSG-17999]
System.out: modifyReplicas{"ret":false,"error":"replicationcontrollers \"scaleserviceshrink-v1.9.14-alpine\" not found","data":"replicationcontrollers \"scaleserviceshrink-v1.9.14-alpine\" not found"}                                                                                                                                                      Notify:	[MsgId: MMSG-17999]
Error: replicationcontrollers "scaleserviceshrink-v1.9.14-alpine" not found	[MsgId: MERR-17999]
End auto log messages stack.	[MsgId: MMSG-10544]


Start auto log messages stack - Iteration 1.	[MsgId: MMSG-10545]
web_custom_request("modifyRc") was successful, 174 body bytes, 252 header bytes  	[MsgId: MMSG-26386]
System.out: {"ret":false,"error":"replicationcontrollers \"scaleserviceshrink-v1.9.14-alpine\" not found","data":"replicationcontrollers \"scaleserviceshrink-v1.9.14-alpine\" not found"}                                                                                                                                                      Notify:	[MsgId: MMSG-17999]
System.out: modifyReplicas{"ret":false,"error":"replicationcontrollers \"scaleserviceshrink-v1.9.14-alpine\" not found","data":"replicationcontrollers \"scaleserviceshrink-v1.9.14-alpine\" not found"}                                                                                                                                                      Notify:	[MsgId: MMSG-17999]
Error: replicationcontrollers "scaleserviceshrink-v1.9.14-alpine" not found	[MsgId: MERR-17999]
End auto log messages stack.	[MsgId: MMSG-10544]


Start auto log messages stack - Iteration 1.	[MsgId: MMSG-10545]
web_custom_request("modifyRc") was successful, 174 body bytes, 252 header bytes  	[MsgId: MMSG-26386]
System.out: {"ret":false,"error":"replicationcontrollers \"scaleserviceshrink-v1.9.14-alpine\" not found","data":"replicationcontrollers \"scaleserviceshrink-v1.9.14-alpine\" not found"}                                                                                                                                                      Notify:	[MsgId: MMSG-17999]
System.out: modifyReplicas{"ret":false,"error":"replicationcontrollers \"scaleserviceshrink-v1.9.14-alpine\" not found","data":"replicationcontrollers \"scaleserviceshrink-v1.9.14-alpine\" not found"}                                                                                                                                                      Notify:	[MsgId: MMSG-17999]
Error: replicationcontrollers "scaleserviceshrink-v1.9.14-alpine" not found	[MsgId: MERR-17999]
End auto log messages stack.	[MsgId: MMSG-10544]


Start auto log messages stack - Iteration 1.	[MsgId: MMSG-10545]
web_custom_request("modifyRc") was successful, 174 body bytes, 252 header bytes  	[MsgId: MMSG-26386]
System.out: {"ret":false,"error":"replicationcontrollers \"scaleserviceshrink-v1.9.14-alpine\" not found","data":"replicationcontrollers \"scaleserviceshrink-v1.9.14-alpine\" not found"}                                                                                                                                                      Notify:	[MsgId: MMSG-17999]
System.out: modifyReplicas{"ret":false,"error":"replicationcontrollers \"scaleserviceshrink-v1.9.14-alpine\" not found","data":"replicationcontrollers \"scaleserviceshrink-v1.9.14-alpine\" not found"}                                                                                                                                                      Notify:	[MsgId: MMSG-17999]
Error: replicationcontrollers "scaleserviceshrink-v1.9.14-alpine" not found	[MsgId: MERR-17999]
End auto log messages stack.	[MsgId: MMSG-10544]


Start auto log messages stack - Iteration 1.	[MsgId: MMSG-10545]
web_custom_request("modifyRc") was successful, 174 body bytes, 252 header bytes  	[MsgId: MMSG-26386]
System.out: {"ret":false,"error":"replicationcontrollers \"scaleserviceshrink-v1.9.14-alpine\" not found","data":"replicationcontrollers \"scaleserviceshrink-v1.9.14-alpine\" not found"}                                                                                                                                                      Notify:	[MsgId: MMSG-17999]
System.out: modifyReplicas{"ret":false,"error":"replicationcontrollers \"scaleserviceshrink-v1.9.14-alpine\" not found","data":"replicationcontrollers \"scaleserviceshrink-v1.9.14-alpine\" not found"}                                                                                                                                                      Notify:	[MsgId: MMSG-17999]
Error: replicationcontrollers "scaleserviceshrink-v1.9.14-alpine" not found	[MsgId: MERR-17999]
End auto log messages stack.	[MsgId: MMSG-10544]


Start auto log messages stack - Iteration 2.	[MsgId: MMSG-10545]
web_custom_request("modifyRc") was successful, 174 body bytes, 252 header bytes  	[MsgId: MMSG-26386]
System.out: {"ret":false,"error":"replicationcontrollers \"scaleserviceshrink-v1.9.14-alpine\" not found","data":"replicationcontrollers \"scaleserviceshrink-v1.9.14-alpine\" not found"}                                                                                                                                                      Notify:	[MsgId: MMSG-17999]
System.out: modifyReplicas{"ret":false,"error":"replicationcontrollers \"scaleserviceshrink-v1.9.14-alpine\" not found","data":"replicationcontrollers \"scaleserviceshrink-v1.9.14-alpine\" not found"}                                                                                                                                                      Notify:	[MsgId: MMSG-17999]
Error: replicationcontrollers "scaleserviceshrink-v1.9.14-alpine" not found	[MsgId: MERR-17999]
End auto log messages stack.	[MsgId: MMSG-10544]


Start auto log messages stack - Iteration 2.	[MsgId: MMSG-10545]
web_custom_request("modifyRc") was successful, 174 body bytes, 252 header bytes  	[MsgId: MMSG-26386]
System.out: {"ret":false,"error":"replicationcontrollers \"scaleserviceshrink-v1.9.14-alpine\" not found","data":"replicationcontrollers \"scaleserviceshrink-v1.9.14-alpine\" not found"}                                                                                                                                                      Notify:	[MsgId: MMSG-17999]
System.out: modifyReplicas{"ret":false,"error":"replicationcontrollers \"scaleserviceshrink-v1.9.14-alpine\" not found","data":"replicationcontrollers \"scaleserviceshrink-v1.9.14-alpine\" not found"}                                                                                                                                                      Notify:	[MsgId: MMSG-17999]
Error: replicationcontrollers "scaleserviceshrink-v1.9.14-alpine" not found	[MsgId: MERR-17999]
End auto log messages stack.	[MsgId: MMSG-10544]


Start auto log messages stack - Iteration 2.	[MsgId: MMSG-10545]
web_custom_request("modifyRc") was successful, 174 body bytes, 252 header bytes  	[MsgId: MMSG-26386]
System.out: {"ret":false,"error":"replicationcontrollers \"scaleserviceshrink-v1.9.14-alpine\" not found","data":"replicationcontrollers \"scaleserviceshrink-v1.9.14-alpine\" not found"}                                                                                                                                                      Notify:	[MsgId: MMSG-17999]
System.out: modifyReplicas{"ret":false,"error":"replicationcontrollers \"scaleserviceshrink-v1.9.14-alpine\" not found","data":"replicationcontrollers \"scaleserviceshrink-v1.9.14-alpine\" not found"}                                                                                                                                                      Notify:	[MsgId: MMSG-17999]
Error: replicationcontrollers "scaleserviceshrink-v1.9.14-alpine" not found	[MsgId: MERR-17999]
End auto log messages stack.	[MsgId: MMSG-10544]


Start auto log messages stack - Iteration 2.	[MsgId: MMSG-10545]
web_custom_request("modifyRc") was successful, 174 body bytes, 252 header bytes  	[MsgId: MMSG-26386]
System.out: {"ret":false,"error":"replicationcontrollers \"scaleserviceshrink-v1.9.14-alpine\" not found","data":"replicationcontrollers \"scaleserviceshrink-v1.9.14-alpine\" not found"}                                                                                                                                                      Notify:	[MsgId: MMSG-17999]
System.out: modifyReplicas{"ret":false,"error":"replicationcontrollers \"scaleserviceshrink-v1.9.14-alpine\" not found","data":"replicationcontrollers \"scaleserviceshrink-v1.9.14-alpine\" not found"}                                                                                                                                                      Notify:	[MsgId: MMSG-17999]
Error: replicationcontrollers "scaleserviceshrink-v1.9.14-alpine" not found	[MsgId: MERR-17999]
End auto log messages stack.	[MsgId: MMSG-10544]


Start auto log messages stack - Iteration 2.	[MsgId: MMSG-10545]
web_custom_request("modifyRc") was successful, 174 body bytes, 252 header bytes  	[MsgId: MMSG-26386]
System.out: {"ret":false,"error":"replicationcontrollers \"scaleserviceshrink-v1.9.14-alpine\" not found","data":"replicationcontrollers \"scaleserviceshrink-v1.9.14-alpine\" not found"}                                                                                                                                                      Notify:	[MsgId: MMSG-17999]
System.out: modifyReplicas{"ret":false,"error":"replicationcontrollers \"scaleserviceshrink-v1.9.14-alpine\" not found","data":"replicationcontrollers \"scaleserviceshrink-v1.9.14-alpine\" not found"}                                                                                                                                                      Notify:	[MsgId: MMSG-17999]
Error: replicationcontrollers "scaleserviceshrink-v1.9.14-alpine" not found	[MsgId: MERR-17999]
End auto log messages stack.	[MsgId: MMSG-10544]


Start auto log messages stack - Iteration 2.	[MsgId: MMSG-10545]
web_custom_request("modifyRc") was successful, 174 body bytes, 252 header bytes  	[MsgId: MMSG-26386]
System.out: {"ret":false,"error":"replicationcontrollers \"scaleserviceshrink-v1.9.14-alpine\" not found","data":"replicationcontrollers \"scaleserviceshrink-v1.9.14-alpine\" not found"}                                                                                                                                                      Notify:	[MsgId: MMSG-17999]
System.out: modifyReplicas{"ret":false,"error":"replicationcontrollers \"scaleserviceshrink-v1.9.14-alpine\" not found","data":"replicationcontrollers \"scaleserviceshrink-v1.9.14-alpine\" not found"}                                                                                                                                                      Notify:	[MsgId: MMSG-17999]
Error: replicationcontrollers "scaleserviceshrink-v1.9.14-alpine" not found	[MsgId: MERR-17999]
End auto log messages stack.	[MsgId: MMSG-10544]


Start auto log messages stack - Iteration 2.	[MsgId: MMSG-10545]
web_custom_request("modifyRc") was successful, 174 body bytes, 252 header bytes  	[MsgId: MMSG-26386]
System.out: {"ret":false,"error":"replicationcontrollers \"scaleserviceshrink-v1.9.14-alpine\" not found","data":"replicationcontrollers \"scaleserviceshrink-v1.9.14-alpine\" not found"}                                                                                                                                                      Notify:	[MsgId: MMSG-17999]
System.out: modifyReplicas{"ret":false,"error":"replicationcontrollers \"scaleserviceshrink-v1.9.14-alpine\" not found","data":"replicationcontrollers \"scaleserviceshrink-v1.9.14-alpine\" not found"}                                                                                                                                                      Notify:	[MsgId: MMSG-17999]
Error: replicationcontrollers "scaleserviceshrink-v1.9.14-alpine" not found	[MsgId: MERR-17999]
End auto log messages stack.	[MsgId: MMSG-10544]


Start auto log messages stack - Iteration 2.	[MsgId: MMSG-10545]
web_custom_request("modifyRc") was successful, 174 body bytes, 252 header bytes  	[MsgId: MMSG-26386]
System.out: {"ret":false,"error":"replicationcontrollers \"scaleserviceshrink-v1.9.14-alpine\" not found","data":"replicationcontrollers \"scaleserviceshrink-v1.9.14-alpine\" not found"}                                                                                                                                                      Notify:	[MsgId: MMSG-17999]
System.out: modifyReplicas{"ret":false,"error":"replicationcontrollers \"scaleserviceshrink-v1.9.14-alpine\" not found","data":"replicationcontrollers \"scaleserviceshrink-v1.9.14-alpine\" not found"}                                                                                                                                                      Notify:	[MsgId: MMSG-17999]
Error: replicationcontrollers "scaleserviceshrink-v1.9.14-alpine" not found	[MsgId: MERR-17999]
End auto log messages stack.	[MsgId: MMSG-10544]


Start auto log messages stack - Iteration 2.	[MsgId: MMSG-10545]
web_custom_request("modifyRc") was successful, 174 body bytes, 252 header bytes  	[MsgId: MMSG-26386]
System.out: {"ret":false,"error":"replicationcontrollers \"scaleserviceshrink-v1.9.14-alpine\" not found","data":"replicationcontrollers \"scaleserviceshrink-v1.9.14-alpine\" not found"}                                                                                                                                                      Notify:	[MsgId: MMSG-17999]
System.out: modifyReplicas{"ret":false,"error":"replicationcontrollers \"scaleserviceshrink-v1.9.14-alpine\" not found","data":"replicationcontrollers \"scaleserviceshrink-v1.9.14-alpine\" not found"}                                                                                                                                                      Notify:	[MsgId: MMSG-17999]
Error: replicationcontrollers "scaleserviceshrink-v1.9.14-alpine" not found	[MsgId: MERR-17999]
End auto log messages stack.	[MsgId: MMSG-10544]


Start auto log messages stack - Iteration 2.	[MsgId: MMSG-10545]
web_custom_request("modifyRc") was successful, 174 body bytes, 252 header bytes  	[MsgId: MMSG-26386]
System.out: {"ret":false,"error":"replicationcontrollers \"scaleserviceshrink-v1.9.14-alpine\" not found","data":"replicationcontrollers \"scaleserviceshrink-v1.9.14-alpine\" not found"}                                                                                                                                                      Notify:	[MsgId: MMSG-17999]
System.out: modifyReplicas{"ret":false,"error":"replicationcontrollers \"scaleserviceshrink-v1.9.14-alpine\" not found","data":"replicationcontrollers \"scaleserviceshrink-v1.9.14-alpine\" not found"}                                                                                                                                                      Notify:	[MsgId: MMSG-17999]
Error: replicationcontrollers "scaleserviceshrink-v1.9.14-alpine" not found	[MsgId: MERR-17999]
End auto log messages stack.	[MsgId: MMSG-10544]


Start auto log messages stack - Iteration 3.	[MsgId: MMSG-10545]
web_custom_request("modifyRc") was successful, 174 body bytes, 252 header bytes  	[MsgId: MMSG-26386]
System.out: {"ret":false,"error":"replicationcontrollers \"scaleserviceshrink-v1.9.14-alpine\" not found","data":"replicationcontrollers \"scaleserviceshrink-v1.9.14-alpine\" not found"}                                                                                                                                                      Notify:	[MsgId: MMSG-17999]
System.out: modifyReplicas{"ret":false,"error":"replicationcontrollers \"scaleserviceshrink-v1.9.14-alpine\" not found","data":"replicationcontrollers \"scaleserviceshrink-v1.9.14-alpine\" not found"}                                                                                                                                                      Notify:	[MsgId: MMSG-17999]
Error: replicationcontrollers "scaleserviceshrink-v1.9.14-alpine" not found	[MsgId: MERR-17999]
End auto log messages stack.	[MsgId: MMSG-10544]


Start auto log messages stack - Iteration 3.	[MsgId: MMSG-10545]
web_custom_request("modifyRc") was successful, 174 body bytes, 252 header bytes  	[MsgId: MMSG-26386]
System.out: {"ret":false,"error":"replicationcontrollers \"scaleserviceshrink-v1.9.14-alpine\" not found","data":"replicationcontrollers \"scaleserviceshrink-v1.9.14-alpine\" not found"}                                                                                                                                                      Notify:	[MsgId: MMSG-17999]
System.out: modifyReplicas{"ret":false,"error":"replicationcontrollers \"scaleserviceshrink-v1.9.14-alpine\" not found","data":"replicationcontrollers \"scaleserviceshrink-v1.9.14-alpine\" not found"}                                                                                                                                                      Notify:	[MsgId: MMSG-17999]
Error: replicationcontrollers "scaleserviceshrink-v1.9.14-alpine" not found	[MsgId: MERR-17999]
End auto log messages stack.	[MsgId: MMSG-10544]


