Notify: Found jdk version: 1.6.0.	[MsgId: MMSG-22986]
Notify: classpath=C:\naturecloud\lb_scripts_new\java\noStore\ScaleService\scaleService_shrink;c:\program files (x86)\hp\loadrunner\classes\srv;c:\program files (x86)\hp\loadrunner\classes;;C:\naturecloud\lb_scripts_new\lib\gson-2.8.0.jar;C:\naturecloud\lb_scripts_new\lib\commons-net-3.5.jar;;;c:\program files (x86)\hp\loadrunner\lib\xstream-1.4.8.jar;c:\program files (x86)\hp\loadrunner\lib\xpp3-1.1.4c.jar	[MsgId: MMSG-22986]
Notify: Path=c:\jdk1.6.0_45\jre\bin\client;C:\PROGRA~2\HP\LOADRU~1\bin;C:\Windows\system32;C:\Windows;C:\Windows\System32\Wbem;C:\Windows\System32\WindowsPowerShell\v1.0\;C:\Program Files\TortoiseGit\bin;c:\jdk1.6.0_45\bin;C:\jdk1.6.0_45\jre\bin;C:\Program Files (x86)\HP\LoadRunner\strawberry-perl\perl\bin	[MsgId: MMSG-22986]
Notify: VM Params: .	[MsgId: MMSG-22986]
Start auto log messages stack - Iteration 1.	[MsgId: MMSG-10545]
[DEBUG]options:	[MsgId: MMSG-17999]
[DEBUG]Method=POST	[MsgId: MMSG-17999]
[DEBUG]Resource=0	[MsgId: MMSG-17999]
[DEBUG]RecContentType=text/html	[MsgId: MMSG-17999]
[DEBUG]Snapshot=t11.inf	[MsgId: MMSG-17999]
[DEBUG]Mode=HTML	[MsgId: MMSG-17999]
[DEBUG]Referer=http://ppe.naturecloud.io:88/cp/service	[MsgId: MMSG-17999]
[DEBUG]EncType=application/json;charset=UTF-8	[MsgId: MMSG-17999]
Message id [-17999] was not saved - Auto Log cache is too small to contain the message.	[MsgId: MMSG-10547]
[DEBUG]LAST	[MsgId: MMSG-17999]
web_custom_request("getPodStatus01") started  	[MsgId: MMSG-26355]
HTML parsing not performed for Content-Type "application/json" ("ParseHtmlContentType" Run-Time Setting is "TEXT"). URL="http://ppe.naturecloud.io:88/apiApplication/getPodStatus"  	[MsgId: MMSG-26548]
web_custom_request("getPodStatus01") was successful, 3817 body bytes, 254 header bytes  	[MsgId: MMSG-26386]
Message id [-17999] was not saved - Auto Log cache is too small to contain the message.	[MsgId: MMSG-10547]
Error: error:null;reson:null	[MsgId: MERR-17999]
Error: error:null;reson:null	[MsgId: MERR-17999]
End auto log messages stack.	[MsgId: MMSG-10544]


Start auto log messages stack - Iteration 2.	[MsgId: MMSG-10545]
HTML parsing not performed for Content-Type "application/json" ("ParseHtmlContentType" Run-Time Setting is "TEXT"). URL="http://ppe.naturecloud.io:88/apiApplication/createApplication"  	[MsgId: MMSG-26548]
web_custom_request("createservice") was successful, 451 body bytes, 253 header bytes  	[MsgId: MMSG-26386]
System.out: {"ret":false,"name":"MongoError","message":"E11000 duplicate key error index: test.transactions.$source_1  dup key: { : \"createApplication#kidfanjun:scaleserviceshrink\" }","error":"E11000 duplicate key error index: test.transactions.$source_1  dup key: { : \"createApplication#kidfanjun:scaleserviceshrink\" }","data":"E11000 duplicate key error index: test.transactions.$source_1  dup key: { : \"createApplication#kidfanjun:scaleserviceshrink\" }"}                                                                                                                                                      Notify:	[MsgId: MMSG-17999]
Error: E11000 duplicate key error index: test.transactions.$source_1  dup key: { : "createApplication#kidfanjun:scaleserviceshrink" }	[MsgId: MERR-17999]
End auto log messages stack.	[MsgId: MMSG-10544]


Start auto log messages stack - Iteration 3.	[MsgId: MMSG-10545]
HTML parsing not performed for Content-Type "application/json" ("ParseHtmlContentType" Run-Time Setting is "TEXT"). URL="http://ppe.naturecloud.io:88/apiApplication/createApplication"  	[MsgId: MMSG-26548]
web_custom_request("createservice") was successful, 451 body bytes, 253 header bytes  	[MsgId: MMSG-26386]
System.out: {"ret":false,"name":"MongoError","message":"E11000 duplicate key error index: test.transactions.$source_1  dup key: { : \"createApplication#kidfanjun:scaleserviceshrink\" }","error":"E11000 duplicate key error index: test.transactions.$source_1  dup key: { : \"createApplication#kidfanjun:scaleserviceshrink\" }","data":"E11000 duplicate key error index: test.transactions.$source_1  dup key: { : \"createApplication#kidfanjun:scaleserviceshrink\" }"}                                                                                                                                                      Notify:	[MsgId: MMSG-17999]
Error: E11000 duplicate key error index: test.transactions.$source_1  dup key: { : "createApplication#kidfanjun:scaleserviceshrink" }	[MsgId: MERR-17999]
End auto log messages stack.	[MsgId: MMSG-10544]


Start auto log messages stack - Iteration 4.	[MsgId: MMSG-10545]
HTML parsing not performed for Content-Type "application/json" ("ParseHtmlContentType" Run-Time Setting is "TEXT"). URL="http://ppe.naturecloud.io:88/apiApplication/createApplication"  	[MsgId: MMSG-26548]
web_custom_request("createservice") was successful, 451 body bytes, 253 header bytes  	[MsgId: MMSG-26386]
System.out: {"ret":false,"name":"MongoError","message":"E11000 duplicate key error index: test.transactions.$source_1  dup key: { : \"createApplication#kidfanjun:scaleserviceshrink\" }","error":"E11000 duplicate key error index: test.transactions.$source_1  dup key: { : \"createApplication#kidfanjun:scaleserviceshrink\" }","data":"E11000 duplicate key error index: test.transactions.$source_1  dup key: { : \"createApplication#kidfanjun:scaleserviceshrink\" }"}                                                                                                                                                      Notify:	[MsgId: MMSG-17999]
Error: E11000 duplicate key error index: test.transactions.$source_1  dup key: { : "createApplication#kidfanjun:scaleserviceshrink" }	[MsgId: MERR-17999]
End auto log messages stack.	[MsgId: MMSG-10544]


Start auto log messages stack - Iteration 5.	[MsgId: MMSG-10545]
HTML parsing not performed for Content-Type "application/json" ("ParseHtmlContentType" Run-Time Setting is "TEXT"). URL="http://ppe.naturecloud.io:88/apiApplication/createApplication"  	[MsgId: MMSG-26548]
web_custom_request("createservice") was successful, 451 body bytes, 253 header bytes  	[MsgId: MMSG-26386]
System.out: {"ret":false,"name":"MongoError","message":"E11000 duplicate key error index: test.transactions.$source_1  dup key: { : \"createApplication#kidfanjun:scaleserviceshrink\" }","error":"E11000 duplicate key error index: test.transactions.$source_1  dup key: { : \"createApplication#kidfanjun:scaleserviceshrink\" }","data":"E11000 duplicate key error index: test.transactions.$source_1  dup key: { : \"createApplication#kidfanjun:scaleserviceshrink\" }"}                                                                                                                                                      Notify:	[MsgId: MMSG-17999]
Error: E11000 duplicate key error index: test.transactions.$source_1  dup key: { : "createApplication#kidfanjun:scaleserviceshrink" }	[MsgId: MERR-17999]
End auto log messages stack.	[MsgId: MMSG-10544]


Start auto log messages stack - Iteration 6.	[MsgId: MMSG-10545]
HTML parsing not performed for Content-Type "application/json" ("ParseHtmlContentType" Run-Time Setting is "TEXT"). URL="http://ppe.naturecloud.io:88/apiApplication/createApplication"  	[MsgId: MMSG-26548]
web_custom_request("createservice") was successful, 451 body bytes, 253 header bytes  	[MsgId: MMSG-26386]
System.out: {"ret":false,"name":"MongoError","message":"E11000 duplicate key error index: test.transactions.$source_1  dup key: { : \"createApplication#kidfanjun:scaleserviceshrink\" }","error":"E11000 duplicate key error index: test.transactions.$source_1  dup key: { : \"createApplication#kidfanjun:scaleserviceshrink\" }","data":"E11000 duplicate key error index: test.transactions.$source_1  dup key: { : \"createApplication#kidfanjun:scaleserviceshrink\" }"}                                                                                                                                                      Notify:	[MsgId: MMSG-17999]
Error: E11000 duplicate key error index: test.transactions.$source_1  dup key: { : "createApplication#kidfanjun:scaleserviceshrink" }	[MsgId: MERR-17999]
End auto log messages stack.	[MsgId: MMSG-10544]


Start auto log messages stack - Iteration 7.	[MsgId: MMSG-10545]
HTML parsing not performed for Content-Type "application/json" ("ParseHtmlContentType" Run-Time Setting is "TEXT"). URL="http://ppe.naturecloud.io:88/apiApplication/createApplication"  	[MsgId: MMSG-26548]
web_custom_request("createservice") was successful, 451 body bytes, 253 header bytes  	[MsgId: MMSG-26386]
System.out: {"ret":false,"name":"MongoError","message":"E11000 duplicate key error index: test.transactions.$source_1  dup key: { : \"createApplication#kidfanjun:scaleserviceshrink\" }","error":"E11000 duplicate key error index: test.transactions.$source_1  dup key: { : \"createApplication#kidfanjun:scaleserviceshrink\" }","data":"E11000 duplicate key error index: test.transactions.$source_1  dup key: { : \"createApplication#kidfanjun:scaleserviceshrink\" }"}                                                                                                                                                      Notify:	[MsgId: MMSG-17999]
Error: E11000 duplicate key error index: test.transactions.$source_1  dup key: { : "createApplication#kidfanjun:scaleserviceshrink" }	[MsgId: MERR-17999]
End auto log messages stack.	[MsgId: MMSG-10544]


Start auto log messages stack - Iteration 8.	[MsgId: MMSG-10545]
HTML parsing not performed for Content-Type "application/json" ("ParseHtmlContentType" Run-Time Setting is "TEXT"). URL="http://ppe.naturecloud.io:88/apiApplication/createApplication"  	[MsgId: MMSG-26548]
web_custom_request("createservice") was successful, 451 body bytes, 253 header bytes  	[MsgId: MMSG-26386]
System.out: {"ret":false,"name":"MongoError","message":"E11000 duplicate key error index: test.transactions.$source_1  dup key: { : \"createApplication#kidfanjun:scaleserviceshrink\" }","error":"E11000 duplicate key error index: test.transactions.$source_1  dup key: { : \"createApplication#kidfanjun:scaleserviceshrink\" }","data":"E11000 duplicate key error index: test.transactions.$source_1  dup key: { : \"createApplication#kidfanjun:scaleserviceshrink\" }"}                                                                                                                                                      Notify:	[MsgId: MMSG-17999]
Error: E11000 duplicate key error index: test.transactions.$source_1  dup key: { : "createApplication#kidfanjun:scaleserviceshrink" }	[MsgId: MERR-17999]
End auto log messages stack.	[MsgId: MMSG-10544]


Start auto log messages stack - Iteration 9.	[MsgId: MMSG-10545]
HTML parsing not performed for Content-Type "application/json" ("ParseHtmlContentType" Run-Time Setting is "TEXT"). URL="http://ppe.naturecloud.io:88/apiApplication/createApplication"  	[MsgId: MMSG-26548]
web_custom_request("createservice") was successful, 451 body bytes, 253 header bytes  	[MsgId: MMSG-26386]
System.out: {"ret":false,"name":"MongoError","message":"E11000 duplicate key error index: test.transactions.$source_1  dup key: { : \"createApplication#kidfanjun:scaleserviceshrink\" }","error":"E11000 duplicate key error index: test.transactions.$source_1  dup key: { : \"createApplication#kidfanjun:scaleserviceshrink\" }","data":"E11000 duplicate key error index: test.transactions.$source_1  dup key: { : \"createApplication#kidfanjun:scaleserviceshrink\" }"}                                                                                                                                                      Notify:	[MsgId: MMSG-17999]
Error: E11000 duplicate key error index: test.transactions.$source_1  dup key: { : "createApplication#kidfanjun:scaleserviceshrink" }	[MsgId: MERR-17999]
End auto log messages stack.	[MsgId: MMSG-10544]


Start auto log messages stack - Iteration 10.	[MsgId: MMSG-10545]
HTML parsing not performed for Content-Type "application/json" ("ParseHtmlContentType" Run-Time Setting is "TEXT"). URL="http://ppe.naturecloud.io:88/apiApplication/createApplication"  	[MsgId: MMSG-26548]
web_custom_request("createservice") was successful, 451 body bytes, 253 header bytes  	[MsgId: MMSG-26386]
System.out: {"ret":false,"name":"MongoError","message":"E11000 duplicate key error index: test.transactions.$source_1  dup key: { : \"createApplication#kidfanjun:scaleserviceshrink\" }","error":"E11000 duplicate key error index: test.transactions.$source_1  dup key: { : \"createApplication#kidfanjun:scaleserviceshrink\" }","data":"E11000 duplicate key error index: test.transactions.$source_1  dup key: { : \"createApplication#kidfanjun:scaleserviceshrink\" }"}                                                                                                                                                      Notify:	[MsgId: MMSG-17999]
Error: E11000 duplicate key error index: test.transactions.$source_1  dup key: { : "createApplication#kidfanjun:scaleserviceshrink" }	[MsgId: MERR-17999]
End auto log messages stack.	[MsgId: MMSG-10544]


Start auto log messages stack - Iteration 11.	[MsgId: MMSG-10545]
HTML parsing not performed for Content-Type "application/json" ("ParseHtmlContentType" Run-Time Setting is "TEXT"). URL="http://ppe.naturecloud.io:88/apiApplication/createApplication"  	[MsgId: MMSG-26548]
web_custom_request("createservice") was successful, 451 body bytes, 253 header bytes  	[MsgId: MMSG-26386]
System.out: {"ret":false,"name":"MongoError","message":"E11000 duplicate key error index: test.transactions.$source_1  dup key: { : \"createApplication#kidfanjun:scaleserviceshrink\" }","error":"E11000 duplicate key error index: test.transactions.$source_1  dup key: { : \"createApplication#kidfanjun:scaleserviceshrink\" }","data":"E11000 duplicate key error index: test.transactions.$source_1  dup key: { : \"createApplication#kidfanjun:scaleserviceshrink\" }"}                                                                                                                                                      Notify:	[MsgId: MMSG-17999]
Error: E11000 duplicate key error index: test.transactions.$source_1  dup key: { : "createApplication#kidfanjun:scaleserviceshrink" }	[MsgId: MERR-17999]
End auto log messages stack.	[MsgId: MMSG-10544]


Start auto log messages stack - Iteration 12.	[MsgId: MMSG-10545]
HTML parsing not performed for Content-Type "application/json" ("ParseHtmlContentType" Run-Time Setting is "TEXT"). URL="http://ppe.naturecloud.io:88/apiApplication/createApplication"  	[MsgId: MMSG-26548]
web_custom_request("createservice") was successful, 451 body bytes, 253 header bytes  	[MsgId: MMSG-26386]
System.out: {"ret":false,"name":"MongoError","message":"E11000 duplicate key error index: test.transactions.$source_1  dup key: { : \"createApplication#kidfanjun:scaleserviceshrink\" }","error":"E11000 duplicate key error index: test.transactions.$source_1  dup key: { : \"createApplication#kidfanjun:scaleserviceshrink\" }","data":"E11000 duplicate key error index: test.transactions.$source_1  dup key: { : \"createApplication#kidfanjun:scaleserviceshrink\" }"}                                                                                                                                                      Notify:	[MsgId: MMSG-17999]
Error: E11000 duplicate key error index: test.transactions.$source_1  dup key: { : "createApplication#kidfanjun:scaleserviceshrink" }	[MsgId: MERR-17999]
End auto log messages stack.	[MsgId: MMSG-10544]


Start auto log messages stack - Iteration 13.	[MsgId: MMSG-10545]
HTML parsing not performed for Content-Type "application/json" ("ParseHtmlContentType" Run-Time Setting is "TEXT"). URL="http://ppe.naturecloud.io:88/apiApplication/createApplication"  	[MsgId: MMSG-26548]
web_custom_request("createservice") was successful, 451 body bytes, 253 header bytes  	[MsgId: MMSG-26386]
System.out: {"ret":false,"name":"MongoError","message":"E11000 duplicate key error index: test.transactions.$source_1  dup key: { : \"createApplication#kidfanjun:scaleserviceshrink\" }","error":"E11000 duplicate key error index: test.transactions.$source_1  dup key: { : \"createApplication#kidfanjun:scaleserviceshrink\" }","data":"E11000 duplicate key error index: test.transactions.$source_1  dup key: { : \"createApplication#kidfanjun:scaleserviceshrink\" }"}                                                                                                                                                      Notify:	[MsgId: MMSG-17999]
Error: E11000 duplicate key error index: test.transactions.$source_1  dup key: { : "createApplication#kidfanjun:scaleserviceshrink" }	[MsgId: MERR-17999]
End auto log messages stack.	[MsgId: MMSG-10544]


Start auto log messages stack - Iteration 14.	[MsgId: MMSG-10545]
HTML parsing not performed for Content-Type "application/json" ("ParseHtmlContentType" Run-Time Setting is "TEXT"). URL="http://ppe.naturecloud.io:88/apiApplication/createApplication"  	[MsgId: MMSG-26548]
web_custom_request("createservice") was successful, 451 body bytes, 253 header bytes  	[MsgId: MMSG-26386]
System.out: {"ret":false,"name":"MongoError","message":"E11000 duplicate key error index: test.transactions.$source_1  dup key: { : \"createApplication#kidfanjun:scaleserviceshrink\" }","error":"E11000 duplicate key error index: test.transactions.$source_1  dup key: { : \"createApplication#kidfanjun:scaleserviceshrink\" }","data":"E11000 duplicate key error index: test.transactions.$source_1  dup key: { : \"createApplication#kidfanjun:scaleserviceshrink\" }"}                                                                                                                                                      Notify:	[MsgId: MMSG-17999]
Error: E11000 duplicate key error index: test.transactions.$source_1  dup key: { : "createApplication#kidfanjun:scaleserviceshrink" }	[MsgId: MERR-17999]
End auto log messages stack.	[MsgId: MMSG-10544]


Start auto log messages stack - Iteration 15.	[MsgId: MMSG-10545]
HTML parsing not performed for Content-Type "application/json" ("ParseHtmlContentType" Run-Time Setting is "TEXT"). URL="http://ppe.naturecloud.io:88/apiApplication/createApplication"  	[MsgId: MMSG-26548]
web_custom_request("createservice") was successful, 451 body bytes, 253 header bytes  	[MsgId: MMSG-26386]
System.out: {"ret":false,"name":"MongoError","message":"E11000 duplicate key error index: test.transactions.$source_1  dup key: { : \"createApplication#kidfanjun:scaleserviceshrink\" }","error":"E11000 duplicate key error index: test.transactions.$source_1  dup key: { : \"createApplication#kidfanjun:scaleserviceshrink\" }","data":"E11000 duplicate key error index: test.transactions.$source_1  dup key: { : \"createApplication#kidfanjun:scaleserviceshrink\" }"}                                                                                                                                                      Notify:	[MsgId: MMSG-17999]
Error: E11000 duplicate key error index: test.transactions.$source_1  dup key: { : "createApplication#kidfanjun:scaleserviceshrink" }	[MsgId: MERR-17999]
End auto log messages stack.	[MsgId: MMSG-10544]


Start auto log messages stack - Iteration 16.	[MsgId: MMSG-10545]
HTML parsing not performed for Content-Type "application/json" ("ParseHtmlContentType" Run-Time Setting is "TEXT"). URL="http://ppe.naturecloud.io:88/apiApplication/createApplication"  	[MsgId: MMSG-26548]
web_custom_request("createservice") was successful, 451 body bytes, 253 header bytes  	[MsgId: MMSG-26386]
System.out: {"ret":false,"name":"MongoError","message":"E11000 duplicate key error index: test.transactions.$source_1  dup key: { : \"createApplication#kidfanjun:scaleserviceshrink\" }","error":"E11000 duplicate key error index: test.transactions.$source_1  dup key: { : \"createApplication#kidfanjun:scaleserviceshrink\" }","data":"E11000 duplicate key error index: test.transactions.$source_1  dup key: { : \"createApplication#kidfanjun:scaleserviceshrink\" }"}                                                                                                                                                      Notify:	[MsgId: MMSG-17999]
Error: E11000 duplicate key error index: test.transactions.$source_1  dup key: { : "createApplication#kidfanjun:scaleserviceshrink" }	[MsgId: MERR-17999]
End auto log messages stack.	[MsgId: MMSG-10544]


Start auto log messages stack - Iteration 17.	[MsgId: MMSG-10545]
HTML parsing not performed for Content-Type "application/json" ("ParseHtmlContentType" Run-Time Setting is "TEXT"). URL="http://ppe.naturecloud.io:88/apiApplication/createApplication"  	[MsgId: MMSG-26548]
web_custom_request("createservice") was successful, 451 body bytes, 253 header bytes  	[MsgId: MMSG-26386]
System.out: {"ret":false,"name":"MongoError","message":"E11000 duplicate key error index: test.transactions.$source_1  dup key: { : \"createApplication#kidfanjun:scaleserviceshrink\" }","error":"E11000 duplicate key error index: test.transactions.$source_1  dup key: { : \"createApplication#kidfanjun:scaleserviceshrink\" }","data":"E11000 duplicate key error index: test.transactions.$source_1  dup key: { : \"createApplication#kidfanjun:scaleserviceshrink\" }"}                                                                                                                                                      Notify:	[MsgId: MMSG-17999]
Error: E11000 duplicate key error index: test.transactions.$source_1  dup key: { : "createApplication#kidfanjun:scaleserviceshrink" }	[MsgId: MERR-17999]
End auto log messages stack.	[MsgId: MMSG-10544]


Start auto log messages stack - Iteration 18.	[MsgId: MMSG-10545]
HTML parsing not performed for Content-Type "application/json" ("ParseHtmlContentType" Run-Time Setting is "TEXT"). URL="http://ppe.naturecloud.io:88/apiApplication/createApplication"  	[MsgId: MMSG-26548]
web_custom_request("createservice") was successful, 451 body bytes, 253 header bytes  	[MsgId: MMSG-26386]
System.out: {"ret":false,"name":"MongoError","message":"E11000 duplicate key error index: test.transactions.$source_1  dup key: { : \"createApplication#kidfanjun:scaleserviceshrink\" }","error":"E11000 duplicate key error index: test.transactions.$source_1  dup key: { : \"createApplication#kidfanjun:scaleserviceshrink\" }","data":"E11000 duplicate key error index: test.transactions.$source_1  dup key: { : \"createApplication#kidfanjun:scaleserviceshrink\" }"}                                                                                                                                                      Notify:	[MsgId: MMSG-17999]
Error: E11000 duplicate key error index: test.transactions.$source_1  dup key: { : "createApplication#kidfanjun:scaleserviceshrink" }	[MsgId: MERR-17999]
End auto log messages stack.	[MsgId: MMSG-10544]


Start auto log messages stack - Iteration 19.	[MsgId: MMSG-10545]
HTML parsing not performed for Content-Type "application/json" ("ParseHtmlContentType" Run-Time Setting is "TEXT"). URL="http://ppe.naturecloud.io:88/apiApplication/createApplication"  	[MsgId: MMSG-26548]
web_custom_request("createservice") was successful, 451 body bytes, 253 header bytes  	[MsgId: MMSG-26386]
System.out: {"ret":false,"name":"MongoError","message":"E11000 duplicate key error index: test.transactions.$source_1  dup key: { : \"createApplication#kidfanjun:scaleserviceshrink\" }","error":"E11000 duplicate key error index: test.transactions.$source_1  dup key: { : \"createApplication#kidfanjun:scaleserviceshrink\" }","data":"E11000 duplicate key error index: test.transactions.$source_1  dup key: { : \"createApplication#kidfanjun:scaleserviceshrink\" }"}                                                                                                                                                      Notify:	[MsgId: MMSG-17999]
Error: E11000 duplicate key error index: test.transactions.$source_1  dup key: { : "createApplication#kidfanjun:scaleserviceshrink" }	[MsgId: MERR-17999]
End auto log messages stack.	[MsgId: MMSG-10544]


Start auto log messages stack - Iteration 20.	[MsgId: MMSG-10545]
HTML parsing not performed for Content-Type "application/json" ("ParseHtmlContentType" Run-Time Setting is "TEXT"). URL="http://ppe.naturecloud.io:88/apiApplication/createApplication"  	[MsgId: MMSG-26548]
web_custom_request("createservice") was successful, 451 body bytes, 253 header bytes  	[MsgId: MMSG-26386]
System.out: {"ret":false,"name":"MongoError","message":"E11000 duplicate key error index: test.transactions.$source_1  dup key: { : \"createApplication#kidfanjun:scaleserviceshrink\" }","error":"E11000 duplicate key error index: test.transactions.$source_1  dup key: { : \"createApplication#kidfanjun:scaleserviceshrink\" }","data":"E11000 duplicate key error index: test.transactions.$source_1  dup key: { : \"createApplication#kidfanjun:scaleserviceshrink\" }"}                                                                                                                                                      Notify:	[MsgId: MMSG-17999]
Error: E11000 duplicate key error index: test.transactions.$source_1  dup key: { : "createApplication#kidfanjun:scaleserviceshrink" }	[MsgId: MERR-17999]
End auto log messages stack.	[MsgId: MMSG-10544]


Start auto log messages stack - Iteration 21.	[MsgId: MMSG-10545]
HTML parsing not performed for Content-Type "application/json" ("ParseHtmlContentType" Run-Time Setting is "TEXT"). URL="http://ppe.naturecloud.io:88/apiApplication/createApplication"  	[MsgId: MMSG-26548]
web_custom_request("createservice") was successful, 451 body bytes, 253 header bytes  	[MsgId: MMSG-26386]
System.out: {"ret":false,"name":"MongoError","message":"E11000 duplicate key error index: test.transactions.$source_1  dup key: { : \"createApplication#kidfanjun:scaleserviceshrink\" }","error":"E11000 duplicate key error index: test.transactions.$source_1  dup key: { : \"createApplication#kidfanjun:scaleserviceshrink\" }","data":"E11000 duplicate key error index: test.transactions.$source_1  dup key: { : \"createApplication#kidfanjun:scaleserviceshrink\" }"}                                                                                                                                                      Notify:	[MsgId: MMSG-17999]
Error: E11000 duplicate key error index: test.transactions.$source_1  dup key: { : "createApplication#kidfanjun:scaleserviceshrink" }	[MsgId: MERR-17999]
End auto log messages stack.	[MsgId: MMSG-10544]


Start auto log messages stack - Iteration 22.	[MsgId: MMSG-10545]
HTML parsing not performed for Content-Type "application/json" ("ParseHtmlContentType" Run-Time Setting is "TEXT"). URL="http://ppe.naturecloud.io:88/apiApplication/createApplication"  	[MsgId: MMSG-26548]
web_custom_request("createservice") was successful, 451 body bytes, 253 header bytes  	[MsgId: MMSG-26386]
System.out: {"ret":false,"name":"MongoError","message":"E11000 duplicate key error index: test.transactions.$source_1  dup key: { : \"createApplication#kidfanjun:scaleserviceshrink\" }","error":"E11000 duplicate key error index: test.transactions.$source_1  dup key: { : \"createApplication#kidfanjun:scaleserviceshrink\" }","data":"E11000 duplicate key error index: test.transactions.$source_1  dup key: { : \"createApplication#kidfanjun:scaleserviceshrink\" }"}                                                                                                                                                      Notify:	[MsgId: MMSG-17999]
Error: E11000 duplicate key error index: test.transactions.$source_1  dup key: { : "createApplication#kidfanjun:scaleserviceshrink" }	[MsgId: MERR-17999]
End auto log messages stack.	[MsgId: MMSG-10544]


Start auto log messages stack - Iteration 23.	[MsgId: MMSG-10545]
HTML parsing not performed for Content-Type "application/json" ("ParseHtmlContentType" Run-Time Setting is "TEXT"). URL="http://ppe.naturecloud.io:88/apiApplication/createApplication"  	[MsgId: MMSG-26548]
web_custom_request("createservice") was successful, 451 body bytes, 253 header bytes  	[MsgId: MMSG-26386]
System.out: {"ret":false,"name":"MongoError","message":"E11000 duplicate key error index: test.transactions.$source_1  dup key: { : \"createApplication#kidfanjun:scaleserviceshrink\" }","error":"E11000 duplicate key error index: test.transactions.$source_1  dup key: { : \"createApplication#kidfanjun:scaleserviceshrink\" }","data":"E11000 duplicate key error index: test.transactions.$source_1  dup key: { : \"createApplication#kidfanjun:scaleserviceshrink\" }"}                                                                                                                                                      Notify:	[MsgId: MMSG-17999]
Error: E11000 duplicate key error index: test.transactions.$source_1  dup key: { : "createApplication#kidfanjun:scaleserviceshrink" }	[MsgId: MERR-17999]
End auto log messages stack.	[MsgId: MMSG-10544]


Start auto log messages stack - Iteration 24.	[MsgId: MMSG-10545]
HTML parsing not performed for Content-Type "application/json" ("ParseHtmlContentType" Run-Time Setting is "TEXT"). URL="http://ppe.naturecloud.io:88/apiApplication/createApplication"  	[MsgId: MMSG-26548]
web_custom_request("createservice") was successful, 451 body bytes, 253 header bytes  	[MsgId: MMSG-26386]
System.out: {"ret":false,"name":"MongoError","message":"E11000 duplicate key error index: test.transactions.$source_1  dup key: { : \"createApplication#kidfanjun:scaleserviceshrink\" }","error":"E11000 duplicate key error index: test.transactions.$source_1  dup key: { : \"createApplication#kidfanjun:scaleserviceshrink\" }","data":"E11000 duplicate key error index: test.transactions.$source_1  dup key: { : \"createApplication#kidfanjun:scaleserviceshrink\" }"}                                                                                                                                                      Notify:	[MsgId: MMSG-17999]
Error: E11000 duplicate key error index: test.transactions.$source_1  dup key: { : "createApplication#kidfanjun:scaleserviceshrink" }	[MsgId: MERR-17999]
End auto log messages stack.	[MsgId: MMSG-10544]


Start auto log messages stack - Iteration 25.	[MsgId: MMSG-10545]
HTML parsing not performed for Content-Type "application/json" ("ParseHtmlContentType" Run-Time Setting is "TEXT"). URL="http://ppe.naturecloud.io:88/apiApplication/createApplication"  	[MsgId: MMSG-26548]
web_custom_request("createservice") was successful, 451 body bytes, 253 header bytes  	[MsgId: MMSG-26386]
System.out: {"ret":false,"name":"MongoError","message":"E11000 duplicate key error index: test.transactions.$source_1  dup key: { : \"createApplication#kidfanjun:scaleserviceshrink\" }","error":"E11000 duplicate key error index: test.transactions.$source_1  dup key: { : \"createApplication#kidfanjun:scaleserviceshrink\" }","data":"E11000 duplicate key error index: test.transactions.$source_1  dup key: { : \"createApplication#kidfanjun:scaleserviceshrink\" }"}                                                                                                                                                      Notify:	[MsgId: MMSG-17999]
Error: E11000 duplicate key error index: test.transactions.$source_1  dup key: { : "createApplication#kidfanjun:scaleserviceshrink" }	[MsgId: MERR-17999]
End auto log messages stack.	[MsgId: MMSG-10544]


Start auto log messages stack - Iteration 26.	[MsgId: MMSG-10545]
HTML parsing not performed for Content-Type "application/json" ("ParseHtmlContentType" Run-Time Setting is "TEXT"). URL="http://ppe.naturecloud.io:88/apiApplication/createApplication"  	[MsgId: MMSG-26548]
web_custom_request("createservice") was successful, 451 body bytes, 253 header bytes  	[MsgId: MMSG-26386]
System.out: {"ret":false,"name":"MongoError","message":"E11000 duplicate key error index: test.transactions.$source_1  dup key: { : \"createApplication#kidfanjun:scaleserviceshrink\" }","error":"E11000 duplicate key error index: test.transactions.$source_1  dup key: { : \"createApplication#kidfanjun:scaleserviceshrink\" }","data":"E11000 duplicate key error index: test.transactions.$source_1  dup key: { : \"createApplication#kidfanjun:scaleserviceshrink\" }"}                                                                                                                                                      Notify:	[MsgId: MMSG-17999]
Error: E11000 duplicate key error index: test.transactions.$source_1  dup key: { : "createApplication#kidfanjun:scaleserviceshrink" }	[MsgId: MERR-17999]
End auto log messages stack.	[MsgId: MMSG-10544]


Start auto log messages stack - Iteration 27.	[MsgId: MMSG-10545]
HTML parsing not performed for Content-Type "application/json" ("ParseHtmlContentType" Run-Time Setting is "TEXT"). URL="http://ppe.naturecloud.io:88/apiApplication/createApplication"  	[MsgId: MMSG-26548]
web_custom_request("createservice") was successful, 451 body bytes, 253 header bytes  	[MsgId: MMSG-26386]
System.out: {"ret":false,"name":"MongoError","message":"E11000 duplicate key error index: test.transactions.$source_1  dup key: { : \"createApplication#kidfanjun:scaleserviceshrink\" }","error":"E11000 duplicate key error index: test.transactions.$source_1  dup key: { : \"createApplication#kidfanjun:scaleserviceshrink\" }","data":"E11000 duplicate key error index: test.transactions.$source_1  dup key: { : \"createApplication#kidfanjun:scaleserviceshrink\" }"}                                                                                                                                                      Notify:	[MsgId: MMSG-17999]
Error: E11000 duplicate key error index: test.transactions.$source_1  dup key: { : "createApplication#kidfanjun:scaleserviceshrink" }	[MsgId: MERR-17999]
End auto log messages stack.	[MsgId: MMSG-10544]


Start auto log messages stack - Iteration 28.	[MsgId: MMSG-10545]
HTML parsing not performed for Content-Type "application/json" ("ParseHtmlContentType" Run-Time Setting is "TEXT"). URL="http://ppe.naturecloud.io:88/apiApplication/createApplication"  	[MsgId: MMSG-26548]
web_custom_request("createservice") was successful, 451 body bytes, 253 header bytes  	[MsgId: MMSG-26386]
System.out: {"ret":false,"name":"MongoError","message":"E11000 duplicate key error index: test.transactions.$source_1  dup key: { : \"createApplication#kidfanjun:scaleserviceshrink\" }","error":"E11000 duplicate key error index: test.transactions.$source_1  dup key: { : \"createApplication#kidfanjun:scaleserviceshrink\" }","data":"E11000 duplicate key error index: test.transactions.$source_1  dup key: { : \"createApplication#kidfanjun:scaleserviceshrink\" }"}                                                                                                                                                      Notify:	[MsgId: MMSG-17999]
Error: E11000 duplicate key error index: test.transactions.$source_1  dup key: { : "createApplication#kidfanjun:scaleserviceshrink" }	[MsgId: MERR-17999]
End auto log messages stack.	[MsgId: MMSG-10544]


Start auto log messages stack - Iteration 29.	[MsgId: MMSG-10545]
HTML parsing not performed for Content-Type "application/json" ("ParseHtmlContentType" Run-Time Setting is "TEXT"). URL="http://ppe.naturecloud.io:88/apiApplication/createApplication"  	[MsgId: MMSG-26548]
web_custom_request("createservice") was successful, 451 body bytes, 253 header bytes  	[MsgId: MMSG-26386]
System.out: {"ret":false,"name":"MongoError","message":"E11000 duplicate key error index: test.transactions.$source_1  dup key: { : \"createApplication#kidfanjun:scaleserviceshrink\" }","error":"E11000 duplicate key error index: test.transactions.$source_1  dup key: { : \"createApplication#kidfanjun:scaleserviceshrink\" }","data":"E11000 duplicate key error index: test.transactions.$source_1  dup key: { : \"createApplication#kidfanjun:scaleserviceshrink\" }"}                                                                                                                                                      Notify:	[MsgId: MMSG-17999]
Error: E11000 duplicate key error index: test.transactions.$source_1  dup key: { : "createApplication#kidfanjun:scaleserviceshrink" }	[MsgId: MERR-17999]
End auto log messages stack.	[MsgId: MMSG-10544]


Start auto log messages stack - Iteration 30.	[MsgId: MMSG-10545]
HTML parsing not performed for Content-Type "application/json" ("ParseHtmlContentType" Run-Time Setting is "TEXT"). URL="http://ppe.naturecloud.io:88/apiApplication/createApplication"  	[MsgId: MMSG-26548]
web_custom_request("createservice") was successful, 451 body bytes, 253 header bytes  	[MsgId: MMSG-26386]
System.out: {"ret":false,"name":"MongoError","message":"E11000 duplicate key error index: test.transactions.$source_1  dup key: { : \"createApplication#kidfanjun:scaleserviceshrink\" }","error":"E11000 duplicate key error index: test.transactions.$source_1  dup key: { : \"createApplication#kidfanjun:scaleserviceshrink\" }","data":"E11000 duplicate key error index: test.transactions.$source_1  dup key: { : \"createApplication#kidfanjun:scaleserviceshrink\" }"}                                                                                                                                                      Notify:	[MsgId: MMSG-17999]
Error: E11000 duplicate key error index: test.transactions.$source_1  dup key: { : "createApplication#kidfanjun:scaleserviceshrink" }	[MsgId: MERR-17999]
End auto log messages stack.	[MsgId: MMSG-10544]


