Notify: Found jdk version: 1.6.0.	[MsgId: MMSG-22986]
Notify: classpath=C:\naturecloud\lb_scripts_new\java\ScaleService\scaleService_shrink;c:\program files (x86)\hp\loadrunner\classes\srv;c:\program files (x86)\hp\loadrunner\classes;;C:\naturecloud\lb_scripts_new\lib\gson-2.8.0.jar;C:\naturecloud\lb_scripts_new\lib\commons-net-3.5.jar;;;c:\program files (x86)\hp\loadrunner\lib\xstream-1.4.8.jar;c:\program files (x86)\hp\loadrunner\lib\xpp3-1.1.4c.jar	[MsgId: MMSG-22986]
Notify: Path=c:\jdk1.6.0_45\jre\bin\client;C:\PROGRA~2\HP\LOADRU~1\bin;C:\Windows\system32;C:\Windows;C:\Windows\System32\Wbem;C:\Windows\System32\WindowsPowerShell\v1.0\;C:\Program Files\TortoiseGit\bin;c:\jdk1.6.0_45\bin;C:\jdk1.6.0_45\jre\bin;C:\Program Files (x86)\HP\LoadRunner\strawberry-perl\perl\bin	[MsgId: MMSG-22986]
Notify: VM Params: .	[MsgId: MMSG-22986]
Start auto log messages stack - Iteration 3.	[MsgId: MMSG-10545]
Registering web_reg_save_param was successful  	[MsgId: MMSG-26390]
web_reg_save_param started  	[MsgId: MMSG-26355]
Registering web_reg_save_param was successful  	[MsgId: MMSG-26390]
[DEBUG]modifyRc	[MsgId: MMSG-17999]
[DEBUG]URL=http://ppe.naturecloud.io:88/apiApplication/modifyRc	[MsgId: MMSG-17999]
[DEBUG]options:	[MsgId: MMSG-17999]
[DEBUG]Method=POST	[MsgId: MMSG-17999]
[DEBUG]Resource=0	[MsgId: MMSG-17999]
[DEBUG]RecContentType=text/html	[MsgId: MMSG-17999]
[DEBUG]Snapshot=t11.inf	[MsgId: MMSG-17999]
[DEBUG]Mode=HTML	[MsgId: MMSG-17999]
[DEBUG]Referer=http://ppe.naturecloud.io:88/cp/service	[MsgId: MMSG-17999]
[DEBUG]EncType=application/json;charset=UTF-8	[MsgId: MMSG-17999]
Message id [-17999] was not saved - Auto Log cache is too small to contain the message.	[MsgId: MMSG-10547]
[DEBUG]LAST	[MsgId: MMSG-17999]
web_custom_request("modifyRc") started  	[MsgId: MMSG-26355]
Error -26608: HTTP Status-Code=504 (Gateway Time-out) for "http://ppe.naturecloud.io:88/apiApplication/modifyRc"  	[MsgId: MERR-26608]
Error -26377: No match found for the requested parameter "ResponseBody". Either the specified boundaries were not found in the response or the matched text is longer than current max html parameter size of 2048 bytes. The total length of the response is 537 bytes. You can use "web_set_max_html_param_len" to increase the max parameter size.  	[MsgId: MERR-26377]
End auto log messages stack.	[MsgId: MMSG-10544]


