Notify: Found jdk version: 1.6.0.	[MsgId: MMSG-22986]
Notify: classpath=C:\naturecloud\lb_scripts_new\java\noStore\ScaleService\scaleService_shrink;c:\program files (x86)\hp\loadrunner\classes\srv;c:\program files (x86)\hp\loadrunner\classes;;C:\naturecloud\lb_scripts_new\lib\gson-2.8.0.jar;C:\naturecloud\lb_scripts_new\lib\commons-net-3.5.jar;;;c:\program files (x86)\hp\loadrunner\lib\xstream-1.4.8.jar;c:\program files (x86)\hp\loadrunner\lib\xpp3-1.1.4c.jar	[MsgId: MMSG-22986]
Notify: Path=c:\jdk1.6.0_45\jre\bin\client;C:\PROGRA~2\HP\LOADRU~1\bin;C:\Windows\system32;C:\Windows;C:\Windows\System32\Wbem;C:\Windows\System32\WindowsPowerShell\v1.0\;C:\Program Files\TortoiseGit\bin;c:\jdk1.6.0_45\bin;C:\jdk1.6.0_45\jre\bin;C:\Program Files (x86)\HP\LoadRunner\strawberry-perl\perl\bin	[MsgId: MMSG-22986]
Notify: VM Params: .	[MsgId: MMSG-22986]
Start auto log messages stack - Iteration 1.	[MsgId: MMSG-10545]
[DEBUG]options:	[MsgId: MMSG-17999]
[DEBUG]Method=POST	[MsgId: MMSG-17999]
[DEBUG]Resource=0	[MsgId: MMSG-17999]
[DEBUG]RecContentType=text/html	[MsgId: MMSG-17999]
[DEBUG]Snapshot=t11.inf	[MsgId: MMSG-17999]
[DEBUG]Mode=HTML	[MsgId: MMSG-17999]
[DEBUG]Referer=http://ppe.naturecloud.io:88/cp/service	[MsgId: MMSG-17999]
[DEBUG]EncType=application/json;charset=UTF-8	[MsgId: MMSG-17999]
Message id [-17999] was not saved - Auto Log cache is too small to contain the message.	[MsgId: MMSG-10547]
[DEBUG]LAST	[MsgId: MMSG-17999]
web_custom_request("getPodStatus01") started  	[MsgId: MMSG-26355]
HTML parsing not performed for Content-Type "application/json" ("ParseHtmlContentType" Run-Time Setting is "TEXT"). URL="http://ppe.naturecloud.io:88/apiApplication/getPodStatus"  	[MsgId: MMSG-26548]
web_custom_request("getPodStatus01") was successful, 5097 body bytes, 255 header bytes  	[MsgId: MMSG-26386]
Message id [-17999] was not saved - Auto Log cache is too small to contain the message.	[MsgId: MMSG-10547]
Error: error:"containers with unready status: [scaleserviceshrink20]";reson:null	[MsgId: MERR-17999]
End auto log messages stack.	[MsgId: MMSG-10544]


Start auto log messages stack - Iteration 1.	[MsgId: MMSG-10545]
[DEBUG]options:	[MsgId: MMSG-17999]
[DEBUG]Method=POST	[MsgId: MMSG-17999]
[DEBUG]Resource=0	[MsgId: MMSG-17999]
[DEBUG]RecContentType=text/html	[MsgId: MMSG-17999]
[DEBUG]Snapshot=t11.inf	[MsgId: MMSG-17999]
[DEBUG]Mode=HTML	[MsgId: MMSG-17999]
[DEBUG]Referer=http://ppe.naturecloud.io:88/cp/service	[MsgId: MMSG-17999]
[DEBUG]EncType=application/json;charset=UTF-8	[MsgId: MMSG-17999]
Message id [-17999] was not saved - Auto Log cache is too small to contain the message.	[MsgId: MMSG-10547]
[DEBUG]LAST	[MsgId: MMSG-17999]
web_custom_request("getPodStatus01") started  	[MsgId: MMSG-26355]
HTML parsing not performed for Content-Type "application/json" ("ParseHtmlContentType" Run-Time Setting is "TEXT"). URL="http://ppe.naturecloud.io:88/apiApplication/getPodStatus"  	[MsgId: MMSG-26548]
web_custom_request("getPodStatus01") was successful, 5097 body bytes, 255 header bytes  	[MsgId: MMSG-26386]
Message id [-17999] was not saved - Auto Log cache is too small to contain the message.	[MsgId: MMSG-10547]
Error: error:"containers with unready status: [scaleserviceshrink30]";reson:null	[MsgId: MERR-17999]
End auto log messages stack.	[MsgId: MMSG-10544]


Start auto log messages stack - Iteration 1.	[MsgId: MMSG-10545]
[DEBUG]options:	[MsgId: MMSG-17999]
[DEBUG]Method=POST	[MsgId: MMSG-17999]
[DEBUG]Resource=0	[MsgId: MMSG-17999]
[DEBUG]RecContentType=text/html	[MsgId: MMSG-17999]
[DEBUG]Snapshot=t11.inf	[MsgId: MMSG-17999]
[DEBUG]Mode=HTML	[MsgId: MMSG-17999]
[DEBUG]Referer=http://ppe.naturecloud.io:88/cp/service	[MsgId: MMSG-17999]
[DEBUG]EncType=application/json;charset=UTF-8	[MsgId: MMSG-17999]
Message id [-17999] was not saved - Auto Log cache is too small to contain the message.	[MsgId: MMSG-10547]
[DEBUG]LAST	[MsgId: MMSG-17999]
web_custom_request("getPodStatus01") started  	[MsgId: MMSG-26355]
HTML parsing not performed for Content-Type "application/json" ("ParseHtmlContentType" Run-Time Setting is "TEXT"). URL="http://ppe.naturecloud.io:88/apiApplication/getPodStatus"  	[MsgId: MMSG-26548]
web_custom_request("getPodStatus01") was successful, 5097 body bytes, 255 header bytes  	[MsgId: MMSG-26386]
Message id [-17999] was not saved - Auto Log cache is too small to contain the message.	[MsgId: MMSG-10547]
Error: error:"containers with unready status: [scaleserviceshrink40]";reson:null	[MsgId: MERR-17999]
End auto log messages stack.	[MsgId: MMSG-10544]


Start auto log messages stack - Iteration 2.	[MsgId: MMSG-10545]
[DEBUG]Snapshot=t11.inf	[MsgId: MMSG-17999]
[DEBUG]Mode=HTML	[MsgId: MMSG-17999]
[DEBUG]Referer=http://ppe.naturecloud.io:88/cp/service	[MsgId: MMSG-17999]
[DEBUG]EncType=application/json;charset=UTF-8	[MsgId: MMSG-17999]
Message id [-17999] was not saved - Auto Log cache is too small to contain the message.	[MsgId: MMSG-10547]
[DEBUG]LAST	[MsgId: MMSG-17999]
web_custom_request("getPodStatus01") started  	[MsgId: MMSG-26355]
HTML parsing not performed for Content-Type "application/json" ("ParseHtmlContentType" Run-Time Setting is "TEXT"). URL="http://ppe.naturecloud.io:88/apiApplication/getPodStatus"  	[MsgId: MMSG-26548]
web_custom_request("getPodStatus01") was successful, 5097 body bytes, 255 header bytes  	[MsgId: MMSG-26386]
Message id [-17999] was not saved - Auto Log cache is too small to contain the message.	[MsgId: MMSG-10547]
System.out: Running                                                                                                                                                      Notify:	[MsgId: MMSG-17999]
Error: error:"containers with unready status: [scaleserviceshrink21]";reson:null	[MsgId: MERR-17999]
End auto log messages stack.	[MsgId: MMSG-10544]


Start auto log messages stack - Iteration 2.	[MsgId: MMSG-10545]
[DEBUG]options:	[MsgId: MMSG-17999]
[DEBUG]Method=POST	[MsgId: MMSG-17999]
[DEBUG]Resource=0	[MsgId: MMSG-17999]
[DEBUG]RecContentType=text/html	[MsgId: MMSG-17999]
[DEBUG]Snapshot=t11.inf	[MsgId: MMSG-17999]
[DEBUG]Mode=HTML	[MsgId: MMSG-17999]
[DEBUG]Referer=http://ppe.naturecloud.io:88/cp/service	[MsgId: MMSG-17999]
[DEBUG]EncType=application/json;charset=UTF-8	[MsgId: MMSG-17999]
Message id [-17999] was not saved - Auto Log cache is too small to contain the message.	[MsgId: MMSG-10547]
[DEBUG]LAST	[MsgId: MMSG-17999]
web_custom_request("getPodStatus01") started  	[MsgId: MMSG-26355]
HTML parsing not performed for Content-Type "application/json" ("ParseHtmlContentType" Run-Time Setting is "TEXT"). URL="http://ppe.naturecloud.io:88/apiApplication/getPodStatus"  	[MsgId: MMSG-26548]
web_custom_request("getPodStatus01") was successful, 5096 body bytes, 255 header bytes  	[MsgId: MMSG-26386]
Message id [-17999] was not saved - Auto Log cache is too small to contain the message.	[MsgId: MMSG-10547]
Error: error:"containers with unready status: [scaleserviceshrink31]";reson:null	[MsgId: MERR-17999]
End auto log messages stack.	[MsgId: MMSG-10544]


Start auto log messages stack - Iteration 2.	[MsgId: MMSG-10545]
[DEBUG]options:	[MsgId: MMSG-17999]
[DEBUG]Method=POST	[MsgId: MMSG-17999]
[DEBUG]Resource=0	[MsgId: MMSG-17999]
[DEBUG]RecContentType=text/html	[MsgId: MMSG-17999]
[DEBUG]Snapshot=t11.inf	[MsgId: MMSG-17999]
[DEBUG]Mode=HTML	[MsgId: MMSG-17999]
[DEBUG]Referer=http://ppe.naturecloud.io:88/cp/service	[MsgId: MMSG-17999]
[DEBUG]EncType=application/json;charset=UTF-8	[MsgId: MMSG-17999]
Message id [-17999] was not saved - Auto Log cache is too small to contain the message.	[MsgId: MMSG-10547]
[DEBUG]LAST	[MsgId: MMSG-17999]
web_custom_request("getPodStatus01") started  	[MsgId: MMSG-26355]
HTML parsing not performed for Content-Type "application/json" ("ParseHtmlContentType" Run-Time Setting is "TEXT"). URL="http://ppe.naturecloud.io:88/apiApplication/getPodStatus"  	[MsgId: MMSG-26548]
web_custom_request("getPodStatus01") was successful, 5096 body bytes, 255 header bytes  	[MsgId: MMSG-26386]
Message id [-17999] was not saved - Auto Log cache is too small to contain the message.	[MsgId: MMSG-10547]
Error: error:"containers with unready status: [scaleserviceshrink41]";reson:null	[MsgId: MERR-17999]
End auto log messages stack.	[MsgId: MMSG-10544]


Start auto log messages stack - Iteration 3.	[MsgId: MMSG-10545]
[DEBUG]options:	[MsgId: MMSG-17999]
[DEBUG]Method=POST	[MsgId: MMSG-17999]
[DEBUG]Resource=0	[MsgId: MMSG-17999]
[DEBUG]RecContentType=text/html	[MsgId: MMSG-17999]
[DEBUG]Snapshot=t11.inf	[MsgId: MMSG-17999]
[DEBUG]Mode=HTML	[MsgId: MMSG-17999]
[DEBUG]Referer=http://ppe.naturecloud.io:88/cp/service	[MsgId: MMSG-17999]
[DEBUG]EncType=application/json;charset=UTF-8	[MsgId: MMSG-17999]
Message id [-17999] was not saved - Auto Log cache is too small to contain the message.	[MsgId: MMSG-10547]
[DEBUG]LAST	[MsgId: MMSG-17999]
web_custom_request("getPodStatus01") started  	[MsgId: MMSG-26355]
HTML parsing not performed for Content-Type "application/json" ("ParseHtmlContentType" Run-Time Setting is "TEXT"). URL="http://ppe.naturecloud.io:88/apiApplication/getPodStatus"  	[MsgId: MMSG-26548]
web_custom_request("getPodStatus01") was successful, 5096 body bytes, 255 header bytes  	[MsgId: MMSG-26386]
Message id [-17999] was not saved - Auto Log cache is too small to contain the message.	[MsgId: MMSG-10547]
Error: error:"containers with unready status: [scaleserviceshrink22]";reson:null	[MsgId: MERR-17999]
End auto log messages stack.	[MsgId: MMSG-10544]


Start auto log messages stack - Iteration 3.	[MsgId: MMSG-10545]
[DEBUG]options:	[MsgId: MMSG-17999]
[DEBUG]Method=POST	[MsgId: MMSG-17999]
[DEBUG]Resource=0	[MsgId: MMSG-17999]
[DEBUG]RecContentType=text/html	[MsgId: MMSG-17999]
[DEBUG]Snapshot=t11.inf	[MsgId: MMSG-17999]
[DEBUG]Mode=HTML	[MsgId: MMSG-17999]
[DEBUG]Referer=http://ppe.naturecloud.io:88/cp/service	[MsgId: MMSG-17999]
[DEBUG]EncType=application/json;charset=UTF-8	[MsgId: MMSG-17999]
Message id [-17999] was not saved - Auto Log cache is too small to contain the message.	[MsgId: MMSG-10547]
[DEBUG]LAST	[MsgId: MMSG-17999]
web_custom_request("getPodStatus01") started  	[MsgId: MMSG-26355]
HTML parsing not performed for Content-Type "application/json" ("ParseHtmlContentType" Run-Time Setting is "TEXT"). URL="http://ppe.naturecloud.io:88/apiApplication/getPodStatus"  	[MsgId: MMSG-26548]
web_custom_request("getPodStatus01") was successful, 5097 body bytes, 255 header bytes  	[MsgId: MMSG-26386]
Message id [-17999] was not saved - Auto Log cache is too small to contain the message.	[MsgId: MMSG-10547]
Error: error:"containers with unready status: [scaleserviceshrink32]";reson:null	[MsgId: MERR-17999]
End auto log messages stack.	[MsgId: MMSG-10544]


Start auto log messages stack - Iteration 2.	[MsgId: MMSG-10545]
[DEBUG]Snapshot=t11.inf	[MsgId: MMSG-17999]
[DEBUG]Mode=HTML	[MsgId: MMSG-17999]
[DEBUG]Referer=http://ppe.naturecloud.io:88/cp/service	[MsgId: MMSG-17999]
[DEBUG]EncType=application/json;charset=UTF-8	[MsgId: MMSG-17999]
Message id [-17999] was not saved - Auto Log cache is too small to contain the message.	[MsgId: MMSG-10547]
[DEBUG]LAST	[MsgId: MMSG-17999]
web_custom_request("getPodStatus01") started  	[MsgId: MMSG-26355]
HTML parsing not performed for Content-Type "application/json" ("ParseHtmlContentType" Run-Time Setting is "TEXT"). URL="http://ppe.naturecloud.io:88/apiApplication/getPodStatus"  	[MsgId: MMSG-26548]
web_custom_request("getPodStatus01") was successful, 5097 body bytes, 255 header bytes  	[MsgId: MMSG-26386]
Message id [-17999] was not saved - Auto Log cache is too small to contain the message.	[MsgId: MMSG-10547]
System.out: Running                                                                                                                                                      Notify:	[MsgId: MMSG-17999]
Error: error:"containers with unready status: [scaleserviceshrink01]";reson:null	[MsgId: MERR-17999]
End auto log messages stack.	[MsgId: MMSG-10544]


Start auto log messages stack - Iteration 3.	[MsgId: MMSG-10545]
[DEBUG]Snapshot=t11.inf	[MsgId: MMSG-17999]
[DEBUG]Mode=HTML	[MsgId: MMSG-17999]
[DEBUG]Referer=http://ppe.naturecloud.io:88/cp/service	[MsgId: MMSG-17999]
[DEBUG]EncType=application/json;charset=UTF-8	[MsgId: MMSG-17999]
Message id [-17999] was not saved - Auto Log cache is too small to contain the message.	[MsgId: MMSG-10547]
[DEBUG]LAST	[MsgId: MMSG-17999]
web_custom_request("getPodStatus01") started  	[MsgId: MMSG-26355]
HTML parsing not performed for Content-Type "application/json" ("ParseHtmlContentType" Run-Time Setting is "TEXT"). URL="http://ppe.naturecloud.io:88/apiApplication/getPodStatus"  	[MsgId: MMSG-26548]
web_custom_request("getPodStatus01") was successful, 5097 body bytes, 255 header bytes  	[MsgId: MMSG-26386]
Message id [-17999] was not saved - Auto Log cache is too small to contain the message.	[MsgId: MMSG-10547]
System.out: Running                                                                                                                                                      Notify:	[MsgId: MMSG-17999]
Error: error:"containers with unready status: [scaleserviceshrink42]";reson:null	[MsgId: MERR-17999]
End auto log messages stack.	[MsgId: MMSG-10544]


Start auto log messages stack - Iteration 2.	[MsgId: MMSG-10545]
[DEBUG]options:	[MsgId: MMSG-17999]
[DEBUG]Method=POST	[MsgId: MMSG-17999]
[DEBUG]Resource=0	[MsgId: MMSG-17999]
[DEBUG]RecContentType=text/html	[MsgId: MMSG-17999]
[DEBUG]Snapshot=t11.inf	[MsgId: MMSG-17999]
[DEBUG]Mode=HTML	[MsgId: MMSG-17999]
[DEBUG]Referer=http://ppe.naturecloud.io:88/cp/service	[MsgId: MMSG-17999]
[DEBUG]EncType=application/json;charset=UTF-8	[MsgId: MMSG-17999]
Message id [-17999] was not saved - Auto Log cache is too small to contain the message.	[MsgId: MMSG-10547]
[DEBUG]LAST	[MsgId: MMSG-17999]
web_custom_request("getPodStatus01") started  	[MsgId: MMSG-26355]
HTML parsing not performed for Content-Type "application/json" ("ParseHtmlContentType" Run-Time Setting is "TEXT"). URL="http://ppe.naturecloud.io:88/apiApplication/getPodStatus"  	[MsgId: MMSG-26548]
web_custom_request("getPodStatus01") was successful, 5097 body bytes, 255 header bytes  	[MsgId: MMSG-26386]
Message id [-17999] was not saved - Auto Log cache is too small to contain the message.	[MsgId: MMSG-10547]
Error: error:"containers with unready status: [scaleserviceshrink11]";reson:null	[MsgId: MERR-17999]
End auto log messages stack.	[MsgId: MMSG-10544]


Start auto log messages stack - Iteration 4.	[MsgId: MMSG-10545]
[DEBUG]Snapshot=t11.inf	[MsgId: MMSG-17999]
[DEBUG]Mode=HTML	[MsgId: MMSG-17999]
[DEBUG]Referer=http://ppe.naturecloud.io:88/cp/service	[MsgId: MMSG-17999]
[DEBUG]EncType=application/json;charset=UTF-8	[MsgId: MMSG-17999]
Message id [-17999] was not saved - Auto Log cache is too small to contain the message.	[MsgId: MMSG-10547]
[DEBUG]LAST	[MsgId: MMSG-17999]
web_custom_request("getPodStatus01") started  	[MsgId: MMSG-26355]
HTML parsing not performed for Content-Type "application/json" ("ParseHtmlContentType" Run-Time Setting is "TEXT"). URL="http://ppe.naturecloud.io:88/apiApplication/getPodStatus"  	[MsgId: MMSG-26548]
web_custom_request("getPodStatus01") was successful, 5097 body bytes, 255 header bytes  	[MsgId: MMSG-26386]
Message id [-17999] was not saved - Auto Log cache is too small to contain the message.	[MsgId: MMSG-10547]
System.out: Running                                                                                                                                                      Notify:	[MsgId: MMSG-17999]
Error: error:"containers with unready status: [scaleserviceshrink23]";reson:null	[MsgId: MERR-17999]
End auto log messages stack.	[MsgId: MMSG-10544]


Start auto log messages stack - Iteration 4.	[MsgId: MMSG-10545]
[DEBUG]Snapshot=t11.inf	[MsgId: MMSG-17999]
[DEBUG]Mode=HTML	[MsgId: MMSG-17999]
[DEBUG]Referer=http://ppe.naturecloud.io:88/cp/service	[MsgId: MMSG-17999]
[DEBUG]EncType=application/json;charset=UTF-8	[MsgId: MMSG-17999]
Message id [-17999] was not saved - Auto Log cache is too small to contain the message.	[MsgId: MMSG-10547]
[DEBUG]LAST	[MsgId: MMSG-17999]
web_custom_request("getPodStatus01") started  	[MsgId: MMSG-26355]
HTML parsing not performed for Content-Type "application/json" ("ParseHtmlContentType" Run-Time Setting is "TEXT"). URL="http://ppe.naturecloud.io:88/apiApplication/getPodStatus"  	[MsgId: MMSG-26548]
web_custom_request("getPodStatus01") was successful, 5097 body bytes, 255 header bytes  	[MsgId: MMSG-26386]
Message id [-17999] was not saved - Auto Log cache is too small to contain the message.	[MsgId: MMSG-10547]
System.out: Running                                                                                                                                                      Notify:	[MsgId: MMSG-17999]
Error: error:"containers with unready status: [scaleserviceshrink33]";reson:null	[MsgId: MERR-17999]
End auto log messages stack.	[MsgId: MMSG-10544]


Start auto log messages stack - Iteration 3.	[MsgId: MMSG-10545]
[DEBUG]Snapshot=t11.inf	[MsgId: MMSG-17999]
[DEBUG]Mode=HTML	[MsgId: MMSG-17999]
[DEBUG]Referer=http://ppe.naturecloud.io:88/cp/service	[MsgId: MMSG-17999]
[DEBUG]EncType=application/json;charset=UTF-8	[MsgId: MMSG-17999]
Message id [-17999] was not saved - Auto Log cache is too small to contain the message.	[MsgId: MMSG-10547]
[DEBUG]LAST	[MsgId: MMSG-17999]
web_custom_request("getPodStatus01") started  	[MsgId: MMSG-26355]
HTML parsing not performed for Content-Type "application/json" ("ParseHtmlContentType" Run-Time Setting is "TEXT"). URL="http://ppe.naturecloud.io:88/apiApplication/getPodStatus"  	[MsgId: MMSG-26548]
web_custom_request("getPodStatus01") was successful, 5097 body bytes, 255 header bytes  	[MsgId: MMSG-26386]
Message id [-17999] was not saved - Auto Log cache is too small to contain the message.	[MsgId: MMSG-10547]
System.out: Running                                                                                                                                                      Notify:	[MsgId: MMSG-17999]
Error: error:"containers with unready status: [scaleserviceshrink02]";reson:null	[MsgId: MERR-17999]
End auto log messages stack.	[MsgId: MMSG-10544]


Start auto log messages stack - Iteration 4.	[MsgId: MMSG-10545]
[DEBUG]options:	[MsgId: MMSG-17999]
[DEBUG]Method=POST	[MsgId: MMSG-17999]
[DEBUG]Resource=0	[MsgId: MMSG-17999]
[DEBUG]RecContentType=text/html	[MsgId: MMSG-17999]
[DEBUG]Snapshot=t11.inf	[MsgId: MMSG-17999]
[DEBUG]Mode=HTML	[MsgId: MMSG-17999]
[DEBUG]Referer=http://ppe.naturecloud.io:88/cp/service	[MsgId: MMSG-17999]
[DEBUG]EncType=application/json;charset=UTF-8	[MsgId: MMSG-17999]
Message id [-17999] was not saved - Auto Log cache is too small to contain the message.	[MsgId: MMSG-10547]
[DEBUG]LAST	[MsgId: MMSG-17999]
web_custom_request("getPodStatus01") started  	[MsgId: MMSG-26355]
HTML parsing not performed for Content-Type "application/json" ("ParseHtmlContentType" Run-Time Setting is "TEXT"). URL="http://ppe.naturecloud.io:88/apiApplication/getPodStatus"  	[MsgId: MMSG-26548]
web_custom_request("getPodStatus01") was successful, 5097 body bytes, 255 header bytes  	[MsgId: MMSG-26386]
Message id [-17999] was not saved - Auto Log cache is too small to contain the message.	[MsgId: MMSG-10547]
Error: error:"containers with unready status: [scaleserviceshrink43]";reson:null	[MsgId: MERR-17999]
End auto log messages stack.	[MsgId: MMSG-10544]


Start auto log messages stack - Iteration 3.	[MsgId: MMSG-10545]
[DEBUG]options:	[MsgId: MMSG-17999]
[DEBUG]Method=POST	[MsgId: MMSG-17999]
[DEBUG]Resource=0	[MsgId: MMSG-17999]
[DEBUG]RecContentType=text/html	[MsgId: MMSG-17999]
[DEBUG]Snapshot=t11.inf	[MsgId: MMSG-17999]
[DEBUG]Mode=HTML	[MsgId: MMSG-17999]
[DEBUG]Referer=http://ppe.naturecloud.io:88/cp/service	[MsgId: MMSG-17999]
[DEBUG]EncType=application/json;charset=UTF-8	[MsgId: MMSG-17999]
Message id [-17999] was not saved - Auto Log cache is too small to contain the message.	[MsgId: MMSG-10547]
[DEBUG]LAST	[MsgId: MMSG-17999]
web_custom_request("getPodStatus01") started  	[MsgId: MMSG-26355]
HTML parsing not performed for Content-Type "application/json" ("ParseHtmlContentType" Run-Time Setting is "TEXT"). URL="http://ppe.naturecloud.io:88/apiApplication/getPodStatus"  	[MsgId: MMSG-26548]
web_custom_request("getPodStatus01") was successful, 5097 body bytes, 255 header bytes  	[MsgId: MMSG-26386]
Message id [-17999] was not saved - Auto Log cache is too small to contain the message.	[MsgId: MMSG-10547]
Error: error:"containers with unready status: [scaleserviceshrink12]";reson:null	[MsgId: MERR-17999]
End auto log messages stack.	[MsgId: MMSG-10544]


Start auto log messages stack - Iteration 5.	[MsgId: MMSG-10545]
[DEBUG]options:	[MsgId: MMSG-17999]
[DEBUG]Method=POST	[MsgId: MMSG-17999]
[DEBUG]Resource=0	[MsgId: MMSG-17999]
[DEBUG]RecContentType=text/html	[MsgId: MMSG-17999]
[DEBUG]Snapshot=t11.inf	[MsgId: MMSG-17999]
[DEBUG]Mode=HTML	[MsgId: MMSG-17999]
[DEBUG]Referer=http://ppe.naturecloud.io:88/cp/service	[MsgId: MMSG-17999]
[DEBUG]EncType=application/json;charset=UTF-8	[MsgId: MMSG-17999]
Message id [-17999] was not saved - Auto Log cache is too small to contain the message.	[MsgId: MMSG-10547]
[DEBUG]LAST	[MsgId: MMSG-17999]
web_custom_request("getPodStatus01") started  	[MsgId: MMSG-26355]
HTML parsing not performed for Content-Type "application/json" ("ParseHtmlContentType" Run-Time Setting is "TEXT"). URL="http://ppe.naturecloud.io:88/apiApplication/getPodStatus"  	[MsgId: MMSG-26548]
web_custom_request("getPodStatus01") was successful, 5097 body bytes, 255 header bytes  	[MsgId: MMSG-26386]
Message id [-17999] was not saved - Auto Log cache is too small to contain the message.	[MsgId: MMSG-10547]
Error: error:"containers with unready status: [scaleserviceshrink24]";reson:null	[MsgId: MERR-17999]
End auto log messages stack.	[MsgId: MMSG-10544]


Start auto log messages stack - Iteration 5.	[MsgId: MMSG-10545]
[DEBUG]Snapshot=t11.inf	[MsgId: MMSG-17999]
[DEBUG]Mode=HTML	[MsgId: MMSG-17999]
[DEBUG]Referer=http://ppe.naturecloud.io:88/cp/service	[MsgId: MMSG-17999]
[DEBUG]EncType=application/json;charset=UTF-8	[MsgId: MMSG-17999]
Message id [-17999] was not saved - Auto Log cache is too small to contain the message.	[MsgId: MMSG-10547]
[DEBUG]LAST	[MsgId: MMSG-17999]
web_custom_request("getPodStatus01") started  	[MsgId: MMSG-26355]
HTML parsing not performed for Content-Type "application/json" ("ParseHtmlContentType" Run-Time Setting is "TEXT"). URL="http://ppe.naturecloud.io:88/apiApplication/getPodStatus"  	[MsgId: MMSG-26548]
web_custom_request("getPodStatus01") was successful, 5097 body bytes, 255 header bytes  	[MsgId: MMSG-26386]
Message id [-17999] was not saved - Auto Log cache is too small to contain the message.	[MsgId: MMSG-10547]
System.out: Running                                                                                                                                                      Notify:	[MsgId: MMSG-17999]
Error: error:"containers with unready status: [scaleserviceshrink34]";reson:null	[MsgId: MERR-17999]
End auto log messages stack.	[MsgId: MMSG-10544]


Start auto log messages stack - Iteration 4.	[MsgId: MMSG-10545]
[DEBUG]options:	[MsgId: MMSG-17999]
[DEBUG]Method=POST	[MsgId: MMSG-17999]
[DEBUG]Resource=0	[MsgId: MMSG-17999]
[DEBUG]RecContentType=text/html	[MsgId: MMSG-17999]
[DEBUG]Snapshot=t11.inf	[MsgId: MMSG-17999]
[DEBUG]Mode=HTML	[MsgId: MMSG-17999]
[DEBUG]Referer=http://ppe.naturecloud.io:88/cp/service	[MsgId: MMSG-17999]
[DEBUG]EncType=application/json;charset=UTF-8	[MsgId: MMSG-17999]
Message id [-17999] was not saved - Auto Log cache is too small to contain the message.	[MsgId: MMSG-10547]
[DEBUG]LAST	[MsgId: MMSG-17999]
web_custom_request("getPodStatus01") started  	[MsgId: MMSG-26355]
HTML parsing not performed for Content-Type "application/json" ("ParseHtmlContentType" Run-Time Setting is "TEXT"). URL="http://ppe.naturecloud.io:88/apiApplication/getPodStatus"  	[MsgId: MMSG-26548]
web_custom_request("getPodStatus01") was successful, 5097 body bytes, 255 header bytes  	[MsgId: MMSG-26386]
Message id [-17999] was not saved - Auto Log cache is too small to contain the message.	[MsgId: MMSG-10547]
Error: error:"containers with unready status: [scaleserviceshrink03]";reson:null	[MsgId: MERR-17999]
End auto log messages stack.	[MsgId: MMSG-10544]


Start auto log messages stack - Iteration 5.	[MsgId: MMSG-10545]
[DEBUG]options:	[MsgId: MMSG-17999]
[DEBUG]Method=POST	[MsgId: MMSG-17999]
[DEBUG]Resource=0	[MsgId: MMSG-17999]
[DEBUG]RecContentType=text/html	[MsgId: MMSG-17999]
[DEBUG]Snapshot=t11.inf	[MsgId: MMSG-17999]
[DEBUG]Mode=HTML	[MsgId: MMSG-17999]
[DEBUG]Referer=http://ppe.naturecloud.io:88/cp/service	[MsgId: MMSG-17999]
[DEBUG]EncType=application/json;charset=UTF-8	[MsgId: MMSG-17999]
Message id [-17999] was not saved - Auto Log cache is too small to contain the message.	[MsgId: MMSG-10547]
[DEBUG]LAST	[MsgId: MMSG-17999]
web_custom_request("getPodStatus01") started  	[MsgId: MMSG-26355]
HTML parsing not performed for Content-Type "application/json" ("ParseHtmlContentType" Run-Time Setting is "TEXT"). URL="http://ppe.naturecloud.io:88/apiApplication/getPodStatus"  	[MsgId: MMSG-26548]
web_custom_request("getPodStatus01") was successful, 5097 body bytes, 255 header bytes  	[MsgId: MMSG-26386]
Message id [-17999] was not saved - Auto Log cache is too small to contain the message.	[MsgId: MMSG-10547]
Error: error:"containers with unready status: [scaleserviceshrink44]";reson:null	[MsgId: MERR-17999]
End auto log messages stack.	[MsgId: MMSG-10544]


Start auto log messages stack - Iteration 4.	[MsgId: MMSG-10545]
[DEBUG]options:	[MsgId: MMSG-17999]
[DEBUG]Method=POST	[MsgId: MMSG-17999]
[DEBUG]Resource=0	[MsgId: MMSG-17999]
[DEBUG]RecContentType=text/html	[MsgId: MMSG-17999]
[DEBUG]Snapshot=t11.inf	[MsgId: MMSG-17999]
[DEBUG]Mode=HTML	[MsgId: MMSG-17999]
[DEBUG]Referer=http://ppe.naturecloud.io:88/cp/service	[MsgId: MMSG-17999]
[DEBUG]EncType=application/json;charset=UTF-8	[MsgId: MMSG-17999]
Message id [-17999] was not saved - Auto Log cache is too small to contain the message.	[MsgId: MMSG-10547]
[DEBUG]LAST	[MsgId: MMSG-17999]
web_custom_request("getPodStatus01") started  	[MsgId: MMSG-26355]
HTML parsing not performed for Content-Type "application/json" ("ParseHtmlContentType" Run-Time Setting is "TEXT"). URL="http://ppe.naturecloud.io:88/apiApplication/getPodStatus"  	[MsgId: MMSG-26548]
web_custom_request("getPodStatus01") was successful, 5097 body bytes, 255 header bytes  	[MsgId: MMSG-26386]
Message id [-17999] was not saved - Auto Log cache is too small to contain the message.	[MsgId: MMSG-10547]
Error: error:"containers with unready status: [scaleserviceshrink13]";reson:null	[MsgId: MERR-17999]
End auto log messages stack.	[MsgId: MMSG-10544]


Start auto log messages stack - Iteration 6.	[MsgId: MMSG-10545]
[DEBUG]Snapshot=t11.inf	[MsgId: MMSG-17999]
[DEBUG]Mode=HTML	[MsgId: MMSG-17999]
[DEBUG]Referer=http://ppe.naturecloud.io:88/cp/service	[MsgId: MMSG-17999]
[DEBUG]EncType=application/json;charset=UTF-8	[MsgId: MMSG-17999]
Message id [-17999] was not saved - Auto Log cache is too small to contain the message.	[MsgId: MMSG-10547]
[DEBUG]LAST	[MsgId: MMSG-17999]
web_custom_request("getPodStatus01") started  	[MsgId: MMSG-26355]
HTML parsing not performed for Content-Type "application/json" ("ParseHtmlContentType" Run-Time Setting is "TEXT"). URL="http://ppe.naturecloud.io:88/apiApplication/getPodStatus"  	[MsgId: MMSG-26548]
web_custom_request("getPodStatus01") was successful, 5097 body bytes, 255 header bytes  	[MsgId: MMSG-26386]
Message id [-17999] was not saved - Auto Log cache is too small to contain the message.	[MsgId: MMSG-10547]
System.out: Running                                                                                                                                                      Notify:	[MsgId: MMSG-17999]
Error: error:"containers with unready status: [scaleserviceshrink25]";reson:null	[MsgId: MERR-17999]
End auto log messages stack.	[MsgId: MMSG-10544]


Start auto log messages stack - Iteration 6.	[MsgId: MMSG-10545]
[DEBUG]Snapshot=t11.inf	[MsgId: MMSG-17999]
[DEBUG]Mode=HTML	[MsgId: MMSG-17999]
[DEBUG]Referer=http://ppe.naturecloud.io:88/cp/service	[MsgId: MMSG-17999]
[DEBUG]EncType=application/json;charset=UTF-8	[MsgId: MMSG-17999]
Message id [-17999] was not saved - Auto Log cache is too small to contain the message.	[MsgId: MMSG-10547]
[DEBUG]LAST	[MsgId: MMSG-17999]
web_custom_request("getPodStatus01") started  	[MsgId: MMSG-26355]
HTML parsing not performed for Content-Type "application/json" ("ParseHtmlContentType" Run-Time Setting is "TEXT"). URL="http://ppe.naturecloud.io:88/apiApplication/getPodStatus"  	[MsgId: MMSG-26548]
web_custom_request("getPodStatus01") was successful, 5097 body bytes, 255 header bytes  	[MsgId: MMSG-26386]
Message id [-17999] was not saved - Auto Log cache is too small to contain the message.	[MsgId: MMSG-10547]
System.out: Running                                                                                                                                                      Notify:	[MsgId: MMSG-17999]
Error: error:"containers with unready status: [scaleserviceshrink35]";reson:null	[MsgId: MERR-17999]
End auto log messages stack.	[MsgId: MMSG-10544]


Start auto log messages stack - Iteration 5.	[MsgId: MMSG-10545]
[DEBUG]options:	[MsgId: MMSG-17999]
[DEBUG]Method=POST	[MsgId: MMSG-17999]
[DEBUG]Resource=0	[MsgId: MMSG-17999]
[DEBUG]RecContentType=text/html	[MsgId: MMSG-17999]
[DEBUG]Snapshot=t11.inf	[MsgId: MMSG-17999]
[DEBUG]Mode=HTML	[MsgId: MMSG-17999]
[DEBUG]Referer=http://ppe.naturecloud.io:88/cp/service	[MsgId: MMSG-17999]
[DEBUG]EncType=application/json;charset=UTF-8	[MsgId: MMSG-17999]
Message id [-17999] was not saved - Auto Log cache is too small to contain the message.	[MsgId: MMSG-10547]
[DEBUG]LAST	[MsgId: MMSG-17999]
web_custom_request("getPodStatus01") started  	[MsgId: MMSG-26355]
HTML parsing not performed for Content-Type "application/json" ("ParseHtmlContentType" Run-Time Setting is "TEXT"). URL="http://ppe.naturecloud.io:88/apiApplication/getPodStatus"  	[MsgId: MMSG-26548]
web_custom_request("getPodStatus01") was successful, 5097 body bytes, 255 header bytes  	[MsgId: MMSG-26386]
Message id [-17999] was not saved - Auto Log cache is too small to contain the message.	[MsgId: MMSG-10547]
Error: error:"containers with unready status: [scaleserviceshrink04]";reson:null	[MsgId: MERR-17999]
End auto log messages stack.	[MsgId: MMSG-10544]


Start auto log messages stack - Iteration 6.	[MsgId: MMSG-10545]
[DEBUG]Snapshot=t11.inf	[MsgId: MMSG-17999]
[DEBUG]Mode=HTML	[MsgId: MMSG-17999]
[DEBUG]Referer=http://ppe.naturecloud.io:88/cp/service	[MsgId: MMSG-17999]
[DEBUG]EncType=application/json;charset=UTF-8	[MsgId: MMSG-17999]
Message id [-17999] was not saved - Auto Log cache is too small to contain the message.	[MsgId: MMSG-10547]
[DEBUG]LAST	[MsgId: MMSG-17999]
web_custom_request("getPodStatus01") started  	[MsgId: MMSG-26355]
HTML parsing not performed for Content-Type "application/json" ("ParseHtmlContentType" Run-Time Setting is "TEXT"). URL="http://ppe.naturecloud.io:88/apiApplication/getPodStatus"  	[MsgId: MMSG-26548]
web_custom_request("getPodStatus01") was successful, 5097 body bytes, 255 header bytes  	[MsgId: MMSG-26386]
Message id [-17999] was not saved - Auto Log cache is too small to contain the message.	[MsgId: MMSG-10547]
System.out: Running                                                                                                                                                      Notify:	[MsgId: MMSG-17999]
Error: error:"containers with unready status: [scaleserviceshrink45]";reson:null	[MsgId: MERR-17999]
End auto log messages stack.	[MsgId: MMSG-10544]


Start auto log messages stack - Iteration 5.	[MsgId: MMSG-10545]
[DEBUG]Snapshot=t11.inf	[MsgId: MMSG-17999]
[DEBUG]Mode=HTML	[MsgId: MMSG-17999]
[DEBUG]Referer=http://ppe.naturecloud.io:88/cp/service	[MsgId: MMSG-17999]
[DEBUG]EncType=application/json;charset=UTF-8	[MsgId: MMSG-17999]
Message id [-17999] was not saved - Auto Log cache is too small to contain the message.	[MsgId: MMSG-10547]
[DEBUG]LAST	[MsgId: MMSG-17999]
web_custom_request("getPodStatus01") started  	[MsgId: MMSG-26355]
HTML parsing not performed for Content-Type "application/json" ("ParseHtmlContentType" Run-Time Setting is "TEXT"). URL="http://ppe.naturecloud.io:88/apiApplication/getPodStatus"  	[MsgId: MMSG-26548]
web_custom_request("getPodStatus01") was successful, 5097 body bytes, 255 header bytes  	[MsgId: MMSG-26386]
Message id [-17999] was not saved - Auto Log cache is too small to contain the message.	[MsgId: MMSG-10547]
System.out: Running                                                                                                                                                      Notify:	[MsgId: MMSG-17999]
Error: error:"containers with unready status: [scaleserviceshrink14]";reson:null	[MsgId: MERR-17999]
End auto log messages stack.	[MsgId: MMSG-10544]


Start auto log messages stack - Iteration 7.	[MsgId: MMSG-10545]
[DEBUG]options:	[MsgId: MMSG-17999]
[DEBUG]Method=POST	[MsgId: MMSG-17999]
[DEBUG]Resource=0	[MsgId: MMSG-17999]
[DEBUG]RecContentType=text/html	[MsgId: MMSG-17999]
[DEBUG]Snapshot=t11.inf	[MsgId: MMSG-17999]
[DEBUG]Mode=HTML	[MsgId: MMSG-17999]
[DEBUG]Referer=http://ppe.naturecloud.io:88/cp/service	[MsgId: MMSG-17999]
[DEBUG]EncType=application/json;charset=UTF-8	[MsgId: MMSG-17999]
Message id [-17999] was not saved - Auto Log cache is too small to contain the message.	[MsgId: MMSG-10547]
[DEBUG]LAST	[MsgId: MMSG-17999]
web_custom_request("getPodStatus01") started  	[MsgId: MMSG-26355]
HTML parsing not performed for Content-Type "application/json" ("ParseHtmlContentType" Run-Time Setting is "TEXT"). URL="http://ppe.naturecloud.io:88/apiApplication/getPodStatus"  	[MsgId: MMSG-26548]
web_custom_request("getPodStatus01") was successful, 5097 body bytes, 255 header bytes  	[MsgId: MMSG-26386]
Message id [-17999] was not saved - Auto Log cache is too small to contain the message.	[MsgId: MMSG-10547]
Error: error:"containers with unready status: [scaleserviceshrink26]";reson:null	[MsgId: MERR-17999]
End auto log messages stack.	[MsgId: MMSG-10544]


Start auto log messages stack - Iteration 7.	[MsgId: MMSG-10545]
[DEBUG]options:	[MsgId: MMSG-17999]
[DEBUG]Method=POST	[MsgId: MMSG-17999]
[DEBUG]Resource=0	[MsgId: MMSG-17999]
[DEBUG]RecContentType=text/html	[MsgId: MMSG-17999]
[DEBUG]Snapshot=t11.inf	[MsgId: MMSG-17999]
[DEBUG]Mode=HTML	[MsgId: MMSG-17999]
[DEBUG]Referer=http://ppe.naturecloud.io:88/cp/service	[MsgId: MMSG-17999]
[DEBUG]EncType=application/json;charset=UTF-8	[MsgId: MMSG-17999]
Message id [-17999] was not saved - Auto Log cache is too small to contain the message.	[MsgId: MMSG-10547]
[DEBUG]LAST	[MsgId: MMSG-17999]
web_custom_request("getPodStatus01") started  	[MsgId: MMSG-26355]
HTML parsing not performed for Content-Type "application/json" ("ParseHtmlContentType" Run-Time Setting is "TEXT"). URL="http://ppe.naturecloud.io:88/apiApplication/getPodStatus"  	[MsgId: MMSG-26548]
web_custom_request("getPodStatus01") was successful, 5097 body bytes, 255 header bytes  	[MsgId: MMSG-26386]
Message id [-17999] was not saved - Auto Log cache is too small to contain the message.	[MsgId: MMSG-10547]
Error: error:"containers with unready status: [scaleserviceshrink36]";reson:null	[MsgId: MERR-17999]
End auto log messages stack.	[MsgId: MMSG-10544]


Start auto log messages stack - Iteration 6.	[MsgId: MMSG-10545]
[DEBUG]Snapshot=t11.inf	[MsgId: MMSG-17999]
[DEBUG]Mode=HTML	[MsgId: MMSG-17999]
[DEBUG]Referer=http://ppe.naturecloud.io:88/cp/service	[MsgId: MMSG-17999]
[DEBUG]EncType=application/json;charset=UTF-8	[MsgId: MMSG-17999]
Message id [-17999] was not saved - Auto Log cache is too small to contain the message.	[MsgId: MMSG-10547]
[DEBUG]LAST	[MsgId: MMSG-17999]
web_custom_request("getPodStatus01") started  	[MsgId: MMSG-26355]
HTML parsing not performed for Content-Type "application/json" ("ParseHtmlContentType" Run-Time Setting is "TEXT"). URL="http://ppe.naturecloud.io:88/apiApplication/getPodStatus"  	[MsgId: MMSG-26548]
web_custom_request("getPodStatus01") was successful, 5097 body bytes, 255 header bytes  	[MsgId: MMSG-26386]
Message id [-17999] was not saved - Auto Log cache is too small to contain the message.	[MsgId: MMSG-10547]
System.out: Running                                                                                                                                                      Notify:	[MsgId: MMSG-17999]
Error: error:"containers with unready status: [scaleserviceshrink05]";reson:null	[MsgId: MERR-17999]
End auto log messages stack.	[MsgId: MMSG-10544]


Start auto log messages stack - Iteration 7.	[MsgId: MMSG-10545]
[DEBUG]Snapshot=t11.inf	[MsgId: MMSG-17999]
[DEBUG]Mode=HTML	[MsgId: MMSG-17999]
[DEBUG]Referer=http://ppe.naturecloud.io:88/cp/service	[MsgId: MMSG-17999]
[DEBUG]EncType=application/json;charset=UTF-8	[MsgId: MMSG-17999]
Message id [-17999] was not saved - Auto Log cache is too small to contain the message.	[MsgId: MMSG-10547]
[DEBUG]LAST	[MsgId: MMSG-17999]
web_custom_request("getPodStatus01") started  	[MsgId: MMSG-26355]
HTML parsing not performed for Content-Type "application/json" ("ParseHtmlContentType" Run-Time Setting is "TEXT"). URL="http://ppe.naturecloud.io:88/apiApplication/getPodStatus"  	[MsgId: MMSG-26548]
web_custom_request("getPodStatus01") was successful, 5097 body bytes, 255 header bytes  	[MsgId: MMSG-26386]
Message id [-17999] was not saved - Auto Log cache is too small to contain the message.	[MsgId: MMSG-10547]
System.out: Running                                                                                                                                                      Notify:	[MsgId: MMSG-17999]
Error: error:"containers with unready status: [scaleserviceshrink46]";reson:null	[MsgId: MERR-17999]
End auto log messages stack.	[MsgId: MMSG-10544]


Start auto log messages stack - Iteration 6.	[MsgId: MMSG-10545]
[DEBUG]options:	[MsgId: MMSG-17999]
[DEBUG]Method=POST	[MsgId: MMSG-17999]
[DEBUG]Resource=0	[MsgId: MMSG-17999]
[DEBUG]RecContentType=text/html	[MsgId: MMSG-17999]
[DEBUG]Snapshot=t11.inf	[MsgId: MMSG-17999]
[DEBUG]Mode=HTML	[MsgId: MMSG-17999]
[DEBUG]Referer=http://ppe.naturecloud.io:88/cp/service	[MsgId: MMSG-17999]
[DEBUG]EncType=application/json;charset=UTF-8	[MsgId: MMSG-17999]
Message id [-17999] was not saved - Auto Log cache is too small to contain the message.	[MsgId: MMSG-10547]
[DEBUG]LAST	[MsgId: MMSG-17999]
web_custom_request("getPodStatus01") started  	[MsgId: MMSG-26355]
HTML parsing not performed for Content-Type "application/json" ("ParseHtmlContentType" Run-Time Setting is "TEXT"). URL="http://ppe.naturecloud.io:88/apiApplication/getPodStatus"  	[MsgId: MMSG-26548]
web_custom_request("getPodStatus01") was successful, 5097 body bytes, 255 header bytes  	[MsgId: MMSG-26386]
Message id [-17999] was not saved - Auto Log cache is too small to contain the message.	[MsgId: MMSG-10547]
Error: error:"containers with unready status: [scaleserviceshrink15]";reson:null	[MsgId: MERR-17999]
End auto log messages stack.	[MsgId: MMSG-10544]


Start auto log messages stack - Iteration 8.	[MsgId: MMSG-10545]
[DEBUG]options:	[MsgId: MMSG-17999]
[DEBUG]Method=POST	[MsgId: MMSG-17999]
[DEBUG]Resource=0	[MsgId: MMSG-17999]
[DEBUG]RecContentType=text/html	[MsgId: MMSG-17999]
[DEBUG]Snapshot=t11.inf	[MsgId: MMSG-17999]
[DEBUG]Mode=HTML	[MsgId: MMSG-17999]
[DEBUG]Referer=http://ppe.naturecloud.io:88/cp/service	[MsgId: MMSG-17999]
[DEBUG]EncType=application/json;charset=UTF-8	[MsgId: MMSG-17999]
Message id [-17999] was not saved - Auto Log cache is too small to contain the message.	[MsgId: MMSG-10547]
[DEBUG]LAST	[MsgId: MMSG-17999]
web_custom_request("getPodStatus01") started  	[MsgId: MMSG-26355]
HTML parsing not performed for Content-Type "application/json" ("ParseHtmlContentType" Run-Time Setting is "TEXT"). URL="http://ppe.naturecloud.io:88/apiApplication/getPodStatus"  	[MsgId: MMSG-26548]
web_custom_request("getPodStatus01") was successful, 5097 body bytes, 255 header bytes  	[MsgId: MMSG-26386]
Message id [-17999] was not saved - Auto Log cache is too small to contain the message.	[MsgId: MMSG-10547]
Error: error:"containers with unready status: [scaleserviceshrink27]";reson:null	[MsgId: MERR-17999]
End auto log messages stack.	[MsgId: MMSG-10544]


Start auto log messages stack - Iteration 8.	[MsgId: MMSG-10545]
[DEBUG]Snapshot=t11.inf	[MsgId: MMSG-17999]
[DEBUG]Mode=HTML	[MsgId: MMSG-17999]
[DEBUG]Referer=http://ppe.naturecloud.io:88/cp/service	[MsgId: MMSG-17999]
[DEBUG]EncType=application/json;charset=UTF-8	[MsgId: MMSG-17999]
Message id [-17999] was not saved - Auto Log cache is too small to contain the message.	[MsgId: MMSG-10547]
[DEBUG]LAST	[MsgId: MMSG-17999]
web_custom_request("getPodStatus01") started  	[MsgId: MMSG-26355]
HTML parsing not performed for Content-Type "application/json" ("ParseHtmlContentType" Run-Time Setting is "TEXT"). URL="http://ppe.naturecloud.io:88/apiApplication/getPodStatus"  	[MsgId: MMSG-26548]
web_custom_request("getPodStatus01") was successful, 5097 body bytes, 255 header bytes  	[MsgId: MMSG-26386]
Message id [-17999] was not saved - Auto Log cache is too small to contain the message.	[MsgId: MMSG-10547]
System.out: Running                                                                                                                                                      Notify:	[MsgId: MMSG-17999]
Error: error:"containers with unready status: [scaleserviceshrink37]";reson:null	[MsgId: MERR-17999]
End auto log messages stack.	[MsgId: MMSG-10544]


Start auto log messages stack - Iteration 7.	[MsgId: MMSG-10545]
[DEBUG]options:	[MsgId: MMSG-17999]
[DEBUG]Method=POST	[MsgId: MMSG-17999]
[DEBUG]Resource=0	[MsgId: MMSG-17999]
[DEBUG]RecContentType=text/html	[MsgId: MMSG-17999]
[DEBUG]Snapshot=t11.inf	[MsgId: MMSG-17999]
[DEBUG]Mode=HTML	[MsgId: MMSG-17999]
[DEBUG]Referer=http://ppe.naturecloud.io:88/cp/service	[MsgId: MMSG-17999]
[DEBUG]EncType=application/json;charset=UTF-8	[MsgId: MMSG-17999]
Message id [-17999] was not saved - Auto Log cache is too small to contain the message.	[MsgId: MMSG-10547]
[DEBUG]LAST	[MsgId: MMSG-17999]
web_custom_request("getPodStatus01") started  	[MsgId: MMSG-26355]
HTML parsing not performed for Content-Type "application/json" ("ParseHtmlContentType" Run-Time Setting is "TEXT"). URL="http://ppe.naturecloud.io:88/apiApplication/getPodStatus"  	[MsgId: MMSG-26548]
web_custom_request("getPodStatus01") was successful, 5097 body bytes, 255 header bytes  	[MsgId: MMSG-26386]
Message id [-17999] was not saved - Auto Log cache is too small to contain the message.	[MsgId: MMSG-10547]
Error: error:"containers with unready status: [scaleserviceshrink16]";reson:null	[MsgId: MERR-17999]
End auto log messages stack.	[MsgId: MMSG-10544]


Start auto log messages stack - Iteration 9.	[MsgId: MMSG-10545]
[DEBUG]options:	[MsgId: MMSG-17999]
[DEBUG]Method=POST	[MsgId: MMSG-17999]
[DEBUG]Resource=0	[MsgId: MMSG-17999]
[DEBUG]RecContentType=text/html	[MsgId: MMSG-17999]
[DEBUG]Snapshot=t11.inf	[MsgId: MMSG-17999]
[DEBUG]Mode=HTML	[MsgId: MMSG-17999]
[DEBUG]Referer=http://ppe.naturecloud.io:88/cp/service	[MsgId: MMSG-17999]
[DEBUG]EncType=application/json;charset=UTF-8	[MsgId: MMSG-17999]
Message id [-17999] was not saved - Auto Log cache is too small to contain the message.	[MsgId: MMSG-10547]
[DEBUG]LAST	[MsgId: MMSG-17999]
web_custom_request("getPodStatus01") started  	[MsgId: MMSG-26355]
HTML parsing not performed for Content-Type "application/json" ("ParseHtmlContentType" Run-Time Setting is "TEXT"). URL="http://ppe.naturecloud.io:88/apiApplication/getPodStatus"  	[MsgId: MMSG-26548]
web_custom_request("getPodStatus01") was successful, 4997 body bytes, 255 header bytes  	[MsgId: MMSG-26386]
Message id [-17999] was not saved - Auto Log cache is too small to contain the message.	[MsgId: MMSG-10547]
Error: error:"containers with unready status: [scaleserviceshrink38]";reson:null	[MsgId: MERR-17999]
Error: error:"containers with unready status: [scaleserviceshrink38]";reson:null	[MsgId: MERR-17999]
End auto log messages stack.	[MsgId: MMSG-10544]


Start auto log messages stack - Iteration 8.	[MsgId: MMSG-10545]
[DEBUG]Snapshot=t11.inf	[MsgId: MMSG-17999]
[DEBUG]Mode=HTML	[MsgId: MMSG-17999]
[DEBUG]Referer=http://ppe.naturecloud.io:88/cp/service	[MsgId: MMSG-17999]
[DEBUG]EncType=application/json;charset=UTF-8	[MsgId: MMSG-17999]
Message id [-17999] was not saved - Auto Log cache is too small to contain the message.	[MsgId: MMSG-10547]
[DEBUG]LAST	[MsgId: MMSG-17999]
web_custom_request("getPodStatus01") started  	[MsgId: MMSG-26355]
HTML parsing not performed for Content-Type "application/json" ("ParseHtmlContentType" Run-Time Setting is "TEXT"). URL="http://ppe.naturecloud.io:88/apiApplication/getPodStatus"  	[MsgId: MMSG-26548]
web_custom_request("getPodStatus01") was successful, 5097 body bytes, 255 header bytes  	[MsgId: MMSG-26386]
Message id [-17999] was not saved - Auto Log cache is too small to contain the message.	[MsgId: MMSG-10547]
System.out: Running                                                                                                                                                      Notify:	[MsgId: MMSG-17999]
Error: error:"containers with unready status: [scaleserviceshrink17]";reson:null	[MsgId: MERR-17999]
End auto log messages stack.	[MsgId: MMSG-10544]


Start auto log messages stack - Iteration 10.	[MsgId: MMSG-10545]
[DEBUG]options:	[MsgId: MMSG-17999]
[DEBUG]Method=POST	[MsgId: MMSG-17999]
[DEBUG]Resource=0	[MsgId: MMSG-17999]
[DEBUG]RecContentType=text/html	[MsgId: MMSG-17999]
[DEBUG]Snapshot=t11.inf	[MsgId: MMSG-17999]
[DEBUG]Mode=HTML	[MsgId: MMSG-17999]
[DEBUG]Referer=http://ppe.naturecloud.io:88/cp/service	[MsgId: MMSG-17999]
[DEBUG]EncType=application/json;charset=UTF-8	[MsgId: MMSG-17999]
Message id [-17999] was not saved - Auto Log cache is too small to contain the message.	[MsgId: MMSG-10547]
[DEBUG]LAST	[MsgId: MMSG-17999]
web_custom_request("getPodStatus01") started  	[MsgId: MMSG-26355]
HTML parsing not performed for Content-Type "application/json" ("ParseHtmlContentType" Run-Time Setting is "TEXT"). URL="http://ppe.naturecloud.io:88/apiApplication/getPodStatus"  	[MsgId: MMSG-26548]
web_custom_request("getPodStatus01") was successful, 4997 body bytes, 255 header bytes  	[MsgId: MMSG-26386]
Message id [-17999] was not saved - Auto Log cache is too small to contain the message.	[MsgId: MMSG-10547]
Error: error:"containers with unready status: [scaleserviceshrink39]";reson:null	[MsgId: MERR-17999]
Error: error:"containers with unready status: [scaleserviceshrink39]";reson:null	[MsgId: MERR-17999]
End auto log messages stack.	[MsgId: MMSG-10544]


Start auto log messages stack - Iteration 9.	[MsgId: MMSG-10545]
[DEBUG]options:	[MsgId: MMSG-17999]
[DEBUG]Method=POST	[MsgId: MMSG-17999]
[DEBUG]Resource=0	[MsgId: MMSG-17999]
[DEBUG]RecContentType=text/html	[MsgId: MMSG-17999]
[DEBUG]Snapshot=t11.inf	[MsgId: MMSG-17999]
[DEBUG]Mode=HTML	[MsgId: MMSG-17999]
[DEBUG]Referer=http://ppe.naturecloud.io:88/cp/service	[MsgId: MMSG-17999]
[DEBUG]EncType=application/json;charset=UTF-8	[MsgId: MMSG-17999]
Message id [-17999] was not saved - Auto Log cache is too small to contain the message.	[MsgId: MMSG-10547]
[DEBUG]LAST	[MsgId: MMSG-17999]
web_custom_request("getPodStatus01") started  	[MsgId: MMSG-26355]
HTML parsing not performed for Content-Type "application/json" ("ParseHtmlContentType" Run-Time Setting is "TEXT"). URL="http://ppe.naturecloud.io:88/apiApplication/getPodStatus"  	[MsgId: MMSG-26548]
web_custom_request("getPodStatus01") was successful, 4997 body bytes, 255 header bytes  	[MsgId: MMSG-26386]
Message id [-17999] was not saved - Auto Log cache is too small to contain the message.	[MsgId: MMSG-10547]
Error: error:"containers with unready status: [scaleserviceshrink18]";reson:null	[MsgId: MERR-17999]
Error: error:"containers with unready status: [scaleserviceshrink18]";reson:null	[MsgId: MERR-17999]
End auto log messages stack.	[MsgId: MMSG-10544]


Start auto log messages stack - Iteration 11.	[MsgId: MMSG-10545]
HTML parsing not performed for Content-Type "application/json" ("ParseHtmlContentType" Run-Time Setting is "TEXT"). URL="http://ppe.naturecloud.io:88/apiApplication/createApplication"  	[MsgId: MMSG-26548]
web_custom_request("createservice") was successful, 457 body bytes, 253 header bytes  	[MsgId: MMSG-26386]
System.out: {"ret":false,"name":"MongoError","message":"E11000 duplicate key error index: test.transactions.$source_1  dup key: { : \"createApplication#kidfanjun:scaleserviceshrink39\" }","error":"E11000 duplicate key error index: test.transactions.$source_1  dup key: { : \"createApplication#kidfanjun:scaleserviceshrink39\" }","data":"E11000 duplicate key error index: test.transactions.$source_1  dup key: { : \"createApplication#kidfanjun:scaleserviceshrink39\" }"}                                                                                                                                                      Notify:	[MsgId: MMSG-17999]
Error: E11000 duplicate key error index: test.transactions.$source_1  dup key: { : "createApplication#kidfanjun:scaleserviceshrink39" }	[MsgId: MERR-17999]
End auto log messages stack.	[MsgId: MMSG-10544]


Start auto log messages stack - Iteration 12.	[MsgId: MMSG-10545]
HTML parsing not performed for Content-Type "application/json" ("ParseHtmlContentType" Run-Time Setting is "TEXT"). URL="http://ppe.naturecloud.io:88/apiApplication/createApplication"  	[MsgId: MMSG-26548]
web_custom_request("createservice") was successful, 457 body bytes, 253 header bytes  	[MsgId: MMSG-26386]
System.out: {"ret":false,"name":"MongoError","message":"E11000 duplicate key error index: test.transactions.$source_1  dup key: { : \"createApplication#kidfanjun:scaleserviceshrink39\" }","error":"E11000 duplicate key error index: test.transactions.$source_1  dup key: { : \"createApplication#kidfanjun:scaleserviceshrink39\" }","data":"E11000 duplicate key error index: test.transactions.$source_1  dup key: { : \"createApplication#kidfanjun:scaleserviceshrink39\" }"}                                                                                                                                                      Notify:	[MsgId: MMSG-17999]
Error: E11000 duplicate key error index: test.transactions.$source_1  dup key: { : "createApplication#kidfanjun:scaleserviceshrink39" }	[MsgId: MERR-17999]
End auto log messages stack.	[MsgId: MMSG-10544]


Start auto log messages stack - Iteration 8.	[MsgId: MMSG-10545]
[DEBUG]options:	[MsgId: MMSG-17999]
[DEBUG]Method=POST	[MsgId: MMSG-17999]
[DEBUG]Resource=0	[MsgId: MMSG-17999]
[DEBUG]RecContentType=text/html	[MsgId: MMSG-17999]
[DEBUG]Snapshot=t11.inf	[MsgId: MMSG-17999]
[DEBUG]Mode=HTML	[MsgId: MMSG-17999]
[DEBUG]Referer=http://ppe.naturecloud.io:88/cp/service	[MsgId: MMSG-17999]
[DEBUG]EncType=application/json;charset=UTF-8	[MsgId: MMSG-17999]
Message id [-17999] was not saved - Auto Log cache is too small to contain the message.	[MsgId: MMSG-10547]
[DEBUG]LAST	[MsgId: MMSG-17999]
web_custom_request("getPodStatus01") started  	[MsgId: MMSG-26355]
HTML parsing not performed for Content-Type "application/json" ("ParseHtmlContentType" Run-Time Setting is "TEXT"). URL="http://ppe.naturecloud.io:88/apiApplication/getPodStatus"  	[MsgId: MMSG-26548]
web_custom_request("getPodStatus01") was successful, 4997 body bytes, 255 header bytes  	[MsgId: MMSG-26386]
Message id [-17999] was not saved - Auto Log cache is too small to contain the message.	[MsgId: MMSG-10547]
Error: error:"containers with unready status: [scaleserviceshrink07]";reson:null	[MsgId: MERR-17999]
Error: error:"containers with unready status: [scaleserviceshrink07]";reson:null	[MsgId: MERR-17999]
End auto log messages stack.	[MsgId: MMSG-10544]


Start auto log messages stack - Iteration 9.	[MsgId: MMSG-10545]
[DEBUG]options:	[MsgId: MMSG-17999]
[DEBUG]Method=POST	[MsgId: MMSG-17999]
[DEBUG]Resource=0	[MsgId: MMSG-17999]
[DEBUG]RecContentType=text/html	[MsgId: MMSG-17999]
[DEBUG]Snapshot=t11.inf	[MsgId: MMSG-17999]
[DEBUG]Mode=HTML	[MsgId: MMSG-17999]
[DEBUG]Referer=http://ppe.naturecloud.io:88/cp/service	[MsgId: MMSG-17999]
[DEBUG]EncType=application/json;charset=UTF-8	[MsgId: MMSG-17999]
Message id [-17999] was not saved - Auto Log cache is too small to contain the message.	[MsgId: MMSG-10547]
[DEBUG]LAST	[MsgId: MMSG-17999]
web_custom_request("getPodStatus01") started  	[MsgId: MMSG-26355]
HTML parsing not performed for Content-Type "application/json" ("ParseHtmlContentType" Run-Time Setting is "TEXT"). URL="http://ppe.naturecloud.io:88/apiApplication/getPodStatus"  	[MsgId: MMSG-26548]
web_custom_request("getPodStatus01") was successful, 4997 body bytes, 255 header bytes  	[MsgId: MMSG-26386]
Message id [-17999] was not saved - Auto Log cache is too small to contain the message.	[MsgId: MMSG-10547]
Error: error:"containers with unready status: [scaleserviceshrink48]";reson:null	[MsgId: MERR-17999]
Error: error:"containers with unready status: [scaleserviceshrink48]";reson:null	[MsgId: MERR-17999]
End auto log messages stack.	[MsgId: MMSG-10544]


Start auto log messages stack - Iteration 13.	[MsgId: MMSG-10545]
HTML parsing not performed for Content-Type "application/json" ("ParseHtmlContentType" Run-Time Setting is "TEXT"). URL="http://ppe.naturecloud.io:88/apiApplication/createApplication"  	[MsgId: MMSG-26548]
web_custom_request("createservice") was successful, 457 body bytes, 253 header bytes  	[MsgId: MMSG-26386]
System.out: {"ret":false,"name":"MongoError","message":"E11000 duplicate key error index: test.transactions.$source_1  dup key: { : \"createApplication#kidfanjun:scaleserviceshrink39\" }","error":"E11000 duplicate key error index: test.transactions.$source_1  dup key: { : \"createApplication#kidfanjun:scaleserviceshrink39\" }","data":"E11000 duplicate key error index: test.transactions.$source_1  dup key: { : \"createApplication#kidfanjun:scaleserviceshrink39\" }"}                                                                                                                                                      Notify:	[MsgId: MMSG-17999]
Error: E11000 duplicate key error index: test.transactions.$source_1  dup key: { : "createApplication#kidfanjun:scaleserviceshrink39" }	[MsgId: MERR-17999]
End auto log messages stack.	[MsgId: MMSG-10544]


Start auto log messages stack - Iteration 10.	[MsgId: MMSG-10545]
[DEBUG]options:	[MsgId: MMSG-17999]
[DEBUG]Method=POST	[MsgId: MMSG-17999]
[DEBUG]Resource=0	[MsgId: MMSG-17999]
[DEBUG]RecContentType=text/html	[MsgId: MMSG-17999]
[DEBUG]Snapshot=t11.inf	[MsgId: MMSG-17999]
[DEBUG]Mode=HTML	[MsgId: MMSG-17999]
[DEBUG]Referer=http://ppe.naturecloud.io:88/cp/service	[MsgId: MMSG-17999]
[DEBUG]EncType=application/json;charset=UTF-8	[MsgId: MMSG-17999]
Message id [-17999] was not saved - Auto Log cache is too small to contain the message.	[MsgId: MMSG-10547]
[DEBUG]LAST	[MsgId: MMSG-17999]
web_custom_request("getPodStatus01") started  	[MsgId: MMSG-26355]
HTML parsing not performed for Content-Type "application/json" ("ParseHtmlContentType" Run-Time Setting is "TEXT"). URL="http://ppe.naturecloud.io:88/apiApplication/getPodStatus"  	[MsgId: MMSG-26548]
web_custom_request("getPodStatus01") was successful, 4997 body bytes, 255 header bytes  	[MsgId: MMSG-26386]
Message id [-17999] was not saved - Auto Log cache is too small to contain the message.	[MsgId: MMSG-10547]
Error: error:"containers with unready status: [scaleserviceshrink19]";reson:null	[MsgId: MERR-17999]
Error: error:"containers with unready status: [scaleserviceshrink19]";reson:null	[MsgId: MERR-17999]
End auto log messages stack.	[MsgId: MMSG-10544]


Start auto log messages stack - Iteration 10.	[MsgId: MMSG-10545]
[DEBUG]options:	[MsgId: MMSG-17999]
[DEBUG]Method=POST	[MsgId: MMSG-17999]
[DEBUG]Resource=0	[MsgId: MMSG-17999]
[DEBUG]RecContentType=text/html	[MsgId: MMSG-17999]
[DEBUG]Snapshot=t11.inf	[MsgId: MMSG-17999]
[DEBUG]Mode=HTML	[MsgId: MMSG-17999]
[DEBUG]Referer=http://ppe.naturecloud.io:88/cp/service	[MsgId: MMSG-17999]
[DEBUG]EncType=application/json;charset=UTF-8	[MsgId: MMSG-17999]
Message id [-17999] was not saved - Auto Log cache is too small to contain the message.	[MsgId: MMSG-10547]
[DEBUG]LAST	[MsgId: MMSG-17999]
web_custom_request("getPodStatus01") started  	[MsgId: MMSG-26355]
HTML parsing not performed for Content-Type "application/json" ("ParseHtmlContentType" Run-Time Setting is "TEXT"). URL="http://ppe.naturecloud.io:88/apiApplication/getPodStatus"  	[MsgId: MMSG-26548]
web_custom_request("getPodStatus01") was successful, 4997 body bytes, 255 header bytes  	[MsgId: MMSG-26386]
Message id [-17999] was not saved - Auto Log cache is too small to contain the message.	[MsgId: MMSG-10547]
Error: error:"containers with unready status: [scaleserviceshrink29]";reson:null	[MsgId: MERR-17999]
Error: error:"containers with unready status: [scaleserviceshrink29]";reson:null	[MsgId: MERR-17999]
End auto log messages stack.	[MsgId: MMSG-10544]


Start auto log messages stack - Iteration 14.	[MsgId: MMSG-10545]
HTML parsing not performed for Content-Type "application/json" ("ParseHtmlContentType" Run-Time Setting is "TEXT"). URL="http://ppe.naturecloud.io:88/apiApplication/createApplication"  	[MsgId: MMSG-26548]
web_custom_request("createservice") was successful, 457 body bytes, 253 header bytes  	[MsgId: MMSG-26386]
System.out: {"ret":false,"name":"MongoError","message":"E11000 duplicate key error index: test.transactions.$source_1  dup key: { : \"createApplication#kidfanjun:scaleserviceshrink39\" }","error":"E11000 duplicate key error index: test.transactions.$source_1  dup key: { : \"createApplication#kidfanjun:scaleserviceshrink39\" }","data":"E11000 duplicate key error index: test.transactions.$source_1  dup key: { : \"createApplication#kidfanjun:scaleserviceshrink39\" }"}                                                                                                                                                      Notify:	[MsgId: MMSG-17999]
Error: E11000 duplicate key error index: test.transactions.$source_1  dup key: { : "createApplication#kidfanjun:scaleserviceshrink39" }	[MsgId: MERR-17999]
End auto log messages stack.	[MsgId: MMSG-10544]


Start auto log messages stack - Iteration 11.	[MsgId: MMSG-10545]
[DEBUG]Resource=0	[MsgId: MMSG-17999]
[DEBUG]RecContentType=text/html	[MsgId: MMSG-17999]
[DEBUG]Snapshot=t11.inf	[MsgId: MMSG-17999]
[DEBUG]Mode=HTML	[MsgId: MMSG-17999]
[DEBUG]Referer=http://ppe.naturecloud.io:88/cp/service	[MsgId: MMSG-17999]
[DEBUG]EncType=application/json;charset=UTF-8	[MsgId: MMSG-17999]
[DEBUG]Body={"app":"{serviceName}","rcnum":2,"ver":"1.9.14-alpine","node":{"image":"prod.internal.naturecloud.io/library/nginx:1.9.14-alpine","imageshortname":"nginx","isMarket":true,"ports":[],"env":[],"clusterId":"default","cpu_shares":"0","mem_limit":"0Mi","volumes":[]}}	[MsgId: MMSG-17999]
[DEBUG]LAST	[MsgId: MMSG-17999]
web_custom_request("createservice") started  	[MsgId: MMSG-26355]
HTML parsing not performed for Content-Type "application/json" ("ParseHtmlContentType" Run-Time Setting is "TEXT"). URL="http://ppe.naturecloud.io:88/apiApplication/createApplication"  	[MsgId: MMSG-26548]
Error -26377: No match found for the requested parameter "ResponseBody". Either the specified boundaries were not found in the response or the matched text is longer than current max html parameter size of 2048 bytes. The total length of the response is 2 bytes. You can use "web_set_max_html_param_len" to increase the max parameter size.  	[MsgId: MERR-26377]
End auto log messages stack.	[MsgId: MMSG-10544]


Start auto log messages stack - Iteration 11.	[MsgId: MMSG-10545]
[DEBUG]Resource=0	[MsgId: MMSG-17999]
[DEBUG]RecContentType=text/html	[MsgId: MMSG-17999]
[DEBUG]Snapshot=t11.inf	[MsgId: MMSG-17999]
[DEBUG]Mode=HTML	[MsgId: MMSG-17999]
[DEBUG]Referer=http://ppe.naturecloud.io:88/cp/service	[MsgId: MMSG-17999]
[DEBUG]EncType=application/json;charset=UTF-8	[MsgId: MMSG-17999]
[DEBUG]Body={"app":"{serviceName}","rcnum":2,"ver":"1.9.14-alpine","node":{"image":"prod.internal.naturecloud.io/library/nginx:1.9.14-alpine","imageshortname":"nginx","isMarket":true,"ports":[],"env":[],"clusterId":"default","cpu_shares":"0","mem_limit":"0Mi","volumes":[]}}	[MsgId: MMSG-17999]
[DEBUG]LAST	[MsgId: MMSG-17999]
web_custom_request("createservice") started  	[MsgId: MMSG-26355]
HTML parsing not performed for Content-Type "application/json" ("ParseHtmlContentType" Run-Time Setting is "TEXT"). URL="http://ppe.naturecloud.io:88/apiApplication/createApplication"  	[MsgId: MMSG-26548]
Error -26377: No match found for the requested parameter "ResponseBody". Either the specified boundaries were not found in the response or the matched text is longer than current max html parameter size of 2048 bytes. The total length of the response is 2 bytes. You can use "web_set_max_html_param_len" to increase the max parameter size.  	[MsgId: MERR-26377]
End auto log messages stack.	[MsgId: MMSG-10544]


Start auto log messages stack - Iteration 9.	[MsgId: MMSG-10545]
[DEBUG]options:	[MsgId: MMSG-17999]
[DEBUG]Method=POST	[MsgId: MMSG-17999]
[DEBUG]Resource=0	[MsgId: MMSG-17999]
[DEBUG]RecContentType=text/html	[MsgId: MMSG-17999]
[DEBUG]Snapshot=t11.inf	[MsgId: MMSG-17999]
[DEBUG]Mode=HTML	[MsgId: MMSG-17999]
[DEBUG]Referer=http://ppe.naturecloud.io:88/cp/service	[MsgId: MMSG-17999]
[DEBUG]EncType=application/json;charset=UTF-8	[MsgId: MMSG-17999]
Message id [-17999] was not saved - Auto Log cache is too small to contain the message.	[MsgId: MMSG-10547]
[DEBUG]LAST	[MsgId: MMSG-17999]
web_custom_request("getPodStatus01") started  	[MsgId: MMSG-26355]
HTML parsing not performed for Content-Type "application/json" ("ParseHtmlContentType" Run-Time Setting is "TEXT"). URL="http://ppe.naturecloud.io:88/apiApplication/getPodStatus"  	[MsgId: MMSG-26548]
web_custom_request("getPodStatus01") was successful, 4997 body bytes, 255 header bytes  	[MsgId: MMSG-26386]
Message id [-17999] was not saved - Auto Log cache is too small to contain the message.	[MsgId: MMSG-10547]
Error: error:"containers with unready status: [scaleserviceshrink08]";reson:null	[MsgId: MERR-17999]
Error: error:"containers with unready status: [scaleserviceshrink08]";reson:null	[MsgId: MERR-17999]
End auto log messages stack.	[MsgId: MMSG-10544]


Start auto log messages stack - Iteration 10.	[MsgId: MMSG-10545]
[DEBUG]options:	[MsgId: MMSG-17999]
[DEBUG]Method=POST	[MsgId: MMSG-17999]
[DEBUG]Resource=0	[MsgId: MMSG-17999]
[DEBUG]RecContentType=text/html	[MsgId: MMSG-17999]
[DEBUG]Snapshot=t11.inf	[MsgId: MMSG-17999]
[DEBUG]Mode=HTML	[MsgId: MMSG-17999]
[DEBUG]Referer=http://ppe.naturecloud.io:88/cp/service	[MsgId: MMSG-17999]
[DEBUG]EncType=application/json;charset=UTF-8	[MsgId: MMSG-17999]
Message id [-17999] was not saved - Auto Log cache is too small to contain the message.	[MsgId: MMSG-10547]
[DEBUG]LAST	[MsgId: MMSG-17999]
web_custom_request("getPodStatus01") started  	[MsgId: MMSG-26355]
HTML parsing not performed for Content-Type "application/json" ("ParseHtmlContentType" Run-Time Setting is "TEXT"). URL="http://ppe.naturecloud.io:88/apiApplication/getPodStatus"  	[MsgId: MMSG-26548]
web_custom_request("getPodStatus01") was successful, 4997 body bytes, 255 header bytes  	[MsgId: MMSG-26386]
Message id [-17999] was not saved - Auto Log cache is too small to contain the message.	[MsgId: MMSG-10547]
Error: error:"containers with unready status: [scaleserviceshrink49]";reson:null	[MsgId: MERR-17999]
Error: error:"containers with unready status: [scaleserviceshrink49]";reson:null	[MsgId: MERR-17999]
End auto log messages stack.	[MsgId: MMSG-10544]


Start auto log messages stack - Iteration 15.	[MsgId: MMSG-10545]
HTML parsing not performed for Content-Type "application/json" ("ParseHtmlContentType" Run-Time Setting is "TEXT"). URL="http://ppe.naturecloud.io:88/apiApplication/createApplication"  	[MsgId: MMSG-26548]
web_custom_request("createservice") was successful, 457 body bytes, 253 header bytes  	[MsgId: MMSG-26386]
System.out: {"ret":false,"name":"MongoError","message":"E11000 duplicate key error index: test.transactions.$source_1  dup key: { : \"createApplication#kidfanjun:scaleserviceshrink39\" }","error":"E11000 duplicate key error index: test.transactions.$source_1  dup key: { : \"createApplication#kidfanjun:scaleserviceshrink39\" }","data":"E11000 duplicate key error index: test.transactions.$source_1  dup key: { : \"createApplication#kidfanjun:scaleserviceshrink39\" }"}                                                                                                                                                      Notify:	[MsgId: MMSG-17999]
Error: E11000 duplicate key error index: test.transactions.$source_1  dup key: { : "createApplication#kidfanjun:scaleserviceshrink39" }	[MsgId: MERR-17999]
End auto log messages stack.	[MsgId: MMSG-10544]


Start auto log messages stack - Iteration 11.	[MsgId: MMSG-10545]
[DEBUG]Resource=0	[MsgId: MMSG-17999]
[DEBUG]RecContentType=text/html	[MsgId: MMSG-17999]
[DEBUG]Snapshot=t11.inf	[MsgId: MMSG-17999]
[DEBUG]Mode=HTML	[MsgId: MMSG-17999]
[DEBUG]Referer=http://ppe.naturecloud.io:88/cp/service	[MsgId: MMSG-17999]
[DEBUG]EncType=application/json;charset=UTF-8	[MsgId: MMSG-17999]
[DEBUG]Body={"app":"{serviceName}","rcnum":2,"ver":"1.9.14-alpine","node":{"image":"prod.internal.naturecloud.io/library/nginx:1.9.14-alpine","imageshortname":"nginx","isMarket":true,"ports":[],"env":[],"clusterId":"default","cpu_shares":"0","mem_limit":"0Mi","volumes":[]}}	[MsgId: MMSG-17999]
[DEBUG]LAST	[MsgId: MMSG-17999]
web_custom_request("createservice") started  	[MsgId: MMSG-26355]
HTML parsing not performed for Content-Type "application/json" ("ParseHtmlContentType" Run-Time Setting is "TEXT"). URL="http://ppe.naturecloud.io:88/apiApplication/createApplication"  	[MsgId: MMSG-26548]
Error -26377: No match found for the requested parameter "ResponseBody". Either the specified boundaries were not found in the response or the matched text is longer than current max html parameter size of 2048 bytes. The total length of the response is 2 bytes. You can use "web_set_max_html_param_len" to increase the max parameter size.  	[MsgId: MERR-26377]
End auto log messages stack.	[MsgId: MMSG-10544]


Start auto log messages stack - Iteration 16.	[MsgId: MMSG-10545]
HTML parsing not performed for Content-Type "application/json" ("ParseHtmlContentType" Run-Time Setting is "TEXT"). URL="http://ppe.naturecloud.io:88/apiApplication/createApplication"  	[MsgId: MMSG-26548]
web_custom_request("createservice") was successful, 457 body bytes, 253 header bytes  	[MsgId: MMSG-26386]
System.out: {"ret":false,"name":"MongoError","message":"E11000 duplicate key error index: test.transactions.$source_1  dup key: { : \"createApplication#kidfanjun:scaleserviceshrink39\" }","error":"E11000 duplicate key error index: test.transactions.$source_1  dup key: { : \"createApplication#kidfanjun:scaleserviceshrink39\" }","data":"E11000 duplicate key error index: test.transactions.$source_1  dup key: { : \"createApplication#kidfanjun:scaleserviceshrink39\" }"}                                                                                                                                                      Notify:	[MsgId: MMSG-17999]
Error: E11000 duplicate key error index: test.transactions.$source_1  dup key: { : "createApplication#kidfanjun:scaleserviceshrink39" }	[MsgId: MERR-17999]
End auto log messages stack.	[MsgId: MMSG-10544]


Start auto log messages stack - Iteration 17.	[MsgId: MMSG-10545]
HTML parsing not performed for Content-Type "application/json" ("ParseHtmlContentType" Run-Time Setting is "TEXT"). URL="http://ppe.naturecloud.io:88/apiApplication/createApplication"  	[MsgId: MMSG-26548]
web_custom_request("createservice") was successful, 457 body bytes, 253 header bytes  	[MsgId: MMSG-26386]
System.out: {"ret":false,"name":"MongoError","message":"E11000 duplicate key error index: test.transactions.$source_1  dup key: { : \"createApplication#kidfanjun:scaleserviceshrink39\" }","error":"E11000 duplicate key error index: test.transactions.$source_1  dup key: { : \"createApplication#kidfanjun:scaleserviceshrink39\" }","data":"E11000 duplicate key error index: test.transactions.$source_1  dup key: { : \"createApplication#kidfanjun:scaleserviceshrink39\" }"}                                                                                                                                                      Notify:	[MsgId: MMSG-17999]
Error: E11000 duplicate key error index: test.transactions.$source_1  dup key: { : "createApplication#kidfanjun:scaleserviceshrink39" }	[MsgId: MERR-17999]
End auto log messages stack.	[MsgId: MMSG-10544]


Start auto log messages stack - Iteration 10.	[MsgId: MMSG-10545]
[DEBUG]options:	[MsgId: MMSG-17999]
[DEBUG]Method=POST	[MsgId: MMSG-17999]
[DEBUG]Resource=0	[MsgId: MMSG-17999]
[DEBUG]RecContentType=text/html	[MsgId: MMSG-17999]
[DEBUG]Snapshot=t11.inf	[MsgId: MMSG-17999]
[DEBUG]Mode=HTML	[MsgId: MMSG-17999]
[DEBUG]Referer=http://ppe.naturecloud.io:88/cp/service	[MsgId: MMSG-17999]
[DEBUG]EncType=application/json;charset=UTF-8	[MsgId: MMSG-17999]
Message id [-17999] was not saved - Auto Log cache is too small to contain the message.	[MsgId: MMSG-10547]
[DEBUG]LAST	[MsgId: MMSG-17999]
web_custom_request("getPodStatus01") started  	[MsgId: MMSG-26355]
HTML parsing not performed for Content-Type "application/json" ("ParseHtmlContentType" Run-Time Setting is "TEXT"). URL="http://ppe.naturecloud.io:88/apiApplication/getPodStatus"  	[MsgId: MMSG-26548]
web_custom_request("getPodStatus01") was successful, 4997 body bytes, 255 header bytes  	[MsgId: MMSG-26386]
Message id [-17999] was not saved - Auto Log cache is too small to contain the message.	[MsgId: MMSG-10547]
Error: error:"containers with unready status: [scaleserviceshrink09]";reson:null	[MsgId: MERR-17999]
Error: error:"containers with unready status: [scaleserviceshrink09]";reson:null	[MsgId: MERR-17999]
End auto log messages stack.	[MsgId: MMSG-10544]


Start auto log messages stack - Iteration 11.	[MsgId: MMSG-10545]
[DEBUG]Resource=0	[MsgId: MMSG-17999]
[DEBUG]RecContentType=text/html	[MsgId: MMSG-17999]
[DEBUG]Snapshot=t11.inf	[MsgId: MMSG-17999]
[DEBUG]Mode=HTML	[MsgId: MMSG-17999]
[DEBUG]Referer=http://ppe.naturecloud.io:88/cp/service	[MsgId: MMSG-17999]
[DEBUG]EncType=application/json;charset=UTF-8	[MsgId: MMSG-17999]
[DEBUG]Body={"app":"{serviceName}","rcnum":2,"ver":"1.9.14-alpine","node":{"image":"prod.internal.naturecloud.io/library/nginx:1.9.14-alpine","imageshortname":"nginx","isMarket":true,"ports":[],"env":[],"clusterId":"default","cpu_shares":"0","mem_limit":"0Mi","volumes":[]}}	[MsgId: MMSG-17999]
[DEBUG]LAST	[MsgId: MMSG-17999]
web_custom_request("createservice") started  	[MsgId: MMSG-26355]
HTML parsing not performed for Content-Type "application/json" ("ParseHtmlContentType" Run-Time Setting is "TEXT"). URL="http://ppe.naturecloud.io:88/apiApplication/createApplication"  	[MsgId: MMSG-26548]
Error -26377: No match found for the requested parameter "ResponseBody". Either the specified boundaries were not found in the response or the matched text is longer than current max html parameter size of 2048 bytes. The total length of the response is 2 bytes. You can use "web_set_max_html_param_len" to increase the max parameter size.  	[MsgId: MERR-26377]
End auto log messages stack.	[MsgId: MMSG-10544]


Start auto log messages stack - Iteration 18.	[MsgId: MMSG-10545]
HTML parsing not performed for Content-Type "application/json" ("ParseHtmlContentType" Run-Time Setting is "TEXT"). URL="http://ppe.naturecloud.io:88/apiApplication/createApplication"  	[MsgId: MMSG-26548]
web_custom_request("createservice") was successful, 457 body bytes, 253 header bytes  	[MsgId: MMSG-26386]
System.out: {"ret":false,"name":"MongoError","message":"E11000 duplicate key error index: test.transactions.$source_1  dup key: { : \"createApplication#kidfanjun:scaleserviceshrink39\" }","error":"E11000 duplicate key error index: test.transactions.$source_1  dup key: { : \"createApplication#kidfanjun:scaleserviceshrink39\" }","data":"E11000 duplicate key error index: test.transactions.$source_1  dup key: { : \"createApplication#kidfanjun:scaleserviceshrink39\" }"}                                                                                                                                                      Notify:	[MsgId: MMSG-17999]
Error: E11000 duplicate key error index: test.transactions.$source_1  dup key: { : "createApplication#kidfanjun:scaleserviceshrink39" }	[MsgId: MERR-17999]
End auto log messages stack.	[MsgId: MMSG-10544]


Start auto log messages stack - Iteration 19.	[MsgId: MMSG-10545]
HTML parsing not performed for Content-Type "application/json" ("ParseHtmlContentType" Run-Time Setting is "TEXT"). URL="http://ppe.naturecloud.io:88/apiApplication/createApplication"  	[MsgId: MMSG-26548]
web_custom_request("createservice") was successful, 457 body bytes, 253 header bytes  	[MsgId: MMSG-26386]
System.out: {"ret":false,"name":"MongoError","message":"E11000 duplicate key error index: test.transactions.$source_1  dup key: { : \"createApplication#kidfanjun:scaleserviceshrink39\" }","error":"E11000 duplicate key error index: test.transactions.$source_1  dup key: { : \"createApplication#kidfanjun:scaleserviceshrink39\" }","data":"E11000 duplicate key error index: test.transactions.$source_1  dup key: { : \"createApplication#kidfanjun:scaleserviceshrink39\" }"}                                                                                                                                                      Notify:	[MsgId: MMSG-17999]
Error: E11000 duplicate key error index: test.transactions.$source_1  dup key: { : "createApplication#kidfanjun:scaleserviceshrink39" }	[MsgId: MERR-17999]
End auto log messages stack.	[MsgId: MMSG-10544]


Start auto log messages stack - Iteration 20.	[MsgId: MMSG-10545]
HTML parsing not performed for Content-Type "application/json" ("ParseHtmlContentType" Run-Time Setting is "TEXT"). URL="http://ppe.naturecloud.io:88/apiApplication/createApplication"  	[MsgId: MMSG-26548]
web_custom_request("createservice") was successful, 457 body bytes, 253 header bytes  	[MsgId: MMSG-26386]
System.out: {"ret":false,"name":"MongoError","message":"E11000 duplicate key error index: test.transactions.$source_1  dup key: { : \"createApplication#kidfanjun:scaleserviceshrink39\" }","error":"E11000 duplicate key error index: test.transactions.$source_1  dup key: { : \"createApplication#kidfanjun:scaleserviceshrink39\" }","data":"E11000 duplicate key error index: test.transactions.$source_1  dup key: { : \"createApplication#kidfanjun:scaleserviceshrink39\" }"}                                                                                                                                                      Notify:	[MsgId: MMSG-17999]
Error: E11000 duplicate key error index: test.transactions.$source_1  dup key: { : "createApplication#kidfanjun:scaleserviceshrink39" }	[MsgId: MERR-17999]
End auto log messages stack.	[MsgId: MMSG-10544]


Start auto log messages stack - Iteration 21.	[MsgId: MMSG-10545]
HTML parsing not performed for Content-Type "application/json" ("ParseHtmlContentType" Run-Time Setting is "TEXT"). URL="http://ppe.naturecloud.io:88/apiApplication/createApplication"  	[MsgId: MMSG-26548]
web_custom_request("createservice") was successful, 457 body bytes, 253 header bytes  	[MsgId: MMSG-26386]
System.out: {"ret":false,"name":"MongoError","message":"E11000 duplicate key error index: test.transactions.$source_1  dup key: { : \"createApplication#kidfanjun:scaleserviceshrink39\" }","error":"E11000 duplicate key error index: test.transactions.$source_1  dup key: { : \"createApplication#kidfanjun:scaleserviceshrink39\" }","data":"E11000 duplicate key error index: test.transactions.$source_1  dup key: { : \"createApplication#kidfanjun:scaleserviceshrink39\" }"}                                                                                                                                                      Notify:	[MsgId: MMSG-17999]
Error: E11000 duplicate key error index: test.transactions.$source_1  dup key: { : "createApplication#kidfanjun:scaleserviceshrink39" }	[MsgId: MERR-17999]
End auto log messages stack.	[MsgId: MMSG-10544]


Start auto log messages stack - Iteration 22.	[MsgId: MMSG-10545]
HTML parsing not performed for Content-Type "application/json" ("ParseHtmlContentType" Run-Time Setting is "TEXT"). URL="http://ppe.naturecloud.io:88/apiApplication/createApplication"  	[MsgId: MMSG-26548]
web_custom_request("createservice") was successful, 457 body bytes, 253 header bytes  	[MsgId: MMSG-26386]
System.out: {"ret":false,"name":"MongoError","message":"E11000 duplicate key error index: test.transactions.$source_1  dup key: { : \"createApplication#kidfanjun:scaleserviceshrink39\" }","error":"E11000 duplicate key error index: test.transactions.$source_1  dup key: { : \"createApplication#kidfanjun:scaleserviceshrink39\" }","data":"E11000 duplicate key error index: test.transactions.$source_1  dup key: { : \"createApplication#kidfanjun:scaleserviceshrink39\" }"}                                                                                                                                                      Notify:	[MsgId: MMSG-17999]
Error: E11000 duplicate key error index: test.transactions.$source_1  dup key: { : "createApplication#kidfanjun:scaleserviceshrink39" }	[MsgId: MERR-17999]
End auto log messages stack.	[MsgId: MMSG-10544]


Start auto log messages stack - Iteration 23.	[MsgId: MMSG-10545]
HTML parsing not performed for Content-Type "application/json" ("ParseHtmlContentType" Run-Time Setting is "TEXT"). URL="http://ppe.naturecloud.io:88/apiApplication/createApplication"  	[MsgId: MMSG-26548]
web_custom_request("createservice") was successful, 457 body bytes, 253 header bytes  	[MsgId: MMSG-26386]
System.out: {"ret":false,"name":"MongoError","message":"E11000 duplicate key error index: test.transactions.$source_1  dup key: { : \"createApplication#kidfanjun:scaleserviceshrink39\" }","error":"E11000 duplicate key error index: test.transactions.$source_1  dup key: { : \"createApplication#kidfanjun:scaleserviceshrink39\" }","data":"E11000 duplicate key error index: test.transactions.$source_1  dup key: { : \"createApplication#kidfanjun:scaleserviceshrink39\" }"}                                                                                                                                                      Notify:	[MsgId: MMSG-17999]
Error: E11000 duplicate key error index: test.transactions.$source_1  dup key: { : "createApplication#kidfanjun:scaleserviceshrink39" }	[MsgId: MERR-17999]
End auto log messages stack.	[MsgId: MMSG-10544]


Start auto log messages stack - Iteration 24.	[MsgId: MMSG-10545]
HTML parsing not performed for Content-Type "application/json" ("ParseHtmlContentType" Run-Time Setting is "TEXT"). URL="http://ppe.naturecloud.io:88/apiApplication/createApplication"  	[MsgId: MMSG-26548]
web_custom_request("createservice") was successful, 457 body bytes, 253 header bytes  	[MsgId: MMSG-26386]
System.out: {"ret":false,"name":"MongoError","message":"E11000 duplicate key error index: test.transactions.$source_1  dup key: { : \"createApplication#kidfanjun:scaleserviceshrink39\" }","error":"E11000 duplicate key error index: test.transactions.$source_1  dup key: { : \"createApplication#kidfanjun:scaleserviceshrink39\" }","data":"E11000 duplicate key error index: test.transactions.$source_1  dup key: { : \"createApplication#kidfanjun:scaleserviceshrink39\" }"}                                                                                                                                                      Notify:	[MsgId: MMSG-17999]
Error: E11000 duplicate key error index: test.transactions.$source_1  dup key: { : "createApplication#kidfanjun:scaleserviceshrink39" }	[MsgId: MERR-17999]
End auto log messages stack.	[MsgId: MMSG-10544]


Start auto log messages stack - Iteration 25.	[MsgId: MMSG-10545]
HTML parsing not performed for Content-Type "application/json" ("ParseHtmlContentType" Run-Time Setting is "TEXT"). URL="http://ppe.naturecloud.io:88/apiApplication/createApplication"  	[MsgId: MMSG-26548]
web_custom_request("createservice") was successful, 457 body bytes, 253 header bytes  	[MsgId: MMSG-26386]
System.out: {"ret":false,"name":"MongoError","message":"E11000 duplicate key error index: test.transactions.$source_1  dup key: { : \"createApplication#kidfanjun:scaleserviceshrink39\" }","error":"E11000 duplicate key error index: test.transactions.$source_1  dup key: { : \"createApplication#kidfanjun:scaleserviceshrink39\" }","data":"E11000 duplicate key error index: test.transactions.$source_1  dup key: { : \"createApplication#kidfanjun:scaleserviceshrink39\" }"}                                                                                                                                                      Notify:	[MsgId: MMSG-17999]
Error: E11000 duplicate key error index: test.transactions.$source_1  dup key: { : "createApplication#kidfanjun:scaleserviceshrink39" }	[MsgId: MERR-17999]
End auto log messages stack.	[MsgId: MMSG-10544]


Start auto log messages stack - Iteration 26.	[MsgId: MMSG-10545]
HTML parsing not performed for Content-Type "application/json" ("ParseHtmlContentType" Run-Time Setting is "TEXT"). URL="http://ppe.naturecloud.io:88/apiApplication/createApplication"  	[MsgId: MMSG-26548]
web_custom_request("createservice") was successful, 457 body bytes, 253 header bytes  	[MsgId: MMSG-26386]
System.out: {"ret":false,"name":"MongoError","message":"E11000 duplicate key error index: test.transactions.$source_1  dup key: { : \"createApplication#kidfanjun:scaleserviceshrink39\" }","error":"E11000 duplicate key error index: test.transactions.$source_1  dup key: { : \"createApplication#kidfanjun:scaleserviceshrink39\" }","data":"E11000 duplicate key error index: test.transactions.$source_1  dup key: { : \"createApplication#kidfanjun:scaleserviceshrink39\" }"}                                                                                                                                                      Notify:	[MsgId: MMSG-17999]
Error: E11000 duplicate key error index: test.transactions.$source_1  dup key: { : "createApplication#kidfanjun:scaleserviceshrink39" }	[MsgId: MERR-17999]
End auto log messages stack.	[MsgId: MMSG-10544]


Start auto log messages stack - Iteration 27.	[MsgId: MMSG-10545]
HTML parsing not performed for Content-Type "application/json" ("ParseHtmlContentType" Run-Time Setting is "TEXT"). URL="http://ppe.naturecloud.io:88/apiApplication/createApplication"  	[MsgId: MMSG-26548]
web_custom_request("createservice") was successful, 457 body bytes, 253 header bytes  	[MsgId: MMSG-26386]
System.out: {"ret":false,"name":"MongoError","message":"E11000 duplicate key error index: test.transactions.$source_1  dup key: { : \"createApplication#kidfanjun:scaleserviceshrink39\" }","error":"E11000 duplicate key error index: test.transactions.$source_1  dup key: { : \"createApplication#kidfanjun:scaleserviceshrink39\" }","data":"E11000 duplicate key error index: test.transactions.$source_1  dup key: { : \"createApplication#kidfanjun:scaleserviceshrink39\" }"}                                                                                                                                                      Notify:	[MsgId: MMSG-17999]
Error: E11000 duplicate key error index: test.transactions.$source_1  dup key: { : "createApplication#kidfanjun:scaleserviceshrink39" }	[MsgId: MERR-17999]
End auto log messages stack.	[MsgId: MMSG-10544]


Start auto log messages stack - Iteration 28.	[MsgId: MMSG-10545]
HTML parsing not performed for Content-Type "application/json" ("ParseHtmlContentType" Run-Time Setting is "TEXT"). URL="http://ppe.naturecloud.io:88/apiApplication/createApplication"  	[MsgId: MMSG-26548]
web_custom_request("createservice") was successful, 457 body bytes, 253 header bytes  	[MsgId: MMSG-26386]
System.out: {"ret":false,"name":"MongoError","message":"E11000 duplicate key error index: test.transactions.$source_1  dup key: { : \"createApplication#kidfanjun:scaleserviceshrink39\" }","error":"E11000 duplicate key error index: test.transactions.$source_1  dup key: { : \"createApplication#kidfanjun:scaleserviceshrink39\" }","data":"E11000 duplicate key error index: test.transactions.$source_1  dup key: { : \"createApplication#kidfanjun:scaleserviceshrink39\" }"}                                                                                                                                                      Notify:	[MsgId: MMSG-17999]
Error: E11000 duplicate key error index: test.transactions.$source_1  dup key: { : "createApplication#kidfanjun:scaleserviceshrink39" }	[MsgId: MERR-17999]
End auto log messages stack.	[MsgId: MMSG-10544]


Start auto log messages stack - Iteration 29.	[MsgId: MMSG-10545]
HTML parsing not performed for Content-Type "application/json" ("ParseHtmlContentType" Run-Time Setting is "TEXT"). URL="http://ppe.naturecloud.io:88/apiApplication/createApplication"  	[MsgId: MMSG-26548]
web_custom_request("createservice") was successful, 457 body bytes, 253 header bytes  	[MsgId: MMSG-26386]
System.out: {"ret":false,"name":"MongoError","message":"E11000 duplicate key error index: test.transactions.$source_1  dup key: { : \"createApplication#kidfanjun:scaleserviceshrink39\" }","error":"E11000 duplicate key error index: test.transactions.$source_1  dup key: { : \"createApplication#kidfanjun:scaleserviceshrink39\" }","data":"E11000 duplicate key error index: test.transactions.$source_1  dup key: { : \"createApplication#kidfanjun:scaleserviceshrink39\" }"}                                                                                                                                                      Notify:	[MsgId: MMSG-17999]
Error: E11000 duplicate key error index: test.transactions.$source_1  dup key: { : "createApplication#kidfanjun:scaleserviceshrink39" }	[MsgId: MERR-17999]
End auto log messages stack.	[MsgId: MMSG-10544]


Start auto log messages stack - Iteration 30.	[MsgId: MMSG-10545]
HTML parsing not performed for Content-Type "application/json" ("ParseHtmlContentType" Run-Time Setting is "TEXT"). URL="http://ppe.naturecloud.io:88/apiApplication/createApplication"  	[MsgId: MMSG-26548]
web_custom_request("createservice") was successful, 457 body bytes, 253 header bytes  	[MsgId: MMSG-26386]
System.out: {"ret":false,"name":"MongoError","message":"E11000 duplicate key error index: test.transactions.$source_1  dup key: { : \"createApplication#kidfanjun:scaleserviceshrink39\" }","error":"E11000 duplicate key error index: test.transactions.$source_1  dup key: { : \"createApplication#kidfanjun:scaleserviceshrink39\" }","data":"E11000 duplicate key error index: test.transactions.$source_1  dup key: { : \"createApplication#kidfanjun:scaleserviceshrink39\" }"}                                                                                                                                                      Notify:	[MsgId: MMSG-17999]
Error: E11000 duplicate key error index: test.transactions.$source_1  dup key: { : "createApplication#kidfanjun:scaleserviceshrink39" }	[MsgId: MERR-17999]
End auto log messages stack.	[MsgId: MMSG-10544]


Start auto log messages stack - Iteration 31.	[MsgId: MMSG-10545]
HTML parsing not performed for Content-Type "application/json" ("ParseHtmlContentType" Run-Time Setting is "TEXT"). URL="http://ppe.naturecloud.io:88/apiApplication/createApplication"  	[MsgId: MMSG-26548]
web_custom_request("createservice") was successful, 457 body bytes, 253 header bytes  	[MsgId: MMSG-26386]
System.out: {"ret":false,"name":"MongoError","message":"E11000 duplicate key error index: test.transactions.$source_1  dup key: { : \"createApplication#kidfanjun:scaleserviceshrink39\" }","error":"E11000 duplicate key error index: test.transactions.$source_1  dup key: { : \"createApplication#kidfanjun:scaleserviceshrink39\" }","data":"E11000 duplicate key error index: test.transactions.$source_1  dup key: { : \"createApplication#kidfanjun:scaleserviceshrink39\" }"}                                                                                                                                                      Notify:	[MsgId: MMSG-17999]
Error: E11000 duplicate key error index: test.transactions.$source_1  dup key: { : "createApplication#kidfanjun:scaleserviceshrink39" }	[MsgId: MERR-17999]
End auto log messages stack.	[MsgId: MMSG-10544]


Start auto log messages stack - Iteration 32.	[MsgId: MMSG-10545]
[DEBUG]Resource=0	[MsgId: MMSG-17999]
[DEBUG]RecContentType=text/html	[MsgId: MMSG-17999]
[DEBUG]Snapshot=t11.inf	[MsgId: MMSG-17999]
[DEBUG]Mode=HTML	[MsgId: MMSG-17999]
[DEBUG]Referer=http://ppe.naturecloud.io:88/cp/service	[MsgId: MMSG-17999]
[DEBUG]EncType=application/json;charset=UTF-8	[MsgId: MMSG-17999]
[DEBUG]Body={"app":"{serviceName}","rcnum":2,"ver":"1.9.14-alpine","node":{"image":"prod.internal.naturecloud.io/library/nginx:1.9.14-alpine","imageshortname":"nginx","isMarket":true,"ports":[],"env":[],"clusterId":"default","cpu_shares":"0","mem_limit":"0Mi","volumes":[]}}	[MsgId: MMSG-17999]
[DEBUG]LAST	[MsgId: MMSG-17999]
web_custom_request("createservice") started  	[MsgId: MMSG-26355]
HTML parsing not performed for Content-Type "application/json" ("ParseHtmlContentType" Run-Time Setting is "TEXT"). URL="http://ppe.naturecloud.io:88/apiApplication/createApplication"  	[MsgId: MMSG-26548]
Error -26377: No match found for the requested parameter "ResponseBody". Either the specified boundaries were not found in the response or the matched text is longer than current max html parameter size of 2048 bytes. The total length of the response is 2 bytes. You can use "web_set_max_html_param_len" to increase the max parameter size.  	[MsgId: MERR-26377]
End auto log messages stack.	[MsgId: MMSG-10544]


