Notify: Found jdk version: 1.6.0.	[MsgId: MMSG-22986]
Notify: classpath=C:\naturecloud\lb_scripts_new\java\noStore\ScaleService\scaleService_shrink;c:\program files (x86)\hp\loadrunner\classes\srv;c:\program files (x86)\hp\loadrunner\classes;;C:\naturecloud\lb_scripts_new\lib\gson-2.8.0.jar;C:\naturecloud\lb_scripts_new\lib\commons-net-3.5.jar;;;c:\program files (x86)\hp\loadrunner\lib\xstream-1.4.8.jar;c:\program files (x86)\hp\loadrunner\lib\xpp3-1.1.4c.jar	[MsgId: MMSG-22986]
Notify: Path=c:\jdk1.6.0_45\jre\bin\client;C:\PROGRA~2\HP\LOADRU~1\bin;C:\Windows\system32;C:\Windows;C:\Windows\System32\Wbem;C:\Windows\System32\WindowsPowerShell\v1.0\;C:\Program Files\TortoiseGit\bin;c:\jdk1.6.0_45\bin;C:\jdk1.6.0_45\jre\bin;C:\Program Files (x86)\HP\LoadRunner\strawberry-perl\perl\bin	[MsgId: MMSG-22986]
Notify: VM Params: .	[MsgId: MMSG-22986]
Start auto log messages stack.	[MsgId: MMSG-10546]
Virtual User Script started at : 2017/1/10 23:05:38	[MsgId: MMSG-15967]
Starting action vuser_init.	[MsgId: MMSG-15919]
Error: System.err: java.lang.NumberFormatException: For input string: "{interval}"                                                                                                                                                      Error	[MsgId: MERR-17999]
Error: System.err: 	at java.lang.NumberFormatException.forInputString(NumberFormatException.java:48)                                                                                                                                                      Error	[MsgId: MERR-17999]
End auto log messages stack.	[MsgId: MMSG-10544]


Start auto log messages stack.	[MsgId: MMSG-10546]
System.err: 	at java.lang.reflect.Method.invoke(Method.java:597)                                                                                                                                                      Error	[MsgId: MMSG-17999]
System.err: 	at com.hpe.lr.java.replay.ScriptContainer.invoke(ScriptContainer.java:68)                                                                                                                                                      Error	[MsgId: MMSG-17999]
System.err: 	at com.hpe.lr.java.replay.ScriptContainer.init(ScriptContainer.java:55)                                                                                                                                                      Error	[MsgId: MMSG-17999]
Error: System.err: java.lang.NumberFormatException: For input string: "{interval}"                                                                                                                                                      Error	[MsgId: MERR-17999]
Error: System.err: 	at java.lang.NumberFormatException.forInputString(NumberFormatException.java:48)                                                                                                                                                      Error	[MsgId: MERR-17999]
End auto log messages stack.	[MsgId: MMSG-10544]


Start auto log messages stack.	[MsgId: MMSG-10546]
System.err: 	at java.lang.reflect.Method.invoke(Method.java:597)                                                                                                                                                      Error	[MsgId: MMSG-17999]
System.err: 	at com.hpe.lr.java.replay.ScriptContainer.invoke(ScriptContainer.java:68)                                                                                                                                                      Error	[MsgId: MMSG-17999]
System.err: 	at com.hpe.lr.java.replay.ScriptContainer.init(ScriptContainer.java:55)                                                                                                                                                      Error	[MsgId: MMSG-17999]
Error: System.err: java.lang.NumberFormatException: For input string: "{interval}"                                                                                                                                                      Error	[MsgId: MERR-17999]
Error: System.err: 	at java.lang.NumberFormatException.forInputString(NumberFormatException.java:48)                                                                                                                                                      Error	[MsgId: MERR-17999]
End auto log messages stack.	[MsgId: MMSG-10544]


Start auto log messages stack.	[MsgId: MMSG-10546]
System.err: 	at java.lang.reflect.Method.invoke(Method.java:597)                                                                                                                                                      Error	[MsgId: MMSG-17999]
System.err: 	at com.hpe.lr.java.replay.ScriptContainer.invoke(ScriptContainer.java:68)                                                                                                                                                      Error	[MsgId: MMSG-17999]
System.err: 	at com.hpe.lr.java.replay.ScriptContainer.init(ScriptContainer.java:55)                                                                                                                                                      Error	[MsgId: MMSG-17999]
Error: System.err: java.lang.NumberFormatException: For input string: "{interval}"                                                                                                                                                      Error	[MsgId: MERR-17999]
Error: System.err: 	at java.lang.NumberFormatException.forInputString(NumberFormatException.java:48)                                                                                                                                                      Error	[MsgId: MERR-17999]
End auto log messages stack.	[MsgId: MMSG-10544]


Start auto log messages stack.	[MsgId: MMSG-10546]
System.err: 	at java.lang.reflect.Method.invoke(Method.java:597)                                                                                                                                                      Error	[MsgId: MMSG-17999]
System.err: 	at com.hpe.lr.java.replay.ScriptContainer.invoke(ScriptContainer.java:68)                                                                                                                                                      Error	[MsgId: MMSG-17999]
System.err: 	at com.hpe.lr.java.replay.ScriptContainer.init(ScriptContainer.java:55)                                                                                                                                                      Error	[MsgId: MMSG-17999]
Error: System.err: java.lang.NumberFormatException: For input string: "{interval}"                                                                                                                                                      Error	[MsgId: MERR-17999]
Error: System.err: 	at java.lang.NumberFormatException.forInputString(NumberFormatException.java:48)                                                                                                                                                      Error	[MsgId: MERR-17999]
End auto log messages stack.	[MsgId: MMSG-10544]


Start auto log messages stack.	[MsgId: MMSG-10546]
System.err: 	at java.lang.reflect.Method.invoke(Method.java:597)                                                                                                                                                      Error	[MsgId: MMSG-17999]
System.err: 	at com.hpe.lr.java.replay.ScriptContainer.invoke(ScriptContainer.java:68)                                                                                                                                                      Error	[MsgId: MMSG-17999]
System.err: 	at com.hpe.lr.java.replay.ScriptContainer.init(ScriptContainer.java:55)                                                                                                                                                      Error	[MsgId: MMSG-17999]
Error: System.err: java.lang.NumberFormatException: For input string: "{interval}"                                                                                                                                                      Error	[MsgId: MERR-17999]
Error: System.err: 	at java.lang.NumberFormatException.forInputString(NumberFormatException.java:48)                                                                                                                                                      Error	[MsgId: MERR-17999]
End auto log messages stack.	[MsgId: MMSG-10544]


Start auto log messages stack.	[MsgId: MMSG-10546]
System.err: 	at java.lang.reflect.Method.invoke(Method.java:597)                                                                                                                                                      Error	[MsgId: MMSG-17999]
System.err: 	at com.hpe.lr.java.replay.ScriptContainer.invoke(ScriptContainer.java:68)                                                                                                                                                      Error	[MsgId: MMSG-17999]
System.err: 	at com.hpe.lr.java.replay.ScriptContainer.init(ScriptContainer.java:55)                                                                                                                                                      Error	[MsgId: MMSG-17999]
Error: System.err: java.lang.NumberFormatException: For input string: "{interval}"                                                                                                                                                      Error	[MsgId: MERR-17999]
Error: System.err: 	at java.lang.NumberFormatException.forInputString(NumberFormatException.java:48)                                                                                                                                                      Error	[MsgId: MERR-17999]
End auto log messages stack.	[MsgId: MMSG-10544]


Start auto log messages stack.	[MsgId: MMSG-10546]
System.err: 	at java.lang.reflect.Method.invoke(Method.java:597)                                                                                                                                                      Error	[MsgId: MMSG-17999]
System.err: 	at com.hpe.lr.java.replay.ScriptContainer.invoke(ScriptContainer.java:68)                                                                                                                                                      Error	[MsgId: MMSG-17999]
System.err: 	at com.hpe.lr.java.replay.ScriptContainer.init(ScriptContainer.java:55)                                                                                                                                                      Error	[MsgId: MMSG-17999]
Error: System.err: java.lang.NumberFormatException: For input string: "{interval}"                                                                                                                                                      Error	[MsgId: MERR-17999]
Error: System.err: 	at java.lang.NumberFormatException.forInputString(NumberFormatException.java:48)                                                                                                                                                      Error	[MsgId: MERR-17999]
End auto log messages stack.	[MsgId: MMSG-10544]


Start auto log messages stack.	[MsgId: MMSG-10546]
Virtual User Script started at : 2017/1/10 23:05:46	[MsgId: MMSG-15967]
Starting action vuser_init.	[MsgId: MMSG-15919]
Error: System.err: java.lang.NumberFormatException: For input string: "{interval}"                                                                                                                                                      Error	[MsgId: MERR-17999]
Error: System.err: 	at java.lang.NumberFormatException.forInputString(NumberFormatException.java:48)                                                                                                                                                      Error	[MsgId: MERR-17999]
End auto log messages stack.	[MsgId: MMSG-10544]


Start auto log messages stack.	[MsgId: MMSG-10546]
System.err: 	at java.lang.reflect.Method.invoke(Method.java:597)                                                                                                                                                      Error	[MsgId: MMSG-17999]
System.err: 	at com.hpe.lr.java.replay.ScriptContainer.invoke(ScriptContainer.java:68)                                                                                                                                                      Error	[MsgId: MMSG-17999]
System.err: 	at com.hpe.lr.java.replay.ScriptContainer.init(ScriptContainer.java:55)                                                                                                                                                      Error	[MsgId: MMSG-17999]
Error: System.err: java.lang.NumberFormatException: For input string: "{interval}"                                                                                                                                                      Error	[MsgId: MERR-17999]
Error: System.err: 	at java.lang.NumberFormatException.forInputString(NumberFormatException.java:48)                                                                                                                                                      Error	[MsgId: MERR-17999]
End auto log messages stack.	[MsgId: MMSG-10544]


Start auto log messages stack.	[MsgId: MMSG-10546]
System.err: 	at java.lang.reflect.Method.invoke(Method.java:597)                                                                                                                                                      Error	[MsgId: MMSG-17999]
System.err: 	at com.hpe.lr.java.replay.ScriptContainer.invoke(ScriptContainer.java:68)                                                                                                                                                      Error	[MsgId: MMSG-17999]
System.err: 	at com.hpe.lr.java.replay.ScriptContainer.init(ScriptContainer.java:55)                                                                                                                                                      Error	[MsgId: MMSG-17999]
Error: System.err: java.lang.NumberFormatException: For input string: "{interval}"                                                                                                                                                      Error	[MsgId: MERR-17999]
Error: System.err: 	at java.lang.NumberFormatException.forInputString(NumberFormatException.java:48)                                                                                                                                                      Error	[MsgId: MERR-17999]
End auto log messages stack.	[MsgId: MMSG-10544]


Start auto log messages stack.	[MsgId: MMSG-10546]
System.err: 	at java.lang.reflect.Method.invoke(Method.java:597)                                                                                                                                                      Error	[MsgId: MMSG-17999]
System.err: 	at com.hpe.lr.java.replay.ScriptContainer.invoke(ScriptContainer.java:68)                                                                                                                                                      Error	[MsgId: MMSG-17999]
System.err: 	at com.hpe.lr.java.replay.ScriptContainer.init(ScriptContainer.java:55)                                                                                                                                                      Error	[MsgId: MMSG-17999]
Error: System.err: java.lang.NumberFormatException: For input string: "{interval}"                                                                                                                                                      Error	[MsgId: MERR-17999]
Error: System.err: 	at java.lang.NumberFormatException.forInputString(NumberFormatException.java:48)                                                                                                                                                      Error	[MsgId: MERR-17999]
End auto log messages stack.	[MsgId: MMSG-10544]


Start auto log messages stack.	[MsgId: MMSG-10546]
System.err: 	at java.lang.reflect.Method.invoke(Method.java:597)                                                                                                                                                      Error	[MsgId: MMSG-17999]
System.err: 	at com.hpe.lr.java.replay.ScriptContainer.invoke(ScriptContainer.java:68)                                                                                                                                                      Error	[MsgId: MMSG-17999]
System.err: 	at com.hpe.lr.java.replay.ScriptContainer.init(ScriptContainer.java:55)                                                                                                                                                      Error	[MsgId: MMSG-17999]
Error: System.err: java.lang.NumberFormatException: For input string: "{interval}"                                                                                                                                                      Error	[MsgId: MERR-17999]
Error: System.err: 	at java.lang.NumberFormatException.forInputString(NumberFormatException.java:48)                                                                                                                                                      Error	[MsgId: MERR-17999]
End auto log messages stack.	[MsgId: MMSG-10544]


Start auto log messages stack.	[MsgId: MMSG-10546]
System.err: 	at java.lang.reflect.Method.invoke(Method.java:597)                                                                                                                                                      Error	[MsgId: MMSG-17999]
System.err: 	at com.hpe.lr.java.replay.ScriptContainer.invoke(ScriptContainer.java:68)                                                                                                                                                      Error	[MsgId: MMSG-17999]
System.err: 	at com.hpe.lr.java.replay.ScriptContainer.init(ScriptContainer.java:55)                                                                                                                                                      Error	[MsgId: MMSG-17999]
Error: System.err: java.lang.NumberFormatException: For input string: "{interval}"                                                                                                                                                      Error	[MsgId: MERR-17999]
Error: System.err: 	at java.lang.NumberFormatException.forInputString(NumberFormatException.java:48)                                                                                                                                                      Error	[MsgId: MERR-17999]
End auto log messages stack.	[MsgId: MMSG-10544]


Start auto log messages stack.	[MsgId: MMSG-10546]
System.err: 	at java.lang.reflect.Method.invoke(Method.java:597)                                                                                                                                                      Error	[MsgId: MMSG-17999]
System.err: 	at com.hpe.lr.java.replay.ScriptContainer.invoke(ScriptContainer.java:68)                                                                                                                                                      Error	[MsgId: MMSG-17999]
System.err: 	at com.hpe.lr.java.replay.ScriptContainer.init(ScriptContainer.java:55)                                                                                                                                                      Error	[MsgId: MMSG-17999]
Error: System.err: java.lang.NumberFormatException: For input string: "{interval}"                                                                                                                                                      Error	[MsgId: MERR-17999]
Error: System.err: 	at java.lang.NumberFormatException.forInputString(NumberFormatException.java:48)                                                                                                                                                      Error	[MsgId: MERR-17999]
End auto log messages stack.	[MsgId: MMSG-10544]


Start auto log messages stack.	[MsgId: MMSG-10546]
System.err: 	at java.lang.reflect.Method.invoke(Method.java:597)                                                                                                                                                      Error	[MsgId: MMSG-17999]
System.err: 	at com.hpe.lr.java.replay.ScriptContainer.invoke(ScriptContainer.java:68)                                                                                                                                                      Error	[MsgId: MMSG-17999]
System.err: 	at com.hpe.lr.java.replay.ScriptContainer.init(ScriptContainer.java:55)                                                                                                                                                      Error	[MsgId: MMSG-17999]
Error: System.err: java.lang.NumberFormatException: For input string: "{interval}"                                                                                                                                                      Error	[MsgId: MERR-17999]
Error: System.err: 	at java.lang.NumberFormatException.forInputString(NumberFormatException.java:48)                                                                                                                                                      Error	[MsgId: MERR-17999]
End auto log messages stack.	[MsgId: MMSG-10544]


Start auto log messages stack.	[MsgId: MMSG-10546]
Virtual User Script started at : 2017/1/10 23:05:56	[MsgId: MMSG-15967]
Starting action vuser_init.	[MsgId: MMSG-15919]
Error: System.err: java.lang.NumberFormatException: For input string: "{interval}"                                                                                                                                                      Error	[MsgId: MERR-17999]
Error: System.err: 	at java.lang.NumberFormatException.forInputString(NumberFormatException.java:48)                                                                                                                                                      Error	[MsgId: MERR-17999]
End auto log messages stack.	[MsgId: MMSG-10544]


Start auto log messages stack.	[MsgId: MMSG-10546]
System.err: 	at java.lang.reflect.Method.invoke(Method.java:597)                                                                                                                                                      Error	[MsgId: MMSG-17999]
System.err: 	at com.hpe.lr.java.replay.ScriptContainer.invoke(ScriptContainer.java:68)                                                                                                                                                      Error	[MsgId: MMSG-17999]
System.err: 	at com.hpe.lr.java.replay.ScriptContainer.init(ScriptContainer.java:55)                                                                                                                                                      Error	[MsgId: MMSG-17999]
Error: System.err: java.lang.NumberFormatException: For input string: "{interval}"                                                                                                                                                      Error	[MsgId: MERR-17999]
Error: System.err: 	at java.lang.NumberFormatException.forInputString(NumberFormatException.java:48)                                                                                                                                                      Error	[MsgId: MERR-17999]
End auto log messages stack.	[MsgId: MMSG-10544]


Start auto log messages stack.	[MsgId: MMSG-10546]
System.err: 	at java.lang.reflect.Method.invoke(Method.java:597)                                                                                                                                                      Error	[MsgId: MMSG-17999]
System.err: 	at com.hpe.lr.java.replay.ScriptContainer.invoke(ScriptContainer.java:68)                                                                                                                                                      Error	[MsgId: MMSG-17999]
System.err: 	at com.hpe.lr.java.replay.ScriptContainer.init(ScriptContainer.java:55)                                                                                                                                                      Error	[MsgId: MMSG-17999]
Error: System.err: java.lang.NumberFormatException: For input string: "{interval}"                                                                                                                                                      Error	[MsgId: MERR-17999]
Error: System.err: 	at java.lang.NumberFormatException.forInputString(NumberFormatException.java:48)                                                                                                                                                      Error	[MsgId: MERR-17999]
End auto log messages stack.	[MsgId: MMSG-10544]


Start auto log messages stack.	[MsgId: MMSG-10546]
System.err: 	at java.lang.reflect.Method.invoke(Method.java:597)                                                                                                                                                      Error	[MsgId: MMSG-17999]
System.err: 	at com.hpe.lr.java.replay.ScriptContainer.invoke(ScriptContainer.java:68)                                                                                                                                                      Error	[MsgId: MMSG-17999]
System.err: 	at com.hpe.lr.java.replay.ScriptContainer.init(ScriptContainer.java:55)                                                                                                                                                      Error	[MsgId: MMSG-17999]
Error: System.err: java.lang.NumberFormatException: For input string: "{interval}"                                                                                                                                                      Error	[MsgId: MERR-17999]
Error: System.err: 	at java.lang.NumberFormatException.forInputString(NumberFormatException.java:48)                                                                                                                                                      Error	[MsgId: MERR-17999]
End auto log messages stack.	[MsgId: MMSG-10544]


Start auto log messages stack.	[MsgId: MMSG-10546]
System.err: 	at java.lang.reflect.Method.invoke(Method.java:597)                                                                                                                                                      Error	[MsgId: MMSG-17999]
System.err: 	at com.hpe.lr.java.replay.ScriptContainer.invoke(ScriptContainer.java:68)                                                                                                                                                      Error	[MsgId: MMSG-17999]
System.err: 	at com.hpe.lr.java.replay.ScriptContainer.init(ScriptContainer.java:55)                                                                                                                                                      Error	[MsgId: MMSG-17999]
Error: System.err: java.lang.NumberFormatException: For input string: "{interval}"                                                                                                                                                      Error	[MsgId: MERR-17999]
Error: System.err: 	at java.lang.NumberFormatException.forInputString(NumberFormatException.java:48)                                                                                                                                                      Error	[MsgId: MERR-17999]
End auto log messages stack.	[MsgId: MMSG-10544]


Start auto log messages stack.	[MsgId: MMSG-10546]
System.err: 	at java.lang.reflect.Method.invoke(Method.java:597)                                                                                                                                                      Error	[MsgId: MMSG-17999]
System.err: 	at com.hpe.lr.java.replay.ScriptContainer.invoke(ScriptContainer.java:68)                                                                                                                                                      Error	[MsgId: MMSG-17999]
System.err: 	at com.hpe.lr.java.replay.ScriptContainer.init(ScriptContainer.java:55)                                                                                                                                                      Error	[MsgId: MMSG-17999]
Error: System.err: java.lang.NumberFormatException: For input string: "{interval}"                                                                                                                                                      Error	[MsgId: MERR-17999]
Error: System.err: 	at java.lang.NumberFormatException.forInputString(NumberFormatException.java:48)                                                                                                                                                      Error	[MsgId: MERR-17999]
End auto log messages stack.	[MsgId: MMSG-10544]


Start auto log messages stack.	[MsgId: MMSG-10546]
System.err: 	at java.lang.reflect.Method.invoke(Method.java:597)                                                                                                                                                      Error	[MsgId: MMSG-17999]
System.err: 	at com.hpe.lr.java.replay.ScriptContainer.invoke(ScriptContainer.java:68)                                                                                                                                                      Error	[MsgId: MMSG-17999]
System.err: 	at com.hpe.lr.java.replay.ScriptContainer.init(ScriptContainer.java:55)                                                                                                                                                      Error	[MsgId: MMSG-17999]
Error: System.err: java.lang.NumberFormatException: For input string: "{interval}"                                                                                                                                                      Error	[MsgId: MERR-17999]
Error: System.err: 	at java.lang.NumberFormatException.forInputString(NumberFormatException.java:48)                                                                                                                                                      Error	[MsgId: MERR-17999]
End auto log messages stack.	[MsgId: MMSG-10544]


Start auto log messages stack.	[MsgId: MMSG-10546]
System.err: 	at java.lang.reflect.Method.invoke(Method.java:597)                                                                                                                                                      Error	[MsgId: MMSG-17999]
System.err: 	at com.hpe.lr.java.replay.ScriptContainer.invoke(ScriptContainer.java:68)                                                                                                                                                      Error	[MsgId: MMSG-17999]
System.err: 	at com.hpe.lr.java.replay.ScriptContainer.init(ScriptContainer.java:55)                                                                                                                                                      Error	[MsgId: MMSG-17999]
Error: System.err: java.lang.NumberFormatException: For input string: "{interval}"                                                                                                                                                      Error	[MsgId: MERR-17999]
Error: System.err: 	at java.lang.NumberFormatException.forInputString(NumberFormatException.java:48)                                                                                                                                                      Error	[MsgId: MERR-17999]
End auto log messages stack.	[MsgId: MMSG-10544]


