Notify: Found jdk version: 1.6.0.	[MsgId: MMSG-22986]
Notify: classpath=C:\naturecloud\lb_scripts_new\java\noStore\ScaleService\scaleService_shrink;c:\program files (x86)\hp\loadrunner\classes\srv;c:\program files (x86)\hp\loadrunner\classes;;C:\naturecloud\lb_scripts_new\lib\gson-2.8.0.jar;C:\naturecloud\lb_scripts_new\lib\commons-net-3.5.jar;;;c:\program files (x86)\hp\loadrunner\lib\xstream-1.4.8.jar;c:\program files (x86)\hp\loadrunner\lib\xpp3-1.1.4c.jar	[MsgId: MMSG-22986]
Notify: Path=c:\jdk1.6.0_45\jre\bin\client;C:\PROGRA~2\HP\LOADRU~1\bin;C:\Windows\system32;C:\Windows;C:\Windows\System32\Wbem;C:\Windows\System32\WindowsPowerShell\v1.0\;C:\Program Files\TortoiseGit\bin;c:\jdk1.6.0_45\bin;C:\jdk1.6.0_45\jre\bin;C:\Program Files (x86)\HP\LoadRunner\strawberry-perl\perl\bin	[MsgId: MMSG-22986]
Notify: VM Params: .	[MsgId: MMSG-22986]
Start auto log messages stack - Iteration 1.	[MsgId: MMSG-10545]
    ],"hostIP":"192.168.10.6","startTime":"2017-01-11T05:41:42Z","containerStatuses":[{"name":
    "scaleserviceshrink17","state":{"waiting":{"reason":"ContainerCreating"}},"lastState":{},"
    ready":false,"restartCount":0,"image":"prod.internal.naturecloud.io/library/nginx:1.9.14-a
    lpine","imageID":""}]}}]}}
Notify: Saving Parameter "ResponseBody = true".	[MsgId: MMSG-13798]
HTML parsing not performed for Content-Type "application/json" ("ParseHtmlContentType" Run-Time Setting is "TEXT"). URL="http://ppe.naturecloud.io:88/apiApplication/getPodStatus"  	[MsgId: MMSG-26548]
Notify: Message id [-13798] was not saved - Auto Log cache is too small to contain the message.	[MsgId: MMSG-10547]
web_custom_request("getPodStatus01") was successful, 4997 body bytes, 255 header bytes  	[MsgId: MMSG-26386]
Notify: Parameter Substitution: parameter "ResponseBody" =  "true"	[MsgId: MMSG-13992]
Notify: Message id [-13992] was not saved - Auto Log cache is too small to contain the message.	[MsgId: MMSG-10547]
Message id [-17999] was not saved - Auto Log cache is too small to contain the message.	[MsgId: MMSG-10547]
Error: error:"containers with unready status: [scaleserviceshrink17]";reson:null	[MsgId: MERR-17999]
Error: error:"containers with unready status: [scaleserviceshrink17]";reson:null	[MsgId: MERR-17999]
End auto log messages stack.	[MsgId: MMSG-10544]


Start auto log messages stack - Iteration 1.	[MsgId: MMSG-10545]
    ontainersNotReady","message":"containers with unready status: [scaleserviceshrink34]"},{"t
    ype":"PodScheduled","status":"True","lastProbeTime":null,"lastTransitionTime":"2017-01-11T
    05:41:52Z"}],"hostIP":"192.168.10.6","startTime":"2017-01-11T05:41:52Z","containerStatuses
    ":[{"name":"scaleserviceshrink34","state":{"waiting":{"reason":"ContainerCreating"}},"last
    State":{},"ready":false,"restartCount":0,"image":"prod.internal.naturecloud.io/library/ngi
    nx:1.9.14-alpine","imageID":""}]}}]}}
Notify: Message id [-13798] was not saved - Auto Log cache is too small to contain the message.	[MsgId: MMSG-10547]
web_custom_request("getPodStatus01") was successful, 4997 body bytes, 255 header bytes  	[MsgId: MMSG-26386]
Notify: Parameter Substitution: parameter "ResponseBody" =  "true"	[MsgId: MMSG-13992]
Notify: Message id [-13992] was not saved - Auto Log cache is too small to contain the message.	[MsgId: MMSG-10547]
Message id [-17999] was not saved - Auto Log cache is too small to contain the message.	[MsgId: MMSG-10547]
Error: error:"containers with unready status: [scaleserviceshrink34]";reson:null	[MsgId: MERR-17999]
Error: error:"containers with unready status: [scaleserviceshrink34]";reson:null	[MsgId: MERR-17999]
End auto log messages stack.	[MsgId: MMSG-10544]


Start auto log messages stack - Iteration 2.	[MsgId: MMSG-10545]
    ],"hostIP":"192.168.10.6","startTime":"2017-01-11T05:42:22Z","containerStatuses":[{"name":
    "scaleserviceshrink18","state":{"waiting":{"reason":"ContainerCreating"}},"lastState":{},"
    ready":false,"restartCount":0,"image":"prod.internal.naturecloud.io/library/nginx:1.9.14-a
    lpine","imageID":""}]}}]}}
Notify: Saving Parameter "ResponseBody = true".	[MsgId: MMSG-13798]
HTML parsing not performed for Content-Type "application/json" ("ParseHtmlContentType" Run-Time Setting is "TEXT"). URL="http://ppe.naturecloud.io:88/apiApplication/getPodStatus"  	[MsgId: MMSG-26548]
Notify: Message id [-13798] was not saved - Auto Log cache is too small to contain the message.	[MsgId: MMSG-10547]
web_custom_request("getPodStatus01") was successful, 4997 body bytes, 255 header bytes  	[MsgId: MMSG-26386]
Notify: Parameter Substitution: parameter "ResponseBody" =  "true"	[MsgId: MMSG-13992]
Notify: Message id [-13992] was not saved - Auto Log cache is too small to contain the message.	[MsgId: MMSG-10547]
Message id [-17999] was not saved - Auto Log cache is too small to contain the message.	[MsgId: MMSG-10547]
Error: error:"containers with unready status: [scaleserviceshrink18]";reson:null	[MsgId: MERR-17999]
Error: error:"containers with unready status: [scaleserviceshrink18]";reson:null	[MsgId: MERR-17999]
End auto log messages stack.	[MsgId: MMSG-10544]


Start auto log messages stack - Iteration 2.	[MsgId: MMSG-10545]
    ontainers with unready status: [scaleserviceshrink35]"},{"type":"PodScheduled","status":"T
    rue","lastProbeTime":null,"lastTransitionTime":"2017-01-11T05:42:32Z"}],"hostIP":"192.168.
    10.6","startTime":"2017-01-11T05:42:32Z","containerStatuses":[{"name":"scaleserviceshrink3
    5","state":{"waiting":{"reason":"ContainerCreating"}},"lastState":{},"ready":false,"restar
    tCount":0,"image":"prod.internal.naturecloud.io/library/nginx:1.9.14-alpine","imageID":""}
    ]}}]}}
Notify: Message id [-13798] was not saved - Auto Log cache is too small to contain the message.	[MsgId: MMSG-10547]
web_custom_request("getPodStatus01") was successful, 4997 body bytes, 255 header bytes  	[MsgId: MMSG-26386]
Notify: Parameter Substitution: parameter "ResponseBody" =  "true"	[MsgId: MMSG-13992]
Notify: Message id [-13992] was not saved - Auto Log cache is too small to contain the message.	[MsgId: MMSG-10547]
Message id [-17999] was not saved - Auto Log cache is too small to contain the message.	[MsgId: MMSG-10547]
Error: error:"containers with unready status: [scaleserviceshrink35]";reson:null	[MsgId: MERR-17999]
Error: error:"containers with unready status: [scaleserviceshrink35]";reson:null	[MsgId: MERR-17999]
End auto log messages stack.	[MsgId: MMSG-10544]


Start auto log messages stack - Iteration 3.	[MsgId: MMSG-10545]
    nersNotReady","message":"containers with unready status: [scaleserviceshrink19]"},{"type":
    "PodScheduled","status":"True","lastProbeTime":null,"lastTransitionTime":"2017-01-11T05:43
    :02Z"}],"hostIP":"192.168.10.6","startTime":"2017-01-11T05:43:02Z","containerStatuses":[{"
    name":"scaleserviceshrink19","state":{"waiting":{"reason":"ContainerCreating"}},"lastState
    ":{},"ready":false,"restartCount":0,"image":"prod.internal.naturecloud.io/library/nginx:1.
    9.14-alpine","imageID":""}]}}]}}
Notify: Message id [-13798] was not saved - Auto Log cache is too small to contain the message.	[MsgId: MMSG-10547]
web_custom_request("getPodStatus01") was successful, 4997 body bytes, 255 header bytes  	[MsgId: MMSG-26386]
Notify: Parameter Substitution: parameter "ResponseBody" =  "true"	[MsgId: MMSG-13992]
Notify: Message id [-13992] was not saved - Auto Log cache is too small to contain the message.	[MsgId: MMSG-10547]
Message id [-17999] was not saved - Auto Log cache is too small to contain the message.	[MsgId: MMSG-10547]
Error: error:"containers with unready status: [scaleserviceshrink19]";reson:null	[MsgId: MERR-17999]
Error: error:"containers with unready status: [scaleserviceshrink19]";reson:null	[MsgId: MERR-17999]
End auto log messages stack.	[MsgId: MMSG-10544]


Start auto log messages stack - Iteration 3.	[MsgId: MMSG-10545]
    ],"hostIP":"192.168.10.6","startTime":"2017-01-11T05:43:13Z","containerStatuses":[{"name":
    "scaleserviceshrink36","state":{"waiting":{"reason":"ContainerCreating"}},"lastState":{},"
    ready":false,"restartCount":0,"image":"prod.internal.naturecloud.io/library/nginx:1.9.14-a
    lpine","imageID":""}]}}]}}
Notify: Saving Parameter "ResponseBody = true".	[MsgId: MMSG-13798]
HTML parsing not performed for Content-Type "application/json" ("ParseHtmlContentType" Run-Time Setting is "TEXT"). URL="http://ppe.naturecloud.io:88/apiApplication/getPodStatus"  	[MsgId: MMSG-26548]
Notify: Message id [-13798] was not saved - Auto Log cache is too small to contain the message.	[MsgId: MMSG-10547]
web_custom_request("getPodStatus01") was successful, 4997 body bytes, 255 header bytes  	[MsgId: MMSG-26386]
Notify: Parameter Substitution: parameter "ResponseBody" =  "true"	[MsgId: MMSG-13992]
Notify: Message id [-13992] was not saved - Auto Log cache is too small to contain the message.	[MsgId: MMSG-10547]
Message id [-17999] was not saved - Auto Log cache is too small to contain the message.	[MsgId: MMSG-10547]
Error: error:"containers with unready status: [scaleserviceshrink36]";reson:null	[MsgId: MERR-17999]
Error: error:"containers with unready status: [scaleserviceshrink36]";reson:null	[MsgId: MERR-17999]
End auto log messages stack.	[MsgId: MMSG-10544]


Start auto log messages stack - Iteration 2.	[MsgId: MMSG-10545]
    ],"hostIP":"192.168.10.6","startTime":"2017-01-11T05:43:38Z","containerStatuses":[{"name":
    "scaleserviceshrink01","state":{"waiting":{"reason":"ContainerCreating"}},"lastState":{},"
    ready":false,"restartCount":0,"image":"prod.internal.naturecloud.io/library/nginx:1.9.14-a
    lpine","imageID":""}]}}]}}
Notify: Saving Parameter "ResponseBody = true".	[MsgId: MMSG-13798]
HTML parsing not performed for Content-Type "application/json" ("ParseHtmlContentType" Run-Time Setting is "TEXT"). URL="http://ppe.naturecloud.io:88/apiApplication/getPodStatus"  	[MsgId: MMSG-26548]
Notify: Message id [-13798] was not saved - Auto Log cache is too small to contain the message.	[MsgId: MMSG-10547]
web_custom_request("getPodStatus01") was successful, 4997 body bytes, 255 header bytes  	[MsgId: MMSG-26386]
Notify: Parameter Substitution: parameter "ResponseBody" =  "true"	[MsgId: MMSG-13992]
Notify: Message id [-13992] was not saved - Auto Log cache is too small to contain the message.	[MsgId: MMSG-10547]
Message id [-17999] was not saved - Auto Log cache is too small to contain the message.	[MsgId: MMSG-10547]
Error: error:"containers with unready status: [scaleserviceshrink01]";reson:null	[MsgId: MERR-17999]
Error: error:"containers with unready status: [scaleserviceshrink01]";reson:null	[MsgId: MERR-17999]
End auto log messages stack.	[MsgId: MMSG-10544]


Start auto log messages stack - Iteration 4.	[MsgId: MMSG-10545]
    ],"hostIP":"192.168.10.6","startTime":"2017-01-11T05:43:43Z","containerStatuses":[{"name":
    "scaleserviceshrink20","state":{"waiting":{"reason":"ContainerCreating"}},"lastState":{},"
    ready":false,"restartCount":0,"image":"prod.internal.naturecloud.io/library/nginx:1.9.14-a
    lpine","imageID":""}]}}]}}
Notify: Saving Parameter "ResponseBody = true".	[MsgId: MMSG-13798]
HTML parsing not performed for Content-Type "application/json" ("ParseHtmlContentType" Run-Time Setting is "TEXT"). URL="http://ppe.naturecloud.io:88/apiApplication/getPodStatus"  	[MsgId: MMSG-26548]
Notify: Message id [-13798] was not saved - Auto Log cache is too small to contain the message.	[MsgId: MMSG-10547]
web_custom_request("getPodStatus01") was successful, 4997 body bytes, 255 header bytes  	[MsgId: MMSG-26386]
Notify: Parameter Substitution: parameter "ResponseBody" =  "true"	[MsgId: MMSG-13992]
Notify: Message id [-13992] was not saved - Auto Log cache is too small to contain the message.	[MsgId: MMSG-10547]
Message id [-17999] was not saved - Auto Log cache is too small to contain the message.	[MsgId: MMSG-10547]
Error: error:"containers with unready status: [scaleserviceshrink20]";reson:null	[MsgId: MERR-17999]
Error: error:"containers with unready status: [scaleserviceshrink20]";reson:null	[MsgId: MERR-17999]
End auto log messages stack.	[MsgId: MMSG-10544]


Start auto log messages stack - Iteration 4.	[MsgId: MMSG-10545]
    ],"hostIP":"192.168.10.6","startTime":"2017-01-11T05:43:53Z","containerStatuses":[{"name":
    "scaleserviceshrink37","state":{"waiting":{"reason":"ContainerCreating"}},"lastState":{},"
    ready":false,"restartCount":0,"image":"prod.internal.naturecloud.io/library/nginx:1.9.14-a
    lpine","imageID":""}]}}]}}
Notify: Saving Parameter "ResponseBody = true".	[MsgId: MMSG-13798]
HTML parsing not performed for Content-Type "application/json" ("ParseHtmlContentType" Run-Time Setting is "TEXT"). URL="http://ppe.naturecloud.io:88/apiApplication/getPodStatus"  	[MsgId: MMSG-26548]
Notify: Message id [-13798] was not saved - Auto Log cache is too small to contain the message.	[MsgId: MMSG-10547]
web_custom_request("getPodStatus01") was successful, 4997 body bytes, 255 header bytes  	[MsgId: MMSG-26386]
Notify: Parameter Substitution: parameter "ResponseBody" =  "true"	[MsgId: MMSG-13992]
Notify: Message id [-13992] was not saved - Auto Log cache is too small to contain the message.	[MsgId: MMSG-10547]
Message id [-17999] was not saved - Auto Log cache is too small to contain the message.	[MsgId: MMSG-10547]
Error: error:"containers with unready status: [scaleserviceshrink37]";reson:null	[MsgId: MERR-17999]
Error: error:"containers with unready status: [scaleserviceshrink37]";reson:null	[MsgId: MERR-17999]
End auto log messages stack.	[MsgId: MMSG-10544]


Start auto log messages stack - Iteration 3.	[MsgId: MMSG-10545]
    ],"hostIP":"192.168.10.6","startTime":"2017-01-11T05:44:18Z","containerStatuses":[{"name":
    "scaleserviceshrink02","state":{"waiting":{"reason":"ContainerCreating"}},"lastState":{},"
    ready":false,"restartCount":0,"image":"prod.internal.naturecloud.io/library/nginx:1.9.14-a
    lpine","imageID":""}]}}]}}
Notify: Saving Parameter "ResponseBody = true".	[MsgId: MMSG-13798]
HTML parsing not performed for Content-Type "application/json" ("ParseHtmlContentType" Run-Time Setting is "TEXT"). URL="http://ppe.naturecloud.io:88/apiApplication/getPodStatus"  	[MsgId: MMSG-26548]
Notify: Message id [-13798] was not saved - Auto Log cache is too small to contain the message.	[MsgId: MMSG-10547]
web_custom_request("getPodStatus01") was successful, 4997 body bytes, 255 header bytes  	[MsgId: MMSG-26386]
Notify: Parameter Substitution: parameter "ResponseBody" =  "true"	[MsgId: MMSG-13992]
Notify: Message id [-13992] was not saved - Auto Log cache is too small to contain the message.	[MsgId: MMSG-10547]
Message id [-17999] was not saved - Auto Log cache is too small to contain the message.	[MsgId: MMSG-10547]
Error: error:"containers with unready status: [scaleserviceshrink02]";reson:null	[MsgId: MERR-17999]
Error: error:"containers with unready status: [scaleserviceshrink02]";reson:null	[MsgId: MERR-17999]
End auto log messages stack.	[MsgId: MMSG-10544]


Start auto log messages stack - Iteration 5.	[MsgId: MMSG-10545]
    ],"hostIP":"192.168.10.6","startTime":"2017-01-11T05:44:23Z","containerStatuses":[{"name":
    "scaleserviceshrink21","state":{"waiting":{"reason":"ContainerCreating"}},"lastState":{},"
    ready":false,"restartCount":0,"image":"prod.internal.naturecloud.io/library/nginx:1.9.14-a
    lpine","imageID":""}]}}]}}
Notify: Saving Parameter "ResponseBody = true".	[MsgId: MMSG-13798]
HTML parsing not performed for Content-Type "application/json" ("ParseHtmlContentType" Run-Time Setting is "TEXT"). URL="http://ppe.naturecloud.io:88/apiApplication/getPodStatus"  	[MsgId: MMSG-26548]
Notify: Message id [-13798] was not saved - Auto Log cache is too small to contain the message.	[MsgId: MMSG-10547]
web_custom_request("getPodStatus01") was successful, 4997 body bytes, 255 header bytes  	[MsgId: MMSG-26386]
Notify: Parameter Substitution: parameter "ResponseBody" =  "true"	[MsgId: MMSG-13992]
Notify: Message id [-13992] was not saved - Auto Log cache is too small to contain the message.	[MsgId: MMSG-10547]
Message id [-17999] was not saved - Auto Log cache is too small to contain the message.	[MsgId: MMSG-10547]
Error: error:"containers with unready status: [scaleserviceshrink21]";reson:null	[MsgId: MERR-17999]
Error: error:"containers with unready status: [scaleserviceshrink21]";reson:null	[MsgId: MERR-17999]
End auto log messages stack.	[MsgId: MMSG-10544]


Start auto log messages stack - Iteration 5.	[MsgId: MMSG-10545]
    ],"hostIP":"192.168.10.6","startTime":"2017-01-11T05:44:33Z","containerStatuses":[{"name":
    "scaleserviceshrink38","state":{"waiting":{"reason":"ContainerCreating"}},"lastState":{},"
    ready":false,"restartCount":0,"image":"prod.internal.naturecloud.io/library/nginx:1.9.14-a
    lpine","imageID":""}]}}]}}
Notify: Saving Parameter "ResponseBody = true".	[MsgId: MMSG-13798]
HTML parsing not performed for Content-Type "application/json" ("ParseHtmlContentType" Run-Time Setting is "TEXT"). URL="http://ppe.naturecloud.io:88/apiApplication/getPodStatus"  	[MsgId: MMSG-26548]
Notify: Message id [-13798] was not saved - Auto Log cache is too small to contain the message.	[MsgId: MMSG-10547]
web_custom_request("getPodStatus01") was successful, 4997 body bytes, 255 header bytes  	[MsgId: MMSG-26386]
Notify: Parameter Substitution: parameter "ResponseBody" =  "true"	[MsgId: MMSG-13992]
Notify: Message id [-13992] was not saved - Auto Log cache is too small to contain the message.	[MsgId: MMSG-10547]
Message id [-17999] was not saved - Auto Log cache is too small to contain the message.	[MsgId: MMSG-10547]
Error: error:"containers with unready status: [scaleserviceshrink38]";reson:null	[MsgId: MERR-17999]
Error: error:"containers with unready status: [scaleserviceshrink38]";reson:null	[MsgId: MERR-17999]
End auto log messages stack.	[MsgId: MMSG-10544]


Start auto log messages stack - Iteration 4.	[MsgId: MMSG-10545]
    ],"hostIP":"192.168.10.6","startTime":"2017-01-11T05:44:58Z","containerStatuses":[{"name":
    "scaleserviceshrink03","state":{"waiting":{"reason":"ContainerCreating"}},"lastState":{},"
    ready":false,"restartCount":0,"image":"prod.internal.naturecloud.io/library/nginx:1.9.14-a
    lpine","imageID":""}]}}]}}
Notify: Saving Parameter "ResponseBody = true".	[MsgId: MMSG-13798]
HTML parsing not performed for Content-Type "application/json" ("ParseHtmlContentType" Run-Time Setting is "TEXT"). URL="http://ppe.naturecloud.io:88/apiApplication/getPodStatus"  	[MsgId: MMSG-26548]
Notify: Message id [-13798] was not saved - Auto Log cache is too small to contain the message.	[MsgId: MMSG-10547]
web_custom_request("getPodStatus01") was successful, 4997 body bytes, 255 header bytes  	[MsgId: MMSG-26386]
Notify: Parameter Substitution: parameter "ResponseBody" =  "true"	[MsgId: MMSG-13992]
Notify: Message id [-13992] was not saved - Auto Log cache is too small to contain the message.	[MsgId: MMSG-10547]
Message id [-17999] was not saved - Auto Log cache is too small to contain the message.	[MsgId: MMSG-10547]
Error: error:"containers with unready status: [scaleserviceshrink03]";reson:null	[MsgId: MERR-17999]
Error: error:"containers with unready status: [scaleserviceshrink03]";reson:null	[MsgId: MERR-17999]
End auto log messages stack.	[MsgId: MMSG-10544]


Start auto log messages stack - Iteration 6.	[MsgId: MMSG-10545]
    ],"hostIP":"192.168.10.6","startTime":"2017-01-11T05:45:03Z","containerStatuses":[{"name":
    "scaleserviceshrink22","state":{"waiting":{"reason":"ContainerCreating"}},"lastState":{},"
    ready":false,"restartCount":0,"image":"prod.internal.naturecloud.io/library/nginx:1.9.14-a
    lpine","imageID":""}]}}]}}
Notify: Saving Parameter "ResponseBody = true".	[MsgId: MMSG-13798]
HTML parsing not performed for Content-Type "application/json" ("ParseHtmlContentType" Run-Time Setting is "TEXT"). URL="http://ppe.naturecloud.io:88/apiApplication/getPodStatus"  	[MsgId: MMSG-26548]
Notify: Message id [-13798] was not saved - Auto Log cache is too small to contain the message.	[MsgId: MMSG-10547]
web_custom_request("getPodStatus01") was successful, 4997 body bytes, 255 header bytes  	[MsgId: MMSG-26386]
Notify: Parameter Substitution: parameter "ResponseBody" =  "true"	[MsgId: MMSG-13992]
Notify: Message id [-13992] was not saved - Auto Log cache is too small to contain the message.	[MsgId: MMSG-10547]
Message id [-17999] was not saved - Auto Log cache is too small to contain the message.	[MsgId: MMSG-10547]
Error: error:"containers with unready status: [scaleserviceshrink22]";reson:null	[MsgId: MERR-17999]
Error: error:"containers with unready status: [scaleserviceshrink22]";reson:null	[MsgId: MERR-17999]
End auto log messages stack.	[MsgId: MMSG-10544]


Start auto log messages stack - Iteration 6.	[MsgId: MMSG-10545]
    ],"hostIP":"192.168.10.6","startTime":"2017-01-11T05:45:14Z","containerStatuses":[{"name":
    "scaleserviceshrink39","state":{"waiting":{"reason":"ContainerCreating"}},"lastState":{},"
    ready":false,"restartCount":0,"image":"prod.internal.naturecloud.io/library/nginx:1.9.14-a
    lpine","imageID":""}]}}]}}
Notify: Saving Parameter "ResponseBody = true".	[MsgId: MMSG-13798]
HTML parsing not performed for Content-Type "application/json" ("ParseHtmlContentType" Run-Time Setting is "TEXT"). URL="http://ppe.naturecloud.io:88/apiApplication/getPodStatus"  	[MsgId: MMSG-26548]
Notify: Message id [-13798] was not saved - Auto Log cache is too small to contain the message.	[MsgId: MMSG-10547]
web_custom_request("getPodStatus01") was successful, 4997 body bytes, 255 header bytes  	[MsgId: MMSG-26386]
Notify: Parameter Substitution: parameter "ResponseBody" =  "true"	[MsgId: MMSG-13992]
Notify: Message id [-13992] was not saved - Auto Log cache is too small to contain the message.	[MsgId: MMSG-10547]
Message id [-17999] was not saved - Auto Log cache is too small to contain the message.	[MsgId: MMSG-10547]
Error: error:"containers with unready status: [scaleserviceshrink39]";reson:null	[MsgId: MERR-17999]
Error: error:"containers with unready status: [scaleserviceshrink39]";reson:null	[MsgId: MERR-17999]
End auto log messages stack.	[MsgId: MMSG-10544]


Start auto log messages stack - Iteration 5.	[MsgId: MMSG-10545]
    ],"hostIP":"192.168.10.6","startTime":"2017-01-11T05:45:38Z","containerStatuses":[{"name":
    "scaleserviceshrink04","state":{"waiting":{"reason":"ContainerCreating"}},"lastState":{},"
    ready":false,"restartCount":0,"image":"prod.internal.naturecloud.io/library/nginx:1.9.14-a
    lpine","imageID":""}]}}]}}
Notify: Saving Parameter "ResponseBody = true".	[MsgId: MMSG-13798]
HTML parsing not performed for Content-Type "application/json" ("ParseHtmlContentType" Run-Time Setting is "TEXT"). URL="http://ppe.naturecloud.io:88/apiApplication/getPodStatus"  	[MsgId: MMSG-26548]
Notify: Message id [-13798] was not saved - Auto Log cache is too small to contain the message.	[MsgId: MMSG-10547]
web_custom_request("getPodStatus01") was successful, 4997 body bytes, 255 header bytes  	[MsgId: MMSG-26386]
Notify: Parameter Substitution: parameter "ResponseBody" =  "true"	[MsgId: MMSG-13992]
Notify: Message id [-13992] was not saved - Auto Log cache is too small to contain the message.	[MsgId: MMSG-10547]
Message id [-17999] was not saved - Auto Log cache is too small to contain the message.	[MsgId: MMSG-10547]
Error: error:"containers with unready status: [scaleserviceshrink04]";reson:null	[MsgId: MERR-17999]
Error: error:"containers with unready status: [scaleserviceshrink04]";reson:null	[MsgId: MERR-17999]
End auto log messages stack.	[MsgId: MMSG-10544]


Start auto log messages stack - Iteration 7.	[MsgId: MMSG-10545]
    ],"hostIP":"192.168.10.6","startTime":"2017-01-11T05:45:44Z","containerStatuses":[{"name":
    "scaleserviceshrink23","state":{"waiting":{"reason":"ContainerCreating"}},"lastState":{},"
    ready":false,"restartCount":0,"image":"prod.internal.naturecloud.io/library/nginx:1.9.14-a
    lpine","imageID":""}]}}]}}
Notify: Saving Parameter "ResponseBody = true".	[MsgId: MMSG-13798]
HTML parsing not performed for Content-Type "application/json" ("ParseHtmlContentType" Run-Time Setting is "TEXT"). URL="http://ppe.naturecloud.io:88/apiApplication/getPodStatus"  	[MsgId: MMSG-26548]
Notify: Message id [-13798] was not saved - Auto Log cache is too small to contain the message.	[MsgId: MMSG-10547]
web_custom_request("getPodStatus01") was successful, 4997 body bytes, 255 header bytes  	[MsgId: MMSG-26386]
Notify: Parameter Substitution: parameter "ResponseBody" =  "true"	[MsgId: MMSG-13992]
Notify: Message id [-13992] was not saved - Auto Log cache is too small to contain the message.	[MsgId: MMSG-10547]
Message id [-17999] was not saved - Auto Log cache is too small to contain the message.	[MsgId: MMSG-10547]
Error: error:"containers with unready status: [scaleserviceshrink23]";reson:null	[MsgId: MERR-17999]
Error: error:"containers with unready status: [scaleserviceshrink23]";reson:null	[MsgId: MERR-17999]
End auto log messages stack.	[MsgId: MMSG-10544]


Start auto log messages stack - Iteration 7.	[MsgId: MMSG-10545]
    ],"hostIP":"192.168.10.6","startTime":"2017-01-11T05:45:54Z","containerStatuses":[{"name":
    "scaleserviceshrink40","state":{"waiting":{"reason":"ContainerCreating"}},"lastState":{},"
    ready":false,"restartCount":0,"image":"prod.internal.naturecloud.io/library/nginx:1.9.14-a
    lpine","imageID":""}]}}]}}
Notify: Saving Parameter "ResponseBody = true".	[MsgId: MMSG-13798]
HTML parsing not performed for Content-Type "application/json" ("ParseHtmlContentType" Run-Time Setting is "TEXT"). URL="http://ppe.naturecloud.io:88/apiApplication/getPodStatus"  	[MsgId: MMSG-26548]
Notify: Message id [-13798] was not saved - Auto Log cache is too small to contain the message.	[MsgId: MMSG-10547]
web_custom_request("getPodStatus01") was successful, 4997 body bytes, 255 header bytes  	[MsgId: MMSG-26386]
Notify: Parameter Substitution: parameter "ResponseBody" =  "true"	[MsgId: MMSG-13992]
Notify: Message id [-13992] was not saved - Auto Log cache is too small to contain the message.	[MsgId: MMSG-10547]
Message id [-17999] was not saved - Auto Log cache is too small to contain the message.	[MsgId: MMSG-10547]
Error: error:"containers with unready status: [scaleserviceshrink40]";reson:null	[MsgId: MERR-17999]
Error: error:"containers with unready status: [scaleserviceshrink40]";reson:null	[MsgId: MERR-17999]
End auto log messages stack.	[MsgId: MMSG-10544]


Start auto log messages stack - Iteration 6.	[MsgId: MMSG-10545]
    ],"hostIP":"192.168.10.6","startTime":"2017-01-11T05:46:19Z","containerStatuses":[{"name":
    "scaleserviceshrink05","state":{"waiting":{"reason":"ContainerCreating"}},"lastState":{},"
    ready":false,"restartCount":0,"image":"prod.internal.naturecloud.io/library/nginx:1.9.14-a
    lpine","imageID":""}]}}]}}
Notify: Saving Parameter "ResponseBody = true".	[MsgId: MMSG-13798]
HTML parsing not performed for Content-Type "application/json" ("ParseHtmlContentType" Run-Time Setting is "TEXT"). URL="http://ppe.naturecloud.io:88/apiApplication/getPodStatus"  	[MsgId: MMSG-26548]
Notify: Message id [-13798] was not saved - Auto Log cache is too small to contain the message.	[MsgId: MMSG-10547]
web_custom_request("getPodStatus01") was successful, 4997 body bytes, 255 header bytes  	[MsgId: MMSG-26386]
Notify: Parameter Substitution: parameter "ResponseBody" =  "true"	[MsgId: MMSG-13992]
Notify: Message id [-13992] was not saved - Auto Log cache is too small to contain the message.	[MsgId: MMSG-10547]
Message id [-17999] was not saved - Auto Log cache is too small to contain the message.	[MsgId: MMSG-10547]
Error: error:"containers with unready status: [scaleserviceshrink05]";reson:null	[MsgId: MERR-17999]
Error: error:"containers with unready status: [scaleserviceshrink05]";reson:null	[MsgId: MERR-17999]
End auto log messages stack.	[MsgId: MMSG-10544]


Start auto log messages stack - Iteration 8.	[MsgId: MMSG-10545]
    ],"hostIP":"192.168.10.6","startTime":"2017-01-11T05:46:24Z","containerStatuses":[{"name":
    "scaleserviceshrink24","state":{"waiting":{"reason":"ContainerCreating"}},"lastState":{},"
    ready":false,"restartCount":0,"image":"prod.internal.naturecloud.io/library/nginx:1.9.14-a
    lpine","imageID":""}]}}]}}
Notify: Saving Parameter "ResponseBody = true".	[MsgId: MMSG-13798]
HTML parsing not performed for Content-Type "application/json" ("ParseHtmlContentType" Run-Time Setting is "TEXT"). URL="http://ppe.naturecloud.io:88/apiApplication/getPodStatus"  	[MsgId: MMSG-26548]
Notify: Message id [-13798] was not saved - Auto Log cache is too small to contain the message.	[MsgId: MMSG-10547]
web_custom_request("getPodStatus01") was successful, 4997 body bytes, 255 header bytes  	[MsgId: MMSG-26386]
Notify: Parameter Substitution: parameter "ResponseBody" =  "true"	[MsgId: MMSG-13992]
Notify: Message id [-13992] was not saved - Auto Log cache is too small to contain the message.	[MsgId: MMSG-10547]
Message id [-17999] was not saved - Auto Log cache is too small to contain the message.	[MsgId: MMSG-10547]
Error: error:"containers with unready status: [scaleserviceshrink24]";reson:null	[MsgId: MERR-17999]
Error: error:"containers with unready status: [scaleserviceshrink24]";reson:null	[MsgId: MERR-17999]
End auto log messages stack.	[MsgId: MMSG-10544]


Start auto log messages stack - Iteration 8.	[MsgId: MMSG-10545]
    ],"hostIP":"192.168.10.6","startTime":"2017-01-11T05:46:34Z","containerStatuses":[{"name":
    "scaleserviceshrink41","state":{"waiting":{"reason":"ContainerCreating"}},"lastState":{},"
    ready":false,"restartCount":0,"image":"prod.internal.naturecloud.io/library/nginx:1.9.14-a
    lpine","imageID":""}]}}]}}
Notify: Saving Parameter "ResponseBody = true".	[MsgId: MMSG-13798]
HTML parsing not performed for Content-Type "application/json" ("ParseHtmlContentType" Run-Time Setting is "TEXT"). URL="http://ppe.naturecloud.io:88/apiApplication/getPodStatus"  	[MsgId: MMSG-26548]
Notify: Message id [-13798] was not saved - Auto Log cache is too small to contain the message.	[MsgId: MMSG-10547]
web_custom_request("getPodStatus01") was successful, 4997 body bytes, 255 header bytes  	[MsgId: MMSG-26386]
Notify: Parameter Substitution: parameter "ResponseBody" =  "true"	[MsgId: MMSG-13992]
Notify: Message id [-13992] was not saved - Auto Log cache is too small to contain the message.	[MsgId: MMSG-10547]
Message id [-17999] was not saved - Auto Log cache is too small to contain the message.	[MsgId: MMSG-10547]
Error: error:"containers with unready status: [scaleserviceshrink41]";reson:null	[MsgId: MERR-17999]
Error: error:"containers with unready status: [scaleserviceshrink41]";reson:null	[MsgId: MERR-17999]
End auto log messages stack.	[MsgId: MMSG-10544]


Start auto log messages stack - Iteration 7.	[MsgId: MMSG-10545]
    ],"hostIP":"192.168.10.6","startTime":"2017-01-11T05:46:59Z","containerStatuses":[{"name":
    "scaleserviceshrink06","state":{"waiting":{"reason":"ContainerCreating"}},"lastState":{},"
    ready":false,"restartCount":0,"image":"prod.internal.naturecloud.io/library/nginx:1.9.14-a
    lpine","imageID":""}]}}]}}
Notify: Saving Parameter "ResponseBody = true".	[MsgId: MMSG-13798]
HTML parsing not performed for Content-Type "application/json" ("ParseHtmlContentType" Run-Time Setting is "TEXT"). URL="http://ppe.naturecloud.io:88/apiApplication/getPodStatus"  	[MsgId: MMSG-26548]
Notify: Message id [-13798] was not saved - Auto Log cache is too small to contain the message.	[MsgId: MMSG-10547]
web_custom_request("getPodStatus01") was successful, 4997 body bytes, 255 header bytes  	[MsgId: MMSG-26386]
Notify: Parameter Substitution: parameter "ResponseBody" =  "true"	[MsgId: MMSG-13992]
Notify: Message id [-13992] was not saved - Auto Log cache is too small to contain the message.	[MsgId: MMSG-10547]
Message id [-17999] was not saved - Auto Log cache is too small to contain the message.	[MsgId: MMSG-10547]
Error: error:"containers with unready status: [scaleserviceshrink06]";reson:null	[MsgId: MERR-17999]
Error: error:"containers with unready status: [scaleserviceshrink06]";reson:null	[MsgId: MERR-17999]
End auto log messages stack.	[MsgId: MMSG-10544]


Start auto log messages stack - Iteration 9.	[MsgId: MMSG-10545]
    ],"hostIP":"192.168.10.6","startTime":"2017-01-11T05:47:04Z","containerStatuses":[{"name":
    "scaleserviceshrink25","state":{"waiting":{"reason":"ContainerCreating"}},"lastState":{},"
    ready":false,"restartCount":0,"image":"prod.internal.naturecloud.io/library/nginx:1.9.14-a
    lpine","imageID":""}]}}]}}
Notify: Saving Parameter "ResponseBody = true".	[MsgId: MMSG-13798]
HTML parsing not performed for Content-Type "application/json" ("ParseHtmlContentType" Run-Time Setting is "TEXT"). URL="http://ppe.naturecloud.io:88/apiApplication/getPodStatus"  	[MsgId: MMSG-26548]
Notify: Message id [-13798] was not saved - Auto Log cache is too small to contain the message.	[MsgId: MMSG-10547]
web_custom_request("getPodStatus01") was successful, 4997 body bytes, 255 header bytes  	[MsgId: MMSG-26386]
Notify: Parameter Substitution: parameter "ResponseBody" =  "true"	[MsgId: MMSG-13992]
Notify: Message id [-13992] was not saved - Auto Log cache is too small to contain the message.	[MsgId: MMSG-10547]
Message id [-17999] was not saved - Auto Log cache is too small to contain the message.	[MsgId: MMSG-10547]
Error: error:"containers with unready status: [scaleserviceshrink25]";reson:null	[MsgId: MERR-17999]
Error: error:"containers with unready status: [scaleserviceshrink25]";reson:null	[MsgId: MERR-17999]
End auto log messages stack.	[MsgId: MMSG-10544]


Start auto log messages stack - Iteration 9.	[MsgId: MMSG-10545]
    ],"hostIP":"192.168.10.6","startTime":"2017-01-11T05:47:15Z","containerStatuses":[{"name":
    "scaleserviceshrink42","state":{"waiting":{"reason":"ContainerCreating"}},"lastState":{},"
    ready":false,"restartCount":0,"image":"prod.internal.naturecloud.io/library/nginx:1.9.14-a
    lpine","imageID":""}]}}]}}
Notify: Saving Parameter "ResponseBody = true".	[MsgId: MMSG-13798]
HTML parsing not performed for Content-Type "application/json" ("ParseHtmlContentType" Run-Time Setting is "TEXT"). URL="http://ppe.naturecloud.io:88/apiApplication/getPodStatus"  	[MsgId: MMSG-26548]
Notify: Message id [-13798] was not saved - Auto Log cache is too small to contain the message.	[MsgId: MMSG-10547]
web_custom_request("getPodStatus01") was successful, 4997 body bytes, 255 header bytes  	[MsgId: MMSG-26386]
Notify: Parameter Substitution: parameter "ResponseBody" =  "true"	[MsgId: MMSG-13992]
Notify: Message id [-13992] was not saved - Auto Log cache is too small to contain the message.	[MsgId: MMSG-10547]
Message id [-17999] was not saved - Auto Log cache is too small to contain the message.	[MsgId: MMSG-10547]
Error: error:"containers with unready status: [scaleserviceshrink42]";reson:null	[MsgId: MERR-17999]
Error: error:"containers with unready status: [scaleserviceshrink42]";reson:null	[MsgId: MERR-17999]
End auto log messages stack.	[MsgId: MMSG-10544]


Start auto log messages stack - Iteration 8.	[MsgId: MMSG-10545]
    ],"hostIP":"192.168.10.6","startTime":"2017-01-11T05:47:39Z","containerStatuses":[{"name":
    "scaleserviceshrink07","state":{"waiting":{"reason":"ContainerCreating"}},"lastState":{},"
    ready":false,"restartCount":0,"image":"prod.internal.naturecloud.io/library/nginx:1.9.14-a
    lpine","imageID":""}]}}]}}
Notify: Saving Parameter "ResponseBody = true".	[MsgId: MMSG-13798]
HTML parsing not performed for Content-Type "application/json" ("ParseHtmlContentType" Run-Time Setting is "TEXT"). URL="http://ppe.naturecloud.io:88/apiApplication/getPodStatus"  	[MsgId: MMSG-26548]
Notify: Message id [-13798] was not saved - Auto Log cache is too small to contain the message.	[MsgId: MMSG-10547]
web_custom_request("getPodStatus01") was successful, 4997 body bytes, 255 header bytes  	[MsgId: MMSG-26386]
Notify: Parameter Substitution: parameter "ResponseBody" =  "true"	[MsgId: MMSG-13992]
Notify: Message id [-13992] was not saved - Auto Log cache is too small to contain the message.	[MsgId: MMSG-10547]
Message id [-17999] was not saved - Auto Log cache is too small to contain the message.	[MsgId: MMSG-10547]
Error: error:"containers with unready status: [scaleserviceshrink07]";reson:null	[MsgId: MERR-17999]
Error: error:"containers with unready status: [scaleserviceshrink07]";reson:null	[MsgId: MERR-17999]
End auto log messages stack.	[MsgId: MMSG-10544]


Start auto log messages stack - Iteration 10.	[MsgId: MMSG-10545]
    Name":"default","serviceAccount":"default","securityContext":{},"imagePullSecrets":[{"name
    ":"pullsecret"}]},"status":{"phase":"Pending","conditions":[{"type":"PodScheduled","status
    ":"False","lastProbeTime":null,"lastTransitionTime":"2017-01-11T05:47:45Z","reason":"Unsch
    edulable"}]}}]}}
Notify: Saving Parameter "ResponseBody = true".	[MsgId: MMSG-13798]
HTML parsing not performed for Content-Type "application/json" ("ParseHtmlContentType" Run-Time Setting is "TEXT"). URL="http://ppe.naturecloud.io:88/apiApplication/getPodStatus"  	[MsgId: MMSG-26548]
Notify: Message id [-13798] was not saved - Auto Log cache is too small to contain the message.	[MsgId: MMSG-10547]
web_custom_request("getPodStatus01") was successful, 3817 body bytes, 254 header bytes  	[MsgId: MMSG-26386]
Notify: Parameter Substitution: parameter "ResponseBody" =  "true"	[MsgId: MMSG-13992]
Notify: Message id [-13992] was not saved - Auto Log cache is too small to contain the message.	[MsgId: MMSG-10547]
Message id [-17999] was not saved - Auto Log cache is too small to contain the message.	[MsgId: MMSG-10547]
Error: error:null;reson:null	[MsgId: MERR-17999]
Error: error:null;reson:null	[MsgId: MERR-17999]
End auto log messages stack.	[MsgId: MMSG-10544]


Start auto log messages stack - Iteration 10.	[MsgId: MMSG-10545]
    Name":"default","serviceAccount":"default","securityContext":{},"imagePullSecrets":[{"name
    ":"pullsecret"}]},"status":{"phase":"Pending","conditions":[{"type":"PodScheduled","status
    ":"False","lastProbeTime":null,"lastTransitionTime":"2017-01-11T05:47:55Z","reason":"Unsch
    edulable"}]}}]}}
Notify: Saving Parameter "ResponseBody = true".	[MsgId: MMSG-13798]
HTML parsing not performed for Content-Type "application/json" ("ParseHtmlContentType" Run-Time Setting is "TEXT"). URL="http://ppe.naturecloud.io:88/apiApplication/getPodStatus"  	[MsgId: MMSG-26548]
Notify: Message id [-13798] was not saved - Auto Log cache is too small to contain the message.	[MsgId: MMSG-10547]
web_custom_request("getPodStatus01") was successful, 3817 body bytes, 254 header bytes  	[MsgId: MMSG-26386]
Notify: Parameter Substitution: parameter "ResponseBody" =  "true"	[MsgId: MMSG-13992]
Notify: Message id [-13992] was not saved - Auto Log cache is too small to contain the message.	[MsgId: MMSG-10547]
Message id [-17999] was not saved - Auto Log cache is too small to contain the message.	[MsgId: MMSG-10547]
Error: error:null;reson:null	[MsgId: MERR-17999]
Error: error:null;reson:null	[MsgId: MERR-17999]
End auto log messages stack.	[MsgId: MMSG-10544]


Start auto log messages stack - Iteration 9.	[MsgId: MMSG-10545]
    Name":"default","serviceAccount":"default","securityContext":{},"imagePullSecrets":[{"name
    ":"pullsecret"}]},"status":{"phase":"Pending","conditions":[{"type":"PodScheduled","status
    ":"False","lastProbeTime":null,"lastTransitionTime":"2017-01-11T05:48:20Z","reason":"Unsch
    edulable"}]}}]}}
Notify: Saving Parameter "ResponseBody = true".	[MsgId: MMSG-13798]
HTML parsing not performed for Content-Type "application/json" ("ParseHtmlContentType" Run-Time Setting is "TEXT"). URL="http://ppe.naturecloud.io:88/apiApplication/getPodStatus"  	[MsgId: MMSG-26548]
Notify: Message id [-13798] was not saved - Auto Log cache is too small to contain the message.	[MsgId: MMSG-10547]
web_custom_request("getPodStatus01") was successful, 3817 body bytes, 254 header bytes  	[MsgId: MMSG-26386]
Notify: Parameter Substitution: parameter "ResponseBody" =  "true"	[MsgId: MMSG-13992]
Notify: Message id [-13992] was not saved - Auto Log cache is too small to contain the message.	[MsgId: MMSG-10547]
Message id [-17999] was not saved - Auto Log cache is too small to contain the message.	[MsgId: MMSG-10547]
Error: error:null;reson:null	[MsgId: MERR-17999]
Error: error:null;reson:null	[MsgId: MERR-17999]
End auto log messages stack.	[MsgId: MMSG-10544]


Start auto log messages stack - Iteration 11.	[MsgId: MMSG-10545]
    onds":5,"dnsPolicy":"ClusterFirst","serviceAccountName":"default","serviceAccount":"defaul
    t","securityContext":{},"imagePullSecrets":[{"name":"pullsecret"}]},"status":{"phase":"Pen
    ding","conditions":[{"type":"PodScheduled","status":"False","lastProbeTime":null,"lastTran
    sitionTime":"2017-01-11T05:48:25Z","reason":"Unschedulable"}]}}]}}
Notify: Saving Parameter "ResponseBody = true".	[MsgId: MMSG-13798]
HTML parsing not performed for Content-Type "application/json" ("ParseHtmlContentType" Run-Time Setting is "TEXT"). URL="http://ppe.naturecloud.io:88/apiApplication/getPodStatus"  	[MsgId: MMSG-26548]
Notify: Message id [-13798] was not saved - Auto Log cache is too small to contain the message.	[MsgId: MMSG-10547]
web_custom_request("getPodStatus01") was successful, 4407 body bytes, 255 header bytes  	[MsgId: MMSG-26386]
Notify: Parameter Substitution: parameter "ResponseBody" =  "true"	[MsgId: MMSG-13992]
Notify: Message id [-13992] was not saved - Auto Log cache is too small to contain the message.	[MsgId: MMSG-10547]
Message id [-17999] was not saved - Auto Log cache is too small to contain the message.	[MsgId: MMSG-10547]
Error: error:"containers with unready status: [scaleserviceshrink27]";reson:null	[MsgId: MERR-17999]
Error: error:null;reson:null	[MsgId: MERR-17999]
End auto log messages stack.	[MsgId: MMSG-10544]


Start auto log messages stack - Iteration 11.	[MsgId: MMSG-10545]
    onds":5,"dnsPolicy":"ClusterFirst","serviceAccountName":"default","serviceAccount":"defaul
    t","securityContext":{},"imagePullSecrets":[{"name":"pullsecret"}]},"status":{"phase":"Pen
    ding","conditions":[{"type":"PodScheduled","status":"False","lastProbeTime":null,"lastTran
    sitionTime":"2017-01-11T05:48:35Z","reason":"Unschedulable"}]}}]}}
Notify: Saving Parameter "ResponseBody = true".	[MsgId: MMSG-13798]
HTML parsing not performed for Content-Type "application/json" ("ParseHtmlContentType" Run-Time Setting is "TEXT"). URL="http://ppe.naturecloud.io:88/apiApplication/getPodStatus"  	[MsgId: MMSG-26548]
Notify: Message id [-13798] was not saved - Auto Log cache is too small to contain the message.	[MsgId: MMSG-10547]
web_custom_request("getPodStatus01") was successful, 4407 body bytes, 255 header bytes  	[MsgId: MMSG-26386]
Notify: Parameter Substitution: parameter "ResponseBody" =  "true"	[MsgId: MMSG-13992]
Notify: Message id [-13992] was not saved - Auto Log cache is too small to contain the message.	[MsgId: MMSG-10547]
Message id [-17999] was not saved - Auto Log cache is too small to contain the message.	[MsgId: MMSG-10547]
Error: error:"containers with unready status: [scaleserviceshrink44]";reson:null	[MsgId: MERR-17999]
Error: error:null;reson:null	[MsgId: MERR-17999]
End auto log messages stack.	[MsgId: MMSG-10544]


Start auto log messages stack - Iteration 10.	[MsgId: MMSG-10545]
    Name":"default","serviceAccount":"default","securityContext":{},"imagePullSecrets":[{"name
    ":"pullsecret"}]},"status":{"phase":"Pending","conditions":[{"type":"PodScheduled","status
    ":"False","lastProbeTime":null,"lastTransitionTime":"2017-01-11T05:49:00Z","reason":"Unsch
    edulable"}]}}]}}
Notify: Saving Parameter "ResponseBody = true".	[MsgId: MMSG-13798]
HTML parsing not performed for Content-Type "application/json" ("ParseHtmlContentType" Run-Time Setting is "TEXT"). URL="http://ppe.naturecloud.io:88/apiApplication/getPodStatus"  	[MsgId: MMSG-26548]
Notify: Message id [-13798] was not saved - Auto Log cache is too small to contain the message.	[MsgId: MMSG-10547]
web_custom_request("getPodStatus01") was successful, 3817 body bytes, 254 header bytes  	[MsgId: MMSG-26386]
Notify: Parameter Substitution: parameter "ResponseBody" =  "true"	[MsgId: MMSG-13992]
Notify: Message id [-13992] was not saved - Auto Log cache is too small to contain the message.	[MsgId: MMSG-10547]
Message id [-17999] was not saved - Auto Log cache is too small to contain the message.	[MsgId: MMSG-10547]
Error: error:null;reson:null	[MsgId: MERR-17999]
Error: error:null;reson:null	[MsgId: MERR-17999]
End auto log messages stack.	[MsgId: MMSG-10544]


Start auto log messages stack - Iteration 12.	[MsgId: MMSG-10545]
    Name":"default","serviceAccount":"default","securityContext":{},"imagePullSecrets":[{"name
    ":"pullsecret"}]},"status":{"phase":"Pending","conditions":[{"type":"PodScheduled","status
    ":"False","lastProbeTime":null,"lastTransitionTime":"2017-01-11T05:49:05Z","reason":"Unsch
    edulable"}]}}]}}
Notify: Saving Parameter "ResponseBody = true".	[MsgId: MMSG-13798]
HTML parsing not performed for Content-Type "application/json" ("ParseHtmlContentType" Run-Time Setting is "TEXT"). URL="http://ppe.naturecloud.io:88/apiApplication/getPodStatus"  	[MsgId: MMSG-26548]
Notify: Message id [-13798] was not saved - Auto Log cache is too small to contain the message.	[MsgId: MMSG-10547]
web_custom_request("getPodStatus01") was successful, 3817 body bytes, 254 header bytes  	[MsgId: MMSG-26386]
Notify: Parameter Substitution: parameter "ResponseBody" =  "true"	[MsgId: MMSG-13992]
Notify: Message id [-13992] was not saved - Auto Log cache is too small to contain the message.	[MsgId: MMSG-10547]
Message id [-17999] was not saved - Auto Log cache is too small to contain the message.	[MsgId: MMSG-10547]
Error: error:null;reson:null	[MsgId: MERR-17999]
Error: error:null;reson:null	[MsgId: MERR-17999]
End auto log messages stack.	[MsgId: MMSG-10544]


Start auto log messages stack - Iteration 12.	[MsgId: MMSG-10545]
    Name":"default","serviceAccount":"default","securityContext":{},"imagePullSecrets":[{"name
    ":"pullsecret"}]},"status":{"phase":"Pending","conditions":[{"type":"PodScheduled","status
    ":"False","lastProbeTime":null,"lastTransitionTime":"2017-01-11T05:49:16Z","reason":"Unsch
    edulable"}]}}]}}
Notify: Saving Parameter "ResponseBody = true".	[MsgId: MMSG-13798]
HTML parsing not performed for Content-Type "application/json" ("ParseHtmlContentType" Run-Time Setting is "TEXT"). URL="http://ppe.naturecloud.io:88/apiApplication/getPodStatus"  	[MsgId: MMSG-26548]
Notify: Message id [-13798] was not saved - Auto Log cache is too small to contain the message.	[MsgId: MMSG-10547]
web_custom_request("getPodStatus01") was successful, 3817 body bytes, 254 header bytes  	[MsgId: MMSG-26386]
Notify: Parameter Substitution: parameter "ResponseBody" =  "true"	[MsgId: MMSG-13992]
Notify: Message id [-13992] was not saved - Auto Log cache is too small to contain the message.	[MsgId: MMSG-10547]
Message id [-17999] was not saved - Auto Log cache is too small to contain the message.	[MsgId: MMSG-10547]
Error: error:null;reson:null	[MsgId: MERR-17999]
Error: error:null;reson:null	[MsgId: MERR-17999]
End auto log messages stack.	[MsgId: MMSG-10544]


Start auto log messages stack - Iteration 11.	[MsgId: MMSG-10545]
    Name":"default","serviceAccount":"default","securityContext":{},"imagePullSecrets":[{"name
    ":"pullsecret"}]},"status":{"phase":"Pending","conditions":[{"type":"PodScheduled","status
    ":"False","lastProbeTime":null,"lastTransitionTime":"2017-01-11T05:49:40Z","reason":"Unsch
    edulable"}]}}]}}
Notify: Saving Parameter "ResponseBody = true".	[MsgId: MMSG-13798]
HTML parsing not performed for Content-Type "application/json" ("ParseHtmlContentType" Run-Time Setting is "TEXT"). URL="http://ppe.naturecloud.io:88/apiApplication/getPodStatus"  	[MsgId: MMSG-26548]
Notify: Message id [-13798] was not saved - Auto Log cache is too small to contain the message.	[MsgId: MMSG-10547]
web_custom_request("getPodStatus01") was successful, 3817 body bytes, 254 header bytes  	[MsgId: MMSG-26386]
Notify: Parameter Substitution: parameter "ResponseBody" =  "true"	[MsgId: MMSG-13992]
Notify: Message id [-13992] was not saved - Auto Log cache is too small to contain the message.	[MsgId: MMSG-10547]
Message id [-17999] was not saved - Auto Log cache is too small to contain the message.	[MsgId: MMSG-10547]
Error: error:null;reson:null	[MsgId: MERR-17999]
Error: error:null;reson:null	[MsgId: MERR-17999]
End auto log messages stack.	[MsgId: MMSG-10544]


Start auto log messages stack - Iteration 13.	[MsgId: MMSG-10545]
    Name":"default","serviceAccount":"default","securityContext":{},"imagePullSecrets":[{"name
    ":"pullsecret"}]},"status":{"phase":"Pending","conditions":[{"type":"PodScheduled","status
    ":"False","lastProbeTime":null,"lastTransitionTime":"2017-01-11T05:49:45Z","reason":"Unsch
    edulable"}]}}]}}
Notify: Saving Parameter "ResponseBody = true".	[MsgId: MMSG-13798]
HTML parsing not performed for Content-Type "application/json" ("ParseHtmlContentType" Run-Time Setting is "TEXT"). URL="http://ppe.naturecloud.io:88/apiApplication/getPodStatus"  	[MsgId: MMSG-26548]
Notify: Message id [-13798] was not saved - Auto Log cache is too small to contain the message.	[MsgId: MMSG-10547]
web_custom_request("getPodStatus01") was successful, 3817 body bytes, 254 header bytes  	[MsgId: MMSG-26386]
Notify: Parameter Substitution: parameter "ResponseBody" =  "true"	[MsgId: MMSG-13992]
Notify: Message id [-13992] was not saved - Auto Log cache is too small to contain the message.	[MsgId: MMSG-10547]
Message id [-17999] was not saved - Auto Log cache is too small to contain the message.	[MsgId: MMSG-10547]
Error: error:null;reson:null	[MsgId: MERR-17999]
Error: error:null;reson:null	[MsgId: MERR-17999]
End auto log messages stack.	[MsgId: MMSG-10544]


Start auto log messages stack - Iteration 13.	[MsgId: MMSG-10545]
    Name":"default","serviceAccount":"default","securityContext":{},"imagePullSecrets":[{"name
    ":"pullsecret"}]},"status":{"phase":"Pending","conditions":[{"type":"PodScheduled","status
    ":"False","lastProbeTime":null,"lastTransitionTime":"2017-01-11T05:49:56Z","reason":"Unsch
    edulable"}]}}]}}
Notify: Saving Parameter "ResponseBody = true".	[MsgId: MMSG-13798]
HTML parsing not performed for Content-Type "application/json" ("ParseHtmlContentType" Run-Time Setting is "TEXT"). URL="http://ppe.naturecloud.io:88/apiApplication/getPodStatus"  	[MsgId: MMSG-26548]
Notify: Message id [-13798] was not saved - Auto Log cache is too small to contain the message.	[MsgId: MMSG-10547]
web_custom_request("getPodStatus01") was successful, 3817 body bytes, 254 header bytes  	[MsgId: MMSG-26386]
Notify: Parameter Substitution: parameter "ResponseBody" =  "true"	[MsgId: MMSG-13992]
Notify: Message id [-13992] was not saved - Auto Log cache is too small to contain the message.	[MsgId: MMSG-10547]
Message id [-17999] was not saved - Auto Log cache is too small to contain the message.	[MsgId: MMSG-10547]
Error: error:null;reson:null	[MsgId: MERR-17999]
Error: error:null;reson:null	[MsgId: MERR-17999]
End auto log messages stack.	[MsgId: MMSG-10544]


Start auto log messages stack - Iteration 12.	[MsgId: MMSG-10545]
    Name":"default","serviceAccount":"default","securityContext":{},"imagePullSecrets":[{"name
    ":"pullsecret"}]},"status":{"phase":"Pending","conditions":[{"type":"PodScheduled","status
    ":"False","lastProbeTime":null,"lastTransitionTime":"2017-01-11T05:50:21Z","reason":"Unsch
    edulable"}]}}]}}
Notify: Saving Parameter "ResponseBody = true".	[MsgId: MMSG-13798]
HTML parsing not performed for Content-Type "application/json" ("ParseHtmlContentType" Run-Time Setting is "TEXT"). URL="http://ppe.naturecloud.io:88/apiApplication/getPodStatus"  	[MsgId: MMSG-26548]
Notify: Message id [-13798] was not saved - Auto Log cache is too small to contain the message.	[MsgId: MMSG-10547]
web_custom_request("getPodStatus01") was successful, 3817 body bytes, 254 header bytes  	[MsgId: MMSG-26386]
Notify: Parameter Substitution: parameter "ResponseBody" =  "true"	[MsgId: MMSG-13992]
Notify: Message id [-13992] was not saved - Auto Log cache is too small to contain the message.	[MsgId: MMSG-10547]
Message id [-17999] was not saved - Auto Log cache is too small to contain the message.	[MsgId: MMSG-10547]
Error: error:null;reson:null	[MsgId: MERR-17999]
Error: error:null;reson:null	[MsgId: MERR-17999]
End auto log messages stack.	[MsgId: MMSG-10544]


Start auto log messages stack - Iteration 14.	[MsgId: MMSG-10545]
    Name":"default","serviceAccount":"default","securityContext":{},"imagePullSecrets":[{"name
    ":"pullsecret"}]},"status":{"phase":"Pending","conditions":[{"type":"PodScheduled","status
    ":"False","lastProbeTime":null,"lastTransitionTime":"2017-01-11T05:50:27Z","reason":"Unsch
    edulable"}]}}]}}
Notify: Saving Parameter "ResponseBody = true".	[MsgId: MMSG-13798]
HTML parsing not performed for Content-Type "application/json" ("ParseHtmlContentType" Run-Time Setting is "TEXT"). URL="http://ppe.naturecloud.io:88/apiApplication/getPodStatus"  	[MsgId: MMSG-26548]
Notify: Message id [-13798] was not saved - Auto Log cache is too small to contain the message.	[MsgId: MMSG-10547]
web_custom_request("getPodStatus01") was successful, 3817 body bytes, 254 header bytes  	[MsgId: MMSG-26386]
Notify: Parameter Substitution: parameter "ResponseBody" =  "true"	[MsgId: MMSG-13992]
Notify: Message id [-13992] was not saved - Auto Log cache is too small to contain the message.	[MsgId: MMSG-10547]
Message id [-17999] was not saved - Auto Log cache is too small to contain the message.	[MsgId: MMSG-10547]
Error: error:null;reson:null	[MsgId: MERR-17999]
Error: error:null;reson:null	[MsgId: MERR-17999]
End auto log messages stack.	[MsgId: MMSG-10544]


Start auto log messages stack - Iteration 14.	[MsgId: MMSG-10545]
    Name":"default","serviceAccount":"default","securityContext":{},"imagePullSecrets":[{"name
    ":"pullsecret"}]},"status":{"phase":"Pending","conditions":[{"type":"PodScheduled","status
    ":"False","lastProbeTime":null,"lastTransitionTime":"2017-01-11T05:50:36Z","reason":"Unsch
    edulable"}]}}]}}
Notify: Saving Parameter "ResponseBody = true".	[MsgId: MMSG-13798]
HTML parsing not performed for Content-Type "application/json" ("ParseHtmlContentType" Run-Time Setting is "TEXT"). URL="http://ppe.naturecloud.io:88/apiApplication/getPodStatus"  	[MsgId: MMSG-26548]
Notify: Message id [-13798] was not saved - Auto Log cache is too small to contain the message.	[MsgId: MMSG-10547]
web_custom_request("getPodStatus01") was successful, 3817 body bytes, 254 header bytes  	[MsgId: MMSG-26386]
Notify: Parameter Substitution: parameter "ResponseBody" =  "true"	[MsgId: MMSG-13992]
Notify: Message id [-13992] was not saved - Auto Log cache is too small to contain the message.	[MsgId: MMSG-10547]
Message id [-17999] was not saved - Auto Log cache is too small to contain the message.	[MsgId: MMSG-10547]
Error: error:null;reson:null	[MsgId: MERR-17999]
Error: error:null;reson:null	[MsgId: MERR-17999]
End auto log messages stack.	[MsgId: MMSG-10544]


Start auto log messages stack - Iteration 13.	[MsgId: MMSG-10545]
    "image":"prod.internal.naturecloud.io/library/nginx:1.9.14-alpine","imageID":"docker://sha
    256:1bb49f0e0b5f983b49c5eb2d1feef9512de9fbe2c3ce0360d9a1f1b9e5713582","containerID":"docke
    r://39949f6495d8084019c53f0f0c0c87289f54e9759d6a5543a0958be6d2a3d854"}]}}]}}
Notify: Saving Parameter "ResponseBody = true".	[MsgId: MMSG-13798]
HTML parsing not performed for Content-Type "application/json" ("ParseHtmlContentType" Run-Time Setting is "TEXT"). URL="http://ppe.naturecloud.io:88/apiApplication/getPodStatus"  	[MsgId: MMSG-26548]
Notify: Message id [-13798] was not saved - Auto Log cache is too small to contain the message.	[MsgId: MMSG-10547]
web_custom_request("getPodStatus01") was successful, 4507 body bytes, 255 header bytes  	[MsgId: MMSG-26386]
Notify: Parameter Substitution: parameter "ResponseBody" =  "true"	[MsgId: MMSG-13992]
Notify: Message id [-13992] was not saved - Auto Log cache is too small to contain the message.	[MsgId: MMSG-10547]
Message id [-17999] was not saved - Auto Log cache is too small to contain the message.	[MsgId: MMSG-10547]
Error: error:null;reson:null	[MsgId: MERR-17999]
End auto log messages stack.	[MsgId: MMSG-10544]


Start auto log messages stack - Iteration 15.	[MsgId: MMSG-10545]
    Name":"default","serviceAccount":"default","securityContext":{},"imagePullSecrets":[{"name
    ":"pullsecret"}]},"status":{"phase":"Pending","conditions":[{"type":"PodScheduled","status
    ":"False","lastProbeTime":null,"lastTransitionTime":"2017-01-11T05:51:06Z","reason":"Unsch
    edulable"}]}}]}}
Notify: Saving Parameter "ResponseBody = true".	[MsgId: MMSG-13798]
HTML parsing not performed for Content-Type "application/json" ("ParseHtmlContentType" Run-Time Setting is "TEXT"). URL="http://ppe.naturecloud.io:88/apiApplication/getPodStatus"  	[MsgId: MMSG-26548]
Notify: Message id [-13798] was not saved - Auto Log cache is too small to contain the message.	[MsgId: MMSG-10547]
web_custom_request("getPodStatus01") was successful, 3817 body bytes, 254 header bytes  	[MsgId: MMSG-26386]
Notify: Parameter Substitution: parameter "ResponseBody" =  "true"	[MsgId: MMSG-13992]
Notify: Message id [-13992] was not saved - Auto Log cache is too small to contain the message.	[MsgId: MMSG-10547]
Message id [-17999] was not saved - Auto Log cache is too small to contain the message.	[MsgId: MMSG-10547]
Error: error:null;reson:null	[MsgId: MERR-17999]
Error: error:null;reson:null	[MsgId: MERR-17999]
End auto log messages stack.	[MsgId: MMSG-10544]


Start auto log messages stack - Iteration 15.	[MsgId: MMSG-10545]
    Name":"default","serviceAccount":"default","securityContext":{},"imagePullSecrets":[{"name
    ":"pullsecret"}]},"status":{"phase":"Pending","conditions":[{"type":"PodScheduled","status
    ":"False","lastProbeTime":null,"lastTransitionTime":"2017-01-11T05:51:17Z","reason":"Unsch
    edulable"}]}}]}}
Notify: Saving Parameter "ResponseBody = true".	[MsgId: MMSG-13798]
HTML parsing not performed for Content-Type "application/json" ("ParseHtmlContentType" Run-Time Setting is "TEXT"). URL="http://ppe.naturecloud.io:88/apiApplication/getPodStatus"  	[MsgId: MMSG-26548]
Notify: Message id [-13798] was not saved - Auto Log cache is too small to contain the message.	[MsgId: MMSG-10547]
web_custom_request("getPodStatus01") was successful, 3817 body bytes, 254 header bytes  	[MsgId: MMSG-26386]
Notify: Parameter Substitution: parameter "ResponseBody" =  "true"	[MsgId: MMSG-13992]
Notify: Message id [-13992] was not saved - Auto Log cache is too small to contain the message.	[MsgId: MMSG-10547]
Message id [-17999] was not saved - Auto Log cache is too small to contain the message.	[MsgId: MMSG-10547]
Error: error:null;reson:null	[MsgId: MERR-17999]
Error: error:null;reson:null	[MsgId: MERR-17999]
End auto log messages stack.	[MsgId: MMSG-10544]


Start auto log messages stack - Iteration 14.	[MsgId: MMSG-10545]
    Name":"default","serviceAccount":"default","securityContext":{},"imagePullSecrets":[{"name
    ":"pullsecret"}]},"status":{"phase":"Pending","conditions":[{"type":"PodScheduled","status
    ":"False","lastProbeTime":null,"lastTransitionTime":"2017-01-11T05:51:41Z","reason":"Unsch
    edulable"}]}}]}}
Notify: Saving Parameter "ResponseBody = true".	[MsgId: MMSG-13798]
HTML parsing not performed for Content-Type "application/json" ("ParseHtmlContentType" Run-Time Setting is "TEXT"). URL="http://ppe.naturecloud.io:88/apiApplication/getPodStatus"  	[MsgId: MMSG-26548]
Notify: Message id [-13798] was not saved - Auto Log cache is too small to contain the message.	[MsgId: MMSG-10547]
web_custom_request("getPodStatus01") was successful, 3817 body bytes, 254 header bytes  	[MsgId: MMSG-26386]
Notify: Parameter Substitution: parameter "ResponseBody" =  "true"	[MsgId: MMSG-13992]
Notify: Message id [-13992] was not saved - Auto Log cache is too small to contain the message.	[MsgId: MMSG-10547]
Message id [-17999] was not saved - Auto Log cache is too small to contain the message.	[MsgId: MMSG-10547]
Error: error:null;reson:null	[MsgId: MERR-17999]
Error: error:null;reson:null	[MsgId: MERR-17999]
End auto log messages stack.	[MsgId: MMSG-10544]


Start auto log messages stack - Iteration 16.	[MsgId: MMSG-10545]
    Name":"default","serviceAccount":"default","securityContext":{},"imagePullSecrets":[{"name
    ":"pullsecret"}]},"status":{"phase":"Pending","conditions":[{"type":"PodScheduled","status
    ":"False","lastProbeTime":null,"lastTransitionTime":"2017-01-11T05:51:46Z","reason":"Unsch
    edulable"}]}}]}}
Notify: Saving Parameter "ResponseBody = true".	[MsgId: MMSG-13798]
HTML parsing not performed for Content-Type "application/json" ("ParseHtmlContentType" Run-Time Setting is "TEXT"). URL="http://ppe.naturecloud.io:88/apiApplication/getPodStatus"  	[MsgId: MMSG-26548]
Notify: Message id [-13798] was not saved - Auto Log cache is too small to contain the message.	[MsgId: MMSG-10547]
web_custom_request("getPodStatus01") was successful, 3817 body bytes, 254 header bytes  	[MsgId: MMSG-26386]
Notify: Parameter Substitution: parameter "ResponseBody" =  "true"	[MsgId: MMSG-13992]
Notify: Message id [-13992] was not saved - Auto Log cache is too small to contain the message.	[MsgId: MMSG-10547]
Message id [-17999] was not saved - Auto Log cache is too small to contain the message.	[MsgId: MMSG-10547]
Error: error:null;reson:null	[MsgId: MERR-17999]
Error: error:null;reson:null	[MsgId: MERR-17999]
End auto log messages stack.	[MsgId: MMSG-10544]


Start auto log messages stack - Iteration 16.	[MsgId: MMSG-10545]
    Name":"default","serviceAccount":"default","securityContext":{},"imagePullSecrets":[{"name
    ":"pullsecret"}]},"status":{"phase":"Pending","conditions":[{"type":"PodScheduled","status
    ":"False","lastProbeTime":null,"lastTransitionTime":"2017-01-11T05:51:57Z","reason":"Unsch
    edulable"}]}}]}}
Notify: Saving Parameter "ResponseBody = true".	[MsgId: MMSG-13798]
HTML parsing not performed for Content-Type "application/json" ("ParseHtmlContentType" Run-Time Setting is "TEXT"). URL="http://ppe.naturecloud.io:88/apiApplication/getPodStatus"  	[MsgId: MMSG-26548]
Notify: Message id [-13798] was not saved - Auto Log cache is too small to contain the message.	[MsgId: MMSG-10547]
web_custom_request("getPodStatus01") was successful, 3817 body bytes, 254 header bytes  	[MsgId: MMSG-26386]
Notify: Parameter Substitution: parameter "ResponseBody" =  "true"	[MsgId: MMSG-13992]
Notify: Message id [-13992] was not saved - Auto Log cache is too small to contain the message.	[MsgId: MMSG-10547]
Message id [-17999] was not saved - Auto Log cache is too small to contain the message.	[MsgId: MMSG-10547]
Error: error:null;reson:null	[MsgId: MERR-17999]
Error: error:null;reson:null	[MsgId: MERR-17999]
End auto log messages stack.	[MsgId: MMSG-10544]


Start auto log messages stack - Iteration 15.	[MsgId: MMSG-10545]
    Name":"default","serviceAccount":"default","securityContext":{},"imagePullSecrets":[{"name
    ":"pullsecret"}]},"status":{"phase":"Pending","conditions":[{"type":"PodScheduled","status
    ":"False","lastProbeTime":null,"lastTransitionTime":"2017-01-11T05:52:21Z","reason":"Unsch
    edulable"}]}}]}}
Notify: Saving Parameter "ResponseBody = true".	[MsgId: MMSG-13798]
HTML parsing not performed for Content-Type "application/json" ("ParseHtmlContentType" Run-Time Setting is "TEXT"). URL="http://ppe.naturecloud.io:88/apiApplication/getPodStatus"  	[MsgId: MMSG-26548]
Notify: Message id [-13798] was not saved - Auto Log cache is too small to contain the message.	[MsgId: MMSG-10547]
web_custom_request("getPodStatus01") was successful, 3817 body bytes, 254 header bytes  	[MsgId: MMSG-26386]
Notify: Parameter Substitution: parameter "ResponseBody" =  "true"	[MsgId: MMSG-13992]
Notify: Message id [-13992] was not saved - Auto Log cache is too small to contain the message.	[MsgId: MMSG-10547]
Message id [-17999] was not saved - Auto Log cache is too small to contain the message.	[MsgId: MMSG-10547]
Error: error:null;reson:null	[MsgId: MERR-17999]
Error: error:null;reson:null	[MsgId: MERR-17999]
End auto log messages stack.	[MsgId: MMSG-10544]


Start auto log messages stack - Iteration 17.	[MsgId: MMSG-10545]
    Name":"default","serviceAccount":"default","securityContext":{},"imagePullSecrets":[{"name
    ":"pullsecret"}]},"status":{"phase":"Pending","conditions":[{"type":"PodScheduled","status
    ":"False","lastProbeTime":null,"lastTransitionTime":"2017-01-11T05:52:27Z","reason":"Unsch
    edulable"}]}}]}}
Notify: Saving Parameter "ResponseBody = true".	[MsgId: MMSG-13798]
HTML parsing not performed for Content-Type "application/json" ("ParseHtmlContentType" Run-Time Setting is "TEXT"). URL="http://ppe.naturecloud.io:88/apiApplication/getPodStatus"  	[MsgId: MMSG-26548]
Notify: Message id [-13798] was not saved - Auto Log cache is too small to contain the message.	[MsgId: MMSG-10547]
web_custom_request("getPodStatus01") was successful, 3817 body bytes, 254 header bytes  	[MsgId: MMSG-26386]
Notify: Parameter Substitution: parameter "ResponseBody" =  "true"	[MsgId: MMSG-13992]
Notify: Message id [-13992] was not saved - Auto Log cache is too small to contain the message.	[MsgId: MMSG-10547]
Message id [-17999] was not saved - Auto Log cache is too small to contain the message.	[MsgId: MMSG-10547]
Error: error:null;reson:null	[MsgId: MERR-17999]
Error: error:null;reson:null	[MsgId: MERR-17999]
End auto log messages stack.	[MsgId: MMSG-10544]


Start auto log messages stack - Iteration 18.	[MsgId: MMSG-10545]
    Server: nginx/1.8.0\r\n
    Date: Wed, 11 Jan 2017 05:53:07 GMT\r\n
    Content-Type: application/json; charset=utf-8\r\n
    Content-Length: 2\r\n
    Connection: keep-alive\r\n
    X-Powered-By: Express\r\n
    ETag: W/"2-mZFLkyvTelC5g8XnyQrpOw"\r\n
    Vary: Accept-Encoding\r\n
    \r\n
t=714186ms: 2-byte response body for "http://ppe.naturecloud.io:88/apiApplication/createApplication" (RelFrameId=1, Internal ID=53)
    {}
HTML parsing not performed for Content-Type "application/json" ("ParseHtmlContentType" Run-Time Setting is "TEXT"). URL="http://ppe.naturecloud.io:88/apiApplication/createApplication"  	[MsgId: MMSG-26548]
Notify: Saving Parameter "ResponseBodying = {}".	[MsgId: MMSG-13798]
Error -26377: No match found for the requested parameter "ResponseBody". Either the specified boundaries were not found in the response or the matched text is longer than current max html parameter size of 2048 bytes. The total length of the response is 2 bytes. You can use "web_set_max_html_param_len" to increase the max parameter size.  	[MsgId: MERR-26377]
End auto log messages stack.	[MsgId: MMSG-10544]


Start auto log messages stack - Iteration 17.	[MsgId: MMSG-10545]
    Name":"default","serviceAccount":"default","securityContext":{},"imagePullSecrets":[{"name
    ":"pullsecret"}]},"status":{"phase":"Pending","conditions":[{"type":"PodScheduled","status
    ":"False","lastProbeTime":null,"lastTransitionTime":"2017-01-11T05:52:37Z","reason":"Unsch
    edulable"}]}}]}}
Notify: Saving Parameter "ResponseBody = true".	[MsgId: MMSG-13798]
HTML parsing not performed for Content-Type "application/json" ("ParseHtmlContentType" Run-Time Setting is "TEXT"). URL="http://ppe.naturecloud.io:88/apiApplication/getPodStatus"  	[MsgId: MMSG-26548]
Notify: Message id [-13798] was not saved - Auto Log cache is too small to contain the message.	[MsgId: MMSG-10547]
web_custom_request("getPodStatus01") was successful, 3817 body bytes, 254 header bytes  	[MsgId: MMSG-26386]
Notify: Parameter Substitution: parameter "ResponseBody" =  "true"	[MsgId: MMSG-13992]
Notify: Message id [-13992] was not saved - Auto Log cache is too small to contain the message.	[MsgId: MMSG-10547]
Message id [-17999] was not saved - Auto Log cache is too small to contain the message.	[MsgId: MMSG-10547]
Error: error:null;reson:null	[MsgId: MERR-17999]
Error: error:null;reson:null	[MsgId: MERR-17999]
End auto log messages stack.	[MsgId: MMSG-10544]


Start auto log messages stack - Iteration 18.	[MsgId: MMSG-10545]
    Server: nginx/1.8.0\r\n
    Date: Wed, 11 Jan 2017 05:53:17 GMT\r\n
    Content-Type: application/json; charset=utf-8\r\n
    Content-Length: 2\r\n
    Connection: keep-alive\r\n
    X-Powered-By: Express\r\n
    ETag: W/"2-mZFLkyvTelC5g8XnyQrpOw"\r\n
    Vary: Accept-Encoding\r\n
    \r\n
t=724485ms: 2-byte response body for "http://ppe.naturecloud.io:88/apiApplication/createApplication" (RelFrameId=1, Internal ID=53)
    {}
HTML parsing not performed for Content-Type "application/json" ("ParseHtmlContentType" Run-Time Setting is "TEXT"). URL="http://ppe.naturecloud.io:88/apiApplication/createApplication"  	[MsgId: MMSG-26548]
Notify: Saving Parameter "ResponseBodying = {}".	[MsgId: MMSG-13798]
Error -26377: No match found for the requested parameter "ResponseBody". Either the specified boundaries were not found in the response or the matched text is longer than current max html parameter size of 2048 bytes. The total length of the response is 2 bytes. You can use "web_set_max_html_param_len" to increase the max parameter size.  	[MsgId: MERR-26377]
End auto log messages stack.	[MsgId: MMSG-10544]


Start auto log messages stack - Iteration 16.	[MsgId: MMSG-10545]
    Name":"default","serviceAccount":"default","securityContext":{},"imagePullSecrets":[{"name
    ":"pullsecret"}]},"status":{"phase":"Pending","conditions":[{"type":"PodScheduled","status
    ":"False","lastProbeTime":null,"lastTransitionTime":"2017-01-11T05:53:01Z","reason":"Unsch
    edulable"}]}}]}}
Notify: Saving Parameter "ResponseBody = true".	[MsgId: MMSG-13798]
HTML parsing not performed for Content-Type "application/json" ("ParseHtmlContentType" Run-Time Setting is "TEXT"). URL="http://ppe.naturecloud.io:88/apiApplication/getPodStatus"  	[MsgId: MMSG-26548]
Notify: Message id [-13798] was not saved - Auto Log cache is too small to contain the message.	[MsgId: MMSG-10547]
web_custom_request("getPodStatus01") was successful, 3817 body bytes, 254 header bytes  	[MsgId: MMSG-26386]
Notify: Parameter Substitution: parameter "ResponseBody" =  "true"	[MsgId: MMSG-13992]
Notify: Message id [-13992] was not saved - Auto Log cache is too small to contain the message.	[MsgId: MMSG-10547]
Message id [-17999] was not saved - Auto Log cache is too small to contain the message.	[MsgId: MMSG-10547]
Error: error:null;reson:null	[MsgId: MERR-17999]
Error: error:null;reson:null	[MsgId: MERR-17999]
End auto log messages stack.	[MsgId: MMSG-10544]


Start auto log messages stack - Iteration 17.	[MsgId: MMSG-10545]
    Name":"default","serviceAccount":"default","securityContext":{},"imagePullSecrets":[{"name
    ":"pullsecret"}]},"status":{"phase":"Pending","conditions":[{"type":"PodScheduled","status
    ":"False","lastProbeTime":null,"lastTransitionTime":"2017-01-11T05:53:42Z","reason":"Unsch
    edulable"}]}}]}}
Notify: Saving Parameter "ResponseBody = true".	[MsgId: MMSG-13798]
HTML parsing not performed for Content-Type "application/json" ("ParseHtmlContentType" Run-Time Setting is "TEXT"). URL="http://ppe.naturecloud.io:88/apiApplication/getPodStatus"  	[MsgId: MMSG-26548]
Notify: Message id [-13798] was not saved - Auto Log cache is too small to contain the message.	[MsgId: MMSG-10547]
web_custom_request("getPodStatus01") was successful, 3817 body bytes, 254 header bytes  	[MsgId: MMSG-26386]
Notify: Parameter Substitution: parameter "ResponseBody" =  "true"	[MsgId: MMSG-13992]
Notify: Message id [-13992] was not saved - Auto Log cache is too small to contain the message.	[MsgId: MMSG-10547]
Message id [-17999] was not saved - Auto Log cache is too small to contain the message.	[MsgId: MMSG-10547]
Error: error:null;reson:null	[MsgId: MERR-17999]
Error: error:null;reson:null	[MsgId: MERR-17999]
End auto log messages stack.	[MsgId: MMSG-10544]


Start auto log messages stack - Iteration 18.	[MsgId: MMSG-10545]
    Server: nginx/1.8.0\r\n
    Date: Wed, 11 Jan 2017 05:54:22 GMT\r\n
    Content-Type: application/json; charset=utf-8\r\n
    Content-Length: 2\r\n
    Connection: keep-alive\r\n
    X-Powered-By: Express\r\n
    ETag: W/"2-mZFLkyvTelC5g8XnyQrpOw"\r\n
    Vary: Accept-Encoding\r\n
    \r\n
t=789670ms: 2-byte response body for "http://ppe.naturecloud.io:88/apiApplication/createApplication" (RelFrameId=1, Internal ID=58)
    {}
HTML parsing not performed for Content-Type "application/json" ("ParseHtmlContentType" Run-Time Setting is "TEXT"). URL="http://ppe.naturecloud.io:88/apiApplication/createApplication"  	[MsgId: MMSG-26548]
Notify: Saving Parameter "ResponseBodying = {}".	[MsgId: MMSG-13798]
Error -26377: No match found for the requested parameter "ResponseBody". Either the specified boundaries were not found in the response or the matched text is longer than current max html parameter size of 2048 bytes. The total length of the response is 2 bytes. You can use "web_set_max_html_param_len" to increase the max parameter size.  	[MsgId: MERR-26377]
End auto log messages stack.	[MsgId: MMSG-10544]


