Notify: Found jdk version: 1.6.0.
Notify: classpath=C:\naturecloud\lb_scripts_new\java\noStore\ScaleService\scaleService_extend\;c:\program files (x86)\hp\loadrunner\classes\srv;c:\program files (x86)\hp\loadrunner\classes;;C:\naturecloud\lb_scripts_new\lib\gson-2.8.0.jar;C:\naturecloud\lb_scripts_new\lib\commons-net-3.5.jar;;;c:\program files (x86)\hp\loadrunner\lib\xstream-1.4.8.jar;c:\program files (x86)\hp\loadrunner\lib\xpp3-1.1.4c.jar
Notify: Path=c:\jdk1.6.0_45\jre\bin\client;C:\Program Files (x86)\HP\LoadRunner\bin\NativeBinaries\x86;C:\Program Files (x86)\HP\LoadRunner\Bin;C:\Program Files (x86)\HP\LoadRunner\Bin\tulip\bin;C:\PROGRA~2\HP\LOADRU~1\bin;C:\Windows\system32;C:\Windows;C:\Windows\System32\Wbem;C:\Windows\System32\WindowsPowerShell\v1.0\;C:\Program Files\TortoiseGit\bin;c:\jdk1.6.0_45\bin;C:\jdk1.6.0_45\jre\bin;C:\Program Files (x86)\HP\LoadRunner\strawberry-perl\perl\bin
Notify: VM Params: .
Virtual User Script started at : 2017/1/12 10:34:07
Starting action vuser_init.
Warning! Web support not loaded: check Java-Interpreter -> UtilityExt property in mdrv.dat file
web_custom_request("authenticate") started  	[MsgId: MMSG-26355]
web_custom_request("authenticate") was successful, 256 body bytes, 680 header bytes  	[MsgId: MMSG-26386]
Ending action vuser_init.
Running Vuser...
Starting iteration 1.
Warning -27077: The "vuser_init" section contains web function(s) when the "Simulate a new user on each iteration" Run-Time Setting is ON.  This may produce unpredictable results with multiple iterations  	[MsgId: MWAR-27077]
Maximum number of concurrent connections per server: 4  	[MsgId: MMSG-26989]
Starting action Actions.
Notify: Transaction "scaleservice" set.
web_set_max_html_param_len started  	[MsgId: MMSG-26355]
web_set_max_html_param_len was successful  	[MsgId: MMSG-26392]
web_reg_save_param started  	[MsgId: MMSG-26355]
Registering web_reg_save_param was successful  	[MsgId: MMSG-26390]
web_reg_save_param started  	[MsgId: MMSG-26355]
Registering web_reg_save_param was successful  	[MsgId: MMSG-26390]
[DEBUG]createservice
[DEBUG]URL=http://{url}/apiApplication/createApplication
[DEBUG]options:
[DEBUG]Method=POST
[DEBUG]Resource=0
[DEBUG]RecContentType=text/html
[DEBUG]Snapshot=t11.inf
[DEBUG]Mode=HTML
[DEBUG]Referer=http://ppe.naturecloud.io:88/cp/service
[DEBUG]EncType=application/json;charset=UTF-8
[DEBUG]Body={"app":"{serviceName}","rcnum":1,"ver":"1.9.14-alpine","node":{"image":"prod.internal.naturecloud.io/library/nginx:1.9.14-alpine","imageshortname":"nginx","isMarket":true,"ports":[],"env":[],"clusterId":"default","cpu_shares":"0","mem_limit":"0Mi","volumes":[]}}
[DEBUG]LAST
web_custom_request("createservice") started  	[MsgId: MMSG-26355]
HTML parsing not performed for Content-Type "application/json" ("ParseHtmlContentType" Run-Time Setting is "TEXT"). URL="http://ppe.naturecloud.io:88/apiApplication/createApplication"  	[MsgId: MMSG-26548]
web_custom_request("createservice") was successful, 37 body bytes, 251 header bytes  	[MsgId: MMSG-26386]
System.out: {"ret":true,"error":null,"data":null}                                                                                                                                                      Notify:
System.out: true                                                                                                                                                      Notify:
System.out: order:{0}                                                                                                                                                      Notify:
web_set_max_html_param_len started  	[MsgId: MMSG-26355]
web_set_max_html_param_len was successful  	[MsgId: MMSG-26392]
web_reg_save_param started  	[MsgId: MMSG-26355]
Registering web_reg_save_param was successful  	[MsgId: MMSG-26390]
web_reg_save_param started  	[MsgId: MMSG-26355]
Registering web_reg_save_param was successful  	[MsgId: MMSG-26390]
[DEBUG]getPodStatus00
[DEBUG]URL=http://{url}/apiApplication/getPodStatus
[DEBUG]options:
[DEBUG]Method=POST
[DEBUG]Resource=0
[DEBUG]RecContentType=text/html
[DEBUG]Snapshot=t11.inf
[DEBUG]Mode=HTML
[DEBUG]Referer=http://ppe.naturecloud.io:88/cp/service
[DEBUG]EncType=application/json;charset=UTF-8
[DEBUG]Body={"app":"{serviceName}","rcnum":1,"ver":"1.9.14-alpine","node":{"image":"prod.internal.naturecloud.io/library/nginx:1.9.14-alpine","imageshortname":"nginx","isMarket":true,"ports":[],"env":[],"clusterId":"default","cpu_shares":"0","mem_limit":"0Mi","volumes":[],"secret":"a2lkZmFuanVuOjFxYXp4c3cy"},"username":"kidfanjun","id":"{serviceName}","service":{"kind":"Service","apiVersion":"v1","metadata":{"name":"{serviceName}","labels":{"app":"{serviceName}"}},"spec":{"selector":{"app":"{serviceName}"},"type":"ClusterIP","ports":[{"name":"0","protocol":"TCP","port":22,"targetPort":22}]}},"totalStatue":"starting","rc":{"kind":"ReplicationController","apiVersion":"v1","metadata":{"name":"{serviceName}-v1.9.14-alpine","labels":{"app":"{serviceName}","version":"1.9.14-alpine"},"uid":"2cefb935-d42b-11e6-a878-00163e02bcc9"},"spec":{"replicas":1,"template":{"metadata":{"labels":{"app":"{serviceName}","version":"1.9.14-alpine"}},"spec":{"containers":[{"name":"{serviceName}","image":"prod.internal.naturecloud.io/library/nginx:1.9.14-alpine","imagePullPolicy":"Always","env":[],"resources":{"limits":{"cpu":"0m","memory":"0Mi"}},"ports":[],"volumeMounts":[]}],"imagePullSecrets":[{"name":"pullsecret"}],"restartPolicy":null,"terminationGracePeriodSeconds":5,"volumes":[]}}}},"_id":"586fc25ac016a0000e25cefb"}
[DEBUG]LAST
web_custom_request("getPodStatus00") started  	[MsgId: MMSG-26355]
HTML parsing not performed for Content-Type "application/json" ("ParseHtmlContentType" Run-Time Setting is "TEXT"). URL="http://ppe.naturecloud.io:88/apiApplication/getPodStatus"  	[MsgId: MMSG-26548]
web_custom_request("getPodStatus00") was successful, 2642 body bytes, 254 header bytes  	[MsgId: MMSG-26386]
System.out: {"ret":true,"error":null,"data":{"kind":"PodList","apiVersion":"v1","metadata":{"selfLink":"/api/v1/namespaces/kidfanjun/pods","resourceVersion":"9226604"},"items":[{"metadata":{"name":"serviceextend00-v1.9.14-alpine-sdrqr","generateName":"serviceextend00-v1.9.14-alpine-","namespace":"kidfanjun","selfLink":"/api/v1/namespaces/kidfanjun/pods/serviceextend00-v1.9.14-alpine-sdrqr","uid":"97ec1e6d-d86f-11e6-8cf0-00163e02bcc9","resourceVersion":"9226590","creationTimestamp":"2017-01-12T02:34:08Z","labels":{"app":"serviceextend00","version":"1.9.14-alpine"},"annotations":{"kubernetes.io/created-by":"{\"kind\":\"SerializedReference\",\"apiVersion\":\"v1\",\"reference\":{\"kind\":\"ReplicationController\",\"namespace\":\"kidfanjun\",\"name\":\"serviceextend00-v1.9.14-alpine\",\"uid\":\"97ea8696-d86f-11e6-8cf0-00163e02bcc9\",\"apiVersion\":\"v1\",\"resourceVersion\":\"9226571\"}}\n"},"ownerReferences":[{"apiVersion":"v1","kind":"ReplicationController","name":"serviceextend00-v1.9.14-alpine","uid":"97ea8696-d86f-11e6-8cf0-00163e02bcc9","controller":true}]},"spec":{"volumes":[{"name":"default-token-e0d8c","secret":{"secretName":"default-token-e0d8c","defaultMode":420}}],"containers":[{"name":"serviceextend00","image":"prod.internal.naturecloud.io/library/nginx:1.9.14-alpine","resources":{"limits":{"cpu":"0","memory":"0"},"requests":{"cpu":"0","memory":"0"}},"volumeMounts":[{"name":"default-token-e0d8c","readOnly":true,"mountPath":"/var/run/secrets/kubernetes.io/serviceaccount"}],"terminationMessagePath":"/dev/termination-log","imagePullPolicy":"Always"}],"restartPolicy":"Always","terminationGracePeriodSeconds":5,"dnsPolicy":"ClusterFirst","serviceAccountName":"default","serviceAccount":"default","nodeName":"192.168.10.5","securityContext":{},"imagePullSecrets":[{"name":"pullsecret"}]},"status":{"phase":"Running","conditions":[{"type":"Initialized","status":"True","lastProbeTime":null,"lastTransitionTime":"2017-01-12T02:34:08Z"},{"type":"Ready","status":"True","lastProbeTime":null,"lastTransitionTime":"2017-01-12T02:34:13Z"},{"type":"PodScheduled","status":"True","lastProbeTime":null,"lastTransitionTime":"2017-01-12T02:34:08Z"}],"hostIP":"192.168.10.5","podIP":"172.16.100.5","startTime":"2017-01-12T02:34:08Z","containerStatuses":[{"name":"serviceextend00","state":{"running":{"startedAt":"2017-01-12T02:34:12Z"}},"lastState":{},"ready":true,"restartCount":0,"image":"prod.internal.naturecloud.io/library/nginx:1.9.14-alpine","imageID":"docker://sha256:1bb49f0e0b5f983b49c5eb2d1feef9512de9fbe2c3ce0360d9a1f1b9e5713582","containerID":"docker://ca1a59072ff499718aa50787befcb137cadc4f610d002f305992bee8ed1e8870"}]}}]}}                                                                                                                                                      Notify:
System.out: order:{1}                                                                                                                                                      Notify:
web_set_max_html_param_len started  	[MsgId: MMSG-26355]
web_set_max_html_param_len was successful  	[MsgId: MMSG-26392]
web_reg_save_param started  	[MsgId: MMSG-26355]
Registering web_reg_save_param was successful  	[MsgId: MMSG-26390]
web_reg_save_param started  	[MsgId: MMSG-26355]
Registering web_reg_save_param was successful  	[MsgId: MMSG-26390]
[DEBUG]getPodStatus01
[DEBUG]URL=http://{url}/apiApplication/getPodStatus
[DEBUG]options:
[DEBUG]Method=POST
[DEBUG]Resource=0
[DEBUG]RecContentType=text/html
[DEBUG]Snapshot=t11.inf
[DEBUG]Mode=HTML
[DEBUG]Referer=http://ppe.naturecloud.io:88/cp/service
[DEBUG]EncType=application/json;charset=UTF-8
[DEBUG]Body={"app":"{serviceName}","rcnum":1,"ver":"1.9.14-alpine","node":{"image":"prod.internal.naturecloud.io/library/nginx:1.9.14-alpine","imageshortname":"nginx","isMarket":true,"ports":[],"env":[],"clusterId":"default","cpu_shares":"0","mem_limit":"0Mi","volumes":[],"secret":"a2lkZmFuanVuOjFxYXp4c3cy"},"username":"kidfanjun","id":"{serviceName}","service":{"kind":"Service","apiVersion":"v1","metadata":{"name":"{serviceName}","labels":{"app":"{serviceName}"}},"spec":{"selector":{"app":"{serviceName}"},"type":"ClusterIP","ports":[{"name":"0","protocol":"TCP","port":22,"targetPort":22}]}},"totalStatue":"starting","rc":{"kind":"ReplicationController","apiVersion":"v1","metadata":{"name":"{serviceName}-v1.9.14-alpine","labels":{"app":"{serviceName}","version":"1.9.14-alpine"},"uid":"2cefb935-d42b-11e6-a878-00163e02bcc9"},"spec":{"replicas":1,"template":{"metadata":{"labels":{"app":"{serviceName}","version":"1.9.14-alpine"}},"spec":{"containers":[{"name":"{serviceName}","image":"prod.internal.naturecloud.io/library/nginx:1.9.14-alpine","imagePullPolicy":"Always","env":[],"resources":{"limits":{"cpu":"0m","memory":"0Mi"}},"ports":[],"volumeMounts":[]}],"imagePullSecrets":[{"name":"pullsecret"}],"restartPolicy":null,"terminationGracePeriodSeconds":5,"volumes":[]}}}},"_id":"586fc25ac016a0000e25cefb"}
[DEBUG]LAST
web_custom_request("getPodStatus01") started  	[MsgId: MMSG-26355]
HTML parsing not performed for Content-Type "application/json" ("ParseHtmlContentType" Run-Time Setting is "TEXT"). URL="http://ppe.naturecloud.io:88/apiApplication/getPodStatus"  	[MsgId: MMSG-26548]
web_custom_request("getPodStatus01") was successful, 2642 body bytes, 254 header bytes  	[MsgId: MMSG-26386]
System.out: {"ret":true,"error":null,"data":{"kind":"PodList","apiVersion":"v1","metadata":{"selfLink":"/api/v1/namespaces/kidfanjun/pods","resourceVersion":"9226622"},"items":[{"metadata":{"name":"serviceextend00-v1.9.14-alpine-sdrqr","generateName":"serviceextend00-v1.9.14-alpine-","namespace":"kidfanjun","selfLink":"/api/v1/namespaces/kidfanjun/pods/serviceextend00-v1.9.14-alpine-sdrqr","uid":"97ec1e6d-d86f-11e6-8cf0-00163e02bcc9","resourceVersion":"9226590","creationTimestamp":"2017-01-12T02:34:08Z","labels":{"app":"serviceextend00","version":"1.9.14-alpine"},"annotations":{"kubernetes.io/created-by":"{\"kind\":\"SerializedReference\",\"apiVersion\":\"v1\",\"reference\":{\"kind\":\"ReplicationController\",\"namespace\":\"kidfanjun\",\"name\":\"serviceextend00-v1.9.14-alpine\",\"uid\":\"97ea8696-d86f-11e6-8cf0-00163e02bcc9\",\"apiVersion\":\"v1\",\"resourceVersion\":\"9226571\"}}\n"},"ownerReferences":[{"apiVersion":"v1","kind":"ReplicationController","name":"serviceextend00-v1.9.14-alpine","uid":"97ea8696-d86f-11e6-8cf0-00163e02bcc9","controller":true}]},"spec":{"volumes":[{"name":"default-token-e0d8c","secret":{"secretName":"default-token-e0d8c","defaultMode":420}}],"containers":[{"name":"serviceextend00","image":"prod.internal.naturecloud.io/library/nginx:1.9.14-alpine","resources":{"limits":{"cpu":"0","memory":"0"},"requests":{"cpu":"0","memory":"0"}},"volumeMounts":[{"name":"default-token-e0d8c","readOnly":true,"mountPath":"/var/run/secrets/kubernetes.io/serviceaccount"}],"terminationMessagePath":"/dev/termination-log","imagePullPolicy":"Always"}],"restartPolicy":"Always","terminationGracePeriodSeconds":5,"dnsPolicy":"ClusterFirst","serviceAccountName":"default","serviceAccount":"default","nodeName":"192.168.10.5","securityContext":{},"imagePullSecrets":[{"name":"pullsecret"}]},"status":{"phase":"Running","conditions":[{"type":"Initialized","status":"True","lastProbeTime":null,"lastTransitionTime":"2017-01-12T02:34:08Z"},{"type":"Ready","status":"True","lastProbeTime":null,"lastTransitionTime":"2017-01-12T02:34:13Z"},{"type":"PodScheduled","status":"True","lastProbeTime":null,"lastTransitionTime":"2017-01-12T02:34:08Z"}],"hostIP":"192.168.10.5","podIP":"172.16.100.5","startTime":"2017-01-12T02:34:08Z","containerStatuses":[{"name":"serviceextend00","state":{"running":{"startedAt":"2017-01-12T02:34:12Z"}},"lastState":{},"ready":true,"restartCount":0,"image":"prod.internal.naturecloud.io/library/nginx:1.9.14-alpine","imageID":"docker://sha256:1bb49f0e0b5f983b49c5eb2d1feef9512de9fbe2c3ce0360d9a1f1b9e5713582","containerID":"docker://ca1a59072ff499718aa50787befcb137cadc4f610d002f305992bee8ed1e8870"}]}}]}}                                                                                                                                                      Notify:
System.out: Running                                                                                                                                                      Notify:
System.out: itmes number is 1                                                                                                                                                      Notify:
System.out: order:{2}                                                                                                                                                      Notify:
web_set_max_html_param_len started  	[MsgId: MMSG-26355]
web_set_max_html_param_len was successful  	[MsgId: MMSG-26392]
web_reg_save_param started  	[MsgId: MMSG-26355]
Registering web_reg_save_param was successful  	[MsgId: MMSG-26390]
web_reg_save_param started  	[MsgId: MMSG-26355]
Registering web_reg_save_param was successful  	[MsgId: MMSG-26390]
[DEBUG]checkResourceQuotas
[DEBUG]URL=http://{url}/apiApplication/checkResourceQuotas
[DEBUG]options:
[DEBUG]Method=POST
[DEBUG]Resource=0
[DEBUG]RecContentType=text/html
[DEBUG]Snapshot=t11.inf
[DEBUG]Mode=HTML
[DEBUG]Referer=http://ppe.naturecloud.io:88/cp/service
[DEBUG]EncType=application/json;charset=UTF-8
[DEBUG]Body={"data":{"app":"{serviceName}","rcnum":1,"ver":"1.9.14-alpine","node":{"image":"prod.internal.naturecloud.io/library/nginx:1.9.14-alpine","imageshortname":"nginx","isMarket":true,"ports":[],"env":[],"clusterId":"default","cpu_shares":"0","mem_limit":"0Mi","volumes":[],"secret":"a2lkZmFuanVuOjFxYXp4c3cy"},"username":"kidfanjun","id":"{serviceName}","service":{"kind":"Service","apiVersion":"v1","metadata":{"name":"{serviceName}","labels":{"app":"{serviceName}"}},"spec":{"selector":{"app":"{serviceName}"},"type":"ClusterIP","ports":[{"name":"0","protocol":"TCP","port":22,"targetPort":22}]}},"totalStatue":"running","rc":{"kind":"ReplicationController","apiVersion":"v1","metadata":{"name":"{serviceName}-v1.9.14-alpine","labels":{"app":"{serviceName}","version":"1.9.14-alpine"},"uid":"2cefb935-d42b-11e6-a878-00163e02bcc9"},"spec":{"replicas":1,"template":{"metadata":{"labels":{"app":"{serviceName}","version":"1.9.14-alpine"}},"spec":{"containers":[{"name":"{serviceName}","image":"prod.internal.naturecloud.io/library/nginx:1.9.14-alpine","imagePullPolicy":"Always","env":[],"resources":{"limits":{"cpu":"0m","memory":"0Mi"}},"ports":[],"volumeMounts":[]}],"imagePullSecrets":[{"name":"pullsecret"}],"restartPolicy":null,"terminationGracePeriodSeconds":5,"volumes":[]}}}},"_id":"586fc25ac016a0000e25cefb"},"status":"running","replicas":2,"op":"modifyReplicas"}
[DEBUG]LAST
web_custom_request("checkResourceQuotas") started  	[MsgId: MMSG-26355]
HTML parsing not performed for Content-Type "application/json" ("ParseHtmlContentType" Run-Time Setting is "TEXT"). URL="http://ppe.naturecloud.io:88/apiApplication/checkResourceQuotas"  	[MsgId: MMSG-26548]
web_custom_request("checkResourceQuotas") was successful, 37 body bytes, 251 header bytes  	[MsgId: MMSG-26386]
System.out: {"ret":true,"error":null,"data":true}                                                                                                                                                      Notify:
System.out: order:{3}                                                                                                                                                      Notify:
web_set_max_html_param_len started  	[MsgId: MMSG-26355]
web_set_max_html_param_len was successful  	[MsgId: MMSG-26392]
web_reg_save_param started  	[MsgId: MMSG-26355]
Registering web_reg_save_param was successful  	[MsgId: MMSG-26390]
web_reg_save_param started  	[MsgId: MMSG-26355]
Registering web_reg_save_param was successful  	[MsgId: MMSG-26390]
[DEBUG]modifyRc
[DEBUG]URL=http://{url}/apiApplication/modifyRc
[DEBUG]options:
[DEBUG]Method=POST
[DEBUG]Resource=0
[DEBUG]RecContentType=text/html
[DEBUG]Snapshot=t11.inf
[DEBUG]Mode=HTML
[DEBUG]Referer=http://ppe.naturecloud.io:88/cp/service
[DEBUG]EncType=application/json;charset=UTF-8
[DEBUG]Body={"data":{"app":"{serviceName}","rcnum":1,"ver":"1.9.14-alpine","node":{"image":"prod.internal.naturecloud.io/library/nginx:1.9.14-alpine","imageshortname":"nginx","isMarket":true,"ports":[],"env":[],"clusterId":"default","cpu_shares":"0","mem_limit":"0Mi","volumes":[],"secret":"a2lkZmFuanVuOjFxYXp4c3cy"},"username":"kidfanjun","id":"{serviceName}","service":{"kind":"Service","apiVersion":"v1","metadata":{"name":"{serviceName}","labels":{"app":"{serviceName}"}},"spec":{"selector":{"app":"{serviceName}"},"type":"ClusterIP","ports":[{"name":"0","protocol":"TCP","port":22,"targetPort":22}]}},"totalStatue":"running","rc":{"kind":"ReplicationController","apiVersion":"v1","metadata":{"name":"{serviceName}-v1.9.14-alpine","labels":{"app":"{serviceName}","version":"1.9.14-alpine"},"uid":"2cefb935-d42b-11e6-a878-00163e02bcc9"},"spec":{"replicas":1,"template":{"metadata":{"labels":{"app":"{serviceName}","version":"1.9.14-alpine"}},"spec":{"containers":[{"name":"{serviceName}","image":"prod.internal.naturecloud.io/library/nginx:1.9.14-alpine","imagePullPolicy":"Always","env":[],"resources":{"limits":{"cpu":"0m","memory":"0Mi"}},"ports":[],"volumeMounts":[]}],"imagePullSecrets":[{"name":"pullsecret"}],"restartPolicy":null,"terminationGracePeriodSeconds":5,"volumes":[]}}}}},"status":"running","replicas":2,"op":"modifyReplicas","limitCheck":"yes"}
[DEBUG]LAST
web_custom_request("modifyRc") started  	[MsgId: MMSG-26355]
HTML parsing not performed for Content-Type "application/json" ("ParseHtmlContentType" Run-Time Setting is "TEXT"). URL="http://ppe.naturecloud.io:88/apiApplication/modifyRc"  	[MsgId: MMSG-26548]
web_custom_request("modifyRc") was successful, 1321 body bytes, 254 header bytes  	[MsgId: MMSG-26386]
System.out: {"ret":true,"error":"","data":{"app":"serviceextend00","rcnum":2,"ver":"1.9.14-alpine","node":{"image":"prod.internal.naturecloud.io/library/nginx:1.9.14-alpine","imageshortname":"nginx","isMarket":true,"ports":[],"env":[],"clusterId":"default","cpu_shares":"0","mem_limit":"0Mi","volumes":[],"secret":"a2lkZmFuanVuOjFxYXp4c3cy"},"username":"kidfanjun","id":"serviceextend00","service":{"kind":"Service","apiVersion":"v1","metadata":{"name":"serviceextend00","labels":{"app":"serviceextend00"}},"spec":{"selector":{"app":"serviceextend00"},"type":"ClusterIP","ports":[{"name":"0","protocol":"TCP","port":22,"targetPort":22}]}},"totalStatue":"running","rc":{"kind":"ReplicationController","apiVersion":"v1","metadata":{"name":"serviceextend00-v1.9.14-alpine","labels":{"app":"serviceextend00","version":"1.9.14-alpine"},"uid":"2cefb935-d42b-11e6-a878-00163e02bcc9"},"spec":{"replicas":2,"template":{"metadata":{"labels":{"app":"serviceextend00","version":"1.9.14-alpine"}},"spec":{"containers":[{"name":"serviceextend00","image":"prod.internal.naturecloud.io/library/nginx:1.9.14-alpine","imagePullPolicy":"Always","env":[],"resources":{"limits":{"cpu":"0m","memory":"0Mi"}},"ports":[],"volumeMounts":[]}],"imagePullSecrets":[{"name":"pullsecret"}],"restartPolicy":null,"terminationGracePeriodSeconds":5,"volumes":[]}}}}}}                                                                                                                                                      Notify:
System.out: modifyReplicas{"ret":true,"error":"","data":{"app":"serviceextend00","rcnum":2,"ver":"1.9.14-alpine","node":{"image":"prod.internal.naturecloud.io/library/nginx:1.9.14-alpine","imageshortname":"nginx","isMarket":true,"ports":[],"env":[],"clusterId":"default","cpu_shares":"0","mem_limit":"0Mi","volumes":[],"secret":"a2lkZmFuanVuOjFxYXp4c3cy"},"username":"kidfanjun","id":"serviceextend00","service":{"kind":"Service","apiVersion":"v1","metadata":{"name":"serviceextend00","labels":{"app":"serviceextend00"}},"spec":{"selector":{"app":"serviceextend00"},"type":"ClusterIP","ports":[{"name":"0","protocol":"TCP","port":22,"targetPort":22}]}},"totalStatue":"running","rc":{"kind":"ReplicationController","apiVersion":"v1","metadata":{"name":"serviceextend00-v1.9.14-alpine","labels":{"app":"serviceextend00","version":"1.9.14-alpine"},"uid":"2cefb935-d42b-11e6-a878-00163e02bcc9"},"spec":{"replicas":2,"template":{"metadata":{"labels":{"app":"serviceextend00","version":"1.9.14-alpine"}},"spec":{"containers":[{"name":"serviceextend00","image":"prod.internal.naturecloud.io/library/nginx:1.9.14-alpine","imagePullPolicy":"Always","env":[],"resources":{"limits":{"cpu":"0m","memory":"0Mi"}},"ports":[],"volumeMounts":[]}],"imagePullSecrets":[{"name":"pullsecret"}],"restartPolicy":null,"terminationGracePeriodSeconds":5,"volumes":[]}}}}}}                                                                                                                                                      Notify:
System.out: totalStatue isrunning                                                                                                                                                      Notify:
System.out: replicas is 2                                                                                                                                                      Notify:
System.out: order:{4}                                                                                                                                                      Notify:
web_set_max_html_param_len started  	[MsgId: MMSG-26355]
web_set_max_html_param_len was successful  	[MsgId: MMSG-26392]
web_reg_save_param started  	[MsgId: MMSG-26355]
Registering web_reg_save_param was successful  	[MsgId: MMSG-26390]
web_reg_save_param started  	[MsgId: MMSG-26355]
Registering web_reg_save_param was successful  	[MsgId: MMSG-26390]
[DEBUG]getPodStatus12
[DEBUG]URL=http://{url}/apiApplication/getPodStatus
[DEBUG]options:
[DEBUG]Method=POST
[DEBUG]Resource=0
[DEBUG]RecContentType=text/html
[DEBUG]Snapshot=t11.inf
[DEBUG]Mode=HTML
[DEBUG]Referer=http://ppe.naturecloud.io:88/cp/service
[DEBUG]EncType=application/json;charset=UTF-8
[DEBUG]Body={"app":"{serviceName}","rcnum":2,"ver":"1.9.14-alpine","node":{"image":"prod.internal.naturecloud.io/library/nginx:1.9.14-alpine","imageshortname":"nginx","isMarket":true,"ports":[],"env":[],"clusterId":"default","cpu_shares":"0","mem_limit":"0Mi","volumes":[],"secret":"a2lkZmFuanVuOjFxYXp4c3cy"},"username":"kidfanjun","id":"{serviceName}","service":{"kind":"Service","apiVersion":"v1","metadata":{"name":"{serviceName}","labels":{"app":"{serviceName}"}},"spec":{"selector":{"app":"{serviceName}"},"type":"ClusterIP","ports":[{"name":"0","protocol":"TCP","port":22,"targetPort":22}]}},"totalStatue":"scaling","rc":{"kind":"ReplicationController","apiVersion":"v1","metadata":{"name":"{serviceName}-v1.9.14-alpine","labels":{"app":"{serviceName}","version":"1.9.14-alpine"},"uid":"2cefb935-d42b-11e6-a878-00163e02bcc9"},"spec":{"replicas":2,"template":{"metadata":{"labels":{"app":"{serviceName}","version":"1.9.14-alpine"}},"spec":{"containers":[{"name":"{serviceName}","image":"prod.internal.naturecloud.io/library/nginx:1.9.14-alpine","imagePullPolicy":"Always","env":[],"resources":{"limits":{"cpu":"0m","memory":"0Mi"}},"ports":[],"volumeMounts":[]}],"imagePullSecrets":[{"name":"pullsecret"}],"restartPolicy":null,"terminationGracePeriodSeconds":5,"volumes":[]}}}},"_id":"586fc25ac016a0000e25cefb"}
[DEBUG]LAST
web_custom_request("getPodStatus12") started  	[MsgId: MMSG-26355]
HTML parsing not performed for Content-Type "application/json" ("ParseHtmlContentType" Run-Time Setting is "TEXT"). URL="http://ppe.naturecloud.io:88/apiApplication/getPodStatus"  	[MsgId: MMSG-26548]
web_custom_request("getPodStatus12") was successful, 5116 body bytes, 255 header bytes  	[MsgId: MMSG-26386]
System.out: {"ret":true,"error":null,"data":{"kind":"PodList","apiVersion":"v1","metadata":{"selfLink":"/api/v1/namespaces/kidfanjun/pods","resourceVersion":"9226691"},"items":[{"metadata":{"name":"serviceextend00-v1.9.14-alpine-sdrqr","generateName":"serviceextend00-v1.9.14-alpine-","namespace":"kidfanjun","selfLink":"/api/v1/namespaces/kidfanjun/pods/serviceextend00-v1.9.14-alpine-sdrqr","uid":"97ec1e6d-d86f-11e6-8cf0-00163e02bcc9","resourceVersion":"9226590","creationTimestamp":"2017-01-12T02:34:08Z","labels":{"app":"serviceextend00","version":"1.9.14-alpine"},"annotations":{"kubernetes.io/created-by":"{\"kind\":\"SerializedReference\",\"apiVersion\":\"v1\",\"reference\":{\"kind\":\"ReplicationController\",\"namespace\":\"kidfanjun\",\"name\":\"serviceextend00-v1.9.14-alpine\",\"uid\":\"97ea8696-d86f-11e6-8cf0-00163e02bcc9\",\"apiVersion\":\"v1\",\"resourceVersion\":\"9226571\"}}\n"},"ownerReferences":[{"apiVersion":"v1","kind":"ReplicationController","name":"serviceextend00-v1.9.14-alpine","uid":"97ea8696-d86f-11e6-8cf0-00163e02bcc9","controller":true}]},"spec":{"volumes":[{"name":"default-token-e0d8c","secret":{"secretName":"default-token-e0d8c","defaultMode":420}}],"containers":[{"name":"serviceextend00","image":"prod.internal.naturecloud.io/library/nginx:1.9.14-alpine","resources":{"limits":{"cpu":"0","memory":"0"},"requests":{"cpu":"0","memory":"0"}},"volumeMounts":[{"name":"default-token-e0d8c","readOnly":true,"mountPath":"/var/run/secrets/kubernetes.io/serviceaccount"}],"terminationMessagePath":"/dev/termination-log","imagePullPolicy":"Always"}],"restartPolicy":"Always","terminationGracePeriodSeconds":5,"dnsPolicy":"ClusterFirst","serviceAccountName":"default","serviceAccount":"default","nodeName":"192.168.10.5","securityContext":{},"imagePullSecrets":[{"name":"pullsecret"}]},"status":{"phase":"Running","conditions":[{"type":"Initialized","status":"True","lastProbeTime":null,"lastTransitionTime":"2017-01-12T02:34:08Z"},{"type":"Ready","status":"True","lastProbeTime":null,"lastTransitionTime":"2017-01-12T02:34:13Z"},{"type":"PodScheduled","status":"True","lastProbeTime":null,"lastTransitionTime":"2017-01-12T02:34:08Z"}],"hostIP":"192.168.10.5","podIP":"172.16.100.5","startTime":"2017-01-12T02:34:08Z","containerStatuses":[{"name":"serviceextend00","state":{"running":{"startedAt":"2017-01-12T02:34:12Z"}},"lastState":{},"ready":true,"restartCount":0,"image":"prod.internal.naturecloud.io/library/nginx:1.9.14-alpine","imageID":"docker://sha256:1bb49f0e0b5f983b49c5eb2d1feef9512de9fbe2c3ce0360d9a1f1b9e5713582","containerID":"docker://ca1a59072ff499718aa50787befcb137cadc4f610d002f305992bee8ed1e8870"}]}},{"metadata":{"name":"serviceextend00-v1.9.14-alpine-xp5xu","generateName":"serviceextend00-v1.9.14-alpine-","namespace":"kidfanjun","selfLink":"/api/v1/namespaces/kidfanjun/pods/serviceextend00-v1.9.14-alpine-xp5xu","uid":"bbdd3e67-d86f-11e6-8cf0-00163e02bcc9","resourceVersion":"9226677","creationTimestamp":"2017-01-12T02:35:08Z","labels":{"app":"serviceextend00","version":"1.9.14-alpine"},"annotations":{"kubernetes.io/created-by":"{\"kind\":\"SerializedReference\",\"apiVersion\":\"v1\",\"reference\":{\"kind\":\"ReplicationController\",\"namespace\":\"kidfanjun\",\"name\":\"serviceextend00-v1.9.14-alpine\",\"uid\":\"97ea8696-d86f-11e6-8cf0-00163e02bcc9\",\"apiVersion\":\"v1\",\"resourceVersion\":\"9226659\"}}\n"},"ownerReferences":[{"apiVersion":"v1","kind":"ReplicationController","name":"serviceextend00-v1.9.14-alpine","uid":"97ea8696-d86f-11e6-8cf0-00163e02bcc9","controller":true}]},"spec":{"volumes":[{"name":"default-token-e0d8c","secret":{"secretName":"default-token-e0d8c","defaultMode":420}}],"containers":[{"name":"serviceextend00","image":"prod.internal.naturecloud.io/library/nginx:1.9.14-alpine","resources":{"limits":{"cpu":"0","memory":"0"},"requests":{"cpu":"0","memory":"0"}},"volumeMounts":[{"name":"default-token-e0d8c","readOnly":true,"mountPath":"/var/run/secrets/kubernetes.io/serviceaccount"}],"terminationMessagePath":"/dev/termination-log","imagePullPolicy":"Always"}],"restartPolicy":"Always","terminationGracePeriodSeconds":5,"dnsPolicy":"ClusterFirst","serviceAccountName":"default","serviceAccount":"default","nodeName":"192.168.10.6","securityContext":{},"imagePullSecrets":[{"name":"pullsecret"}]},"status":{"phase":"Running","conditions":[{"type":"Initialized","status":"True","lastProbeTime":null,"lastTransitionTime":"2017-01-12T02:35:08Z"},{"type":"Ready","status":"True","lastProbeTime":null,"lastTransitionTime":"2017-01-12T02:35:13Z"},{"type":"PodScheduled","status":"True","lastProbeTime":null,"lastTransitionTime":"2017-01-12T02:35:08Z"}],"hostIP":"192.168.10.6","podIP":"172.16.83.6","startTime":"2017-01-12T02:35:08Z","containerStatuses":[{"name":"serviceextend00","state":{"running":{"startedAt":"2017-01-12T02:35:13Z"}},"lastState":{},"ready":true,"restartCount":0,"image":"prod.internal.naturecloud.io/library/nginx:1.9.14-alpine","imageID":"docker://sha256:1bb49f0e0b5f983b49c5eb2d1feef9512de9fbe2c3ce0360d9a1f1b9e5713582","containerID":"docker://80bc32adf062fa084f4bc1949e743a205c8e3971f435572c883e537405df862f"}]}}]}}                                                                                                                                                      Notify:
System.out: order:{5}                                                                                                                                                      Notify:
web_set_max_html_param_len started  	[MsgId: MMSG-26355]
web_set_max_html_param_len was successful  	[MsgId: MMSG-26392]
web_reg_save_param started  	[MsgId: MMSG-26355]
Registering web_reg_save_param was successful  	[MsgId: MMSG-26390]
web_reg_save_param started  	[MsgId: MMSG-26355]
Registering web_reg_save_param was successful  	[MsgId: MMSG-26390]
[DEBUG]getPodStatus02
[DEBUG]URL=http://{url}/apiApplication/getPodStatus
[DEBUG]options:
[DEBUG]Method=POST
[DEBUG]Resource=0
[DEBUG]RecContentType=text/html
[DEBUG]Snapshot=t11.inf
[DEBUG]Mode=HTML
[DEBUG]Referer=http://ppe.naturecloud.io:88/cp/service
[DEBUG]EncType=application/json;charset=UTF-8
[DEBUG]Body={"app":"{serviceName}","rcnum":2,"ver":"1.9.14-alpine","node":{"image":"prod.internal.naturecloud.io/library/nginx:1.9.14-alpine","imageshortname":"nginx","isMarket":true,"ports":[],"env":[],"clusterId":"default","cpu_shares":"0","mem_limit":"0Mi","volumes":[],"secret":"a2lkZmFuanVuOjFxYXp4c3cy"},"username":"kidfanjun","id":"{serviceName}","service":{"kind":"Service","apiVersion":"v1","metadata":{"name":"{serviceName}","labels":{"app":"{serviceName}"}},"spec":{"selector":{"app":"{serviceName}"},"type":"ClusterIP","ports":[{"name":"0","protocol":"TCP","port":22,"targetPort":22}]}},"totalStatue":"scaling","rc":{"kind":"ReplicationController","apiVersion":"v1","metadata":{"name":"{serviceName}-v1.9.14-alpine","labels":{"app":"{serviceName}","version":"1.9.14-alpine"},"uid":"2cefb935-d42b-11e6-a878-00163e02bcc9"},"spec":{"replicas":2,"template":{"metadata":{"labels":{"app":"{serviceName}","version":"1.9.14-alpine"}},"spec":{"containers":[{"name":"{serviceName}","image":"prod.internal.naturecloud.io/library/nginx:1.9.14-alpine","imagePullPolicy":"Always","env":[],"resources":{"limits":{"cpu":"0m","memory":"0Mi"}},"ports":[],"volumeMounts":[]}],"imagePullSecrets":[{"name":"pullsecret"}],"restartPolicy":null,"terminationGracePeriodSeconds":5,"volumes":[]}}}},"_id":"586fc25ac016a0000e25cefb"}
[DEBUG]LAST
web_custom_request("getPodStatus02") started  	[MsgId: MMSG-26355]
HTML parsing not performed for Content-Type "application/json" ("ParseHtmlContentType" Run-Time Setting is "TEXT"). URL="http://ppe.naturecloud.io:88/apiApplication/getPodStatus"  	[MsgId: MMSG-26548]
web_custom_request("getPodStatus02") was successful, 5116 body bytes, 255 header bytes  	[MsgId: MMSG-26386]
System.out: {"ret":true,"error":null,"data":{"kind":"PodList","apiVersion":"v1","metadata":{"selfLink":"/api/v1/namespaces/kidfanjun/pods","resourceVersion":"9226709"},"items":[{"metadata":{"name":"serviceextend00-v1.9.14-alpine-sdrqr","generateName":"serviceextend00-v1.9.14-alpine-","namespace":"kidfanjun","selfLink":"/api/v1/namespaces/kidfanjun/pods/serviceextend00-v1.9.14-alpine-sdrqr","uid":"97ec1e6d-d86f-11e6-8cf0-00163e02bcc9","resourceVersion":"9226590","creationTimestamp":"2017-01-12T02:34:08Z","labels":{"app":"serviceextend00","version":"1.9.14-alpine"},"annotations":{"kubernetes.io/created-by":"{\"kind\":\"SerializedReference\",\"apiVersion\":\"v1\",\"reference\":{\"kind\":\"ReplicationController\",\"namespace\":\"kidfanjun\",\"name\":\"serviceextend00-v1.9.14-alpine\",\"uid\":\"97ea8696-d86f-11e6-8cf0-00163e02bcc9\",\"apiVersion\":\"v1\",\"resourceVersion\":\"9226571\"}}\n"},"ownerReferences":[{"apiVersion":"v1","kind":"ReplicationController","name":"serviceextend00-v1.9.14-alpine","uid":"97ea8696-d86f-11e6-8cf0-00163e02bcc9","controller":true}]},"spec":{"volumes":[{"name":"default-token-e0d8c","secret":{"secretName":"default-token-e0d8c","defaultMode":420}}],"containers":[{"name":"serviceextend00","image":"prod.internal.naturecloud.io/library/nginx:1.9.14-alpine","resources":{"limits":{"cpu":"0","memory":"0"},"requests":{"cpu":"0","memory":"0"}},"volumeMounts":[{"name":"default-token-e0d8c","readOnly":true,"mountPath":"/var/run/secrets/kubernetes.io/serviceaccount"}],"terminationMessagePath":"/dev/termination-log","imagePullPolicy":"Always"}],"restartPolicy":"Always","terminationGracePeriodSeconds":5,"dnsPolicy":"ClusterFirst","serviceAccountName":"default","serviceAccount":"default","nodeName":"192.168.10.5","securityContext":{},"imagePullSecrets":[{"name":"pullsecret"}]},"status":{"phase":"Running","conditions":[{"type":"Initialized","status":"True","lastProbeTime":null,"lastTransitionTime":"2017-01-12T02:34:08Z"},{"type":"Ready","status":"True","lastProbeTime":null,"lastTransitionTime":"2017-01-12T02:34:13Z"},{"type":"PodScheduled","status":"True","lastProbeTime":null,"lastTransitionTime":"2017-01-12T02:34:08Z"}],"hostIP":"192.168.10.5","podIP":"172.16.100.5","startTime":"2017-01-12T02:34:08Z","containerStatuses":[{"name":"serviceextend00","state":{"running":{"startedAt":"2017-01-12T02:34:12Z"}},"lastState":{},"ready":true,"restartCount":0,"image":"prod.internal.naturecloud.io/library/nginx:1.9.14-alpine","imageID":"docker://sha256:1bb49f0e0b5f983b49c5eb2d1feef9512de9fbe2c3ce0360d9a1f1b9e5713582","containerID":"docker://ca1a59072ff499718aa50787befcb137cadc4f610d002f305992bee8ed1e8870"}]}},{"metadata":{"name":"serviceextend00-v1.9.14-alpine-xp5xu","generateName":"serviceextend00-v1.9.14-alpine-","namespace":"kidfanjun","selfLink":"/api/v1/namespaces/kidfanjun/pods/serviceextend00-v1.9.14-alpine-xp5xu","uid":"bbdd3e67-d86f-11e6-8cf0-00163e02bcc9","resourceVersion":"9226677","creationTimestamp":"2017-01-12T02:35:08Z","labels":{"app":"serviceextend00","version":"1.9.14-alpine"},"annotations":{"kubernetes.io/created-by":"{\"kind\":\"SerializedReference\",\"apiVersion\":\"v1\",\"reference\":{\"kind\":\"ReplicationController\",\"namespace\":\"kidfanjun\",\"name\":\"serviceextend00-v1.9.14-alpine\",\"uid\":\"97ea8696-d86f-11e6-8cf0-00163e02bcc9\",\"apiVersion\":\"v1\",\"resourceVersion\":\"9226659\"}}\n"},"ownerReferences":[{"apiVersion":"v1","kind":"ReplicationController","name":"serviceextend00-v1.9.14-alpine","uid":"97ea8696-d86f-11e6-8cf0-00163e02bcc9","controller":true}]},"spec":{"volumes":[{"name":"default-token-e0d8c","secret":{"secretName":"default-token-e0d8c","defaultMode":420}}],"containers":[{"name":"serviceextend00","image":"prod.internal.naturecloud.io/library/nginx:1.9.14-alpine","resources":{"limits":{"cpu":"0","memory":"0"},"requests":{"cpu":"0","memory":"0"}},"volumeMounts":[{"name":"default-token-e0d8c","readOnly":true,"mountPath":"/var/run/secrets/kubernetes.io/serviceaccount"}],"terminationMessagePath":"/dev/termination-log","imagePullPolicy":"Always"}],"restartPolicy":"Always","terminationGracePeriodSeconds":5,"dnsPolicy":"ClusterFirst","serviceAccountName":"default","serviceAccount":"default","nodeName":"192.168.10.6","securityContext":{},"imagePullSecrets":[{"name":"pullsecret"}]},"status":{"phase":"Running","conditions":[{"type":"Initialized","status":"True","lastProbeTime":null,"lastTransitionTime":"2017-01-12T02:35:08Z"},{"type":"Ready","status":"True","lastProbeTime":null,"lastTransitionTime":"2017-01-12T02:35:13Z"},{"type":"PodScheduled","status":"True","lastProbeTime":null,"lastTransitionTime":"2017-01-12T02:35:08Z"}],"hostIP":"192.168.10.6","podIP":"172.16.83.6","startTime":"2017-01-12T02:35:08Z","containerStatuses":[{"name":"serviceextend00","state":{"running":{"startedAt":"2017-01-12T02:35:13Z"}},"lastState":{},"ready":true,"restartCount":0,"image":"prod.internal.naturecloud.io/library/nginx:1.9.14-alpine","imageID":"docker://sha256:1bb49f0e0b5f983b49c5eb2d1feef9512de9fbe2c3ce0360d9a1f1b9e5713582","containerID":"docker://80bc32adf062fa084f4bc1949e743a205c8e3971f435572c883e537405df862f"}]}}]}}                                                                                                                                                      Notify:
System.out: order:{6}                                                                                                                                                      Notify:
web_set_max_html_param_len started  	[MsgId: MMSG-26355]
web_set_max_html_param_len was successful  	[MsgId: MMSG-26392]
web_reg_save_param started  	[MsgId: MMSG-26355]
Registering web_reg_save_param was successful  	[MsgId: MMSG-26390]
web_reg_save_param started  	[MsgId: MMSG-26355]
Registering web_reg_save_param was successful  	[MsgId: MMSG-26390]
[DEBUG]getPodStatus03
[DEBUG]URL=http://{url}/apiApplication/getPodStatus
[DEBUG]options:
[DEBUG]Method=POST
[DEBUG]Resource=0
[DEBUG]RecContentType=text/html
[DEBUG]Snapshot=t11.inf
[DEBUG]Mode=HTML
[DEBUG]Referer=http://ppe.naturecloud.io:88/cp/service
[DEBUG]EncType=application/json;charset=UTF-8
[DEBUG]Body={"app":"{serviceName}","rcnum":2,"ver":"1.9.14-alpine","node":{"image":"prod.internal.naturecloud.io/library/nginx:1.9.14-alpine","imageshortname":"nginx","isMarket":true,"ports":[],"env":[],"clusterId":"default","cpu_shares":"0","mem_limit":"0Mi","volumes":[],"secret":"a2lkZmFuanVuOjFxYXp4c3cy"},"username":"kidfanjun","id":"{serviceName}","service":{"kind":"Service","apiVersion":"v1","metadata":{"name":"{serviceName}","labels":{"app":"{serviceName}"}},"spec":{"selector":{"app":"{serviceName}"},"type":"ClusterIP","ports":[{"name":"0","protocol":"TCP","port":22,"targetPort":22}]}},"totalStatue":"scaling","rc":{"kind":"ReplicationController","apiVersion":"v1","metadata":{"name":"{serviceName}-v1.9.14-alpine","labels":{"app":"{serviceName}","version":"1.9.14-alpine"},"uid":"2cefb935-d42b-11e6-a878-00163e02bcc9"},"spec":{"replicas":2,"template":{"metadata":{"labels":{"app":"{serviceName}","version":"1.9.14-alpine"}},"spec":{"containers":[{"name":"{serviceName}","image":"prod.internal.naturecloud.io/library/nginx:1.9.14-alpine","imagePullPolicy":"Always","env":[],"resources":{"limits":{"cpu":"0m","memory":"0Mi"}},"ports":[],"volumeMounts":[]}],"imagePullSecrets":[{"name":"pullsecret"}],"restartPolicy":null,"terminationGracePeriodSeconds":5,"volumes":[]}}}},"_id":"586fc25ac016a0000e25cefb"}
[DEBUG]LAST
web_custom_request("getPodStatus03") started  	[MsgId: MMSG-26355]
HTML parsing not performed for Content-Type "application/json" ("ParseHtmlContentType" Run-Time Setting is "TEXT"). URL="http://ppe.naturecloud.io:88/apiApplication/getPodStatus"  	[MsgId: MMSG-26548]
web_custom_request("getPodStatus03") was successful, 5116 body bytes, 255 header bytes  	[MsgId: MMSG-26386]
System.out: {"ret":true,"error":null,"data":{"kind":"PodList","apiVersion":"v1","metadata":{"selfLink":"/api/v1/namespaces/kidfanjun/pods","resourceVersion":"9226727"},"items":[{"metadata":{"name":"serviceextend00-v1.9.14-alpine-sdrqr","generateName":"serviceextend00-v1.9.14-alpine-","namespace":"kidfanjun","selfLink":"/api/v1/namespaces/kidfanjun/pods/serviceextend00-v1.9.14-alpine-sdrqr","uid":"97ec1e6d-d86f-11e6-8cf0-00163e02bcc9","resourceVersion":"9226590","creationTimestamp":"2017-01-12T02:34:08Z","labels":{"app":"serviceextend00","version":"1.9.14-alpine"},"annotations":{"kubernetes.io/created-by":"{\"kind\":\"SerializedReference\",\"apiVersion\":\"v1\",\"reference\":{\"kind\":\"ReplicationController\",\"namespace\":\"kidfanjun\",\"name\":\"serviceextend00-v1.9.14-alpine\",\"uid\":\"97ea8696-d86f-11e6-8cf0-00163e02bcc9\",\"apiVersion\":\"v1\",\"resourceVersion\":\"9226571\"}}\n"},"ownerReferences":[{"apiVersion":"v1","kind":"ReplicationController","name":"serviceextend00-v1.9.14-alpine","uid":"97ea8696-d86f-11e6-8cf0-00163e02bcc9","controller":true}]},"spec":{"volumes":[{"name":"default-token-e0d8c","secret":{"secretName":"default-token-e0d8c","defaultMode":420}}],"containers":[{"name":"serviceextend00","image":"prod.internal.naturecloud.io/library/nginx:1.9.14-alpine","resources":{"limits":{"cpu":"0","memory":"0"},"requests":{"cpu":"0","memory":"0"}},"volumeMounts":[{"name":"default-token-e0d8c","readOnly":true,"mountPath":"/var/run/secrets/kubernetes.io/serviceaccount"}],"terminationMessagePath":"/dev/termination-log","imagePullPolicy":"Always"}],"restartPolicy":"Always","terminationGracePeriodSeconds":5,"dnsPolicy":"ClusterFirst","serviceAccountName":"default","serviceAccount":"default","nodeName":"192.168.10.5","securityContext":{},"imagePullSecrets":[{"name":"pullsecret"}]},"status":{"phase":"Running","conditions":[{"type":"Initialized","status":"True","lastProbeTime":null,"lastTransitionTime":"2017-01-12T02:34:08Z"},{"type":"Ready","status":"True","lastProbeTime":null,"lastTransitionTime":"2017-01-12T02:34:13Z"},{"type":"PodScheduled","status":"True","lastProbeTime":null,"lastTransitionTime":"2017-01-12T02:34:08Z"}],"hostIP":"192.168.10.5","podIP":"172.16.100.5","startTime":"2017-01-12T02:34:08Z","containerStatuses":[{"name":"serviceextend00","state":{"running":{"startedAt":"2017-01-12T02:34:12Z"}},"lastState":{},"ready":true,"restartCount":0,"image":"prod.internal.naturecloud.io/library/nginx:1.9.14-alpine","imageID":"docker://sha256:1bb49f0e0b5f983b49c5eb2d1feef9512de9fbe2c3ce0360d9a1f1b9e5713582","containerID":"docker://ca1a59072ff499718aa50787befcb137cadc4f610d002f305992bee8ed1e8870"}]}},{"metadata":{"name":"serviceextend00-v1.9.14-alpine-xp5xu","generateName":"serviceextend00-v1.9.14-alpine-","namespace":"kidfanjun","selfLink":"/api/v1/namespaces/kidfanjun/pods/serviceextend00-v1.9.14-alpine-xp5xu","uid":"bbdd3e67-d86f-11e6-8cf0-00163e02bcc9","resourceVersion":"9226677","creationTimestamp":"2017-01-12T02:35:08Z","labels":{"app":"serviceextend00","version":"1.9.14-alpine"},"annotations":{"kubernetes.io/created-by":"{\"kind\":\"SerializedReference\",\"apiVersion\":\"v1\",\"reference\":{\"kind\":\"ReplicationController\",\"namespace\":\"kidfanjun\",\"name\":\"serviceextend00-v1.9.14-alpine\",\"uid\":\"97ea8696-d86f-11e6-8cf0-00163e02bcc9\",\"apiVersion\":\"v1\",\"resourceVersion\":\"9226659\"}}\n"},"ownerReferences":[{"apiVersion":"v1","kind":"ReplicationController","name":"serviceextend00-v1.9.14-alpine","uid":"97ea8696-d86f-11e6-8cf0-00163e02bcc9","controller":true}]},"spec":{"volumes":[{"name":"default-token-e0d8c","secret":{"secretName":"default-token-e0d8c","defaultMode":420}}],"containers":[{"name":"serviceextend00","image":"prod.internal.naturecloud.io/library/nginx:1.9.14-alpine","resources":{"limits":{"cpu":"0","memory":"0"},"requests":{"cpu":"0","memory":"0"}},"volumeMounts":[{"name":"default-token-e0d8c","readOnly":true,"mountPath":"/var/run/secrets/kubernetes.io/serviceaccount"}],"terminationMessagePath":"/dev/termination-log","imagePullPolicy":"Always"}],"restartPolicy":"Always","terminationGracePeriodSeconds":5,"dnsPolicy":"ClusterFirst","serviceAccountName":"default","serviceAccount":"default","nodeName":"192.168.10.6","securityContext":{},"imagePullSecrets":[{"name":"pullsecret"}]},"status":{"phase":"Running","conditions":[{"type":"Initialized","status":"True","lastProbeTime":null,"lastTransitionTime":"2017-01-12T02:35:08Z"},{"type":"Ready","status":"True","lastProbeTime":null,"lastTransitionTime":"2017-01-12T02:35:13Z"},{"type":"PodScheduled","status":"True","lastProbeTime":null,"lastTransitionTime":"2017-01-12T02:35:08Z"}],"hostIP":"192.168.10.6","podIP":"172.16.83.6","startTime":"2017-01-12T02:35:08Z","containerStatuses":[{"name":"serviceextend00","state":{"running":{"startedAt":"2017-01-12T02:35:13Z"}},"lastState":{},"ready":true,"restartCount":0,"image":"prod.internal.naturecloud.io/library/nginx:1.9.14-alpine","imageID":"docker://sha256:1bb49f0e0b5f983b49c5eb2d1feef9512de9fbe2c3ce0360d9a1f1b9e5713582","containerID":"docker://80bc32adf062fa084f4bc1949e743a205c8e3971f435572c883e537405df862f"}]}}]}}                                                                                                                                                      Notify:
System.out: Running                                                                                                                                                      Notify:
System.out: Running                                                                                                                                                      Notify:
System.out: items number = 2                                                                                                                                                      Notify:
System.out: 2                                                                                                                                                      Notify:
System.out: change living exmaple success                                                                                                                                                      Notify:
System.out: order:{7}                                                                                                                                                      Notify:
web_set_max_html_param_len started  	[MsgId: MMSG-26355]
web_set_max_html_param_len was successful  	[MsgId: MMSG-26392]
web_reg_save_param started  	[MsgId: MMSG-26355]
Registering web_reg_save_param was successful  	[MsgId: MMSG-26390]
web_reg_save_param started  	[MsgId: MMSG-26355]
Registering web_reg_save_param was successful  	[MsgId: MMSG-26390]
[DEBUG]deleteApplication
[DEBUG]URL=http://{url}/apiApplication/deleteApplication
[DEBUG]options:
[DEBUG]Method=POST
[DEBUG]Resource=0
[DEBUG]RecContentType=text/html
[DEBUG]Snapshot=t11.inf
[DEBUG]Mode=HTML
[DEBUG]Referer=http://ppe.naturecloud.io:88/cp/service
[DEBUG]EncType=application/json;charset=UTF-8
[DEBUG]Body={"svc":{"app":"{serviceName}","rcnum":2,"ver":"1.9.14-alpine","node":{"image":"prod.internal.naturecloud.io/library/nginx:1.9.14-alpine","imageshortname":"nginx","isMarket":true,"ports":[],"env":[],"clusterId":"default","cpu_shares":"0","mem_limit":"0Mi","volumes":[],"secret":"a2lkZmFuanVuOjFxYXp4c3cy"},"username":"kidfanjun","id":"{serviceName}","service":{"kind":"Service","apiVersion":"v1","metadata":{"name":"{serviceName}","labels":{"app":"{serviceName}"}},"spec":{"selector":{"app":"{serviceName}"},"type":"ClusterIP","ports":[{"name":"0","protocol":"TCP","port":22,"targetPort":22}]}},"totalStatue":"running","rc":{"kind":"ReplicationController","apiVersion":"v1","metadata":{"name":"{serviceName}-v1.9.14-alpine","labels":{"app":"{serviceName}","version":"1.9.14-alpine"},"uid":"2cefb935-d42b-11e6-a878-00163e02bcc9"},"spec":{"replicas":2,"template":{"metadata":{"labels":{"app":"{serviceName}","version":"1.9.14-alpine"}},"spec":{"containers":[{"name":"{serviceName}","image":"prod.internal.naturecloud.io/library/nginx:1.9.14-alpine","imagePullPolicy":"Always","env":[],"resources":{"limits":{"cpu":"0m","memory":"0Mi"}},"ports":[],"volumeMounts":[]}],"imagePullSecrets":[{"name":"pullsecret"}],"restartPolicy":null,"terminationGracePeriodSeconds":5,"volumes":[]}}}},"_id":"586fc25ac016a0000e25cefb"},"isDelVolume":false}
[DEBUG]LAST
web_custom_request("deleteApplication") started  	[MsgId: MMSG-26355]
HTML parsing not performed for Content-Type "application/json" ("ParseHtmlContentType" Run-Time Setting is "TEXT"). URL="http://ppe.naturecloud.io:88/apiApplication/deleteApplication"  	[MsgId: MMSG-26548]
web_custom_request("deleteApplication") was successful, 37 body bytes, 251 header bytes  	[MsgId: MMSG-26386]
System.out: {"ret":true,"error":null,"data":true}                                                                                                                                                      Notify:
System.out: order:{8}                                                                                                                                                      Notify:
Notify: Transaction "scaleservice" set.
System.out: Scene scaleservice pass ...                                                                                                                                                      Notify:
System.out:                                                                                                                                                        Notify:
System.out:                                                                                                                                                        Notify:
System.out: -------statics-------                                                                                                                                                      Notify:
System.out: Scene:scaleservice succeed                                                                                                                                                      Notify:
Ending action Actions.
Ending iteration 1.
Ending Vuser...
Starting action vuser_end.
Ending action vuser_end.
Vuser Terminated.
