Notify: Found jdk version: 1.6.0.	[MsgId: MMSG-22986]
Notify: classpath=C:\naturecloud\lb_scripts_new\java\noStore\ScaleService\scaleService_extend;c:\program files (x86)\hp\loadrunner\classes\srv;c:\program files (x86)\hp\loadrunner\classes;;C:\naturecloud\lb_scripts_new\lib\gson-2.8.0.jar;C:\naturecloud\lb_scripts_new\lib\commons-net-3.5.jar;;;c:\program files (x86)\hp\loadrunner\lib\xstream-1.4.8.jar;c:\program files (x86)\hp\loadrunner\lib\xpp3-1.1.4c.jar	[MsgId: MMSG-22986]
Notify: Path=c:\jdk1.6.0_45\jre\bin\client;C:\PROGRA~2\HP\LOADRU~1\bin;C:\Windows\system32;C:\Windows;C:\Windows\System32\Wbem;C:\Windows\System32\WindowsPowerShell\v1.0\;C:\Program Files\TortoiseGit\bin;c:\jdk1.6.0_45\bin;C:\jdk1.6.0_45\jre\bin;C:\Program Files (x86)\HP\LoadRunner\strawberry-perl\perl\bin	[MsgId: MMSG-22986]
Notify: VM Params: .	[MsgId: MMSG-22986]
Error: missing newline in C:\naturecloud\lb_scripts_new\java\noStore\ScaleService\scaleService_extend\serviceName.dat	[MsgId: MERR-13874]
Start auto log messages stack - Iteration 1.	[MsgId: MMSG-10545]
HTML parsing not performed for Content-Type "application/json" ("ParseHtmlContentType" Run-Time Setting is "TEXT"). URL="http://ppe.naturecloud.io:88/apiApplication/createApplication"  	[MsgId: MMSG-26548]
web_custom_request("createservice") was successful, 436 body bytes, 253 header bytes  	[MsgId: MMSG-26386]
System.out: {"ret":false,"name":"MongoError","message":"E11000 duplicate key error index: test.transactions.$source_1  dup key: { : \"createApplication#kidfanjun:serviceextend\" }","error":"E11000 duplicate key error index: test.transactions.$source_1  dup key: { : \"createApplication#kidfanjun:serviceextend\" }","data":"E11000 duplicate key error index: test.transactions.$source_1  dup key: { : \"createApplication#kidfanjun:serviceextend\" }"}                                                                                                                                                      Notify:	[MsgId: MMSG-17999]
Error: E11000 duplicate key error index: test.transactions.$source_1  dup key: { : "createApplication#kidfanjun:serviceextend" }	[MsgId: MERR-17999]
End auto log messages stack.	[MsgId: MMSG-10544]


Start auto log messages stack - Iteration 2.	[MsgId: MMSG-10545]
HTML parsing not performed for Content-Type "application/json" ("ParseHtmlContentType" Run-Time Setting is "TEXT"). URL="http://ppe.naturecloud.io:88/apiApplication/createApplication"  	[MsgId: MMSG-26548]
web_custom_request("createservice") was successful, 436 body bytes, 253 header bytes  	[MsgId: MMSG-26386]
System.out: {"ret":false,"name":"MongoError","message":"E11000 duplicate key error index: test.transactions.$source_1  dup key: { : \"createApplication#kidfanjun:serviceextend\" }","error":"E11000 duplicate key error index: test.transactions.$source_1  dup key: { : \"createApplication#kidfanjun:serviceextend\" }","data":"E11000 duplicate key error index: test.transactions.$source_1  dup key: { : \"createApplication#kidfanjun:serviceextend\" }"}                                                                                                                                                      Notify:	[MsgId: MMSG-17999]
Error: E11000 duplicate key error index: test.transactions.$source_1  dup key: { : "createApplication#kidfanjun:serviceextend" }	[MsgId: MERR-17999]
End auto log messages stack.	[MsgId: MMSG-10544]


Start auto log messages stack - Iteration 3.	[MsgId: MMSG-10545]
HTML parsing not performed for Content-Type "application/json" ("ParseHtmlContentType" Run-Time Setting is "TEXT"). URL="http://ppe.naturecloud.io:88/apiApplication/createApplication"  	[MsgId: MMSG-26548]
web_custom_request("createservice") was successful, 436 body bytes, 253 header bytes  	[MsgId: MMSG-26386]
System.out: {"ret":false,"name":"MongoError","message":"E11000 duplicate key error index: test.transactions.$source_1  dup key: { : \"createApplication#kidfanjun:serviceextend\" }","error":"E11000 duplicate key error index: test.transactions.$source_1  dup key: { : \"createApplication#kidfanjun:serviceextend\" }","data":"E11000 duplicate key error index: test.transactions.$source_1  dup key: { : \"createApplication#kidfanjun:serviceextend\" }"}                                                                                                                                                      Notify:	[MsgId: MMSG-17999]
Error: E11000 duplicate key error index: test.transactions.$source_1  dup key: { : "createApplication#kidfanjun:serviceextend" }	[MsgId: MERR-17999]
End auto log messages stack.	[MsgId: MMSG-10544]


Start auto log messages stack - Iteration 1.	[MsgId: MMSG-10545]
HTML parsing not performed for Content-Type "application/json" ("ParseHtmlContentType" Run-Time Setting is "TEXT"). URL="http://ppe.naturecloud.io:88/apiApplication/createApplication"  	[MsgId: MMSG-26548]
web_custom_request("createservice") was successful, 436 body bytes, 253 header bytes  	[MsgId: MMSG-26386]
System.out: {"ret":false,"name":"MongoError","message":"E11000 duplicate key error index: test.transactions.$source_1  dup key: { : \"createApplication#kidfanjun:serviceextend\" }","error":"E11000 duplicate key error index: test.transactions.$source_1  dup key: { : \"createApplication#kidfanjun:serviceextend\" }","data":"E11000 duplicate key error index: test.transactions.$source_1  dup key: { : \"createApplication#kidfanjun:serviceextend\" }"}                                                                                                                                                      Notify:	[MsgId: MMSG-17999]
Error: E11000 duplicate key error index: test.transactions.$source_1  dup key: { : "createApplication#kidfanjun:serviceextend" }	[MsgId: MERR-17999]
End auto log messages stack.	[MsgId: MMSG-10544]


Start auto log messages stack - Iteration 1.	[MsgId: MMSG-10545]
HTML parsing not performed for Content-Type "application/json" ("ParseHtmlContentType" Run-Time Setting is "TEXT"). URL="http://ppe.naturecloud.io:88/apiApplication/createApplication"  	[MsgId: MMSG-26548]
web_custom_request("createservice") was successful, 436 body bytes, 253 header bytes  	[MsgId: MMSG-26386]
System.out: {"ret":false,"name":"MongoError","message":"E11000 duplicate key error index: test.transactions.$source_1  dup key: { : \"createApplication#kidfanjun:serviceextend\" }","error":"E11000 duplicate key error index: test.transactions.$source_1  dup key: { : \"createApplication#kidfanjun:serviceextend\" }","data":"E11000 duplicate key error index: test.transactions.$source_1  dup key: { : \"createApplication#kidfanjun:serviceextend\" }"}                                                                                                                                                      Notify:	[MsgId: MMSG-17999]
Error: E11000 duplicate key error index: test.transactions.$source_1  dup key: { : "createApplication#kidfanjun:serviceextend" }	[MsgId: MERR-17999]
End auto log messages stack.	[MsgId: MMSG-10544]


Start auto log messages stack - Iteration 4.	[MsgId: MMSG-10545]
HTML parsing not performed for Content-Type "application/json" ("ParseHtmlContentType" Run-Time Setting is "TEXT"). URL="http://ppe.naturecloud.io:88/apiApplication/createApplication"  	[MsgId: MMSG-26548]
web_custom_request("createservice") was successful, 436 body bytes, 253 header bytes  	[MsgId: MMSG-26386]
System.out: {"ret":false,"name":"MongoError","message":"E11000 duplicate key error index: test.transactions.$source_1  dup key: { : \"createApplication#kidfanjun:serviceextend\" }","error":"E11000 duplicate key error index: test.transactions.$source_1  dup key: { : \"createApplication#kidfanjun:serviceextend\" }","data":"E11000 duplicate key error index: test.transactions.$source_1  dup key: { : \"createApplication#kidfanjun:serviceextend\" }"}                                                                                                                                                      Notify:	[MsgId: MMSG-17999]
Error: E11000 duplicate key error index: test.transactions.$source_1  dup key: { : "createApplication#kidfanjun:serviceextend" }	[MsgId: MERR-17999]
End auto log messages stack.	[MsgId: MMSG-10544]


Start auto log messages stack - Iteration 2.	[MsgId: MMSG-10545]
HTML parsing not performed for Content-Type "application/json" ("ParseHtmlContentType" Run-Time Setting is "TEXT"). URL="http://ppe.naturecloud.io:88/apiApplication/createApplication"  	[MsgId: MMSG-26548]
web_custom_request("createservice") was successful, 436 body bytes, 253 header bytes  	[MsgId: MMSG-26386]
System.out: {"ret":false,"name":"MongoError","message":"E11000 duplicate key error index: test.transactions.$source_1  dup key: { : \"createApplication#kidfanjun:serviceextend\" }","error":"E11000 duplicate key error index: test.transactions.$source_1  dup key: { : \"createApplication#kidfanjun:serviceextend\" }","data":"E11000 duplicate key error index: test.transactions.$source_1  dup key: { : \"createApplication#kidfanjun:serviceextend\" }"}                                                                                                                                                      Notify:	[MsgId: MMSG-17999]
Error: E11000 duplicate key error index: test.transactions.$source_1  dup key: { : "createApplication#kidfanjun:serviceextend" }	[MsgId: MERR-17999]
End auto log messages stack.	[MsgId: MMSG-10544]


Start auto log messages stack - Iteration 2.	[MsgId: MMSG-10545]
HTML parsing not performed for Content-Type "application/json" ("ParseHtmlContentType" Run-Time Setting is "TEXT"). URL="http://ppe.naturecloud.io:88/apiApplication/createApplication"  	[MsgId: MMSG-26548]
web_custom_request("createservice") was successful, 436 body bytes, 253 header bytes  	[MsgId: MMSG-26386]
System.out: {"ret":false,"name":"MongoError","message":"E11000 duplicate key error index: test.transactions.$source_1  dup key: { : \"createApplication#kidfanjun:serviceextend\" }","error":"E11000 duplicate key error index: test.transactions.$source_1  dup key: { : \"createApplication#kidfanjun:serviceextend\" }","data":"E11000 duplicate key error index: test.transactions.$source_1  dup key: { : \"createApplication#kidfanjun:serviceextend\" }"}                                                                                                                                                      Notify:	[MsgId: MMSG-17999]
Error: E11000 duplicate key error index: test.transactions.$source_1  dup key: { : "createApplication#kidfanjun:serviceextend" }	[MsgId: MERR-17999]
End auto log messages stack.	[MsgId: MMSG-10544]


Start auto log messages stack - Iteration 5.	[MsgId: MMSG-10545]
HTML parsing not performed for Content-Type "application/json" ("ParseHtmlContentType" Run-Time Setting is "TEXT"). URL="http://ppe.naturecloud.io:88/apiApplication/createApplication"  	[MsgId: MMSG-26548]
web_custom_request("createservice") was successful, 436 body bytes, 253 header bytes  	[MsgId: MMSG-26386]
System.out: {"ret":false,"name":"MongoError","message":"E11000 duplicate key error index: test.transactions.$source_1  dup key: { : \"createApplication#kidfanjun:serviceextend\" }","error":"E11000 duplicate key error index: test.transactions.$source_1  dup key: { : \"createApplication#kidfanjun:serviceextend\" }","data":"E11000 duplicate key error index: test.transactions.$source_1  dup key: { : \"createApplication#kidfanjun:serviceextend\" }"}                                                                                                                                                      Notify:	[MsgId: MMSG-17999]
Error: E11000 duplicate key error index: test.transactions.$source_1  dup key: { : "createApplication#kidfanjun:serviceextend" }	[MsgId: MERR-17999]
End auto log messages stack.	[MsgId: MMSG-10544]


