Notify: Found jdk version: 1.6.0.	[MsgId: MMSG-22986]
Notify: classpath=C:\naturecloud\lb_scripts_new\java\noStore\creatService_noStorge;c:\program files (x86)\hp\loadrunner\classes\srv;c:\program files (x86)\hp\loadrunner\classes;;C:\naturecloud\lb_scripts_new\lib\gson-2.8.0.jar;C:\naturecloud\lb_scripts_new\lib\commons-net-3.5.jar;;;c:\program files (x86)\hp\loadrunner\lib\xstream-1.4.8.jar;c:\program files (x86)\hp\loadrunner\lib\xpp3-1.1.4c.jar	[MsgId: MMSG-22986]
Notify: Path=c:\jdk1.6.0_45\jre\bin\client;C:\PROGRA~2\HP\LOADRU~1\bin;C:\Windows\system32;C:\Windows;C:\Windows\System32\Wbem;C:\Windows\System32\WindowsPowerShell\v1.0\;C:\Program Files\TortoiseGit\bin;c:\jdk1.6.0_45\bin;C:\jdk1.6.0_45\jre\bin;C:\Program Files (x86)\HP\LoadRunner\strawberry-perl\perl\bin	[MsgId: MMSG-22986]
Notify: VM Params: .	[MsgId: MMSG-22986]
Start auto log messages stack - Iteration 1.	[MsgId: MMSG-10545]
[DEBUG]options:	[MsgId: MMSG-17999]
[DEBUG]Method=POST	[MsgId: MMSG-17999]
[DEBUG]Resource=0	[MsgId: MMSG-17999]
[DEBUG]RecContentType=text/html	[MsgId: MMSG-17999]
[DEBUG]Snapshot=t11.inf	[MsgId: MMSG-17999]
[DEBUG]Mode=HTML	[MsgId: MMSG-17999]
[DEBUG]Referer=http://ppe.naturecloud.io:88/cp/service	[MsgId: MMSG-17999]
[DEBUG]EncType=application/json;charset=UTF-8	[MsgId: MMSG-17999]
Message id [-17999] was not saved - Auto Log cache is too small to contain the message.	[MsgId: MMSG-10547]
[DEBUG]LAST	[MsgId: MMSG-17999]
web_custom_request("getPodStatus_44") started  	[MsgId: MMSG-26355]
HTML parsing not performed for Content-Type "application/json" ("ParseHtmlContentType" Run-Time Setting is "TEXT"). URL="http://ppe.naturecloud.io:88/apiApplication/getPodStatus"  	[MsgId: MMSG-26548]
web_custom_request("getPodStatus_44") was successful, 2528 body bytes, 254 header bytes  	[MsgId: MMSG-26386]
Message id [-17999] was not saved - Auto Log cache is too small to contain the message.	[MsgId: MMSG-10547]
Error: error:"containers with unready status: [creatnostore40]";reson:null	[MsgId: MERR-17999]
End auto log messages stack.	[MsgId: MMSG-10544]


Start auto log messages stack - Iteration 2.	[MsgId: MMSG-10545]
[DEBUG]options:	[MsgId: MMSG-17999]
[DEBUG]Method=POST	[MsgId: MMSG-17999]
[DEBUG]Resource=0	[MsgId: MMSG-17999]
[DEBUG]RecContentType=text/html	[MsgId: MMSG-17999]
[DEBUG]Snapshot=t11.inf	[MsgId: MMSG-17999]
[DEBUG]Mode=HTML	[MsgId: MMSG-17999]
[DEBUG]Referer=http://ppe.naturecloud.io:88/cp/service	[MsgId: MMSG-17999]
[DEBUG]EncType=application/json;charset=UTF-8	[MsgId: MMSG-17999]
Message id [-17999] was not saved - Auto Log cache is too small to contain the message.	[MsgId: MMSG-10547]
[DEBUG]LAST	[MsgId: MMSG-17999]
web_custom_request("getPodStatus_44") started  	[MsgId: MMSG-26355]
HTML parsing not performed for Content-Type "application/json" ("ParseHtmlContentType" Run-Time Setting is "TEXT"). URL="http://ppe.naturecloud.io:88/apiApplication/getPodStatus"  	[MsgId: MMSG-26548]
web_custom_request("getPodStatus_44") was successful, 2528 body bytes, 254 header bytes  	[MsgId: MMSG-26386]
Message id [-17999] was not saved - Auto Log cache is too small to contain the message.	[MsgId: MMSG-10547]
Error: error:"containers with unready status: [creatnostore01]";reson:null	[MsgId: MERR-17999]
End auto log messages stack.	[MsgId: MMSG-10544]


Start auto log messages stack - Iteration 2.	[MsgId: MMSG-10545]
[DEBUG]options:	[MsgId: MMSG-17999]
[DEBUG]Method=POST	[MsgId: MMSG-17999]
[DEBUG]Resource=0	[MsgId: MMSG-17999]
[DEBUG]RecContentType=text/html	[MsgId: MMSG-17999]
[DEBUG]Snapshot=t11.inf	[MsgId: MMSG-17999]
[DEBUG]Mode=HTML	[MsgId: MMSG-17999]
[DEBUG]Referer=http://ppe.naturecloud.io:88/cp/service	[MsgId: MMSG-17999]
[DEBUG]EncType=application/json;charset=UTF-8	[MsgId: MMSG-17999]
Message id [-17999] was not saved - Auto Log cache is too small to contain the message.	[MsgId: MMSG-10547]
[DEBUG]LAST	[MsgId: MMSG-17999]
web_custom_request("getPodStatus_44") started  	[MsgId: MMSG-26355]
HTML parsing not performed for Content-Type "application/json" ("ParseHtmlContentType" Run-Time Setting is "TEXT"). URL="http://ppe.naturecloud.io:88/apiApplication/getPodStatus"  	[MsgId: MMSG-26548]
web_custom_request("getPodStatus_44") was successful, 2528 body bytes, 254 header bytes  	[MsgId: MMSG-26386]
Message id [-17999] was not saved - Auto Log cache is too small to contain the message.	[MsgId: MMSG-10547]
Error: error:"containers with unready status: [creatnostore11]";reson:null	[MsgId: MERR-17999]
End auto log messages stack.	[MsgId: MMSG-10544]


Start auto log messages stack - Iteration 2.	[MsgId: MMSG-10545]
[DEBUG]options:	[MsgId: MMSG-17999]
[DEBUG]Method=POST	[MsgId: MMSG-17999]
[DEBUG]Resource=0	[MsgId: MMSG-17999]
[DEBUG]RecContentType=text/html	[MsgId: MMSG-17999]
[DEBUG]Snapshot=t11.inf	[MsgId: MMSG-17999]
[DEBUG]Mode=HTML	[MsgId: MMSG-17999]
[DEBUG]Referer=http://ppe.naturecloud.io:88/cp/service	[MsgId: MMSG-17999]
[DEBUG]EncType=application/json;charset=UTF-8	[MsgId: MMSG-17999]
Message id [-17999] was not saved - Auto Log cache is too small to contain the message.	[MsgId: MMSG-10547]
[DEBUG]LAST	[MsgId: MMSG-17999]
web_custom_request("getPodStatus_44") started  	[MsgId: MMSG-26355]
HTML parsing not performed for Content-Type "application/json" ("ParseHtmlContentType" Run-Time Setting is "TEXT"). URL="http://ppe.naturecloud.io:88/apiApplication/getPodStatus"  	[MsgId: MMSG-26548]
web_custom_request("getPodStatus_44") was successful, 2528 body bytes, 254 header bytes  	[MsgId: MMSG-26386]
Message id [-17999] was not saved - Auto Log cache is too small to contain the message.	[MsgId: MMSG-10547]
Error: error:"containers with unready status: [creatnostore41]";reson:null	[MsgId: MERR-17999]
End auto log messages stack.	[MsgId: MMSG-10544]


Start auto log messages stack - Iteration 2.	[MsgId: MMSG-10545]
[DEBUG]options:	[MsgId: MMSG-17999]
[DEBUG]Method=POST	[MsgId: MMSG-17999]
[DEBUG]Resource=0	[MsgId: MMSG-17999]
[DEBUG]RecContentType=text/html	[MsgId: MMSG-17999]
[DEBUG]Snapshot=t11.inf	[MsgId: MMSG-17999]
[DEBUG]Mode=HTML	[MsgId: MMSG-17999]
[DEBUG]Referer=http://ppe.naturecloud.io:88/cp/service	[MsgId: MMSG-17999]
[DEBUG]EncType=application/json;charset=UTF-8	[MsgId: MMSG-17999]
Message id [-17999] was not saved - Auto Log cache is too small to contain the message.	[MsgId: MMSG-10547]
[DEBUG]LAST	[MsgId: MMSG-17999]
web_custom_request("getPodStatus_44") started  	[MsgId: MMSG-26355]
HTML parsing not performed for Content-Type "application/json" ("ParseHtmlContentType" Run-Time Setting is "TEXT"). URL="http://ppe.naturecloud.io:88/apiApplication/getPodStatus"  	[MsgId: MMSG-26548]
web_custom_request("getPodStatus_44") was successful, 2528 body bytes, 254 header bytes  	[MsgId: MMSG-26386]
Message id [-17999] was not saved - Auto Log cache is too small to contain the message.	[MsgId: MMSG-10547]
Error: error:"containers with unready status: [creatnostore21]";reson:null	[MsgId: MERR-17999]
End auto log messages stack.	[MsgId: MMSG-10544]


Start auto log messages stack - Iteration 3.	[MsgId: MMSG-10545]
[DEBUG]options:	[MsgId: MMSG-17999]
[DEBUG]Method=POST	[MsgId: MMSG-17999]
[DEBUG]Resource=0	[MsgId: MMSG-17999]
[DEBUG]RecContentType=text/html	[MsgId: MMSG-17999]
[DEBUG]Snapshot=t11.inf	[MsgId: MMSG-17999]
[DEBUG]Mode=HTML	[MsgId: MMSG-17999]
[DEBUG]Referer=http://ppe.naturecloud.io:88/cp/service	[MsgId: MMSG-17999]
[DEBUG]EncType=application/json;charset=UTF-8	[MsgId: MMSG-17999]
Message id [-17999] was not saved - Auto Log cache is too small to contain the message.	[MsgId: MMSG-10547]
[DEBUG]LAST	[MsgId: MMSG-17999]
web_custom_request("getPodStatus_44") started  	[MsgId: MMSG-26355]
HTML parsing not performed for Content-Type "application/json" ("ParseHtmlContentType" Run-Time Setting is "TEXT"). URL="http://ppe.naturecloud.io:88/apiApplication/getPodStatus"  	[MsgId: MMSG-26548]
web_custom_request("getPodStatus_44") was successful, 2528 body bytes, 254 header bytes  	[MsgId: MMSG-26386]
Message id [-17999] was not saved - Auto Log cache is too small to contain the message.	[MsgId: MMSG-10547]
Error: error:"containers with unready status: [creatnostore02]";reson:null	[MsgId: MERR-17999]
End auto log messages stack.	[MsgId: MMSG-10544]


Start auto log messages stack - Iteration 3.	[MsgId: MMSG-10545]
[DEBUG]options:	[MsgId: MMSG-17999]
[DEBUG]Method=POST	[MsgId: MMSG-17999]
[DEBUG]Resource=0	[MsgId: MMSG-17999]
[DEBUG]RecContentType=text/html	[MsgId: MMSG-17999]
[DEBUG]Snapshot=t11.inf	[MsgId: MMSG-17999]
[DEBUG]Mode=HTML	[MsgId: MMSG-17999]
[DEBUG]Referer=http://ppe.naturecloud.io:88/cp/service	[MsgId: MMSG-17999]
[DEBUG]EncType=application/json;charset=UTF-8	[MsgId: MMSG-17999]
Message id [-17999] was not saved - Auto Log cache is too small to contain the message.	[MsgId: MMSG-10547]
[DEBUG]LAST	[MsgId: MMSG-17999]
web_custom_request("getPodStatus_44") started  	[MsgId: MMSG-26355]
HTML parsing not performed for Content-Type "application/json" ("ParseHtmlContentType" Run-Time Setting is "TEXT"). URL="http://ppe.naturecloud.io:88/apiApplication/getPodStatus"  	[MsgId: MMSG-26548]
web_custom_request("getPodStatus_44") was successful, 2528 body bytes, 254 header bytes  	[MsgId: MMSG-26386]
Message id [-17999] was not saved - Auto Log cache is too small to contain the message.	[MsgId: MMSG-10547]
Error: error:"containers with unready status: [creatnostore12]";reson:null	[MsgId: MERR-17999]
End auto log messages stack.	[MsgId: MMSG-10544]


Start auto log messages stack - Iteration 3.	[MsgId: MMSG-10545]
[DEBUG]options:	[MsgId: MMSG-17999]
[DEBUG]Method=POST	[MsgId: MMSG-17999]
[DEBUG]Resource=0	[MsgId: MMSG-17999]
[DEBUG]RecContentType=text/html	[MsgId: MMSG-17999]
[DEBUG]Snapshot=t11.inf	[MsgId: MMSG-17999]
[DEBUG]Mode=HTML	[MsgId: MMSG-17999]
[DEBUG]Referer=http://ppe.naturecloud.io:88/cp/service	[MsgId: MMSG-17999]
[DEBUG]EncType=application/json;charset=UTF-8	[MsgId: MMSG-17999]
Message id [-17999] was not saved - Auto Log cache is too small to contain the message.	[MsgId: MMSG-10547]
[DEBUG]LAST	[MsgId: MMSG-17999]
web_custom_request("getPodStatus_44") started  	[MsgId: MMSG-26355]
HTML parsing not performed for Content-Type "application/json" ("ParseHtmlContentType" Run-Time Setting is "TEXT"). URL="http://ppe.naturecloud.io:88/apiApplication/getPodStatus"  	[MsgId: MMSG-26548]
web_custom_request("getPodStatus_44") was successful, 2528 body bytes, 254 header bytes  	[MsgId: MMSG-26386]
Message id [-17999] was not saved - Auto Log cache is too small to contain the message.	[MsgId: MMSG-10547]
Error: error:"containers with unready status: [creatnostore42]";reson:null	[MsgId: MERR-17999]
End auto log messages stack.	[MsgId: MMSG-10544]


Start auto log messages stack - Iteration 3.	[MsgId: MMSG-10545]
[DEBUG]options:	[MsgId: MMSG-17999]
[DEBUG]Method=POST	[MsgId: MMSG-17999]
[DEBUG]Resource=0	[MsgId: MMSG-17999]
[DEBUG]RecContentType=text/html	[MsgId: MMSG-17999]
[DEBUG]Snapshot=t11.inf	[MsgId: MMSG-17999]
[DEBUG]Mode=HTML	[MsgId: MMSG-17999]
[DEBUG]Referer=http://ppe.naturecloud.io:88/cp/service	[MsgId: MMSG-17999]
[DEBUG]EncType=application/json;charset=UTF-8	[MsgId: MMSG-17999]
Message id [-17999] was not saved - Auto Log cache is too small to contain the message.	[MsgId: MMSG-10547]
[DEBUG]LAST	[MsgId: MMSG-17999]
web_custom_request("getPodStatus_44") started  	[MsgId: MMSG-26355]
HTML parsing not performed for Content-Type "application/json" ("ParseHtmlContentType" Run-Time Setting is "TEXT"). URL="http://ppe.naturecloud.io:88/apiApplication/getPodStatus"  	[MsgId: MMSG-26548]
web_custom_request("getPodStatus_44") was successful, 2528 body bytes, 254 header bytes  	[MsgId: MMSG-26386]
Message id [-17999] was not saved - Auto Log cache is too small to contain the message.	[MsgId: MMSG-10547]
Error: error:"containers with unready status: [creatnostore22]";reson:null	[MsgId: MERR-17999]
End auto log messages stack.	[MsgId: MMSG-10544]


Start auto log messages stack - Iteration 3.	[MsgId: MMSG-10545]
[DEBUG]options:	[MsgId: MMSG-17999]
[DEBUG]Method=POST	[MsgId: MMSG-17999]
[DEBUG]Resource=0	[MsgId: MMSG-17999]
[DEBUG]RecContentType=text/html	[MsgId: MMSG-17999]
[DEBUG]Snapshot=t11.inf	[MsgId: MMSG-17999]
[DEBUG]Mode=HTML	[MsgId: MMSG-17999]
[DEBUG]Referer=http://ppe.naturecloud.io:88/cp/service	[MsgId: MMSG-17999]
[DEBUG]EncType=application/json;charset=UTF-8	[MsgId: MMSG-17999]
Message id [-17999] was not saved - Auto Log cache is too small to contain the message.	[MsgId: MMSG-10547]
[DEBUG]LAST	[MsgId: MMSG-17999]
web_custom_request("getPodStatus_44") started  	[MsgId: MMSG-26355]
HTML parsing not performed for Content-Type "application/json" ("ParseHtmlContentType" Run-Time Setting is "TEXT"). URL="http://ppe.naturecloud.io:88/apiApplication/getPodStatus"  	[MsgId: MMSG-26548]
web_custom_request("getPodStatus_44") was successful, 2528 body bytes, 254 header bytes  	[MsgId: MMSG-26386]
Message id [-17999] was not saved - Auto Log cache is too small to contain the message.	[MsgId: MMSG-10547]
Error: error:"containers with unready status: [creatnostore32]";reson:null	[MsgId: MERR-17999]
End auto log messages stack.	[MsgId: MMSG-10544]


Start auto log messages stack - Iteration 4.	[MsgId: MMSG-10545]
[DEBUG]options:	[MsgId: MMSG-17999]
[DEBUG]Method=POST	[MsgId: MMSG-17999]
[DEBUG]Resource=0	[MsgId: MMSG-17999]
[DEBUG]RecContentType=text/html	[MsgId: MMSG-17999]
[DEBUG]Snapshot=t11.inf	[MsgId: MMSG-17999]
[DEBUG]Mode=HTML	[MsgId: MMSG-17999]
[DEBUG]Referer=http://ppe.naturecloud.io:88/cp/service	[MsgId: MMSG-17999]
[DEBUG]EncType=application/json;charset=UTF-8	[MsgId: MMSG-17999]
Message id [-17999] was not saved - Auto Log cache is too small to contain the message.	[MsgId: MMSG-10547]
[DEBUG]LAST	[MsgId: MMSG-17999]
web_custom_request("getPodStatus_44") started  	[MsgId: MMSG-26355]
HTML parsing not performed for Content-Type "application/json" ("ParseHtmlContentType" Run-Time Setting is "TEXT"). URL="http://ppe.naturecloud.io:88/apiApplication/getPodStatus"  	[MsgId: MMSG-26548]
web_custom_request("getPodStatus_44") was successful, 2528 body bytes, 254 header bytes  	[MsgId: MMSG-26386]
Message id [-17999] was not saved - Auto Log cache is too small to contain the message.	[MsgId: MMSG-10547]
Error: error:"containers with unready status: [creatnostore03]";reson:null	[MsgId: MERR-17999]
End auto log messages stack.	[MsgId: MMSG-10544]


Start auto log messages stack - Iteration 4.	[MsgId: MMSG-10545]
[DEBUG]options:	[MsgId: MMSG-17999]
[DEBUG]Method=POST	[MsgId: MMSG-17999]
[DEBUG]Resource=0	[MsgId: MMSG-17999]
[DEBUG]RecContentType=text/html	[MsgId: MMSG-17999]
[DEBUG]Snapshot=t11.inf	[MsgId: MMSG-17999]
[DEBUG]Mode=HTML	[MsgId: MMSG-17999]
[DEBUG]Referer=http://ppe.naturecloud.io:88/cp/service	[MsgId: MMSG-17999]
[DEBUG]EncType=application/json;charset=UTF-8	[MsgId: MMSG-17999]
Message id [-17999] was not saved - Auto Log cache is too small to contain the message.	[MsgId: MMSG-10547]
[DEBUG]LAST	[MsgId: MMSG-17999]
web_custom_request("getPodStatus_44") started  	[MsgId: MMSG-26355]
HTML parsing not performed for Content-Type "application/json" ("ParseHtmlContentType" Run-Time Setting is "TEXT"). URL="http://ppe.naturecloud.io:88/apiApplication/getPodStatus"  	[MsgId: MMSG-26548]
web_custom_request("getPodStatus_44") was successful, 2528 body bytes, 254 header bytes  	[MsgId: MMSG-26386]
Message id [-17999] was not saved - Auto Log cache is too small to contain the message.	[MsgId: MMSG-10547]
Error: error:"containers with unready status: [creatnostore13]";reson:null	[MsgId: MERR-17999]
End auto log messages stack.	[MsgId: MMSG-10544]


Start auto log messages stack - Iteration 4.	[MsgId: MMSG-10545]
[DEBUG]options:	[MsgId: MMSG-17999]
[DEBUG]Method=POST	[MsgId: MMSG-17999]
[DEBUG]Resource=0	[MsgId: MMSG-17999]
[DEBUG]RecContentType=text/html	[MsgId: MMSG-17999]
[DEBUG]Snapshot=t11.inf	[MsgId: MMSG-17999]
[DEBUG]Mode=HTML	[MsgId: MMSG-17999]
[DEBUG]Referer=http://ppe.naturecloud.io:88/cp/service	[MsgId: MMSG-17999]
[DEBUG]EncType=application/json;charset=UTF-8	[MsgId: MMSG-17999]
Message id [-17999] was not saved - Auto Log cache is too small to contain the message.	[MsgId: MMSG-10547]
[DEBUG]LAST	[MsgId: MMSG-17999]
web_custom_request("getPodStatus_44") started  	[MsgId: MMSG-26355]
HTML parsing not performed for Content-Type "application/json" ("ParseHtmlContentType" Run-Time Setting is "TEXT"). URL="http://ppe.naturecloud.io:88/apiApplication/getPodStatus"  	[MsgId: MMSG-26548]
web_custom_request("getPodStatus_44") was successful, 2528 body bytes, 254 header bytes  	[MsgId: MMSG-26386]
Message id [-17999] was not saved - Auto Log cache is too small to contain the message.	[MsgId: MMSG-10547]
Error: error:"containers with unready status: [creatnostore43]";reson:null	[MsgId: MERR-17999]
End auto log messages stack.	[MsgId: MMSG-10544]


Start auto log messages stack - Iteration 4.	[MsgId: MMSG-10545]
[DEBUG]options:	[MsgId: MMSG-17999]
[DEBUG]Method=POST	[MsgId: MMSG-17999]
[DEBUG]Resource=0	[MsgId: MMSG-17999]
[DEBUG]RecContentType=text/html	[MsgId: MMSG-17999]
[DEBUG]Snapshot=t11.inf	[MsgId: MMSG-17999]
[DEBUG]Mode=HTML	[MsgId: MMSG-17999]
[DEBUG]Referer=http://ppe.naturecloud.io:88/cp/service	[MsgId: MMSG-17999]
[DEBUG]EncType=application/json;charset=UTF-8	[MsgId: MMSG-17999]
Message id [-17999] was not saved - Auto Log cache is too small to contain the message.	[MsgId: MMSG-10547]
[DEBUG]LAST	[MsgId: MMSG-17999]
web_custom_request("getPodStatus_44") started  	[MsgId: MMSG-26355]
HTML parsing not performed for Content-Type "application/json" ("ParseHtmlContentType" Run-Time Setting is "TEXT"). URL="http://ppe.naturecloud.io:88/apiApplication/getPodStatus"  	[MsgId: MMSG-26548]
web_custom_request("getPodStatus_44") was successful, 2528 body bytes, 254 header bytes  	[MsgId: MMSG-26386]
Message id [-17999] was not saved - Auto Log cache is too small to contain the message.	[MsgId: MMSG-10547]
Error: error:"containers with unready status: [creatnostore23]";reson:null	[MsgId: MERR-17999]
End auto log messages stack.	[MsgId: MMSG-10544]


Start auto log messages stack - Iteration 4.	[MsgId: MMSG-10545]
[DEBUG]options:	[MsgId: MMSG-17999]
[DEBUG]Method=POST	[MsgId: MMSG-17999]
[DEBUG]Resource=0	[MsgId: MMSG-17999]
[DEBUG]RecContentType=text/html	[MsgId: MMSG-17999]
[DEBUG]Snapshot=t11.inf	[MsgId: MMSG-17999]
[DEBUG]Mode=HTML	[MsgId: MMSG-17999]
[DEBUG]Referer=http://ppe.naturecloud.io:88/cp/service	[MsgId: MMSG-17999]
[DEBUG]EncType=application/json;charset=UTF-8	[MsgId: MMSG-17999]
Message id [-17999] was not saved - Auto Log cache is too small to contain the message.	[MsgId: MMSG-10547]
[DEBUG]LAST	[MsgId: MMSG-17999]
web_custom_request("getPodStatus_44") started  	[MsgId: MMSG-26355]
HTML parsing not performed for Content-Type "application/json" ("ParseHtmlContentType" Run-Time Setting is "TEXT"). URL="http://ppe.naturecloud.io:88/apiApplication/getPodStatus"  	[MsgId: MMSG-26548]
web_custom_request("getPodStatus_44") was successful, 2528 body bytes, 254 header bytes  	[MsgId: MMSG-26386]
Message id [-17999] was not saved - Auto Log cache is too small to contain the message.	[MsgId: MMSG-10547]
Error: error:"containers with unready status: [creatnostore33]";reson:null	[MsgId: MERR-17999]
End auto log messages stack.	[MsgId: MMSG-10544]


Start auto log messages stack - Iteration 5.	[MsgId: MMSG-10545]
[DEBUG]options:	[MsgId: MMSG-17999]
[DEBUG]Method=POST	[MsgId: MMSG-17999]
[DEBUG]Resource=0	[MsgId: MMSG-17999]
[DEBUG]RecContentType=text/html	[MsgId: MMSG-17999]
[DEBUG]Snapshot=t11.inf	[MsgId: MMSG-17999]
[DEBUG]Mode=HTML	[MsgId: MMSG-17999]
[DEBUG]Referer=http://ppe.naturecloud.io:88/cp/service	[MsgId: MMSG-17999]
[DEBUG]EncType=application/json;charset=UTF-8	[MsgId: MMSG-17999]
Message id [-17999] was not saved - Auto Log cache is too small to contain the message.	[MsgId: MMSG-10547]
[DEBUG]LAST	[MsgId: MMSG-17999]
web_custom_request("getPodStatus_44") started  	[MsgId: MMSG-26355]
HTML parsing not performed for Content-Type "application/json" ("ParseHtmlContentType" Run-Time Setting is "TEXT"). URL="http://ppe.naturecloud.io:88/apiApplication/getPodStatus"  	[MsgId: MMSG-26548]
web_custom_request("getPodStatus_44") was successful, 2528 body bytes, 254 header bytes  	[MsgId: MMSG-26386]
Message id [-17999] was not saved - Auto Log cache is too small to contain the message.	[MsgId: MMSG-10547]
Error: error:"containers with unready status: [creatnostore04]";reson:null	[MsgId: MERR-17999]
End auto log messages stack.	[MsgId: MMSG-10544]


Start auto log messages stack - Iteration 5.	[MsgId: MMSG-10545]
[DEBUG]options:	[MsgId: MMSG-17999]
[DEBUG]Method=POST	[MsgId: MMSG-17999]
[DEBUG]Resource=0	[MsgId: MMSG-17999]
[DEBUG]RecContentType=text/html	[MsgId: MMSG-17999]
[DEBUG]Snapshot=t11.inf	[MsgId: MMSG-17999]
[DEBUG]Mode=HTML	[MsgId: MMSG-17999]
[DEBUG]Referer=http://ppe.naturecloud.io:88/cp/service	[MsgId: MMSG-17999]
[DEBUG]EncType=application/json;charset=UTF-8	[MsgId: MMSG-17999]
Message id [-17999] was not saved - Auto Log cache is too small to contain the message.	[MsgId: MMSG-10547]
[DEBUG]LAST	[MsgId: MMSG-17999]
web_custom_request("getPodStatus_44") started  	[MsgId: MMSG-26355]
HTML parsing not performed for Content-Type "application/json" ("ParseHtmlContentType" Run-Time Setting is "TEXT"). URL="http://ppe.naturecloud.io:88/apiApplication/getPodStatus"  	[MsgId: MMSG-26548]
web_custom_request("getPodStatus_44") was successful, 2528 body bytes, 254 header bytes  	[MsgId: MMSG-26386]
Message id [-17999] was not saved - Auto Log cache is too small to contain the message.	[MsgId: MMSG-10547]
Error: error:"containers with unready status: [creatnostore14]";reson:null	[MsgId: MERR-17999]
End auto log messages stack.	[MsgId: MMSG-10544]


Start auto log messages stack - Iteration 5.	[MsgId: MMSG-10545]
[DEBUG]options:	[MsgId: MMSG-17999]
[DEBUG]Method=POST	[MsgId: MMSG-17999]
[DEBUG]Resource=0	[MsgId: MMSG-17999]
[DEBUG]RecContentType=text/html	[MsgId: MMSG-17999]
[DEBUG]Snapshot=t11.inf	[MsgId: MMSG-17999]
[DEBUG]Mode=HTML	[MsgId: MMSG-17999]
[DEBUG]Referer=http://ppe.naturecloud.io:88/cp/service	[MsgId: MMSG-17999]
[DEBUG]EncType=application/json;charset=UTF-8	[MsgId: MMSG-17999]
Message id [-17999] was not saved - Auto Log cache is too small to contain the message.	[MsgId: MMSG-10547]
[DEBUG]LAST	[MsgId: MMSG-17999]
web_custom_request("getPodStatus_44") started  	[MsgId: MMSG-26355]
HTML parsing not performed for Content-Type "application/json" ("ParseHtmlContentType" Run-Time Setting is "TEXT"). URL="http://ppe.naturecloud.io:88/apiApplication/getPodStatus"  	[MsgId: MMSG-26548]
web_custom_request("getPodStatus_44") was successful, 2528 body bytes, 254 header bytes  	[MsgId: MMSG-26386]
Message id [-17999] was not saved - Auto Log cache is too small to contain the message.	[MsgId: MMSG-10547]
Error: error:"containers with unready status: [creatnostore44]";reson:null	[MsgId: MERR-17999]
End auto log messages stack.	[MsgId: MMSG-10544]


Start auto log messages stack - Iteration 5.	[MsgId: MMSG-10545]
[DEBUG]options:	[MsgId: MMSG-17999]
[DEBUG]Method=POST	[MsgId: MMSG-17999]
[DEBUG]Resource=0	[MsgId: MMSG-17999]
[DEBUG]RecContentType=text/html	[MsgId: MMSG-17999]
[DEBUG]Snapshot=t11.inf	[MsgId: MMSG-17999]
[DEBUG]Mode=HTML	[MsgId: MMSG-17999]
[DEBUG]Referer=http://ppe.naturecloud.io:88/cp/service	[MsgId: MMSG-17999]
[DEBUG]EncType=application/json;charset=UTF-8	[MsgId: MMSG-17999]
Message id [-17999] was not saved - Auto Log cache is too small to contain the message.	[MsgId: MMSG-10547]
[DEBUG]LAST	[MsgId: MMSG-17999]
web_custom_request("getPodStatus_44") started  	[MsgId: MMSG-26355]
HTML parsing not performed for Content-Type "application/json" ("ParseHtmlContentType" Run-Time Setting is "TEXT"). URL="http://ppe.naturecloud.io:88/apiApplication/getPodStatus"  	[MsgId: MMSG-26548]
web_custom_request("getPodStatus_44") was successful, 2528 body bytes, 254 header bytes  	[MsgId: MMSG-26386]
Message id [-17999] was not saved - Auto Log cache is too small to contain the message.	[MsgId: MMSG-10547]
Error: error:"containers with unready status: [creatnostore24]";reson:null	[MsgId: MERR-17999]
End auto log messages stack.	[MsgId: MMSG-10544]


Start auto log messages stack - Iteration 5.	[MsgId: MMSG-10545]
[DEBUG]options:	[MsgId: MMSG-17999]
[DEBUG]Method=POST	[MsgId: MMSG-17999]
[DEBUG]Resource=0	[MsgId: MMSG-17999]
[DEBUG]RecContentType=text/html	[MsgId: MMSG-17999]
[DEBUG]Snapshot=t11.inf	[MsgId: MMSG-17999]
[DEBUG]Mode=HTML	[MsgId: MMSG-17999]
[DEBUG]Referer=http://ppe.naturecloud.io:88/cp/service	[MsgId: MMSG-17999]
[DEBUG]EncType=application/json;charset=UTF-8	[MsgId: MMSG-17999]
Message id [-17999] was not saved - Auto Log cache is too small to contain the message.	[MsgId: MMSG-10547]
[DEBUG]LAST	[MsgId: MMSG-17999]
web_custom_request("getPodStatus_44") started  	[MsgId: MMSG-26355]
HTML parsing not performed for Content-Type "application/json" ("ParseHtmlContentType" Run-Time Setting is "TEXT"). URL="http://ppe.naturecloud.io:88/apiApplication/getPodStatus"  	[MsgId: MMSG-26548]
web_custom_request("getPodStatus_44") was successful, 2528 body bytes, 254 header bytes  	[MsgId: MMSG-26386]
Message id [-17999] was not saved - Auto Log cache is too small to contain the message.	[MsgId: MMSG-10547]
Error: error:"containers with unready status: [creatnostore34]";reson:null	[MsgId: MERR-17999]
End auto log messages stack.	[MsgId: MMSG-10544]


Start auto log messages stack - Iteration 6.	[MsgId: MMSG-10545]
[DEBUG]options:	[MsgId: MMSG-17999]
[DEBUG]Method=POST	[MsgId: MMSG-17999]
[DEBUG]Resource=0	[MsgId: MMSG-17999]
[DEBUG]RecContentType=text/html	[MsgId: MMSG-17999]
[DEBUG]Snapshot=t11.inf	[MsgId: MMSG-17999]
[DEBUG]Mode=HTML	[MsgId: MMSG-17999]
[DEBUG]Referer=http://ppe.naturecloud.io:88/cp/service	[MsgId: MMSG-17999]
[DEBUG]EncType=application/json;charset=UTF-8	[MsgId: MMSG-17999]
Message id [-17999] was not saved - Auto Log cache is too small to contain the message.	[MsgId: MMSG-10547]
[DEBUG]LAST	[MsgId: MMSG-17999]
web_custom_request("getPodStatus_44") started  	[MsgId: MMSG-26355]
HTML parsing not performed for Content-Type "application/json" ("ParseHtmlContentType" Run-Time Setting is "TEXT"). URL="http://ppe.naturecloud.io:88/apiApplication/getPodStatus"  	[MsgId: MMSG-26548]
web_custom_request("getPodStatus_44") was successful, 2528 body bytes, 254 header bytes  	[MsgId: MMSG-26386]
Message id [-17999] was not saved - Auto Log cache is too small to contain the message.	[MsgId: MMSG-10547]
Error: error:"containers with unready status: [creatnostore05]";reson:null	[MsgId: MERR-17999]
End auto log messages stack.	[MsgId: MMSG-10544]


Start auto log messages stack - Iteration 6.	[MsgId: MMSG-10545]
[DEBUG]options:	[MsgId: MMSG-17999]
[DEBUG]Method=POST	[MsgId: MMSG-17999]
[DEBUG]Resource=0	[MsgId: MMSG-17999]
[DEBUG]RecContentType=text/html	[MsgId: MMSG-17999]
[DEBUG]Snapshot=t11.inf	[MsgId: MMSG-17999]
[DEBUG]Mode=HTML	[MsgId: MMSG-17999]
[DEBUG]Referer=http://ppe.naturecloud.io:88/cp/service	[MsgId: MMSG-17999]
[DEBUG]EncType=application/json;charset=UTF-8	[MsgId: MMSG-17999]
Message id [-17999] was not saved - Auto Log cache is too small to contain the message.	[MsgId: MMSG-10547]
[DEBUG]LAST	[MsgId: MMSG-17999]
web_custom_request("getPodStatus_44") started  	[MsgId: MMSG-26355]
HTML parsing not performed for Content-Type "application/json" ("ParseHtmlContentType" Run-Time Setting is "TEXT"). URL="http://ppe.naturecloud.io:88/apiApplication/getPodStatus"  	[MsgId: MMSG-26548]
web_custom_request("getPodStatus_44") was successful, 2528 body bytes, 254 header bytes  	[MsgId: MMSG-26386]
Message id [-17999] was not saved - Auto Log cache is too small to contain the message.	[MsgId: MMSG-10547]
Error: error:"containers with unready status: [creatnostore15]";reson:null	[MsgId: MERR-17999]
End auto log messages stack.	[MsgId: MMSG-10544]


Start auto log messages stack - Iteration 6.	[MsgId: MMSG-10545]
[DEBUG]options:	[MsgId: MMSG-17999]
[DEBUG]Method=POST	[MsgId: MMSG-17999]
[DEBUG]Resource=0	[MsgId: MMSG-17999]
[DEBUG]RecContentType=text/html	[MsgId: MMSG-17999]
[DEBUG]Snapshot=t11.inf	[MsgId: MMSG-17999]
[DEBUG]Mode=HTML	[MsgId: MMSG-17999]
[DEBUG]Referer=http://ppe.naturecloud.io:88/cp/service	[MsgId: MMSG-17999]
[DEBUG]EncType=application/json;charset=UTF-8	[MsgId: MMSG-17999]
Message id [-17999] was not saved - Auto Log cache is too small to contain the message.	[MsgId: MMSG-10547]
[DEBUG]LAST	[MsgId: MMSG-17999]
web_custom_request("getPodStatus_44") started  	[MsgId: MMSG-26355]
HTML parsing not performed for Content-Type "application/json" ("ParseHtmlContentType" Run-Time Setting is "TEXT"). URL="http://ppe.naturecloud.io:88/apiApplication/getPodStatus"  	[MsgId: MMSG-26548]
web_custom_request("getPodStatus_44") was successful, 2528 body bytes, 254 header bytes  	[MsgId: MMSG-26386]
Message id [-17999] was not saved - Auto Log cache is too small to contain the message.	[MsgId: MMSG-10547]
Error: error:"containers with unready status: [creatnostore45]";reson:null	[MsgId: MERR-17999]
End auto log messages stack.	[MsgId: MMSG-10544]


Start auto log messages stack - Iteration 6.	[MsgId: MMSG-10545]
[DEBUG]options:	[MsgId: MMSG-17999]
[DEBUG]Method=POST	[MsgId: MMSG-17999]
[DEBUG]Resource=0	[MsgId: MMSG-17999]
[DEBUG]RecContentType=text/html	[MsgId: MMSG-17999]
[DEBUG]Snapshot=t11.inf	[MsgId: MMSG-17999]
[DEBUG]Mode=HTML	[MsgId: MMSG-17999]
[DEBUG]Referer=http://ppe.naturecloud.io:88/cp/service	[MsgId: MMSG-17999]
[DEBUG]EncType=application/json;charset=UTF-8	[MsgId: MMSG-17999]
Message id [-17999] was not saved - Auto Log cache is too small to contain the message.	[MsgId: MMSG-10547]
[DEBUG]LAST	[MsgId: MMSG-17999]
web_custom_request("getPodStatus_44") started  	[MsgId: MMSG-26355]
HTML parsing not performed for Content-Type "application/json" ("ParseHtmlContentType" Run-Time Setting is "TEXT"). URL="http://ppe.naturecloud.io:88/apiApplication/getPodStatus"  	[MsgId: MMSG-26548]
web_custom_request("getPodStatus_44") was successful, 2528 body bytes, 254 header bytes  	[MsgId: MMSG-26386]
Message id [-17999] was not saved - Auto Log cache is too small to contain the message.	[MsgId: MMSG-10547]
Error: error:"containers with unready status: [creatnostore25]";reson:null	[MsgId: MERR-17999]
End auto log messages stack.	[MsgId: MMSG-10544]


Start auto log messages stack - Iteration 6.	[MsgId: MMSG-10545]
[DEBUG]options:	[MsgId: MMSG-17999]
[DEBUG]Method=POST	[MsgId: MMSG-17999]
[DEBUG]Resource=0	[MsgId: MMSG-17999]
[DEBUG]RecContentType=text/html	[MsgId: MMSG-17999]
[DEBUG]Snapshot=t11.inf	[MsgId: MMSG-17999]
[DEBUG]Mode=HTML	[MsgId: MMSG-17999]
[DEBUG]Referer=http://ppe.naturecloud.io:88/cp/service	[MsgId: MMSG-17999]
[DEBUG]EncType=application/json;charset=UTF-8	[MsgId: MMSG-17999]
Message id [-17999] was not saved - Auto Log cache is too small to contain the message.	[MsgId: MMSG-10547]
[DEBUG]LAST	[MsgId: MMSG-17999]
web_custom_request("getPodStatus_44") started  	[MsgId: MMSG-26355]
HTML parsing not performed for Content-Type "application/json" ("ParseHtmlContentType" Run-Time Setting is "TEXT"). URL="http://ppe.naturecloud.io:88/apiApplication/getPodStatus"  	[MsgId: MMSG-26548]
web_custom_request("getPodStatus_44") was successful, 2528 body bytes, 254 header bytes  	[MsgId: MMSG-26386]
Message id [-17999] was not saved - Auto Log cache is too small to contain the message.	[MsgId: MMSG-10547]
Error: error:"containers with unready status: [creatnostore35]";reson:null	[MsgId: MERR-17999]
End auto log messages stack.	[MsgId: MMSG-10544]


Start auto log messages stack - Iteration 7.	[MsgId: MMSG-10545]
[DEBUG]options:	[MsgId: MMSG-17999]
[DEBUG]Method=POST	[MsgId: MMSG-17999]
[DEBUG]Resource=0	[MsgId: MMSG-17999]
[DEBUG]RecContentType=text/html	[MsgId: MMSG-17999]
[DEBUG]Snapshot=t11.inf	[MsgId: MMSG-17999]
[DEBUG]Mode=HTML	[MsgId: MMSG-17999]
[DEBUG]Referer=http://ppe.naturecloud.io:88/cp/service	[MsgId: MMSG-17999]
[DEBUG]EncType=application/json;charset=UTF-8	[MsgId: MMSG-17999]
Message id [-17999] was not saved - Auto Log cache is too small to contain the message.	[MsgId: MMSG-10547]
[DEBUG]LAST	[MsgId: MMSG-17999]
web_custom_request("getPodStatus_44") started  	[MsgId: MMSG-26355]
HTML parsing not performed for Content-Type "application/json" ("ParseHtmlContentType" Run-Time Setting is "TEXT"). URL="http://ppe.naturecloud.io:88/apiApplication/getPodStatus"  	[MsgId: MMSG-26548]
web_custom_request("getPodStatus_44") was successful, 2528 body bytes, 254 header bytes  	[MsgId: MMSG-26386]
Message id [-17999] was not saved - Auto Log cache is too small to contain the message.	[MsgId: MMSG-10547]
Error: error:"containers with unready status: [creatnostore36]";reson:null	[MsgId: MERR-17999]
End auto log messages stack.	[MsgId: MMSG-10544]


Start auto log messages stack - Iteration 8.	[MsgId: MMSG-10545]
[DEBUG]options:	[MsgId: MMSG-17999]
[DEBUG]Method=POST	[MsgId: MMSG-17999]
[DEBUG]Resource=0	[MsgId: MMSG-17999]
[DEBUG]RecContentType=text/html	[MsgId: MMSG-17999]
[DEBUG]Snapshot=t11.inf	[MsgId: MMSG-17999]
[DEBUG]Mode=HTML	[MsgId: MMSG-17999]
[DEBUG]Referer=http://ppe.naturecloud.io:88/cp/service	[MsgId: MMSG-17999]
[DEBUG]EncType=application/json;charset=UTF-8	[MsgId: MMSG-17999]
Message id [-17999] was not saved - Auto Log cache is too small to contain the message.	[MsgId: MMSG-10547]
[DEBUG]LAST	[MsgId: MMSG-17999]
web_custom_request("getPodStatus_44") started  	[MsgId: MMSG-26355]
HTML parsing not performed for Content-Type "application/json" ("ParseHtmlContentType" Run-Time Setting is "TEXT"). URL="http://ppe.naturecloud.io:88/apiApplication/getPodStatus"  	[MsgId: MMSG-26548]
web_custom_request("getPodStatus_44") was successful, 2528 body bytes, 254 header bytes  	[MsgId: MMSG-26386]
Message id [-17999] was not saved - Auto Log cache is too small to contain the message.	[MsgId: MMSG-10547]
Error: error:"containers with unready status: [creatnostore17]";reson:null	[MsgId: MERR-17999]
End auto log messages stack.	[MsgId: MMSG-10544]


Start auto log messages stack - Iteration 8.	[MsgId: MMSG-10545]
[DEBUG]options:	[MsgId: MMSG-17999]
[DEBUG]Method=POST	[MsgId: MMSG-17999]
[DEBUG]Resource=0	[MsgId: MMSG-17999]
[DEBUG]RecContentType=text/html	[MsgId: MMSG-17999]
[DEBUG]Snapshot=t11.inf	[MsgId: MMSG-17999]
[DEBUG]Mode=HTML	[MsgId: MMSG-17999]
[DEBUG]Referer=http://ppe.naturecloud.io:88/cp/service	[MsgId: MMSG-17999]
[DEBUG]EncType=application/json;charset=UTF-8	[MsgId: MMSG-17999]
Message id [-17999] was not saved - Auto Log cache is too small to contain the message.	[MsgId: MMSG-10547]
[DEBUG]LAST	[MsgId: MMSG-17999]
web_custom_request("getPodStatus_44") started  	[MsgId: MMSG-26355]
HTML parsing not performed for Content-Type "application/json" ("ParseHtmlContentType" Run-Time Setting is "TEXT"). URL="http://ppe.naturecloud.io:88/apiApplication/getPodStatus"  	[MsgId: MMSG-26548]
web_custom_request("getPodStatus_44") was successful, 2528 body bytes, 254 header bytes  	[MsgId: MMSG-26386]
Message id [-17999] was not saved - Auto Log cache is too small to contain the message.	[MsgId: MMSG-10547]
Error: error:"containers with unready status: [creatnostore47]";reson:null	[MsgId: MERR-17999]
End auto log messages stack.	[MsgId: MMSG-10544]


Start auto log messages stack - Iteration 8.	[MsgId: MMSG-10545]
[DEBUG]options:	[MsgId: MMSG-17999]
[DEBUG]Method=POST	[MsgId: MMSG-17999]
[DEBUG]Resource=0	[MsgId: MMSG-17999]
[DEBUG]RecContentType=text/html	[MsgId: MMSG-17999]
[DEBUG]Snapshot=t11.inf	[MsgId: MMSG-17999]
[DEBUG]Mode=HTML	[MsgId: MMSG-17999]
[DEBUG]Referer=http://ppe.naturecloud.io:88/cp/service	[MsgId: MMSG-17999]
[DEBUG]EncType=application/json;charset=UTF-8	[MsgId: MMSG-17999]
Message id [-17999] was not saved - Auto Log cache is too small to contain the message.	[MsgId: MMSG-10547]
[DEBUG]LAST	[MsgId: MMSG-17999]
web_custom_request("getPodStatus_44") started  	[MsgId: MMSG-26355]
HTML parsing not performed for Content-Type "application/json" ("ParseHtmlContentType" Run-Time Setting is "TEXT"). URL="http://ppe.naturecloud.io:88/apiApplication/getPodStatus"  	[MsgId: MMSG-26548]
web_custom_request("getPodStatus_44") was successful, 2528 body bytes, 254 header bytes  	[MsgId: MMSG-26386]
Message id [-17999] was not saved - Auto Log cache is too small to contain the message.	[MsgId: MMSG-10547]
Error: error:"containers with unready status: [creatnostore27]";reson:null	[MsgId: MERR-17999]
End auto log messages stack.	[MsgId: MMSG-10544]


Start auto log messages stack - Iteration 8.	[MsgId: MMSG-10545]
[DEBUG]options:	[MsgId: MMSG-17999]
[DEBUG]Method=POST	[MsgId: MMSG-17999]
[DEBUG]Resource=0	[MsgId: MMSG-17999]
[DEBUG]RecContentType=text/html	[MsgId: MMSG-17999]
[DEBUG]Snapshot=t11.inf	[MsgId: MMSG-17999]
[DEBUG]Mode=HTML	[MsgId: MMSG-17999]
[DEBUG]Referer=http://ppe.naturecloud.io:88/cp/service	[MsgId: MMSG-17999]
[DEBUG]EncType=application/json;charset=UTF-8	[MsgId: MMSG-17999]
Message id [-17999] was not saved - Auto Log cache is too small to contain the message.	[MsgId: MMSG-10547]
[DEBUG]LAST	[MsgId: MMSG-17999]
web_custom_request("getPodStatus_44") started  	[MsgId: MMSG-26355]
HTML parsing not performed for Content-Type "application/json" ("ParseHtmlContentType" Run-Time Setting is "TEXT"). URL="http://ppe.naturecloud.io:88/apiApplication/getPodStatus"  	[MsgId: MMSG-26548]
web_custom_request("getPodStatus_44") was successful, 2528 body bytes, 254 header bytes  	[MsgId: MMSG-26386]
Message id [-17999] was not saved - Auto Log cache is too small to contain the message.	[MsgId: MMSG-10547]
Error: error:"containers with unready status: [creatnostore37]";reson:null	[MsgId: MERR-17999]
End auto log messages stack.	[MsgId: MMSG-10544]


Start auto log messages stack - Iteration 9.	[MsgId: MMSG-10545]
[DEBUG]options:	[MsgId: MMSG-17999]
[DEBUG]Method=POST	[MsgId: MMSG-17999]
[DEBUG]Resource=0	[MsgId: MMSG-17999]
[DEBUG]RecContentType=text/html	[MsgId: MMSG-17999]
[DEBUG]Snapshot=t11.inf	[MsgId: MMSG-17999]
[DEBUG]Mode=HTML	[MsgId: MMSG-17999]
[DEBUG]Referer=http://ppe.naturecloud.io:88/cp/service	[MsgId: MMSG-17999]
[DEBUG]EncType=application/json;charset=UTF-8	[MsgId: MMSG-17999]
Message id [-17999] was not saved - Auto Log cache is too small to contain the message.	[MsgId: MMSG-10547]
[DEBUG]LAST	[MsgId: MMSG-17999]
web_custom_request("getPodStatus_44") started  	[MsgId: MMSG-26355]
HTML parsing not performed for Content-Type "application/json" ("ParseHtmlContentType" Run-Time Setting is "TEXT"). URL="http://ppe.naturecloud.io:88/apiApplication/getPodStatus"  	[MsgId: MMSG-26548]
web_custom_request("getPodStatus_44") was successful, 2528 body bytes, 254 header bytes  	[MsgId: MMSG-26386]
Message id [-17999] was not saved - Auto Log cache is too small to contain the message.	[MsgId: MMSG-10547]
Error: error:"containers with unready status: [creatnostore18]";reson:null	[MsgId: MERR-17999]
End auto log messages stack.	[MsgId: MMSG-10544]


Start auto log messages stack - Iteration 9.	[MsgId: MMSG-10545]
[DEBUG]options:	[MsgId: MMSG-17999]
[DEBUG]Method=POST	[MsgId: MMSG-17999]
[DEBUG]Resource=0	[MsgId: MMSG-17999]
[DEBUG]RecContentType=text/html	[MsgId: MMSG-17999]
[DEBUG]Snapshot=t11.inf	[MsgId: MMSG-17999]
[DEBUG]Mode=HTML	[MsgId: MMSG-17999]
[DEBUG]Referer=http://ppe.naturecloud.io:88/cp/service	[MsgId: MMSG-17999]
[DEBUG]EncType=application/json;charset=UTF-8	[MsgId: MMSG-17999]
Message id [-17999] was not saved - Auto Log cache is too small to contain the message.	[MsgId: MMSG-10547]
[DEBUG]LAST	[MsgId: MMSG-17999]
web_custom_request("getPodStatus_44") started  	[MsgId: MMSG-26355]
HTML parsing not performed for Content-Type "application/json" ("ParseHtmlContentType" Run-Time Setting is "TEXT"). URL="http://ppe.naturecloud.io:88/apiApplication/getPodStatus"  	[MsgId: MMSG-26548]
web_custom_request("getPodStatus_44") was successful, 2528 body bytes, 254 header bytes  	[MsgId: MMSG-26386]
Message id [-17999] was not saved - Auto Log cache is too small to contain the message.	[MsgId: MMSG-10547]
Error: error:"containers with unready status: [creatnostore28]";reson:null	[MsgId: MERR-17999]
End auto log messages stack.	[MsgId: MMSG-10544]


Start auto log messages stack - Iteration 9.	[MsgId: MMSG-10545]
[DEBUG]options:	[MsgId: MMSG-17999]
[DEBUG]Method=POST	[MsgId: MMSG-17999]
[DEBUG]Resource=0	[MsgId: MMSG-17999]
[DEBUG]RecContentType=text/html	[MsgId: MMSG-17999]
[DEBUG]Snapshot=t11.inf	[MsgId: MMSG-17999]
[DEBUG]Mode=HTML	[MsgId: MMSG-17999]
[DEBUG]Referer=http://ppe.naturecloud.io:88/cp/service	[MsgId: MMSG-17999]
[DEBUG]EncType=application/json;charset=UTF-8	[MsgId: MMSG-17999]
Message id [-17999] was not saved - Auto Log cache is too small to contain the message.	[MsgId: MMSG-10547]
[DEBUG]LAST	[MsgId: MMSG-17999]
web_custom_request("getPodStatus_44") started  	[MsgId: MMSG-26355]
HTML parsing not performed for Content-Type "application/json" ("ParseHtmlContentType" Run-Time Setting is "TEXT"). URL="http://ppe.naturecloud.io:88/apiApplication/getPodStatus"  	[MsgId: MMSG-26548]
web_custom_request("getPodStatus_44") was successful, 2528 body bytes, 254 header bytes  	[MsgId: MMSG-26386]
Message id [-17999] was not saved - Auto Log cache is too small to contain the message.	[MsgId: MMSG-10547]
Error: error:"containers with unready status: [creatnostore08]";reson:null	[MsgId: MERR-17999]
End auto log messages stack.	[MsgId: MMSG-10544]


Start auto log messages stack - Iteration 9.	[MsgId: MMSG-10545]
[DEBUG]options:	[MsgId: MMSG-17999]
[DEBUG]Method=POST	[MsgId: MMSG-17999]
[DEBUG]Resource=0	[MsgId: MMSG-17999]
[DEBUG]RecContentType=text/html	[MsgId: MMSG-17999]
[DEBUG]Snapshot=t11.inf	[MsgId: MMSG-17999]
[DEBUG]Mode=HTML	[MsgId: MMSG-17999]
[DEBUG]Referer=http://ppe.naturecloud.io:88/cp/service	[MsgId: MMSG-17999]
[DEBUG]EncType=application/json;charset=UTF-8	[MsgId: MMSG-17999]
Message id [-17999] was not saved - Auto Log cache is too small to contain the message.	[MsgId: MMSG-10547]
[DEBUG]LAST	[MsgId: MMSG-17999]
web_custom_request("getPodStatus_44") started  	[MsgId: MMSG-26355]
HTML parsing not performed for Content-Type "application/json" ("ParseHtmlContentType" Run-Time Setting is "TEXT"). URL="http://ppe.naturecloud.io:88/apiApplication/getPodStatus"  	[MsgId: MMSG-26548]
web_custom_request("getPodStatus_44") was successful, 2528 body bytes, 254 header bytes  	[MsgId: MMSG-26386]
Message id [-17999] was not saved - Auto Log cache is too small to contain the message.	[MsgId: MMSG-10547]
Error: error:"containers with unready status: [creatnostore38]";reson:null	[MsgId: MERR-17999]
End auto log messages stack.	[MsgId: MMSG-10544]


Start auto log messages stack - Iteration 10.	[MsgId: MMSG-10545]
[DEBUG]options:	[MsgId: MMSG-17999]
[DEBUG]Method=POST	[MsgId: MMSG-17999]
[DEBUG]Resource=0	[MsgId: MMSG-17999]
[DEBUG]RecContentType=text/html	[MsgId: MMSG-17999]
[DEBUG]Snapshot=t11.inf	[MsgId: MMSG-17999]
[DEBUG]Mode=HTML	[MsgId: MMSG-17999]
[DEBUG]Referer=http://ppe.naturecloud.io:88/cp/service	[MsgId: MMSG-17999]
[DEBUG]EncType=application/json;charset=UTF-8	[MsgId: MMSG-17999]
Message id [-17999] was not saved - Auto Log cache is too small to contain the message.	[MsgId: MMSG-10547]
[DEBUG]LAST	[MsgId: MMSG-17999]
web_custom_request("getPodStatus_44") started  	[MsgId: MMSG-26355]
HTML parsing not performed for Content-Type "application/json" ("ParseHtmlContentType" Run-Time Setting is "TEXT"). URL="http://ppe.naturecloud.io:88/apiApplication/getPodStatus"  	[MsgId: MMSG-26548]
web_custom_request("getPodStatus_44") was successful, 2528 body bytes, 254 header bytes  	[MsgId: MMSG-26386]
Message id [-17999] was not saved - Auto Log cache is too small to contain the message.	[MsgId: MMSG-10547]
Error: error:"containers with unready status: [creatnostore19]";reson:null	[MsgId: MERR-17999]
End auto log messages stack.	[MsgId: MMSG-10544]


Start auto log messages stack - Iteration 10.	[MsgId: MMSG-10545]
[DEBUG]options:	[MsgId: MMSG-17999]
[DEBUG]Method=POST	[MsgId: MMSG-17999]
[DEBUG]Resource=0	[MsgId: MMSG-17999]
[DEBUG]RecContentType=text/html	[MsgId: MMSG-17999]
[DEBUG]Snapshot=t11.inf	[MsgId: MMSG-17999]
[DEBUG]Mode=HTML	[MsgId: MMSG-17999]
[DEBUG]Referer=http://ppe.naturecloud.io:88/cp/service	[MsgId: MMSG-17999]
[DEBUG]EncType=application/json;charset=UTF-8	[MsgId: MMSG-17999]
Message id [-17999] was not saved - Auto Log cache is too small to contain the message.	[MsgId: MMSG-10547]
[DEBUG]LAST	[MsgId: MMSG-17999]
web_custom_request("getPodStatus_44") started  	[MsgId: MMSG-26355]
HTML parsing not performed for Content-Type "application/json" ("ParseHtmlContentType" Run-Time Setting is "TEXT"). URL="http://ppe.naturecloud.io:88/apiApplication/getPodStatus"  	[MsgId: MMSG-26548]
web_custom_request("getPodStatus_44") was successful, 2528 body bytes, 254 header bytes  	[MsgId: MMSG-26386]
Message id [-17999] was not saved - Auto Log cache is too small to contain the message.	[MsgId: MMSG-10547]
Error: error:"containers with unready status: [creatnostore29]";reson:null	[MsgId: MERR-17999]
End auto log messages stack.	[MsgId: MMSG-10544]


Start auto log messages stack - Iteration 11.	[MsgId: MMSG-10545]
[DEBUG]RecContentType=text/html	[MsgId: MMSG-17999]
[DEBUG]Snapshot=t11.inf	[MsgId: MMSG-17999]
[DEBUG]Mode=HTML	[MsgId: MMSG-17999]
[DEBUG]Referer=http://ppe.naturecloud.io:88/cp/service	[MsgId: MMSG-17999]
[DEBUG]EncType=application/json;charset=UTF-8	[MsgId: MMSG-17999]
[DEBUG]Body={"app":"{serviceName}","rcnum":1,"ver":"1.9.14-alpine","node":{"image":"prod.internal.naturecloud.io/library/nginx:1.9.14-alpine","imageshortname":"nginx","isMarket":true,"ports":[],"env":[],"clusterId":"default","cpu_shares":"0","mem_limit":"0Mi","volumes":[]},"volumeType":"hostPath"}	[MsgId: MMSG-17999]
[DEBUG]LAST	[MsgId: MMSG-17999]
web_custom_request("createservice") started  	[MsgId: MMSG-26355]
HTML parsing not performed for Content-Type "application/json" ("ParseHtmlContentType" Run-Time Setting is "TEXT"). URL="http://ppe.naturecloud.io:88/apiApplication/createApplication"  	[MsgId: MMSG-26548]
Error -26377: No match found for the requested parameter "ResponseBody". Either the specified boundaries were not found in the response or the matched text is longer than current max html parameter size of 2048 bytes. The total length of the response is 2 bytes. You can use "web_set_max_html_param_len" to increase the max parameter size.  	[MsgId: MERR-26377]
End auto log messages stack.	[MsgId: MMSG-10544]


Start auto log messages stack - Iteration 10.	[MsgId: MMSG-10545]
[DEBUG]options:	[MsgId: MMSG-17999]
[DEBUG]Method=POST	[MsgId: MMSG-17999]
[DEBUG]Resource=0	[MsgId: MMSG-17999]
[DEBUG]RecContentType=text/html	[MsgId: MMSG-17999]
[DEBUG]Snapshot=t11.inf	[MsgId: MMSG-17999]
[DEBUG]Mode=HTML	[MsgId: MMSG-17999]
[DEBUG]Referer=http://ppe.naturecloud.io:88/cp/service	[MsgId: MMSG-17999]
[DEBUG]EncType=application/json;charset=UTF-8	[MsgId: MMSG-17999]
Message id [-17999] was not saved - Auto Log cache is too small to contain the message.	[MsgId: MMSG-10547]
[DEBUG]LAST	[MsgId: MMSG-17999]
web_custom_request("getPodStatus_44") started  	[MsgId: MMSG-26355]
HTML parsing not performed for Content-Type "application/json" ("ParseHtmlContentType" Run-Time Setting is "TEXT"). URL="http://ppe.naturecloud.io:88/apiApplication/getPodStatus"  	[MsgId: MMSG-26548]
web_custom_request("getPodStatus_44") was successful, 2528 body bytes, 254 header bytes  	[MsgId: MMSG-26386]
Message id [-17999] was not saved - Auto Log cache is too small to contain the message.	[MsgId: MMSG-10547]
Error: error:"containers with unready status: [creatnostore09]";reson:null	[MsgId: MERR-17999]
End auto log messages stack.	[MsgId: MMSG-10544]


Start auto log messages stack - Iteration 11.	[MsgId: MMSG-10545]
[DEBUG]RecContentType=text/html	[MsgId: MMSG-17999]
[DEBUG]Snapshot=t11.inf	[MsgId: MMSG-17999]
[DEBUG]Mode=HTML	[MsgId: MMSG-17999]
[DEBUG]Referer=http://ppe.naturecloud.io:88/cp/service	[MsgId: MMSG-17999]
[DEBUG]EncType=application/json;charset=UTF-8	[MsgId: MMSG-17999]
[DEBUG]Body={"app":"{serviceName}","rcnum":1,"ver":"1.9.14-alpine","node":{"image":"prod.internal.naturecloud.io/library/nginx:1.9.14-alpine","imageshortname":"nginx","isMarket":true,"ports":[],"env":[],"clusterId":"default","cpu_shares":"0","mem_limit":"0Mi","volumes":[]},"volumeType":"hostPath"}	[MsgId: MMSG-17999]
[DEBUG]LAST	[MsgId: MMSG-17999]
web_custom_request("createservice") started  	[MsgId: MMSG-26355]
HTML parsing not performed for Content-Type "application/json" ("ParseHtmlContentType" Run-Time Setting is "TEXT"). URL="http://ppe.naturecloud.io:88/apiApplication/createApplication"  	[MsgId: MMSG-26548]
Error -26377: No match found for the requested parameter "ResponseBody". Either the specified boundaries were not found in the response or the matched text is longer than current max html parameter size of 2048 bytes. The total length of the response is 2 bytes. You can use "web_set_max_html_param_len" to increase the max parameter size.  	[MsgId: MERR-26377]
End auto log messages stack.	[MsgId: MMSG-10544]


Start auto log messages stack - Iteration 10.	[MsgId: MMSG-10545]
[DEBUG]options:	[MsgId: MMSG-17999]
[DEBUG]Method=POST	[MsgId: MMSG-17999]
[DEBUG]Resource=0	[MsgId: MMSG-17999]
[DEBUG]RecContentType=text/html	[MsgId: MMSG-17999]
[DEBUG]Snapshot=t11.inf	[MsgId: MMSG-17999]
[DEBUG]Mode=HTML	[MsgId: MMSG-17999]
[DEBUG]Referer=http://ppe.naturecloud.io:88/cp/service	[MsgId: MMSG-17999]
[DEBUG]EncType=application/json;charset=UTF-8	[MsgId: MMSG-17999]
Message id [-17999] was not saved - Auto Log cache is too small to contain the message.	[MsgId: MMSG-10547]
[DEBUG]LAST	[MsgId: MMSG-17999]
web_custom_request("getPodStatus_44") started  	[MsgId: MMSG-26355]
HTML parsing not performed for Content-Type "application/json" ("ParseHtmlContentType" Run-Time Setting is "TEXT"). URL="http://ppe.naturecloud.io:88/apiApplication/getPodStatus"  	[MsgId: MMSG-26548]
web_custom_request("getPodStatus_44") was successful, 2528 body bytes, 254 header bytes  	[MsgId: MMSG-26386]
Message id [-17999] was not saved - Auto Log cache is too small to contain the message.	[MsgId: MMSG-10547]
Error: error:"containers with unready status: [creatnostore39]";reson:null	[MsgId: MERR-17999]
End auto log messages stack.	[MsgId: MMSG-10544]


Start auto log messages stack - Iteration 11.	[MsgId: MMSG-10545]
[DEBUG]RecContentType=text/html	[MsgId: MMSG-17999]
[DEBUG]Snapshot=t11.inf	[MsgId: MMSG-17999]
[DEBUG]Mode=HTML	[MsgId: MMSG-17999]
[DEBUG]Referer=http://ppe.naturecloud.io:88/cp/service	[MsgId: MMSG-17999]
[DEBUG]EncType=application/json;charset=UTF-8	[MsgId: MMSG-17999]
[DEBUG]Body={"app":"{serviceName}","rcnum":1,"ver":"1.9.14-alpine","node":{"image":"prod.internal.naturecloud.io/library/nginx:1.9.14-alpine","imageshortname":"nginx","isMarket":true,"ports":[],"env":[],"clusterId":"default","cpu_shares":"0","mem_limit":"0Mi","volumes":[]},"volumeType":"hostPath"}	[MsgId: MMSG-17999]
[DEBUG]LAST	[MsgId: MMSG-17999]
web_custom_request("createservice") started  	[MsgId: MMSG-26355]
HTML parsing not performed for Content-Type "application/json" ("ParseHtmlContentType" Run-Time Setting is "TEXT"). URL="http://ppe.naturecloud.io:88/apiApplication/createApplication"  	[MsgId: MMSG-26548]
Error -26377: No match found for the requested parameter "ResponseBody". Either the specified boundaries were not found in the response or the matched text is longer than current max html parameter size of 2048 bytes. The total length of the response is 2 bytes. You can use "web_set_max_html_param_len" to increase the max parameter size.  	[MsgId: MERR-26377]
End auto log messages stack.	[MsgId: MMSG-10544]


Start auto log messages stack - Iteration 10.	[MsgId: MMSG-10545]
[DEBUG]options:	[MsgId: MMSG-17999]
[DEBUG]Method=POST	[MsgId: MMSG-17999]
[DEBUG]Resource=0	[MsgId: MMSG-17999]
[DEBUG]RecContentType=text/html	[MsgId: MMSG-17999]
[DEBUG]Snapshot=t11.inf	[MsgId: MMSG-17999]
[DEBUG]Mode=HTML	[MsgId: MMSG-17999]
[DEBUG]Referer=http://ppe.naturecloud.io:88/cp/service	[MsgId: MMSG-17999]
[DEBUG]EncType=application/json;charset=UTF-8	[MsgId: MMSG-17999]
Message id [-17999] was not saved - Auto Log cache is too small to contain the message.	[MsgId: MMSG-10547]
[DEBUG]LAST	[MsgId: MMSG-17999]
web_custom_request("getPodStatus_44") started  	[MsgId: MMSG-26355]
HTML parsing not performed for Content-Type "application/json" ("ParseHtmlContentType" Run-Time Setting is "TEXT"). URL="http://ppe.naturecloud.io:88/apiApplication/getPodStatus"  	[MsgId: MMSG-26548]
web_custom_request("getPodStatus_44") was successful, 2528 body bytes, 254 header bytes  	[MsgId: MMSG-26386]
Message id [-17999] was not saved - Auto Log cache is too small to contain the message.	[MsgId: MMSG-10547]
Error: error:"containers with unready status: [creatnostore49]";reson:null	[MsgId: MERR-17999]
End auto log messages stack.	[MsgId: MMSG-10544]


Start auto log messages stack - Iteration 11.	[MsgId: MMSG-10545]
[DEBUG]RecContentType=text/html	[MsgId: MMSG-17999]
[DEBUG]Snapshot=t11.inf	[MsgId: MMSG-17999]
[DEBUG]Mode=HTML	[MsgId: MMSG-17999]
[DEBUG]Referer=http://ppe.naturecloud.io:88/cp/service	[MsgId: MMSG-17999]
[DEBUG]EncType=application/json;charset=UTF-8	[MsgId: MMSG-17999]
[DEBUG]Body={"app":"{serviceName}","rcnum":1,"ver":"1.9.14-alpine","node":{"image":"prod.internal.naturecloud.io/library/nginx:1.9.14-alpine","imageshortname":"nginx","isMarket":true,"ports":[],"env":[],"clusterId":"default","cpu_shares":"0","mem_limit":"0Mi","volumes":[]},"volumeType":"hostPath"}	[MsgId: MMSG-17999]
[DEBUG]LAST	[MsgId: MMSG-17999]
web_custom_request("createservice") started  	[MsgId: MMSG-26355]
HTML parsing not performed for Content-Type "application/json" ("ParseHtmlContentType" Run-Time Setting is "TEXT"). URL="http://ppe.naturecloud.io:88/apiApplication/createApplication"  	[MsgId: MMSG-26548]
Error -26377: No match found for the requested parameter "ResponseBody". Either the specified boundaries were not found in the response or the matched text is longer than current max html parameter size of 2048 bytes. The total length of the response is 2 bytes. You can use "web_set_max_html_param_len" to increase the max parameter size.  	[MsgId: MERR-26377]
End auto log messages stack.	[MsgId: MMSG-10544]


Start auto log messages stack - Iteration 11.	[MsgId: MMSG-10545]
[DEBUG]RecContentType=text/html	[MsgId: MMSG-17999]
[DEBUG]Snapshot=t11.inf	[MsgId: MMSG-17999]
[DEBUG]Mode=HTML	[MsgId: MMSG-17999]
[DEBUG]Referer=http://ppe.naturecloud.io:88/cp/service	[MsgId: MMSG-17999]
[DEBUG]EncType=application/json;charset=UTF-8	[MsgId: MMSG-17999]
[DEBUG]Body={"app":"{serviceName}","rcnum":1,"ver":"1.9.14-alpine","node":{"image":"prod.internal.naturecloud.io/library/nginx:1.9.14-alpine","imageshortname":"nginx","isMarket":true,"ports":[],"env":[],"clusterId":"default","cpu_shares":"0","mem_limit":"0Mi","volumes":[]},"volumeType":"hostPath"}	[MsgId: MMSG-17999]
[DEBUG]LAST	[MsgId: MMSG-17999]
web_custom_request("createservice") started  	[MsgId: MMSG-26355]
HTML parsing not performed for Content-Type "application/json" ("ParseHtmlContentType" Run-Time Setting is "TEXT"). URL="http://ppe.naturecloud.io:88/apiApplication/createApplication"  	[MsgId: MMSG-26548]
Error -26377: No match found for the requested parameter "ResponseBody". Either the specified boundaries were not found in the response or the matched text is longer than current max html parameter size of 2048 bytes. The total length of the response is 2 bytes. You can use "web_set_max_html_param_len" to increase the max parameter size.  	[MsgId: MERR-26377]
End auto log messages stack.	[MsgId: MMSG-10544]


