Notify: Found jdk version: 1.6.0.	[MsgId: MMSG-22986]
Notify: classpath=C:\naturecloud\lb_scripts_new\java\noStore\creatService_noStorge;c:\program files (x86)\hp\loadrunner\classes\srv;c:\program files (x86)\hp\loadrunner\classes;;C:\naturecloud\lb_scripts_new\lib\gson-2.8.0.jar;C:\naturecloud\lb_scripts_new\lib\commons-net-3.5.jar;;;c:\program files (x86)\hp\loadrunner\lib\xstream-1.4.8.jar;c:\program files (x86)\hp\loadrunner\lib\xpp3-1.1.4c.jar	[MsgId: MMSG-22986]
Notify: Path=c:\jdk1.6.0_45\jre\bin\client;C:\PROGRA~2\HP\LOADRU~1\bin;C:\Windows\system32;C:\Windows;C:\Windows\System32\Wbem;C:\Windows\System32\WindowsPowerShell\v1.0\;C:\Program Files\TortoiseGit\bin;c:\jdk1.6.0_45\bin;C:\jdk1.6.0_45\jre\bin;C:\Program Files (x86)\HP\LoadRunner\strawberry-perl\perl\bin	[MsgId: MMSG-22986]
Notify: VM Params: .	[MsgId: MMSG-22986]
Error: missing newline in C:\naturecloud\lb_scripts_new\java\noStore\creatService_noStorge\serviceName.dat	[MsgId: MERR-13874]
Start auto log messages stack - Iteration 1.	[MsgId: MMSG-10545]
Notify: Parameter Substitution: parameter "url" =  "ppe.naturecloud.io:88"	[MsgId: MMSG-13992]
Notify: Parameter Substitution: parameter "serviceName" =  "creatnostore00"	[MsgId: MMSG-13992]
Warning: The string '"image":"prod.internal.naturecloud.io/library/nginx:1.9.14-alpine","imageshortname":"nginx","isMarket":true,"ports":[],"env":[],"clusterId":"default","cpu_shares":"0","mem_limit":"0Mi","volumes":[],"secret":"a2lkZmFuanVuOjFxYXp4c3cy"' with parameter delimiters is not a parameter.	[MsgId: MWAR-13987]
Notify: Parameter Substitution: parameter "serviceName" =  "creatnostore00"	[MsgId: MMSG-13992]
Notify: Parameter Substitution: parameter "serviceName" =  "creatnostore00"	[MsgId: MMSG-13992]
Notify: Parameter Substitution: parameter "serviceName" =  "creatnostore00"	[MsgId: MMSG-13992]
Notify: Parameter Substitution: parameter "serviceName" =  "creatnostore00"	[MsgId: MMSG-13992]
Warning: The string '"name":"0","protocol":"TCP","port":22,"targetPort":22' with parameter delimiters is not a parameter.	[MsgId: MWAR-13987]
Notify: Parameter Substitution: parameter "serviceName" =  "creatnostore00"	[MsgId: MMSG-13992]
Notify: Parameter Substitution: parameter "serviceName" =  "creatnostore00"	[MsgId: MMSG-13992]
Notify: Parameter Substitution: parameter "serviceName" =  "creatnostore00"	[MsgId: MMSG-13992]
Notify: Parameter Substitution: parameter "serviceName" =  "creatnostore00"	[MsgId: MMSG-13992]
Warning: The string '"cpu":"0m","memory":"0Mi"' with parameter delimiters is not a parameter.	[MsgId: MWAR-13987]
Warning: The string '"name":"pullsecret"' with parameter delimiters is not a parameter.	[MsgId: MWAR-13987]
Error -32998: Invalid host name in URL="http:/ppe.naturecloud.io:88/apiApplication/getPodStatus"  	[MsgId: MERR-32998]
End auto log messages stack.	[MsgId: MMSG-10544]


Start auto log messages stack - Iteration 1.	[MsgId: MMSG-10545]
Warning -26379: Pending web_reg_save_param/web_reg_find/web_create_html_param/web_create_html_param_ex request(s) are deleted and will be handled as "not found"  	[MsgId: MWAR-26379]
Error -26377: No match found for the requested parameter "ResponseBody". Either the specified boundaries were not found in the response or the matched text is longer than current max html parameter size of 2048 bytes. The total length of the response is 0 bytes. You can use "web_set_max_html_param_len" to increase the max parameter size.  	[MsgId: MERR-26377]
End auto log messages stack.	[MsgId: MMSG-10544]


Start auto log messages stack - Iteration 1.	[MsgId: MMSG-10545]
Notify: Saving Parameter "ResponseBody = ".	[MsgId: MMSG-13798]
Error -26377: No match found for the requested parameter "ResponseBodying". Either the specified boundaries were not found in the response or the matched text is longer than current max html parameter size of 2048 bytes. The total length of the response is 0 bytes. You can use "web_set_max_html_param_len" to increase the max parameter size.  	[MsgId: MERR-26377]
End auto log messages stack.	[MsgId: MMSG-10544]


Start auto log messages stack - Iteration 1.	[MsgId: MMSG-10545]
Notify: Saving Parameter "ResponseBodying = ".	[MsgId: MMSG-13798]
Error -26374: The above "not found" error(s) may be explained by header and body byte counts being 0 and 0, respectively.  	[MsgId: MERR-26374]
End auto log messages stack.	[MsgId: MMSG-10544]


