Notify: Found jdk version: 1.6.0.	[MsgId: MMSG-22986]
Notify: classpath=C:\naturecloud\lb_scripts_new\java\CreateService\createService;c:\program files (x86)\hp\loadrunner\classes\srv;c:\program files (x86)\hp\loadrunner\classes;;C:\naturecloud\lb_scripts_new\lib\gson-2.8.0.jar;C:\naturecloud\lb_scripts_new\lib\commons-net-3.5.jar;;;c:\program files (x86)\hp\loadrunner\lib\xstream-1.4.8.jar;c:\program files (x86)\hp\loadrunner\lib\xpp3-1.1.4c.jar	[MsgId: MMSG-22986]
Notify: Path=c:\jdk1.6.0_45\jre\bin\client;C:\PROGRA~2\HP\LOADRU~1\bin;C:\Windows\system32;C:\Windows;C:\Windows\System32\Wbem;C:\Windows\System32\WindowsPowerShell\v1.0\;C:\Program Files\TortoiseGit\bin;c:\jdk1.6.0_45\bin;C:\jdk1.6.0_45\jre\bin;C:\Program Files (x86)\HP\LoadRunner\strawberry-perl\perl\bin	[MsgId: MMSG-22986]
Notify: VM Params: .	[MsgId: MMSG-22986]
Virtual User Script started at : 2017/1/7 19:32:48	[MsgId: MMSG-15967]
Starting action vuser_init.	[MsgId: MMSG-15919]
Warning! Web support not loaded: check Java-Interpreter -> UtilityExt property in mdrv.dat file	[MsgId: MMSG-17999]
web_custom_request("authenticate") started  	[MsgId: MMSG-26355]
web_custom_request("authenticate") was successful, 256 body bytes, 680 header bytes  	[MsgId: MMSG-26386]
Ending action vuser_init.	[MsgId: MMSG-15918]
Running Vuser...	[MsgId: MMSG-15964]
Starting iteration 1.	[MsgId: MMSG-15968]
Warning -27077: The "vuser_init" section contains web function(s) when the "Simulate a new user on each iteration" Run-Time Setting is ON.  This may produce unpredictable results with multiple iterations  	[MsgId: MWAR-27077]
Maximum number of concurrent connections per server: 4  	[MsgId: MMSG-26989]
Starting action Actions.	[MsgId: MMSG-15919]
Notify: Transaction "createservice2" set.	[MsgId: MMSG-16979]
web_set_max_html_param_len started  	[MsgId: MMSG-26355]
web_set_max_html_param_len was successful  	[MsgId: MMSG-26392]
web_reg_save_param started  	[MsgId: MMSG-26355]
Registering web_reg_save_param was successful  	[MsgId: MMSG-26390]
web_reg_save_param started  	[MsgId: MMSG-26355]
Registering web_reg_save_param was successful  	[MsgId: MMSG-26390]
[DEBUG]createstorage	[MsgId: MMSG-17999]
[DEBUG]URL=http://ppe.naturecloud.io:88/apiStorage/createstorage	[MsgId: MMSG-17999]
[DEBUG]options:	[MsgId: MMSG-17999]
[DEBUG]Method=POST	[MsgId: MMSG-17999]
[DEBUG]Resource=0	[MsgId: MMSG-17999]
[DEBUG]RecContentType=text/html	[MsgId: MMSG-17999]
[DEBUG]Snapshot=t11.inf	[MsgId: MMSG-17999]
[DEBUG]Mode=HTML	[MsgId: MMSG-17999]
[DEBUG]Referer=http://ppe.naturecloud.io:88/cp/service	[MsgId: MMSG-17999]
[DEBUG]EncType=application/json;charset=UTF-8	[MsgId: MMSG-17999]
[DEBUG]Body={"sid":"creat"}	[MsgId: MMSG-17999]
[DEBUG]LAST	[MsgId: MMSG-17999]
web_custom_request("createstorage") started  	[MsgId: MMSG-26355]
web_custom_request("createstorage") was successful, 201 body bytes, 252 header bytes  	[MsgId: MMSG-26386]
System.out: {"ret":true,"error":"","data":{"name":"creat","volumeId":"kidfanjun-creat","namespace":"kidfanjun","status":"NOT_USE","mountAppName":"","mountNodeName":"","size":1024,"_id":"5870d1e3c016a0000e25f96b"}}                                                                                                                                                      Notify:	[MsgId: MMSG-17999]
System.out: order:{0}                                                                                                                                                      Notify:	[MsgId: MMSG-17999]
web_set_max_html_param_len started  	[MsgId: MMSG-26355]
web_set_max_html_param_len was successful  	[MsgId: MMSG-26392]
web_reg_save_param started  	[MsgId: MMSG-26355]
Registering web_reg_save_param was successful  	[MsgId: MMSG-26390]
web_reg_save_param started  	[MsgId: MMSG-26355]
Registering web_reg_save_param was successful  	[MsgId: MMSG-26390]
[DEBUG]createservice	[MsgId: MMSG-17999]
[DEBUG]URL=http://ppe.naturecloud.io:88/apiApplication/createApplication	[MsgId: MMSG-17999]
[DEBUG]options:	[MsgId: MMSG-17999]
[DEBUG]Method=POST	[MsgId: MMSG-17999]
[DEBUG]Resource=0	[MsgId: MMSG-17999]
[DEBUG]RecContentType=text/html	[MsgId: MMSG-17999]
[DEBUG]Snapshot=t11.inf	[MsgId: MMSG-17999]
[DEBUG]Mode=HTML	[MsgId: MMSG-17999]
[DEBUG]Referer=http://ppe.naturecloud.io:88/cp/service	[MsgId: MMSG-17999]
[DEBUG]EncType=application/json;charset=UTF-8	[MsgId: MMSG-17999]
[DEBUG]Body={"app":"creatservice","rcnum":1,"ver":"1.9.14-alpine","node":{"image":"prod.internal.naturecloud.io/library/nginx:1.9.14-alpine","imageshortname":"nginx","isMarket":true,"ports":[],"env":[],"clusterId":"default","cpu_shares":"0.125","mem_limit":"128Mi","volumes":[{"IsDefault":false,"isShared":true,"mountTargetPath":"/creat","mountObj":{"name":"creat","volumeId":"kidfanjun-creat","namespace":"kidfanjun","status":"NOT_USE","mountAppName":"","mountNodeName":"","size":1024,"_id":"586fb7dcc016a0000e25cdc8"}}]}}	[MsgId: MMSG-17999]
[DEBUG]LAST	[MsgId: MMSG-17999]
web_custom_request("createservice") started  	[MsgId: MMSG-26355]
web_custom_request("createservice") was successful, 37 body bytes, 251 header bytes  	[MsgId: MMSG-26386]
System.out: {"ret":true,"error":null,"data":null}                                                                                                                                                      Notify:	[MsgId: MMSG-17999]
System.out: create validate                                                                                                                                                      Notify:	[MsgId: MMSG-17999]
System.out: true                                                                                                                                                      Notify:	[MsgId: MMSG-17999]
System.out: order:{1}                                                                                                                                                      Notify:	[MsgId: MMSG-17999]
web_set_max_html_param_len started  	[MsgId: MMSG-26355]
web_set_max_html_param_len was successful  	[MsgId: MMSG-26392]
web_reg_save_param started  	[MsgId: MMSG-26355]
Registering web_reg_save_param was successful  	[MsgId: MMSG-26390]
web_reg_save_param started  	[MsgId: MMSG-26355]
Registering web_reg_save_param was successful  	[MsgId: MMSG-26390]
[DEBUG]getPodStatus40	[MsgId: MMSG-17999]
[DEBUG]URL=http://ppe.naturecloud.io:88/apiApplication/getPodStatus	[MsgId: MMSG-17999]
[DEBUG]options:	[MsgId: MMSG-17999]
[DEBUG]Method=POST	[MsgId: MMSG-17999]
[DEBUG]Resource=0	[MsgId: MMSG-17999]
[DEBUG]RecContentType=text/html	[MsgId: MMSG-17999]
[DEBUG]Snapshot=t11.inf	[MsgId: MMSG-17999]
[DEBUG]Mode=HTML	[MsgId: MMSG-17999]
[DEBUG]Referer=http://ppe.naturecloud.io:88/cp/service	[MsgId: MMSG-17999]
[DEBUG]EncType=application/json;charset=UTF-8	[MsgId: MMSG-17999]
[DEBUG]Body={"app":"creatservice","rcnum":1,"ver":"1.9.14-alpine","node":{"image":"prod.internal.naturecloud.io/library/nginx:1.9.14-alpine","imageshortname":"nginx","isMarket":true,"ports":[],"env":[],"clusterId":"default","cpu_shares":"0.125","mem_limit":"128Mi","volumes":[{"IsDefault":false,"isShared":true,"mountTargetPath":"/creat","mountObj":{"name":"creat","volumeId":"kidfanjun-creat","namespace":"kidfanjun","status":"NOT_USE","mountAppName":"","mountNodeName":"","size":1024,"_id":"586fb7dcc016a0000e25cdc8","mountAppNameArray":["creatservice"]},"isStateful":false}],"secret":"a2lkZmFuanVuOjFxYXp4c3cy"},"username":"kidfanjun","id":"creatservice","service":{"kind":"Service","apiVersion":"v1","metadata":{"name":"creatservice","labels":{"app":"creatservice"}},"spec":{"selector":{"app":"creatservice"},"type":"ClusterIP","ports":[{"name":"0","protocol":"TCP","port":22,"targetPort":22}]}},"totalStatue":"starting","rc":{"kind":"ReplicationController","apiVersion":"v1","metadata":{"name":"creatservice-v1.9.14-alpine","labels":{"app":"creatservice","version":"1.9.14-alpine"},"uid":"016367ad-d425-11e6-a878-00163e02bcc9"},"spec":{"replicas":1,"template":{"metadata":{"labels":{"app":"creatservice","version":"1.9.14-alpine"}},"spec":{"containers":[{"name":"creatservice","image":"prod.internal.naturecloud.io/library/nginx:1.9.14-alpine","imagePullPolicy":"Always","env":[],"resources":{"limits":{"cpu":"125m","memory":"128Mi"}},"ports":[],"volumeMounts":[{"mountPath":"/creat","name":"creat"}]}],"imagePullSecrets":[{"name":"pullsecret"}],"restartPolicy":null,"terminationGracePeriodSeconds":5,"volumes":[{"name":"creat","glusterfs":{"endpoints":"glusterfs-cluster","path":"kidfanjun-creat"}}]}}}},"_id":"586fb800c016a0000e25cdca"}	[MsgId: MMSG-17999]
[DEBUG]LAST	[MsgId: MMSG-17999]
web_custom_request("getPodStatus40") started  	[MsgId: MMSG-26355]
web_custom_request("getPodStatus40") was successful, 1078 body bytes, 284 header bytes, 12 chunking overhead bytes  	[MsgId: MMSG-26385]
System.out: {"ret":true,"error":null,"data":{"kind":"PodList","apiVersion":"v1","metadata":{"selfLink":"/api/v1/namespaces/kidfanjun/pods","resourceVersion":"7777523"},"items":[{"metadata":{"name":"creatservice-v1.9.14-alpine-047gz","generateName":"creatservice-v1.9.14-alpine-","namespace":"kidfanjun","selfLink":"/api/v1/namespaces/kidfanjun/pods/creatservice-v1.9.14-alpine-047gz","uid":"0f37aa4a-d4cd-11e6-9311-00163e02bcc9","resourceVersion":"7777507","creationTimestamp":"2017-01-07T11:33:07Z","labels":{"app":"creatservice","version":"1.9.14-alpine"},"annotations":{"kubernetes.io/created-by":"{\"kind\":\"SerializedReference\",\"apiVersion\":\"v1\",\"reference\":{\"kind\":\"ReplicationController\",\"namespace\":\"kidfanjun\",\"name\":\"creatservice-v1.9.14-alpine\",\"uid\":\"0f33d37f-d4cd-11e6-9311-00163e02bcc9\",\"apiVersion\":\"v1\",\"resourceVersion\":\"7777487\"}}\n"},"ownerReferences":[{"apiVersion":"v1","kind":"ReplicationController","name":"creatservice-v1.9.14-alpine","uid":"0f33d37f-d4cd-11e6-9311-00163e02bcc9","controller":true}]},"spec":{"volumes":[{"name":"creat","glusterfs":{"endpoints":"glusterfs-cluster","path":"kidfanjun-creat"}},{"name":"default-token-e0d8c","secret":{"secretName":"default-token-e0d8c","defaultMode":420}}],"containers":[{"name":"creatservice","image":"prod.internal.naturecloud.io/library/nginx:1.9.14-alpine","resources":{"limits":{"cpu":"125m","memory":"128Mi"},"requests":{"cpu":"125m","memory":"128Mi"}},"volumeMounts":[{"name":"creat","mountPath":"/creat"},{"name":"default-token-e0d8c","readOnly":true,"mountPath":"/var/run/secrets/kubernetes.io/serviceaccount"}],"terminationMessagePath":"/dev/termination-log","imagePullPolicy":"Always"}],"restartPolicy":"Always","terminationGracePeriodSeconds":5,"dnsPolicy":"ClusterFirst","serviceAccountName":"default","serviceAccount":"default","nodeName":"192.168.10.6","securityContext":{},"imagePullSecrets":[{"name":"pullsecret"}]},"status":{"phase":"Running","conditions":[{"type":"Initialized","status":"True","lastProbeTime":null,"lastTransitionTime":"2017-01-07T11:33:07Z"},{"type":"Ready","status":"True","lastProbeTime":null,"lastTransitionTime":"2017-01-07T11:33:11Z"},{"type":"PodScheduled","status":"True","lastProbeTime":null,"lastTransitionTime":"2017-01-07T11:33:07Z"}],"hostIP":"192.168.10.6","podIP":"172.16.83.6","startTime":"2017-01-07T11:33:07Z","containerStatuses":[{"name":"creatservice","state":{"running":{"startedAt":"2017-01-07T11:33:11Z"}},"lastState":{},"ready":true,"restartCount":0,"image":"prod.internal.naturecloud.io/library/nginx:1.9.14-alpine","imageID":"docker://sha256:1bb49f0e0b5f983b49c5eb2d1feef9512de9fbe2c3ce0360d9a1f1b9e5713582","containerID":"docker://55f1a41ab9867d35c39c59b2875c9b3244e51bd4ce4d006a523d526b2d490a6e"}]}}]}}                                                                                                                                                      Notify:	[MsgId: MMSG-17999]
System.out: order:{2}                                                                                                                                                      Notify:	[MsgId: MMSG-17999]
web_set_max_html_param_len started  	[MsgId: MMSG-26355]
web_set_max_html_param_len was successful  	[MsgId: MMSG-26392]
web_reg_save_param started  	[MsgId: MMSG-26355]
Registering web_reg_save_param was successful  	[MsgId: MMSG-26390]
web_reg_save_param started  	[MsgId: MMSG-26355]
Registering web_reg_save_param was successful  	[MsgId: MMSG-26390]
[DEBUG]getPodStatus_43	[MsgId: MMSG-17999]
[DEBUG]URL=http://ppe.naturecloud.io:88/apiApplication/getPodStatus	[MsgId: MMSG-17999]
[DEBUG]options:	[MsgId: MMSG-17999]
[DEBUG]Method=POST	[MsgId: MMSG-17999]
[DEBUG]Resource=0	[MsgId: MMSG-17999]
[DEBUG]RecContentType=text/html	[MsgId: MMSG-17999]
[DEBUG]Snapshot=t11.inf	[MsgId: MMSG-17999]
[DEBUG]Mode=HTML	[MsgId: MMSG-17999]
[DEBUG]Referer=http://ppe.naturecloud.io:88/cp/service	[MsgId: MMSG-17999]
[DEBUG]EncType=application/json;charset=UTF-8	[MsgId: MMSG-17999]
[DEBUG]Body={"app":"creatservice","rcnum":1,"ver":"1.9.14-alpine","node":{"image":"prod.internal.naturecloud.io/library/nginx:1.9.14-alpine","imageshortname":"nginx","isMarket":true,"ports":[],"env":[],"clusterId":"default","cpu_shares":"0.125","mem_limit":"128Mi","volumes":[{"IsDefault":false,"isShared":true,"mountTargetPath":"/creat","mountObj":{"name":"creat","volumeId":"kidfanjun-creat","namespace":"kidfanjun","status":"NOT_USE","mountAppName":"","mountNodeName":"","size":1024,"_id":"586fb7dcc016a0000e25cdc8","mountAppNameArray":["creatservice"]},"isStateful":false}],"secret":"a2lkZmFuanVuOjFxYXp4c3cy"},"username":"kidfanjun","id":"creatservice","service":{"kind":"Service","apiVersion":"v1","metadata":{"name":"creatservice","labels":{"app":"creatservice"}},"spec":{"selector":{"app":"creatservice"},"type":"ClusterIP","ports":[{"name":"0","protocol":"TCP","port":22,"targetPort":22}]}},"totalStatue":"starting","rc":{"kind":"ReplicationController","apiVersion":"v1","metadata":{"name":"creatservice-v1.9.14-alpine","labels":{"app":"creatservice","version":"1.9.14-alpine"},"uid":"016367ad-d425-11e6-a878-00163e02bcc9"},"spec":{"replicas":1,"template":{"metadata":{"labels":{"app":"creatservice","version":"1.9.14-alpine"}},"spec":{"containers":[{"name":"creatservice","image":"prod.internal.naturecloud.io/library/nginx:1.9.14-alpine","imagePullPolicy":"Always","env":[],"resources":{"limits":{"cpu":"125m","memory":"128Mi"}},"ports":[],"volumeMounts":[{"mountPath":"/creat","name":"creat"}]}],"imagePullSecrets":[{"name":"pullsecret"}],"restartPolicy":null,"terminationGracePeriodSeconds":5,"volumes":[{"name":"creat","glusterfs":{"endpoints":"glusterfs-cluster","path":"kidfanjun-creat"}}]}}}},"_id":"586fb800c016a0000e25cdca"}	[MsgId: MMSG-17999]
[DEBUG]LAST	[MsgId: MMSG-17999]
web_custom_request("getPodStatus_43") started  	[MsgId: MMSG-26355]
web_custom_request("getPodStatus_43") was successful, 1078 body bytes, 284 header bytes, 12 chunking overhead bytes  	[MsgId: MMSG-26385]
System.out: {"ret":true,"error":null,"data":{"kind":"PodList","apiVersion":"v1","metadata":{"selfLink":"/api/v1/namespaces/kidfanjun/pods","resourceVersion":"7777557"},"items":[{"metadata":{"name":"creatservice-v1.9.14-alpine-047gz","generateName":"creatservice-v1.9.14-alpine-","namespace":"kidfanjun","selfLink":"/api/v1/namespaces/kidfanjun/pods/creatservice-v1.9.14-alpine-047gz","uid":"0f37aa4a-d4cd-11e6-9311-00163e02bcc9","resourceVersion":"7777507","creationTimestamp":"2017-01-07T11:33:07Z","labels":{"app":"creatservice","version":"1.9.14-alpine"},"annotations":{"kubernetes.io/created-by":"{\"kind\":\"SerializedReference\",\"apiVersion\":\"v1\",\"reference\":{\"kind\":\"ReplicationController\",\"namespace\":\"kidfanjun\",\"name\":\"creatservice-v1.9.14-alpine\",\"uid\":\"0f33d37f-d4cd-11e6-9311-00163e02bcc9\",\"apiVersion\":\"v1\",\"resourceVersion\":\"7777487\"}}\n"},"ownerReferences":[{"apiVersion":"v1","kind":"ReplicationController","name":"creatservice-v1.9.14-alpine","uid":"0f33d37f-d4cd-11e6-9311-00163e02bcc9","controller":true}]},"spec":{"volumes":[{"name":"creat","glusterfs":{"endpoints":"glusterfs-cluster","path":"kidfanjun-creat"}},{"name":"default-token-e0d8c","secret":{"secretName":"default-token-e0d8c","defaultMode":420}}],"containers":[{"name":"creatservice","image":"prod.internal.naturecloud.io/library/nginx:1.9.14-alpine","resources":{"limits":{"cpu":"125m","memory":"128Mi"},"requests":{"cpu":"125m","memory":"128Mi"}},"volumeMounts":[{"name":"creat","mountPath":"/creat"},{"name":"default-token-e0d8c","readOnly":true,"mountPath":"/var/run/secrets/kubernetes.io/serviceaccount"}],"terminationMessagePath":"/dev/termination-log","imagePullPolicy":"Always"}],"restartPolicy":"Always","terminationGracePeriodSeconds":5,"dnsPolicy":"ClusterFirst","serviceAccountName":"default","serviceAccount":"default","nodeName":"192.168.10.6","securityContext":{},"imagePullSecrets":[{"name":"pullsecret"}]},"status":{"phase":"Running","conditions":[{"type":"Initialized","status":"True","lastProbeTime":null,"lastTransitionTime":"2017-01-07T11:33:07Z"},{"type":"Ready","status":"True","lastProbeTime":null,"lastTransitionTime":"2017-01-07T11:33:11Z"},{"type":"PodScheduled","status":"True","lastProbeTime":null,"lastTransitionTime":"2017-01-07T11:33:07Z"}],"hostIP":"192.168.10.6","podIP":"172.16.83.6","startTime":"2017-01-07T11:33:07Z","containerStatuses":[{"name":"creatservice","state":{"running":{"startedAt":"2017-01-07T11:33:11Z"}},"lastState":{},"ready":true,"restartCount":0,"image":"prod.internal.naturecloud.io/library/nginx:1.9.14-alpine","imageID":"docker://sha256:1bb49f0e0b5f983b49c5eb2d1feef9512de9fbe2c3ce0360d9a1f1b9e5713582","containerID":"docker://55f1a41ab9867d35c39c59b2875c9b3244e51bd4ce4d006a523d526b2d490a6e"}]}}]}}                                                                                                                                                      Notify:	[MsgId: MMSG-17999]
System.out: order:{5}                                                                                                                                                      Notify:	[MsgId: MMSG-17999]
web_set_max_html_param_len started  	[MsgId: MMSG-26355]
web_set_max_html_param_len was successful  	[MsgId: MMSG-26392]
web_reg_save_param started  	[MsgId: MMSG-26355]
Registering web_reg_save_param was successful  	[MsgId: MMSG-26390]
web_reg_save_param started  	[MsgId: MMSG-26355]
Registering web_reg_save_param was successful  	[MsgId: MMSG-26390]
[DEBUG]getPodStatus_44	[MsgId: MMSG-17999]
[DEBUG]URL=http://ppe.naturecloud.io:88/apiApplication/getPodStatus	[MsgId: MMSG-17999]
[DEBUG]options:	[MsgId: MMSG-17999]
[DEBUG]Method=POST	[MsgId: MMSG-17999]
[DEBUG]Resource=0	[MsgId: MMSG-17999]
[DEBUG]RecContentType=text/html	[MsgId: MMSG-17999]
[DEBUG]Snapshot=t11.inf	[MsgId: MMSG-17999]
[DEBUG]Mode=HTML	[MsgId: MMSG-17999]
[DEBUG]Referer=http://ppe.naturecloud.io:88/cp/service	[MsgId: MMSG-17999]
[DEBUG]EncType=application/json;charset=UTF-8	[MsgId: MMSG-17999]
[DEBUG]Body={"app":"creatservice","rcnum":1,"ver":"1.9.14-alpine","node":{"image":"prod.internal.naturecloud.io/library/nginx:1.9.14-alpine","imageshortname":"nginx","isMarket":true,"ports":[],"env":[],"clusterId":"default","cpu_shares":"0.125","mem_limit":"128Mi","volumes":[{"IsDefault":false,"isShared":true,"mountTargetPath":"/creat","mountObj":{"name":"creat","volumeId":"kidfanjun-creat","namespace":"kidfanjun","status":"NOT_USE","mountAppName":"","mountNodeName":"","size":1024,"_id":"586fb7dcc016a0000e25cdc8","mountAppNameArray":["creatservice"]},"isStateful":false}],"secret":"a2lkZmFuanVuOjFxYXp4c3cy"},"username":"kidfanjun","id":"creatservice","service":{"kind":"Service","apiVersion":"v1","metadata":{"name":"creatservice","labels":{"app":"creatservice"}},"spec":{"selector":{"app":"creatservice"},"type":"ClusterIP","ports":[{"name":"0","protocol":"TCP","port":22,"targetPort":22}]}},"totalStatue":"starting","rc":{"kind":"ReplicationController","apiVersion":"v1","metadata":{"name":"creatservice-v1.9.14-alpine","labels":{"app":"creatservice","version":"1.9.14-alpine"},"uid":"016367ad-d425-11e6-a878-00163e02bcc9"},"spec":{"replicas":1,"template":{"metadata":{"labels":{"app":"creatservice","version":"1.9.14-alpine"}},"spec":{"containers":[{"name":"creatservice","image":"prod.internal.naturecloud.io/library/nginx:1.9.14-alpine","imagePullPolicy":"Always","env":[],"resources":{"limits":{"cpu":"125m","memory":"128Mi"}},"ports":[],"volumeMounts":[{"mountPath":"/creat","name":"creat"}]}],"imagePullSecrets":[{"name":"pullsecret"}],"restartPolicy":null,"terminationGracePeriodSeconds":5,"volumes":[{"name":"creat","glusterfs":{"endpoints":"glusterfs-cluster","path":"kidfanjun-creat"}}]}}}},"_id":"586fb800c016a0000e25cdca"}	[MsgId: MMSG-17999]
[DEBUG]LAST	[MsgId: MMSG-17999]
web_custom_request("getPodStatus_44") started  	[MsgId: MMSG-26355]
web_custom_request("getPodStatus_44") was successful, 1078 body bytes, 284 header bytes, 12 chunking overhead bytes  	[MsgId: MMSG-26385]
System.out: {"ret":true,"error":null,"data":{"kind":"PodList","apiVersion":"v1","metadata":{"selfLink":"/api/v1/namespaces/kidfanjun/pods","resourceVersion":"7777578"},"items":[{"metadata":{"name":"creatservice-v1.9.14-alpine-047gz","generateName":"creatservice-v1.9.14-alpine-","namespace":"kidfanjun","selfLink":"/api/v1/namespaces/kidfanjun/pods/creatservice-v1.9.14-alpine-047gz","uid":"0f37aa4a-d4cd-11e6-9311-00163e02bcc9","resourceVersion":"7777507","creationTimestamp":"2017-01-07T11:33:07Z","labels":{"app":"creatservice","version":"1.9.14-alpine"},"annotations":{"kubernetes.io/created-by":"{\"kind\":\"SerializedReference\",\"apiVersion\":\"v1\",\"reference\":{\"kind\":\"ReplicationController\",\"namespace\":\"kidfanjun\",\"name\":\"creatservice-v1.9.14-alpine\",\"uid\":\"0f33d37f-d4cd-11e6-9311-00163e02bcc9\",\"apiVersion\":\"v1\",\"resourceVersion\":\"7777487\"}}\n"},"ownerReferences":[{"apiVersion":"v1","kind":"ReplicationController","name":"creatservice-v1.9.14-alpine","uid":"0f33d37f-d4cd-11e6-9311-00163e02bcc9","controller":true}]},"spec":{"volumes":[{"name":"creat","glusterfs":{"endpoints":"glusterfs-cluster","path":"kidfanjun-creat"}},{"name":"default-token-e0d8c","secret":{"secretName":"default-token-e0d8c","defaultMode":420}}],"containers":[{"name":"creatservice","image":"prod.internal.naturecloud.io/library/nginx:1.9.14-alpine","resources":{"limits":{"cpu":"125m","memory":"128Mi"},"requests":{"cpu":"125m","memory":"128Mi"}},"volumeMounts":[{"name":"creat","mountPath":"/creat"},{"name":"default-token-e0d8c","readOnly":true,"mountPath":"/var/run/secrets/kubernetes.io/serviceaccount"}],"terminationMessagePath":"/dev/termination-log","imagePullPolicy":"Always"}],"restartPolicy":"Always","terminationGracePeriodSeconds":5,"dnsPolicy":"ClusterFirst","serviceAccountName":"default","serviceAccount":"default","nodeName":"192.168.10.6","securityContext":{},"imagePullSecrets":[{"name":"pullsecret"}]},"status":{"phase":"Running","conditions":[{"type":"Initialized","status":"True","lastProbeTime":null,"lastTransitionTime":"2017-01-07T11:33:07Z"},{"type":"Ready","status":"True","lastProbeTime":null,"lastTransitionTime":"2017-01-07T11:33:11Z"},{"type":"PodScheduled","status":"True","lastProbeTime":null,"lastTransitionTime":"2017-01-07T11:33:07Z"}],"hostIP":"192.168.10.6","podIP":"172.16.83.6","startTime":"2017-01-07T11:33:07Z","containerStatuses":[{"name":"creatservice","state":{"running":{"startedAt":"2017-01-07T11:33:11Z"}},"lastState":{},"ready":true,"restartCount":0,"image":"prod.internal.naturecloud.io/library/nginx:1.9.14-alpine","imageID":"docker://sha256:1bb49f0e0b5f983b49c5eb2d1feef9512de9fbe2c3ce0360d9a1f1b9e5713582","containerID":"docker://55f1a41ab9867d35c39c59b2875c9b3244e51bd4ce4d006a523d526b2d490a6e"}]}}]}}                                                                                                                                                      Notify:	[MsgId: MMSG-17999]
System.out: create validate                                                                                                                                                      Notify:	[MsgId: MMSG-17999]
System.out: true                                                                                                                                                      Notify:	[MsgId: MMSG-17999]
System.out: order:{6}                                                                                                                                                      Notify:	[MsgId: MMSG-17999]
web_set_max_html_param_len started  	[MsgId: MMSG-26355]
web_set_max_html_param_len was successful  	[MsgId: MMSG-26392]
web_reg_save_param started  	[MsgId: MMSG-26355]
Registering web_reg_save_param was successful  	[MsgId: MMSG-26390]
web_reg_save_param started  	[MsgId: MMSG-26355]
Registering web_reg_save_param was successful  	[MsgId: MMSG-26390]
[DEBUG]deleteApplication	[MsgId: MMSG-17999]
[DEBUG]URL=http://ppe.naturecloud.io:88/apiApplication/deleteApplication	[MsgId: MMSG-17999]
[DEBUG]options:	[MsgId: MMSG-17999]
[DEBUG]Method=POST	[MsgId: MMSG-17999]
[DEBUG]Resource=0	[MsgId: MMSG-17999]
[DEBUG]RecContentType=text/html	[MsgId: MMSG-17999]
[DEBUG]Snapshot=t11.inf	[MsgId: MMSG-17999]
[DEBUG]Mode=HTML	[MsgId: MMSG-17999]
[DEBUG]Referer=http://ppe.naturecloud.io:88/cp/service	[MsgId: MMSG-17999]
[DEBUG]EncType=application/json;charset=UTF-8	[MsgId: MMSG-17999]
[DEBUG]Body={"svc":{"app":"creatservice","rcnum":1,"ver":"1.9.14-alpine","node":{"image":"prod.internal.naturecloud.io/library/nginx:1.9.14-alpine","imageshortname":"nginx","isMarket":true,"ports":[],"env":[],"clusterId":"default","cpu_shares":"0.125","mem_limit":"128Mi","volumes":[{"IsDefault":false,"isShared":true,"mountTargetPath":"/creat","mountObj":{"name":"creat","volumeId":"kidfanjun-creat","namespace":"kidfanjun","status":"NOT_USE","mountAppName":"","mountNodeName":"","size":1024,"_id":"586fb7dcc016a0000e25cdc8","mountAppNameArray":["creatservice"]},"isStateful":false}],"secret":"a2lkZmFuanVuOjFxYXp4c3cy"},"username":"kidfanjun","id":"creatservice","service":{"kind":"Service","apiVersion":"v1","metadata":{"name":"creatservice","labels":{"app":"creatservice"}},"spec":{"selector":{"app":"creatservice"},"type":"ClusterIP","ports":[{"name":"0","protocol":"TCP","port":22,"targetPort":22}]}},"totalStatue":"running","rc":{"kind":"ReplicationController","apiVersion":"v1","metadata":{"name":"creatservice-v1.9.14-alpine","labels":{"app":"creatservice","version":"1.9.14-alpine"},"uid":"016367ad-d425-11e6-a878-00163e02bcc9"},"spec":{"replicas":1,"template":{"metadata":{"labels":{"app":"creatservice","version":"1.9.14-alpine"}},"spec":{"containers":[{"name":"creatservice","image":"prod.internal.naturecloud.io/library/nginx:1.9.14-alpine","imagePullPolicy":"Always","env":[],"resources":{"limits":{"cpu":"125m","memory":"128Mi"}},"ports":[],"volumeMounts":[{"mountPath":"/creat","name":"creat"}]}],"imagePullSecrets":[{"name":"pullsecret"}],"restartPolicy":null,"terminationGracePeriodSeconds":5,"volumes":[{"name":"creat","glusterfs":{"endpoints":"glusterfs-cluster","path":"kidfanjun-creat"}}]}}}},"_id":"586fb800c016a0000e25cdca"},"isDelVolume":true}	[MsgId: MMSG-17999]
[DEBUG]LAST	[MsgId: MMSG-17999]
web_custom_request("deleteApplication") started  	[MsgId: MMSG-26355]
web_custom_request("deleteApplication") was successful, 37 body bytes, 251 header bytes  	[MsgId: MMSG-26386]
System.out: {"ret":true,"error":null,"data":true}                                                                                                                                                      Notify:	[MsgId: MMSG-17999]
System.out: order:{10}                                                                                                                                                      Notify:	[MsgId: MMSG-17999]
Notify: Transaction "createservice2" set.	[MsgId: MMSG-16979]
System.out: Scene createservice2 pass ...                                                                                                                                                      Notify:	[MsgId: MMSG-17999]
System.out:                                                                                                                                                        Notify:	[MsgId: MMSG-17999]
System.out:                                                                                                                                                        Notify:	[MsgId: MMSG-17999]
System.out: -------statics-------                                                                                                                                                      Notify:	[MsgId: MMSG-17999]
System.out: Scene:createservice2 succeed                                                                                                                                                      Notify:	[MsgId: MMSG-17999]
Ending action Actions.	[MsgId: MMSG-15918]
Ending iteration 1.	[MsgId: MMSG-15965]
Starting iteration 2.	[MsgId: MMSG-15968]
Starting action Actions.	[MsgId: MMSG-15919]
Notify: Transaction "createservice2" set.	[MsgId: MMSG-16979]
web_set_max_html_param_len started  	[MsgId: MMSG-26355]
web_set_max_html_param_len was successful  	[MsgId: MMSG-26392]
web_reg_save_param started  	[MsgId: MMSG-26355]
Registering web_reg_save_param was successful  	[MsgId: MMSG-26390]
web_reg_save_param started  	[MsgId: MMSG-26355]
Registering web_reg_save_param was successful  	[MsgId: MMSG-26390]
[DEBUG]createstorage	[MsgId: MMSG-17999]
[DEBUG]URL=http://ppe.naturecloud.io:88/apiStorage/createstorage	[MsgId: MMSG-17999]
[DEBUG]options:	[MsgId: MMSG-17999]
[DEBUG]Method=POST	[MsgId: MMSG-17999]
[DEBUG]Resource=0	[MsgId: MMSG-17999]
[DEBUG]RecContentType=text/html	[MsgId: MMSG-17999]
[DEBUG]Snapshot=t11.inf	[MsgId: MMSG-17999]
[DEBUG]Mode=HTML	[MsgId: MMSG-17999]
[DEBUG]Referer=http://ppe.naturecloud.io:88/cp/service	[MsgId: MMSG-17999]
[DEBUG]EncType=application/json;charset=UTF-8	[MsgId: MMSG-17999]
[DEBUG]Body={"sid":"creat"}	[MsgId: MMSG-17999]
[DEBUG]LAST	[MsgId: MMSG-17999]
web_custom_request("createstorage") started  	[MsgId: MMSG-26355]
web_custom_request("createstorage") was successful, 201 body bytes, 252 header bytes  	[MsgId: MMSG-26386]
System.out: {"ret":true,"error":"","data":{"name":"creat","volumeId":"kidfanjun-creat","namespace":"kidfanjun","status":"NOT_USE","mountAppName":"","mountNodeName":"","size":1024,"_id":"5870d226c016a0000e25f96f"}}                                                                                                                                                      Notify:	[MsgId: MMSG-17999]
System.out: order:{0}                                                                                                                                                      Notify:	[MsgId: MMSG-17999]
web_set_max_html_param_len started  	[MsgId: MMSG-26355]
web_set_max_html_param_len was successful  	[MsgId: MMSG-26392]
web_reg_save_param started  	[MsgId: MMSG-26355]
Registering web_reg_save_param was successful  	[MsgId: MMSG-26390]
web_reg_save_param started  	[MsgId: MMSG-26355]
Registering web_reg_save_param was successful  	[MsgId: MMSG-26390]
[DEBUG]createservice	[MsgId: MMSG-17999]
[DEBUG]URL=http://ppe.naturecloud.io:88/apiApplication/createApplication	[MsgId: MMSG-17999]
[DEBUG]options:	[MsgId: MMSG-17999]
[DEBUG]Method=POST	[MsgId: MMSG-17999]
[DEBUG]Resource=0	[MsgId: MMSG-17999]
[DEBUG]RecContentType=text/html	[MsgId: MMSG-17999]
[DEBUG]Snapshot=t11.inf	[MsgId: MMSG-17999]
[DEBUG]Mode=HTML	[MsgId: MMSG-17999]
[DEBUG]Referer=http://ppe.naturecloud.io:88/cp/service	[MsgId: MMSG-17999]
[DEBUG]EncType=application/json;charset=UTF-8	[MsgId: MMSG-17999]
[DEBUG]Body={"app":"creatservice","rcnum":1,"ver":"1.9.14-alpine","node":{"image":"prod.internal.naturecloud.io/library/nginx:1.9.14-alpine","imageshortname":"nginx","isMarket":true,"ports":[],"env":[],"clusterId":"default","cpu_shares":"0.125","mem_limit":"128Mi","volumes":[{"IsDefault":false,"isShared":true,"mountTargetPath":"/creat","mountObj":{"name":"creat","volumeId":"kidfanjun-creat","namespace":"kidfanjun","status":"NOT_USE","mountAppName":"","mountNodeName":"","size":1024,"_id":"586fb7dcc016a0000e25cdc8"}}]}}	[MsgId: MMSG-17999]
[DEBUG]LAST	[MsgId: MMSG-17999]
web_custom_request("createservice") started  	[MsgId: MMSG-26355]
web_custom_request("createservice") was successful, 37 body bytes, 251 header bytes  	[MsgId: MMSG-26386]
System.out: {"ret":true,"error":null,"data":null}                                                                                                                                                      Notify:	[MsgId: MMSG-17999]
System.out: create validate                                                                                                                                                      Notify:	[MsgId: MMSG-17999]
System.out: true                                                                                                                                                      Notify:	[MsgId: MMSG-17999]
System.out: order:{1}                                                                                                                                                      Notify:	[MsgId: MMSG-17999]
web_set_max_html_param_len started  	[MsgId: MMSG-26355]
web_set_max_html_param_len was successful  	[MsgId: MMSG-26392]
web_reg_save_param started  	[MsgId: MMSG-26355]
Registering web_reg_save_param was successful  	[MsgId: MMSG-26390]
web_reg_save_param started  	[MsgId: MMSG-26355]
Registering web_reg_save_param was successful  	[MsgId: MMSG-26390]
[DEBUG]getPodStatus40	[MsgId: MMSG-17999]
[DEBUG]URL=http://ppe.naturecloud.io:88/apiApplication/getPodStatus	[MsgId: MMSG-17999]
[DEBUG]options:	[MsgId: MMSG-17999]
[DEBUG]Method=POST	[MsgId: MMSG-17999]
[DEBUG]Resource=0	[MsgId: MMSG-17999]
[DEBUG]RecContentType=text/html	[MsgId: MMSG-17999]
[DEBUG]Snapshot=t11.inf	[MsgId: MMSG-17999]
[DEBUG]Mode=HTML	[MsgId: MMSG-17999]
[DEBUG]Referer=http://ppe.naturecloud.io:88/cp/service	[MsgId: MMSG-17999]
[DEBUG]EncType=application/json;charset=UTF-8	[MsgId: MMSG-17999]
[DEBUG]Body={"app":"creatservice","rcnum":1,"ver":"1.9.14-alpine","node":{"image":"prod.internal.naturecloud.io/library/nginx:1.9.14-alpine","imageshortname":"nginx","isMarket":true,"ports":[],"env":[],"clusterId":"default","cpu_shares":"0.125","mem_limit":"128Mi","volumes":[{"IsDefault":false,"isShared":true,"mountTargetPath":"/creat","mountObj":{"name":"creat","volumeId":"kidfanjun-creat","namespace":"kidfanjun","status":"NOT_USE","mountAppName":"","mountNodeName":"","size":1024,"_id":"586fb7dcc016a0000e25cdc8","mountAppNameArray":["creatservice"]},"isStateful":false}],"secret":"a2lkZmFuanVuOjFxYXp4c3cy"},"username":"kidfanjun","id":"creatservice","service":{"kind":"Service","apiVersion":"v1","metadata":{"name":"creatservice","labels":{"app":"creatservice"}},"spec":{"selector":{"app":"creatservice"},"type":"ClusterIP","ports":[{"name":"0","protocol":"TCP","port":22,"targetPort":22}]}},"totalStatue":"starting","rc":{"kind":"ReplicationController","apiVersion":"v1","metadata":{"name":"creatservice-v1.9.14-alpine","labels":{"app":"creatservice","version":"1.9.14-alpine"},"uid":"016367ad-d425-11e6-a878-00163e02bcc9"},"spec":{"replicas":1,"template":{"metadata":{"labels":{"app":"creatservice","version":"1.9.14-alpine"}},"spec":{"containers":[{"name":"creatservice","image":"prod.internal.naturecloud.io/library/nginx:1.9.14-alpine","imagePullPolicy":"Always","env":[],"resources":{"limits":{"cpu":"125m","memory":"128Mi"}},"ports":[],"volumeMounts":[{"mountPath":"/creat","name":"creat"}]}],"imagePullSecrets":[{"name":"pullsecret"}],"restartPolicy":null,"terminationGracePeriodSeconds":5,"volumes":[{"name":"creat","glusterfs":{"endpoints":"glusterfs-cluster","path":"kidfanjun-creat"}}]}}}},"_id":"586fb800c016a0000e25cdca"}	[MsgId: MMSG-17999]
[DEBUG]LAST	[MsgId: MMSG-17999]
web_custom_request("getPodStatus40") started  	[MsgId: MMSG-26355]
web_custom_request("getPodStatus40") was successful, 1076 body bytes, 284 header bytes, 12 chunking overhead bytes  	[MsgId: MMSG-26385]
System.out: {"ret":true,"error":null,"data":{"kind":"PodList","apiVersion":"v1","metadata":{"selfLink":"/api/v1/namespaces/kidfanjun/pods","resourceVersion":"7777713"},"items":[{"metadata":{"name":"creatservice-v1.9.14-alpine-7reow","generateName":"creatservice-v1.9.14-alpine-","namespace":"kidfanjun","selfLink":"/api/v1/namespaces/kidfanjun/pods/creatservice-v1.9.14-alpine-7reow","uid":"36fdefb2-d4cd-11e6-9311-00163e02bcc9","resourceVersion":"7777706","creationTimestamp":"2017-01-07T11:34:13Z","labels":{"app":"creatservice","version":"1.9.14-alpine"},"annotations":{"kubernetes.io/created-by":"{\"kind\":\"SerializedReference\",\"apiVersion\":\"v1\",\"reference\":{\"kind\":\"ReplicationController\",\"namespace\":\"kidfanjun\",\"name\":\"creatservice-v1.9.14-alpine\",\"uid\":\"36faba63-d4cd-11e6-9311-00163e02bcc9\",\"apiVersion\":\"v1\",\"resourceVersion\":\"7777678\"}}\n"},"ownerReferences":[{"apiVersion":"v1","kind":"ReplicationController","name":"creatservice-v1.9.14-alpine","uid":"36faba63-d4cd-11e6-9311-00163e02bcc9","controller":true}]},"spec":{"volumes":[{"name":"creat","glusterfs":{"endpoints":"glusterfs-cluster","path":"kidfanjun-creat"}},{"name":"default-token-e0d8c","secret":{"secretName":"default-token-e0d8c","defaultMode":420}}],"containers":[{"name":"creatservice","image":"prod.internal.naturecloud.io/library/nginx:1.9.14-alpine","resources":{"limits":{"cpu":"125m","memory":"128Mi"},"requests":{"cpu":"125m","memory":"128Mi"}},"volumeMounts":[{"name":"creat","mountPath":"/creat"},{"name":"default-token-e0d8c","readOnly":true,"mountPath":"/var/run/secrets/kubernetes.io/serviceaccount"}],"terminationMessagePath":"/dev/termination-log","imagePullPolicy":"Always"}],"restartPolicy":"Always","terminationGracePeriodSeconds":5,"dnsPolicy":"ClusterFirst","serviceAccountName":"default","serviceAccount":"default","nodeName":"192.168.10.5","securityContext":{},"imagePullSecrets":[{"name":"pullsecret"}]},"status":{"phase":"Running","conditions":[{"type":"Initialized","status":"True","lastProbeTime":null,"lastTransitionTime":"2017-01-07T11:34:13Z"},{"type":"Ready","status":"True","lastProbeTime":null,"lastTransitionTime":"2017-01-07T11:34:18Z"},{"type":"PodScheduled","status":"True","lastProbeTime":null,"lastTransitionTime":"2017-01-07T11:34:13Z"}],"hostIP":"192.168.10.5","podIP":"172.16.100.6","startTime":"2017-01-07T11:34:13Z","containerStatuses":[{"name":"creatservice","state":{"running":{"startedAt":"2017-01-07T11:34:18Z"}},"lastState":{},"ready":true,"restartCount":0,"image":"prod.internal.naturecloud.io/library/nginx:1.9.14-alpine","imageID":"docker://sha256:1bb49f0e0b5f983b49c5eb2d1feef9512de9fbe2c3ce0360d9a1f1b9e5713582","containerID":"docker://1b03dd39521ba84c7caa15d359574f3321a97a9cb1d7740be324e689f303cf56"}]}}]}}                                                                                                                                                      Notify:	[MsgId: MMSG-17999]
System.out: order:{2}                                                                                                                                                      Notify:	[MsgId: MMSG-17999]
web_set_max_html_param_len started  	[MsgId: MMSG-26355]
web_set_max_html_param_len was successful  	[MsgId: MMSG-26392]
web_reg_save_param started  	[MsgId: MMSG-26355]
Registering web_reg_save_param was successful  	[MsgId: MMSG-26390]
web_reg_save_param started  	[MsgId: MMSG-26355]
Registering web_reg_save_param was successful  	[MsgId: MMSG-26390]
[DEBUG]getPodStatus_43	[MsgId: MMSG-17999]
[DEBUG]URL=http://ppe.naturecloud.io:88/apiApplication/getPodStatus	[MsgId: MMSG-17999]
[DEBUG]options:	[MsgId: MMSG-17999]
[DEBUG]Method=POST	[MsgId: MMSG-17999]
[DEBUG]Resource=0	[MsgId: MMSG-17999]
[DEBUG]RecContentType=text/html	[MsgId: MMSG-17999]
[DEBUG]Snapshot=t11.inf	[MsgId: MMSG-17999]
[DEBUG]Mode=HTML	[MsgId: MMSG-17999]
[DEBUG]Referer=http://ppe.naturecloud.io:88/cp/service	[MsgId: MMSG-17999]
[DEBUG]EncType=application/json;charset=UTF-8	[MsgId: MMSG-17999]
[DEBUG]Body={"app":"creatservice","rcnum":1,"ver":"1.9.14-alpine","node":{"image":"prod.internal.naturecloud.io/library/nginx:1.9.14-alpine","imageshortname":"nginx","isMarket":true,"ports":[],"env":[],"clusterId":"default","cpu_shares":"0.125","mem_limit":"128Mi","volumes":[{"IsDefault":false,"isShared":true,"mountTargetPath":"/creat","mountObj":{"name":"creat","volumeId":"kidfanjun-creat","namespace":"kidfanjun","status":"NOT_USE","mountAppName":"","mountNodeName":"","size":1024,"_id":"586fb7dcc016a0000e25cdc8","mountAppNameArray":["creatservice"]},"isStateful":false}],"secret":"a2lkZmFuanVuOjFxYXp4c3cy"},"username":"kidfanjun","id":"creatservice","service":{"kind":"Service","apiVersion":"v1","metadata":{"name":"creatservice","labels":{"app":"creatservice"}},"spec":{"selector":{"app":"creatservice"},"type":"ClusterIP","ports":[{"name":"0","protocol":"TCP","port":22,"targetPort":22}]}},"totalStatue":"starting","rc":{"kind":"ReplicationController","apiVersion":"v1","metadata":{"name":"creatservice-v1.9.14-alpine","labels":{"app":"creatservice","version":"1.9.14-alpine"},"uid":"016367ad-d425-11e6-a878-00163e02bcc9"},"spec":{"replicas":1,"template":{"metadata":{"labels":{"app":"creatservice","version":"1.9.14-alpine"}},"spec":{"containers":[{"name":"creatservice","image":"prod.internal.naturecloud.io/library/nginx:1.9.14-alpine","imagePullPolicy":"Always","env":[],"resources":{"limits":{"cpu":"125m","memory":"128Mi"}},"ports":[],"volumeMounts":[{"mountPath":"/creat","name":"creat"}]}],"imagePullSecrets":[{"name":"pullsecret"}],"restartPolicy":null,"terminationGracePeriodSeconds":5,"volumes":[{"name":"creat","glusterfs":{"endpoints":"glusterfs-cluster","path":"kidfanjun-creat"}}]}}}},"_id":"586fb800c016a0000e25cdca"}	[MsgId: MMSG-17999]
[DEBUG]LAST	[MsgId: MMSG-17999]
web_custom_request("getPodStatus_43") started  	[MsgId: MMSG-26355]
web_custom_request("getPodStatus_43") was successful, 1076 body bytes, 284 header bytes, 12 chunking overhead bytes  	[MsgId: MMSG-26385]
System.out: {"ret":true,"error":null,"data":{"kind":"PodList","apiVersion":"v1","metadata":{"selfLink":"/api/v1/namespaces/kidfanjun/pods","resourceVersion":"7777725"},"items":[{"metadata":{"name":"creatservice-v1.9.14-alpine-7reow","generateName":"creatservice-v1.9.14-alpine-","namespace":"kidfanjun","selfLink":"/api/v1/namespaces/kidfanjun/pods/creatservice-v1.9.14-alpine-7reow","uid":"36fdefb2-d4cd-11e6-9311-00163e02bcc9","resourceVersion":"7777706","creationTimestamp":"2017-01-07T11:34:13Z","labels":{"app":"creatservice","version":"1.9.14-alpine"},"annotations":{"kubernetes.io/created-by":"{\"kind\":\"SerializedReference\",\"apiVersion\":\"v1\",\"reference\":{\"kind\":\"ReplicationController\",\"namespace\":\"kidfanjun\",\"name\":\"creatservice-v1.9.14-alpine\",\"uid\":\"36faba63-d4cd-11e6-9311-00163e02bcc9\",\"apiVersion\":\"v1\",\"resourceVersion\":\"7777678\"}}\n"},"ownerReferences":[{"apiVersion":"v1","kind":"ReplicationController","name":"creatservice-v1.9.14-alpine","uid":"36faba63-d4cd-11e6-9311-00163e02bcc9","controller":true}]},"spec":{"volumes":[{"name":"creat","glusterfs":{"endpoints":"glusterfs-cluster","path":"kidfanjun-creat"}},{"name":"default-token-e0d8c","secret":{"secretName":"default-token-e0d8c","defaultMode":420}}],"containers":[{"name":"creatservice","image":"prod.internal.naturecloud.io/library/nginx:1.9.14-alpine","resources":{"limits":{"cpu":"125m","memory":"128Mi"},"requests":{"cpu":"125m","memory":"128Mi"}},"volumeMounts":[{"name":"creat","mountPath":"/creat"},{"name":"default-token-e0d8c","readOnly":true,"mountPath":"/var/run/secrets/kubernetes.io/serviceaccount"}],"terminationMessagePath":"/dev/termination-log","imagePullPolicy":"Always"}],"restartPolicy":"Always","terminationGracePeriodSeconds":5,"dnsPolicy":"ClusterFirst","serviceAccountName":"default","serviceAccount":"default","nodeName":"192.168.10.5","securityContext":{},"imagePullSecrets":[{"name":"pullsecret"}]},"status":{"phase":"Running","conditions":[{"type":"Initialized","status":"True","lastProbeTime":null,"lastTransitionTime":"2017-01-07T11:34:13Z"},{"type":"Ready","status":"True","lastProbeTime":null,"lastTransitionTime":"2017-01-07T11:34:18Z"},{"type":"PodScheduled","status":"True","lastProbeTime":null,"lastTransitionTime":"2017-01-07T11:34:13Z"}],"hostIP":"192.168.10.5","podIP":"172.16.100.6","startTime":"2017-01-07T11:34:13Z","containerStatuses":[{"name":"creatservice","state":{"running":{"startedAt":"2017-01-07T11:34:18Z"}},"lastState":{},"ready":true,"restartCount":0,"image":"prod.internal.naturecloud.io/library/nginx:1.9.14-alpine","imageID":"docker://sha256:1bb49f0e0b5f983b49c5eb2d1feef9512de9fbe2c3ce0360d9a1f1b9e5713582","containerID":"docker://1b03dd39521ba84c7caa15d359574f3321a97a9cb1d7740be324e689f303cf56"}]}}]}}                                                                                                                                                      Notify:	[MsgId: MMSG-17999]
System.out: order:{5}                                                                                                                                                      Notify:	[MsgId: MMSG-17999]
web_set_max_html_param_len started  	[MsgId: MMSG-26355]
web_set_max_html_param_len was successful  	[MsgId: MMSG-26392]
web_reg_save_param started  	[MsgId: MMSG-26355]
Registering web_reg_save_param was successful  	[MsgId: MMSG-26390]
web_reg_save_param started  	[MsgId: MMSG-26355]
Registering web_reg_save_param was successful  	[MsgId: MMSG-26390]
[DEBUG]getPodStatus_44	[MsgId: MMSG-17999]
[DEBUG]URL=http://ppe.naturecloud.io:88/apiApplication/getPodStatus	[MsgId: MMSG-17999]
[DEBUG]options:	[MsgId: MMSG-17999]
[DEBUG]Method=POST	[MsgId: MMSG-17999]
[DEBUG]Resource=0	[MsgId: MMSG-17999]
[DEBUG]RecContentType=text/html	[MsgId: MMSG-17999]
[DEBUG]Snapshot=t11.inf	[MsgId: MMSG-17999]
[DEBUG]Mode=HTML	[MsgId: MMSG-17999]
[DEBUG]Referer=http://ppe.naturecloud.io:88/cp/service	[MsgId: MMSG-17999]
[DEBUG]EncType=application/json;charset=UTF-8	[MsgId: MMSG-17999]
[DEBUG]Body={"app":"creatservice","rcnum":1,"ver":"1.9.14-alpine","node":{"image":"prod.internal.naturecloud.io/library/nginx:1.9.14-alpine","imageshortname":"nginx","isMarket":true,"ports":[],"env":[],"clusterId":"default","cpu_shares":"0.125","mem_limit":"128Mi","volumes":[{"IsDefault":false,"isShared":true,"mountTargetPath":"/creat","mountObj":{"name":"creat","volumeId":"kidfanjun-creat","namespace":"kidfanjun","status":"NOT_USE","mountAppName":"","mountNodeName":"","size":1024,"_id":"586fb7dcc016a0000e25cdc8","mountAppNameArray":["creatservice"]},"isStateful":false}],"secret":"a2lkZmFuanVuOjFxYXp4c3cy"},"username":"kidfanjun","id":"creatservice","service":{"kind":"Service","apiVersion":"v1","metadata":{"name":"creatservice","labels":{"app":"creatservice"}},"spec":{"selector":{"app":"creatservice"},"type":"ClusterIP","ports":[{"name":"0","protocol":"TCP","port":22,"targetPort":22}]}},"totalStatue":"starting","rc":{"kind":"ReplicationController","apiVersion":"v1","metadata":{"name":"creatservice-v1.9.14-alpine","labels":{"app":"creatservice","version":"1.9.14-alpine"},"uid":"016367ad-d425-11e6-a878-00163e02bcc9"},"spec":{"replicas":1,"template":{"metadata":{"labels":{"app":"creatservice","version":"1.9.14-alpine"}},"spec":{"containers":[{"name":"creatservice","image":"prod.internal.naturecloud.io/library/nginx:1.9.14-alpine","imagePullPolicy":"Always","env":[],"resources":{"limits":{"cpu":"125m","memory":"128Mi"}},"ports":[],"volumeMounts":[{"mountPath":"/creat","name":"creat"}]}],"imagePullSecrets":[{"name":"pullsecret"}],"restartPolicy":null,"terminationGracePeriodSeconds":5,"volumes":[{"name":"creat","glusterfs":{"endpoints":"glusterfs-cluster","path":"kidfanjun-creat"}}]}}}},"_id":"586fb800c016a0000e25cdca"}	[MsgId: MMSG-17999]
[DEBUG]LAST	[MsgId: MMSG-17999]
web_custom_request("getPodStatus_44") started  	[MsgId: MMSG-26355]
web_custom_request("getPodStatus_44") was successful, 1076 body bytes, 284 header bytes, 12 chunking overhead bytes  	[MsgId: MMSG-26385]
System.out: {"ret":true,"error":null,"data":{"kind":"PodList","apiVersion":"v1","metadata":{"selfLink":"/api/v1/namespaces/kidfanjun/pods","resourceVersion":"7777752"},"items":[{"metadata":{"name":"creatservice-v1.9.14-alpine-7reow","generateName":"creatservice-v1.9.14-alpine-","namespace":"kidfanjun","selfLink":"/api/v1/namespaces/kidfanjun/pods/creatservice-v1.9.14-alpine-7reow","uid":"36fdefb2-d4cd-11e6-9311-00163e02bcc9","resourceVersion":"7777706","creationTimestamp":"2017-01-07T11:34:13Z","labels":{"app":"creatservice","version":"1.9.14-alpine"},"annotations":{"kubernetes.io/created-by":"{\"kind\":\"SerializedReference\",\"apiVersion\":\"v1\",\"reference\":{\"kind\":\"ReplicationController\",\"namespace\":\"kidfanjun\",\"name\":\"creatservice-v1.9.14-alpine\",\"uid\":\"36faba63-d4cd-11e6-9311-00163e02bcc9\",\"apiVersion\":\"v1\",\"resourceVersion\":\"7777678\"}}\n"},"ownerReferences":[{"apiVersion":"v1","kind":"ReplicationController","name":"creatservice-v1.9.14-alpine","uid":"36faba63-d4cd-11e6-9311-00163e02bcc9","controller":true}]},"spec":{"volumes":[{"name":"creat","glusterfs":{"endpoints":"glusterfs-cluster","path":"kidfanjun-creat"}},{"name":"default-token-e0d8c","secret":{"secretName":"default-token-e0d8c","defaultMode":420}}],"containers":[{"name":"creatservice","image":"prod.internal.naturecloud.io/library/nginx:1.9.14-alpine","resources":{"limits":{"cpu":"125m","memory":"128Mi"},"requests":{"cpu":"125m","memory":"128Mi"}},"volumeMounts":[{"name":"creat","mountPath":"/creat"},{"name":"default-token-e0d8c","readOnly":true,"mountPath":"/var/run/secrets/kubernetes.io/serviceaccount"}],"terminationMessagePath":"/dev/termination-log","imagePullPolicy":"Always"}],"restartPolicy":"Always","terminationGracePeriodSeconds":5,"dnsPolicy":"ClusterFirst","serviceAccountName":"default","serviceAccount":"default","nodeName":"192.168.10.5","securityContext":{},"imagePullSecrets":[{"name":"pullsecret"}]},"status":{"phase":"Running","conditions":[{"type":"Initialized","status":"True","lastProbeTime":null,"lastTransitionTime":"2017-01-07T11:34:13Z"},{"type":"Ready","status":"True","lastProbeTime":null,"lastTransitionTime":"2017-01-07T11:34:18Z"},{"type":"PodScheduled","status":"True","lastProbeTime":null,"lastTransitionTime":"2017-01-07T11:34:13Z"}],"hostIP":"192.168.10.5","podIP":"172.16.100.6","startTime":"2017-01-07T11:34:13Z","containerStatuses":[{"name":"creatservice","state":{"running":{"startedAt":"2017-01-07T11:34:18Z"}},"lastState":{},"ready":true,"restartCount":0,"image":"prod.internal.naturecloud.io/library/nginx:1.9.14-alpine","imageID":"docker://sha256:1bb49f0e0b5f983b49c5eb2d1feef9512de9fbe2c3ce0360d9a1f1b9e5713582","containerID":"docker://1b03dd39521ba84c7caa15d359574f3321a97a9cb1d7740be324e689f303cf56"}]}}]}}                                                                                                                                                      Notify:	[MsgId: MMSG-17999]
System.out: create validate                                                                                                                                                      Notify:	[MsgId: MMSG-17999]
System.out: true                                                                                                                                                      Notify:	[MsgId: MMSG-17999]
System.out: order:{6}                                                                                                                                                      Notify:	[MsgId: MMSG-17999]
web_set_max_html_param_len started  	[MsgId: MMSG-26355]
web_set_max_html_param_len was successful  	[MsgId: MMSG-26392]
web_reg_save_param started  	[MsgId: MMSG-26355]
Registering web_reg_save_param was successful  	[MsgId: MMSG-26390]
web_reg_save_param started  	[MsgId: MMSG-26355]
Registering web_reg_save_param was successful  	[MsgId: MMSG-26390]
[DEBUG]deleteApplication	[MsgId: MMSG-17999]
[DEBUG]URL=http://ppe.naturecloud.io:88/apiApplication/deleteApplication	[MsgId: MMSG-17999]
[DEBUG]options:	[MsgId: MMSG-17999]
[DEBUG]Method=POST	[MsgId: MMSG-17999]
[DEBUG]Resource=0	[MsgId: MMSG-17999]
[DEBUG]RecContentType=text/html	[MsgId: MMSG-17999]
[DEBUG]Snapshot=t11.inf	[MsgId: MMSG-17999]
[DEBUG]Mode=HTML	[MsgId: MMSG-17999]
[DEBUG]Referer=http://ppe.naturecloud.io:88/cp/service	[MsgId: MMSG-17999]
[DEBUG]EncType=application/json;charset=UTF-8	[MsgId: MMSG-17999]
[DEBUG]Body={"svc":{"app":"creatservice","rcnum":1,"ver":"1.9.14-alpine","node":{"image":"prod.internal.naturecloud.io/library/nginx:1.9.14-alpine","imageshortname":"nginx","isMarket":true,"ports":[],"env":[],"clusterId":"default","cpu_shares":"0.125","mem_limit":"128Mi","volumes":[{"IsDefault":false,"isShared":true,"mountTargetPath":"/creat","mountObj":{"name":"creat","volumeId":"kidfanjun-creat","namespace":"kidfanjun","status":"NOT_USE","mountAppName":"","mountNodeName":"","size":1024,"_id":"586fb7dcc016a0000e25cdc8","mountAppNameArray":["creatservice"]},"isStateful":false}],"secret":"a2lkZmFuanVuOjFxYXp4c3cy"},"username":"kidfanjun","id":"creatservice","service":{"kind":"Service","apiVersion":"v1","metadata":{"name":"creatservice","labels":{"app":"creatservice"}},"spec":{"selector":{"app":"creatservice"},"type":"ClusterIP","ports":[{"name":"0","protocol":"TCP","port":22,"targetPort":22}]}},"totalStatue":"running","rc":{"kind":"ReplicationController","apiVersion":"v1","metadata":{"name":"creatservice-v1.9.14-alpine","labels":{"app":"creatservice","version":"1.9.14-alpine"},"uid":"016367ad-d425-11e6-a878-00163e02bcc9"},"spec":{"replicas":1,"template":{"metadata":{"labels":{"app":"creatservice","version":"1.9.14-alpine"}},"spec":{"containers":[{"name":"creatservice","image":"prod.internal.naturecloud.io/library/nginx:1.9.14-alpine","imagePullPolicy":"Always","env":[],"resources":{"limits":{"cpu":"125m","memory":"128Mi"}},"ports":[],"volumeMounts":[{"mountPath":"/creat","name":"creat"}]}],"imagePullSecrets":[{"name":"pullsecret"}],"restartPolicy":null,"terminationGracePeriodSeconds":5,"volumes":[{"name":"creat","glusterfs":{"endpoints":"glusterfs-cluster","path":"kidfanjun-creat"}}]}}}},"_id":"586fb800c016a0000e25cdca"},"isDelVolume":true}	[MsgId: MMSG-17999]
[DEBUG]LAST	[MsgId: MMSG-17999]
web_custom_request("deleteApplication") started  	[MsgId: MMSG-26355]
web_custom_request("deleteApplication") was successful, 37 body bytes, 251 header bytes  	[MsgId: MMSG-26386]
System.out: {"ret":true,"error":null,"data":true}                                                                                                                                                      Notify:	[MsgId: MMSG-17999]
System.out: order:{10}                                                                                                                                                      Notify:	[MsgId: MMSG-17999]
Notify: Transaction "createservice2" set.	[MsgId: MMSG-16979]
System.out: Scene createservice2 pass ...                                                                                                                                                      Notify:	[MsgId: MMSG-17999]
System.out:                                                                                                                                                        Notify:	[MsgId: MMSG-17999]
System.out:                                                                                                                                                        Notify:	[MsgId: MMSG-17999]
System.out: -------statics-------                                                                                                                                                      Notify:	[MsgId: MMSG-17999]
System.out: Scene:createservice2 succeed                                                                                                                                                      Notify:	[MsgId: MMSG-17999]
Ending action Actions.	[MsgId: MMSG-15918]
Ending iteration 2.	[MsgId: MMSG-15965]
Starting iteration 3.	[MsgId: MMSG-15968]
Starting action Actions.	[MsgId: MMSG-15919]
Notify: Transaction "createservice2" set.	[MsgId: MMSG-16979]
web_set_max_html_param_len started  	[MsgId: MMSG-26355]
web_set_max_html_param_len was successful  	[MsgId: MMSG-26392]
web_reg_save_param started  	[MsgId: MMSG-26355]
Registering web_reg_save_param was successful  	[MsgId: MMSG-26390]
web_reg_save_param started  	[MsgId: MMSG-26355]
Registering web_reg_save_param was successful  	[MsgId: MMSG-26390]
[DEBUG]createstorage	[MsgId: MMSG-17999]
[DEBUG]URL=http://ppe.naturecloud.io:88/apiStorage/createstorage	[MsgId: MMSG-17999]
[DEBUG]options:	[MsgId: MMSG-17999]
[DEBUG]Method=POST	[MsgId: MMSG-17999]
[DEBUG]Resource=0	[MsgId: MMSG-17999]
[DEBUG]RecContentType=text/html	[MsgId: MMSG-17999]
[DEBUG]Snapshot=t11.inf	[MsgId: MMSG-17999]
[DEBUG]Mode=HTML	[MsgId: MMSG-17999]
[DEBUG]Referer=http://ppe.naturecloud.io:88/cp/service	[MsgId: MMSG-17999]
[DEBUG]EncType=application/json;charset=UTF-8	[MsgId: MMSG-17999]
[DEBUG]Body={"sid":"creat"}	[MsgId: MMSG-17999]
[DEBUG]LAST	[MsgId: MMSG-17999]
web_custom_request("createstorage") started  	[MsgId: MMSG-26355]
web_custom_request("createstorage") was successful, 201 body bytes, 252 header bytes  	[MsgId: MMSG-26386]
System.out: {"ret":true,"error":"","data":{"name":"creat","volumeId":"kidfanjun-creat","namespace":"kidfanjun","status":"NOT_USE","mountAppName":"","mountNodeName":"","size":1024,"_id":"5870d269c016a0000e25f973"}}                                                                                                                                                      Notify:	[MsgId: MMSG-17999]
System.out: order:{0}                                                                                                                                                      Notify:	[MsgId: MMSG-17999]
web_set_max_html_param_len started  	[MsgId: MMSG-26355]
web_set_max_html_param_len was successful  	[MsgId: MMSG-26392]
web_reg_save_param started  	[MsgId: MMSG-26355]
Registering web_reg_save_param was successful  	[MsgId: MMSG-26390]
web_reg_save_param started  	[MsgId: MMSG-26355]
Registering web_reg_save_param was successful  	[MsgId: MMSG-26390]
[DEBUG]createservice	[MsgId: MMSG-17999]
[DEBUG]URL=http://ppe.naturecloud.io:88/apiApplication/createApplication	[MsgId: MMSG-17999]
[DEBUG]options:	[MsgId: MMSG-17999]
[DEBUG]Method=POST	[MsgId: MMSG-17999]
[DEBUG]Resource=0	[MsgId: MMSG-17999]
[DEBUG]RecContentType=text/html	[MsgId: MMSG-17999]
[DEBUG]Snapshot=t11.inf	[MsgId: MMSG-17999]
[DEBUG]Mode=HTML	[MsgId: MMSG-17999]
[DEBUG]Referer=http://ppe.naturecloud.io:88/cp/service	[MsgId: MMSG-17999]
[DEBUG]EncType=application/json;charset=UTF-8	[MsgId: MMSG-17999]
[DEBUG]Body={"app":"creatservice","rcnum":1,"ver":"1.9.14-alpine","node":{"image":"prod.internal.naturecloud.io/library/nginx:1.9.14-alpine","imageshortname":"nginx","isMarket":true,"ports":[],"env":[],"clusterId":"default","cpu_shares":"0.125","mem_limit":"128Mi","volumes":[{"IsDefault":false,"isShared":true,"mountTargetPath":"/creat","mountObj":{"name":"creat","volumeId":"kidfanjun-creat","namespace":"kidfanjun","status":"NOT_USE","mountAppName":"","mountNodeName":"","size":1024,"_id":"586fb7dcc016a0000e25cdc8"}}]}}	[MsgId: MMSG-17999]
[DEBUG]LAST	[MsgId: MMSG-17999]
web_custom_request("createservice") started  	[MsgId: MMSG-26355]
web_custom_request("createservice") was successful, 37 body bytes, 251 header bytes  	[MsgId: MMSG-26386]
System.out: {"ret":true,"error":null,"data":null}                                                                                                                                                      Notify:	[MsgId: MMSG-17999]
System.out: create validate                                                                                                                                                      Notify:	[MsgId: MMSG-17999]
System.out: true                                                                                                                                                      Notify:	[MsgId: MMSG-17999]
System.out: order:{1}                                                                                                                                                      Notify:	[MsgId: MMSG-17999]
web_set_max_html_param_len started  	[MsgId: MMSG-26355]
web_set_max_html_param_len was successful  	[MsgId: MMSG-26392]
web_reg_save_param started  	[MsgId: MMSG-26355]
Registering web_reg_save_param was successful  	[MsgId: MMSG-26390]
web_reg_save_param started  	[MsgId: MMSG-26355]
Registering web_reg_save_param was successful  	[MsgId: MMSG-26390]
[DEBUG]getPodStatus40	[MsgId: MMSG-17999]
[DEBUG]URL=http://ppe.naturecloud.io:88/apiApplication/getPodStatus	[MsgId: MMSG-17999]
[DEBUG]options:	[MsgId: MMSG-17999]
[DEBUG]Method=POST	[MsgId: MMSG-17999]
[DEBUG]Resource=0	[MsgId: MMSG-17999]
[DEBUG]RecContentType=text/html	[MsgId: MMSG-17999]
[DEBUG]Snapshot=t11.inf	[MsgId: MMSG-17999]
[DEBUG]Mode=HTML	[MsgId: MMSG-17999]
[DEBUG]Referer=http://ppe.naturecloud.io:88/cp/service	[MsgId: MMSG-17999]
[DEBUG]EncType=application/json;charset=UTF-8	[MsgId: MMSG-17999]
[DEBUG]Body={"app":"creatservice","rcnum":1,"ver":"1.9.14-alpine","node":{"image":"prod.internal.naturecloud.io/library/nginx:1.9.14-alpine","imageshortname":"nginx","isMarket":true,"ports":[],"env":[],"clusterId":"default","cpu_shares":"0.125","mem_limit":"128Mi","volumes":[{"IsDefault":false,"isShared":true,"mountTargetPath":"/creat","mountObj":{"name":"creat","volumeId":"kidfanjun-creat","namespace":"kidfanjun","status":"NOT_USE","mountAppName":"","mountNodeName":"","size":1024,"_id":"586fb7dcc016a0000e25cdc8","mountAppNameArray":["creatservice"]},"isStateful":false}],"secret":"a2lkZmFuanVuOjFxYXp4c3cy"},"username":"kidfanjun","id":"creatservice","service":{"kind":"Service","apiVersion":"v1","metadata":{"name":"creatservice","labels":{"app":"creatservice"}},"spec":{"selector":{"app":"creatservice"},"type":"ClusterIP","ports":[{"name":"0","protocol":"TCP","port":22,"targetPort":22}]}},"totalStatue":"starting","rc":{"kind":"ReplicationController","apiVersion":"v1","metadata":{"name":"creatservice-v1.9.14-alpine","labels":{"app":"creatservice","version":"1.9.14-alpine"},"uid":"016367ad-d425-11e6-a878-00163e02bcc9"},"spec":{"replicas":1,"template":{"metadata":{"labels":{"app":"creatservice","version":"1.9.14-alpine"}},"spec":{"containers":[{"name":"creatservice","image":"prod.internal.naturecloud.io/library/nginx:1.9.14-alpine","imagePullPolicy":"Always","env":[],"resources":{"limits":{"cpu":"125m","memory":"128Mi"}},"ports":[],"volumeMounts":[{"mountPath":"/creat","name":"creat"}]}],"imagePullSecrets":[{"name":"pullsecret"}],"restartPolicy":null,"terminationGracePeriodSeconds":5,"volumes":[{"name":"creat","glusterfs":{"endpoints":"glusterfs-cluster","path":"kidfanjun-creat"}}]}}}},"_id":"586fb800c016a0000e25cdca"}	[MsgId: MMSG-17999]
[DEBUG]LAST	[MsgId: MMSG-17999]
web_custom_request("getPodStatus40") started  	[MsgId: MMSG-26355]
web_custom_request("getPodStatus40") was successful, 1076 body bytes, 284 header bytes, 12 chunking overhead bytes  	[MsgId: MMSG-26385]
System.out: {"ret":true,"error":null,"data":{"kind":"PodList","apiVersion":"v1","metadata":{"selfLink":"/api/v1/namespaces/kidfanjun/pods","resourceVersion":"7777895"},"items":[{"metadata":{"name":"creatservice-v1.9.14-alpine-c14nj","generateName":"creatservice-v1.9.14-alpine-","namespace":"kidfanjun","selfLink":"/api/v1/namespaces/kidfanjun/pods/creatservice-v1.9.14-alpine-c14nj","uid":"5ea78a3e-d4cd-11e6-9311-00163e02bcc9","resourceVersion":"7777877","creationTimestamp":"2017-01-07T11:35:20Z","labels":{"app":"creatservice","version":"1.9.14-alpine"},"annotations":{"kubernetes.io/created-by":"{\"kind\":\"SerializedReference\",\"apiVersion\":\"v1\",\"reference\":{\"kind\":\"ReplicationController\",\"namespace\":\"kidfanjun\",\"name\":\"creatservice-v1.9.14-alpine\",\"uid\":\"5ea58566-d4cd-11e6-9311-00163e02bcc9\",\"apiVersion\":\"v1\",\"resourceVersion\":\"7777857\"}}\n"},"ownerReferences":[{"apiVersion":"v1","kind":"ReplicationController","name":"creatservice-v1.9.14-alpine","uid":"5ea58566-d4cd-11e6-9311-00163e02bcc9","controller":true}]},"spec":{"volumes":[{"name":"creat","glusterfs":{"endpoints":"glusterfs-cluster","path":"kidfanjun-creat"}},{"name":"default-token-e0d8c","secret":{"secretName":"default-token-e0d8c","defaultMode":420}}],"containers":[{"name":"creatservice","image":"prod.internal.naturecloud.io/library/nginx:1.9.14-alpine","resources":{"limits":{"cpu":"125m","memory":"128Mi"},"requests":{"cpu":"125m","memory":"128Mi"}},"volumeMounts":[{"name":"creat","mountPath":"/creat"},{"name":"default-token-e0d8c","readOnly":true,"mountPath":"/var/run/secrets/kubernetes.io/serviceaccount"}],"terminationMessagePath":"/dev/termination-log","imagePullPolicy":"Always"}],"restartPolicy":"Always","terminationGracePeriodSeconds":5,"dnsPolicy":"ClusterFirst","serviceAccountName":"default","serviceAccount":"default","nodeName":"192.168.10.6","securityContext":{},"imagePullSecrets":[{"name":"pullsecret"}]},"status":{"phase":"Running","conditions":[{"type":"Initialized","status":"True","lastProbeTime":null,"lastTransitionTime":"2017-01-07T11:35:20Z"},{"type":"Ready","status":"True","lastProbeTime":null,"lastTransitionTime":"2017-01-07T11:35:25Z"},{"type":"PodScheduled","status":"True","lastProbeTime":null,"lastTransitionTime":"2017-01-07T11:35:20Z"}],"hostIP":"192.168.10.6","podIP":"172.16.83.6","startTime":"2017-01-07T11:35:20Z","containerStatuses":[{"name":"creatservice","state":{"running":{"startedAt":"2017-01-07T11:35:25Z"}},"lastState":{},"ready":true,"restartCount":0,"image":"prod.internal.naturecloud.io/library/nginx:1.9.14-alpine","imageID":"docker://sha256:1bb49f0e0b5f983b49c5eb2d1feef9512de9fbe2c3ce0360d9a1f1b9e5713582","containerID":"docker://a5b79881b4f3890b0e1d7f18dd01e4150a44e8bf00b70e78a25a6fbe33a58c7d"}]}}]}}                                                                                                                                                      Notify:	[MsgId: MMSG-17999]
System.out: order:{2}                                                                                                                                                      Notify:	[MsgId: MMSG-17999]
web_set_max_html_param_len started  	[MsgId: MMSG-26355]
web_set_max_html_param_len was successful  	[MsgId: MMSG-26392]
web_reg_save_param started  	[MsgId: MMSG-26355]
Registering web_reg_save_param was successful  	[MsgId: MMSG-26390]
web_reg_save_param started  	[MsgId: MMSG-26355]
Registering web_reg_save_param was successful  	[MsgId: MMSG-26390]
[DEBUG]getPodStatus_43	[MsgId: MMSG-17999]
[DEBUG]URL=http://ppe.naturecloud.io:88/apiApplication/getPodStatus	[MsgId: MMSG-17999]
[DEBUG]options:	[MsgId: MMSG-17999]
[DEBUG]Method=POST	[MsgId: MMSG-17999]
[DEBUG]Resource=0	[MsgId: MMSG-17999]
[DEBUG]RecContentType=text/html	[MsgId: MMSG-17999]
[DEBUG]Snapshot=t11.inf	[MsgId: MMSG-17999]
[DEBUG]Mode=HTML	[MsgId: MMSG-17999]
[DEBUG]Referer=http://ppe.naturecloud.io:88/cp/service	[MsgId: MMSG-17999]
[DEBUG]EncType=application/json;charset=UTF-8	[MsgId: MMSG-17999]
[DEBUG]Body={"app":"creatservice","rcnum":1,"ver":"1.9.14-alpine","node":{"image":"prod.internal.naturecloud.io/library/nginx:1.9.14-alpine","imageshortname":"nginx","isMarket":true,"ports":[],"env":[],"clusterId":"default","cpu_shares":"0.125","mem_limit":"128Mi","volumes":[{"IsDefault":false,"isShared":true,"mountTargetPath":"/creat","mountObj":{"name":"creat","volumeId":"kidfanjun-creat","namespace":"kidfanjun","status":"NOT_USE","mountAppName":"","mountNodeName":"","size":1024,"_id":"586fb7dcc016a0000e25cdc8","mountAppNameArray":["creatservice"]},"isStateful":false}],"secret":"a2lkZmFuanVuOjFxYXp4c3cy"},"username":"kidfanjun","id":"creatservice","service":{"kind":"Service","apiVersion":"v1","metadata":{"name":"creatservice","labels":{"app":"creatservice"}},"spec":{"selector":{"app":"creatservice"},"type":"ClusterIP","ports":[{"name":"0","protocol":"TCP","port":22,"targetPort":22}]}},"totalStatue":"starting","rc":{"kind":"ReplicationController","apiVersion":"v1","metadata":{"name":"creatservice-v1.9.14-alpine","labels":{"app":"creatservice","version":"1.9.14-alpine"},"uid":"016367ad-d425-11e6-a878-00163e02bcc9"},"spec":{"replicas":1,"template":{"metadata":{"labels":{"app":"creatservice","version":"1.9.14-alpine"}},"spec":{"containers":[{"name":"creatservice","image":"prod.internal.naturecloud.io/library/nginx:1.9.14-alpine","imagePullPolicy":"Always","env":[],"resources":{"limits":{"cpu":"125m","memory":"128Mi"}},"ports":[],"volumeMounts":[{"mountPath":"/creat","name":"creat"}]}],"imagePullSecrets":[{"name":"pullsecret"}],"restartPolicy":null,"terminationGracePeriodSeconds":5,"volumes":[{"name":"creat","glusterfs":{"endpoints":"glusterfs-cluster","path":"kidfanjun-creat"}}]}}}},"_id":"586fb800c016a0000e25cdca"}	[MsgId: MMSG-17999]
[DEBUG]LAST	[MsgId: MMSG-17999]
web_custom_request("getPodStatus_43") started  	[MsgId: MMSG-26355]
web_custom_request("getPodStatus_43") was successful, 1077 body bytes, 284 header bytes, 12 chunking overhead bytes  	[MsgId: MMSG-26385]
System.out: {"ret":true,"error":null,"data":{"kind":"PodList","apiVersion":"v1","metadata":{"selfLink":"/api/v1/namespaces/kidfanjun/pods","resourceVersion":"7777926"},"items":[{"metadata":{"name":"creatservice-v1.9.14-alpine-c14nj","generateName":"creatservice-v1.9.14-alpine-","namespace":"kidfanjun","selfLink":"/api/v1/namespaces/kidfanjun/pods/creatservice-v1.9.14-alpine-c14nj","uid":"5ea78a3e-d4cd-11e6-9311-00163e02bcc9","resourceVersion":"7777877","creationTimestamp":"2017-01-07T11:35:20Z","labels":{"app":"creatservice","version":"1.9.14-alpine"},"annotations":{"kubernetes.io/created-by":"{\"kind\":\"SerializedReference\",\"apiVersion\":\"v1\",\"reference\":{\"kind\":\"ReplicationController\",\"namespace\":\"kidfanjun\",\"name\":\"creatservice-v1.9.14-alpine\",\"uid\":\"5ea58566-d4cd-11e6-9311-00163e02bcc9\",\"apiVersion\":\"v1\",\"resourceVersion\":\"7777857\"}}\n"},"ownerReferences":[{"apiVersion":"v1","kind":"ReplicationController","name":"creatservice-v1.9.14-alpine","uid":"5ea58566-d4cd-11e6-9311-00163e02bcc9","controller":true}]},"spec":{"volumes":[{"name":"creat","glusterfs":{"endpoints":"glusterfs-cluster","path":"kidfanjun-creat"}},{"name":"default-token-e0d8c","secret":{"secretName":"default-token-e0d8c","defaultMode":420}}],"containers":[{"name":"creatservice","image":"prod.internal.naturecloud.io/library/nginx:1.9.14-alpine","resources":{"limits":{"cpu":"125m","memory":"128Mi"},"requests":{"cpu":"125m","memory":"128Mi"}},"volumeMounts":[{"name":"creat","mountPath":"/creat"},{"name":"default-token-e0d8c","readOnly":true,"mountPath":"/var/run/secrets/kubernetes.io/serviceaccount"}],"terminationMessagePath":"/dev/termination-log","imagePullPolicy":"Always"}],"restartPolicy":"Always","terminationGracePeriodSeconds":5,"dnsPolicy":"ClusterFirst","serviceAccountName":"default","serviceAccount":"default","nodeName":"192.168.10.6","securityContext":{},"imagePullSecrets":[{"name":"pullsecret"}]},"status":{"phase":"Running","conditions":[{"type":"Initialized","status":"True","lastProbeTime":null,"lastTransitionTime":"2017-01-07T11:35:20Z"},{"type":"Ready","status":"True","lastProbeTime":null,"lastTransitionTime":"2017-01-07T11:35:25Z"},{"type":"PodScheduled","status":"True","lastProbeTime":null,"lastTransitionTime":"2017-01-07T11:35:20Z"}],"hostIP":"192.168.10.6","podIP":"172.16.83.6","startTime":"2017-01-07T11:35:20Z","containerStatuses":[{"name":"creatservice","state":{"running":{"startedAt":"2017-01-07T11:35:25Z"}},"lastState":{},"ready":true,"restartCount":0,"image":"prod.internal.naturecloud.io/library/nginx:1.9.14-alpine","imageID":"docker://sha256:1bb49f0e0b5f983b49c5eb2d1feef9512de9fbe2c3ce0360d9a1f1b9e5713582","containerID":"docker://a5b79881b4f3890b0e1d7f18dd01e4150a44e8bf00b70e78a25a6fbe33a58c7d"}]}}]}}                                                                                                                                                      Notify:	[MsgId: MMSG-17999]
System.out: order:{5}                                                                                                                                                      Notify:	[MsgId: MMSG-17999]
web_set_max_html_param_len started  	[MsgId: MMSG-26355]
web_set_max_html_param_len was successful  	[MsgId: MMSG-26392]
web_reg_save_param started  	[MsgId: MMSG-26355]
Registering web_reg_save_param was successful  	[MsgId: MMSG-26390]
web_reg_save_param started  	[MsgId: MMSG-26355]
Registering web_reg_save_param was successful  	[MsgId: MMSG-26390]
[DEBUG]getPodStatus_44	[MsgId: MMSG-17999]
[DEBUG]URL=http://ppe.naturecloud.io:88/apiApplication/getPodStatus	[MsgId: MMSG-17999]
[DEBUG]options:	[MsgId: MMSG-17999]
[DEBUG]Method=POST	[MsgId: MMSG-17999]
[DEBUG]Resource=0	[MsgId: MMSG-17999]
[DEBUG]RecContentType=text/html	[MsgId: MMSG-17999]
[DEBUG]Snapshot=t11.inf	[MsgId: MMSG-17999]
[DEBUG]Mode=HTML	[MsgId: MMSG-17999]
[DEBUG]Referer=http://ppe.naturecloud.io:88/cp/service	[MsgId: MMSG-17999]
[DEBUG]EncType=application/json;charset=UTF-8	[MsgId: MMSG-17999]
[DEBUG]Body={"app":"creatservice","rcnum":1,"ver":"1.9.14-alpine","node":{"image":"prod.internal.naturecloud.io/library/nginx:1.9.14-alpine","imageshortname":"nginx","isMarket":true,"ports":[],"env":[],"clusterId":"default","cpu_shares":"0.125","mem_limit":"128Mi","volumes":[{"IsDefault":false,"isShared":true,"mountTargetPath":"/creat","mountObj":{"name":"creat","volumeId":"kidfanjun-creat","namespace":"kidfanjun","status":"NOT_USE","mountAppName":"","mountNodeName":"","size":1024,"_id":"586fb7dcc016a0000e25cdc8","mountAppNameArray":["creatservice"]},"isStateful":false}],"secret":"a2lkZmFuanVuOjFxYXp4c3cy"},"username":"kidfanjun","id":"creatservice","service":{"kind":"Service","apiVersion":"v1","metadata":{"name":"creatservice","labels":{"app":"creatservice"}},"spec":{"selector":{"app":"creatservice"},"type":"ClusterIP","ports":[{"name":"0","protocol":"TCP","port":22,"targetPort":22}]}},"totalStatue":"starting","rc":{"kind":"ReplicationController","apiVersion":"v1","metadata":{"name":"creatservice-v1.9.14-alpine","labels":{"app":"creatservice","version":"1.9.14-alpine"},"uid":"016367ad-d425-11e6-a878-00163e02bcc9"},"spec":{"replicas":1,"template":{"metadata":{"labels":{"app":"creatservice","version":"1.9.14-alpine"}},"spec":{"containers":[{"name":"creatservice","image":"prod.internal.naturecloud.io/library/nginx:1.9.14-alpine","imagePullPolicy":"Always","env":[],"resources":{"limits":{"cpu":"125m","memory":"128Mi"}},"ports":[],"volumeMounts":[{"mountPath":"/creat","name":"creat"}]}],"imagePullSecrets":[{"name":"pullsecret"}],"restartPolicy":null,"terminationGracePeriodSeconds":5,"volumes":[{"name":"creat","glusterfs":{"endpoints":"glusterfs-cluster","path":"kidfanjun-creat"}}]}}}},"_id":"586fb800c016a0000e25cdca"}	[MsgId: MMSG-17999]
[DEBUG]LAST	[MsgId: MMSG-17999]
web_custom_request("getPodStatus_44") started  	[MsgId: MMSG-26355]
Abort was called from an action.	[MsgId: MMSG-10447]
Ending Vuser...	[MsgId: MMSG-15966]
Starting action vuser_end.	[MsgId: MMSG-15919]
Ending action vuser_end.	[MsgId: MMSG-15918]
Vuser Terminated.	[MsgId: MMSG-15963]
