Notify: Found jdk version: 1.6.0.
Notify: classpath=C:\naturecloud\lb_scripts_new\java\haveStore\2017-01-07\creatServiceLN\;c:\program files (x86)\hp\loadrunner\classes\srv;c:\program files (x86)\hp\loadrunner\classes;;C:\naturecloud\lb_scripts_new\lib\gson-2.8.0.jar;C:\naturecloud\lb_scripts_new\lib\commons-net-3.5.jar;;;c:\program files (x86)\hp\loadrunner\lib\xstream-1.4.8.jar;c:\program files (x86)\hp\loadrunner\lib\xpp3-1.1.4c.jar
Notify: Path=c:\jdk1.6.0_45\jre\bin\client;C:\Program Files (x86)\HP\LoadRunner\bin\NativeBinaries\x86;C:\Program Files (x86)\HP\LoadRunner\Bin;C:\Program Files (x86)\HP\LoadRunner\Bin\tulip\bin;C:\PROGRA~2\HP\LOADRU~1\bin;C:\Windows\system32;C:\Windows;C:\Windows\System32\Wbem;C:\Windows\System32\WindowsPowerShell\v1.0\;C:\Program Files\TortoiseGit\bin;c:\jdk1.6.0_45\bin;C:\jdk1.6.0_45\jre\bin;C:\Program Files (x86)\HP\LoadRunner\strawberry-perl\perl\bin
Notify: VM Params: .
Virtual User Script started at : 2017/1/18 9:57:27
Starting action vuser_init.
Warning! Web support not loaded: check Java-Interpreter -> UtilityExt property in mdrv.dat file
web_custom_request("authenticate") started  	[MsgId: MMSG-26355]
web_custom_request("authenticate") was successful, 256 body bytes, 680 header bytes  	[MsgId: MMSG-26386]
Ending action vuser_init.
Running Vuser...
Starting iteration 1.
Warning -27077: The "vuser_init" section contains web function(s) when the "Simulate a new user on each iteration" Run-Time Setting is ON.  This may produce unpredictable results with multiple iterations  	[MsgId: MWAR-27077]
Maximum number of concurrent connections per server: 4  	[MsgId: MMSG-26989]
Starting action Actions.
Notify: Transaction "createservice2" set.
web_set_max_html_param_len started  	[MsgId: MMSG-26355]
web_set_max_html_param_len was successful  	[MsgId: MMSG-26392]
web_reg_save_param started  	[MsgId: MMSG-26355]
Registering web_reg_save_param was successful  	[MsgId: MMSG-26390]
web_reg_save_param started  	[MsgId: MMSG-26355]
Registering web_reg_save_param was successful  	[MsgId: MMSG-26390]
[DEBUG]createservice
[DEBUG]URL=http://{url}/apiApplication/createApplication
[DEBUG]options:
[DEBUG]Method=POST
[DEBUG]Resource=0
[DEBUG]RecContentType=text/html
[DEBUG]Snapshot=t11.inf
[DEBUG]Mode=HTML
[DEBUG]Referer=http://{url}/cp/service
[DEBUG]EncType=application/json;charset=UTF-8
[DEBUG]Body={"app":"redtest","rcnum":1,"ver":"1.9.14-alpine","node":{"image":"prod.internal.naturecloud.io/library/nginx:1.9.14-alpine","imageshortname":"nginx","isMarket":true,"ports":[],"env":[],"clusterId":"default","cpu_shares":"0","mem_limit":"0Mi","volumes":[{"IsDefault":true,"isShared":true,"type":"hostpath","mountTargetPath":"/test","mountObj":"/data01/nfs-test/redfish"}]},"volumeType":"hostPath"}
[DEBUG]LAST
web_custom_request("createservice") started  	[MsgId: MMSG-26355]
HTML parsing not performed for Content-Type "application/json" ("ParseHtmlContentType" Run-Time Setting is "TEXT"). URL="http://ppe.naturecloud.io:88/apiApplication/createApplication"  	[MsgId: MMSG-26548]
web_custom_request("createservice") was successful, 85 body bytes, 251 header bytes  	[MsgId: MMSG-26386]
Error: persistentvolumes "test-redtest-0" already exists
Notify: Transaction "createservice2" set.
System.out:                                                                                                                                                        Notify:
System.out:                                                                                                                                                        Notify:
System.out: -------statics-------                                                                                                                                                      Notify:
System.out: Scene:createservice2 failed ->Case createservice failed                                                                                                                                                      Notify:
Ending action Actions.
Ending iteration 1.
Ending Vuser...
Starting action vuser_end.
Ending action vuser_end.
Vuser Terminated.
